-9.89,0.08,-0.31,-1.89,0.12,-0.02,42.00,12.45,13.98,950.51,37,40,325
-9.85,-0.16,-0.31,3.01,0.89,-0.12,41.73,12.73,17.45,950.59,79,82,338
-9.49,0.27,-1.57,-2.06,0.14,-0.02,41.73,12.73,17.45,950.57,120,123,353
-10.90,0.43,-0.08,-2.08,0.09,0.01,41.91,12.55,21.12,950.57,161,164,365
-10.20,0.04,0.08,-1.88,0.11,-0.00,41.91,12.55,21.12,950.52,203,206,377
-9.41,0.27,-0.08,-1.46,0.13,-0.04,41.91,11.91,24.18,950.57,244,247,387
-9.81,-0.31,-0.67,-1.71,0.11,-0.06,41.27,11.18,26.84,950.60,286,289,405
-9.57,0.08,-0.55,-2.62,-0.01,0.12,41.27,11.18,26.84,950.49,327,330,424
-7.14,-20.01,-2.31,-2.70,-0.08,0.19,41.91,9.27,30.92,950.48,368,371,444
-1.14,17.65,16.67,-2.34,-0.25,0.39,41.91,9.27,30.92,950.40,410,413,466
-13.18,1.02,-2.55,-2.89,-0.04,0.20,42.27,5.91,33.67,950.46,451,454,486
-10.87,1.29,-1.80,-2.54,0.19,0.14,42.64,2.36,36.53,950.43,493,496,508
-9.65,0.67,-0.35,-3.31,0.40,-0.02,42.64,2.36,36.53,950.55,534,537,529
-9.77,0.63,-0.20,-2.67,0.46,-0.11,42.18,-1.64,39.80,950.53,575,578,552
-9.89,0.43,0.16,-2.85,0.19,0.04,41.73,-6.18,42.35,950.54,617,620,576
-9.96,0.51,0.75,-3.33,0.17,0.08,41.73,-6.18,42.35,950.66,657,661,594
-10.08,1.80,0.51,-2.00,0.14,-0.03,41.73,-11.27,43.27,950.72,698,703,604
-9.53,0.27,-0.24,-1.66,0.29,-0.14,41.73,-11.27,43.27,950.53,740,744,620
-9.85,0.43,0.12,-2.13,-0.03,0.01,41.73,-13.82,43.47,950.55,781,784,638
-9.85,0.24,-0.47,-2.65,-0.16,0.02,42.00,-17.73,42.65,950.69,823,826,661
-9.45,12.47,-3.41,-2.90,0.16,0.13,42.00,-17.73,42.65,950.63,864,867,682
-9.73,1.02,1.26,-2.70,0.19,0.14,42.00,-22.45,41.12,950.61,906,909,692
-9.85,1.37,0.63,-1.26,-0.04,0.08,42.00,-22.45,41.12,950.51,947,950,694
-9.96,1.22,0.00,-0.08,0.03,0.07,41.82,-25.64,39.59,950.56,988,991,697
-9.85,0.71,0.55,-0.56,-0.11,0.05,41.91,-26.00,39.18,950.61,1030,1033,707
-10.71,1.06,-0.78,-1.38,0.10,0.08,41.91,-26.00,39.18,950.55,1071,1074,718
-9.96,1.14,0.75,-1.48,0.16,0.03,41.91,-28.18,37.96,950.60,1113,1116,726
-9.81,0.94,0.43,-0.98,0.16,-0.01,41.64,-29.64,36.73,950.61,1154,1157,730
-9.92,0.90,0.51,-0.58,0.03,0.08,41.64,-29.64,36.73,950.55,1196,1199,736
-9.89,0.98,0.59,-0.75,0.02,0.07,41.64,-30.91,35.41,950.63,1237,1240,742
-10.08,1.10,0.55,-0.86,-0.09,0.17,41.64,-30.91,35.41,950.57,1279,1282,748
-9.73,0.98,0.75,-0.86,0.05,0.12,41.73,-32.09,34.59,950.66,1320,1323,757
-9.92,0.86,1.14,-1.29,0.04,0.06,41.36,-33.73,33.06,950.59,1362,1365,764
-9.81,1.02,0.98,-0.99,0.14,0.00,41.36,-33.73,33.06,950.59,1403,1406,770
-9.81,1.06,0.86,-0.65,0.20,-0.09,41.27,-34.64,31.73,950.56,1445,1448,774
-9.81,0.75,1.18,-0.71,0.25,-0.17,41.45,-34.91,31.22,950.60,1486,1489,784
-9.92,0.67,0.47,-1.39,0.33,-0.13,41.45,-34.91,31.22,950.48,1528,1531,796
-9.89,0.67,0.75,-1.84,0.36,-0.16,41.45,-35.64,29.39,950.53,1569,1572,810
-9.96,1.14,1.02,-2.10,0.31,-0.13,41.45,-35.64,29.39,950.45,1611,1614,822
-9.38,0.59,0.39,-1.71,0.21,-0.06,41.27,-36.91,26.94,950.45,1652,1655,831
-9.85,0.59,0.43,-0.93,0.05,0.05,41.36,-38.00,24.59,950.48,1694,1697,837
-9.10,0.71,2.47,-1.07,0.06,0.03,41.36,-38.00,24.59,950.52,1735,1738,846
-9.45,0.16,1.10,-1.23,0.10,0.01,41.18,-38.64,23.16,950.38,1777,1780,855
-10.00,1.96,-1.37,-1.25,0.06,-0.07,41.18,-38.64,23.16,950.54,1818,1821,868
-9.73,1.02,-1.02,-2.09,0.04,0.07,41.55,-38.82,20.71,950.47,1860,1863,883
-9.73,0.55,1.29,-1.94,0.20,-0.03,41.45,-39.36,16.94,950.49,1901,1904,894
-9.73,0.27,0.59,-1.35,0.21,-0.03,41.45,-39.36,16.94,950.40,1943,1946,904
-9.73,0.08,0.47,-1.24,0.10,-0.06,41.36,-39.09,14.90,950.53,1984,1987,917
-9.45,0.24,0.35,-1.95,0.28,-0.04,41.73,-38.55,12.04,950.44,2026,2029,934
-9.92,0.00,0.04,-2.30,0.12,-0.06,41.73,-38.55,12.04,950.47,2067,2070,954
-9.30,-0.67,0.43,-2.72,0.16,-0.02,42.00,-37.36,7.86,950.51,2108,2112,979
-10.08,-0.43,1.18,-3.07,0.10,-0.03,42.00,-37.36,7.86,950.51,2149,2153,1001
-9.61,-0.08,0.82,-2.92,0.17,0.08,41.91,-34.91,2.76,950.49,2191,2195,1018
-9.45,1.37,0.16,-2.02,0.26,0.13,41.73,-32.36,-0.31,950.51,2232,2235,1023
-10.12,-1.06,0.47,-1.07,0.02,-0.13,41.73,-32.36,-0.31,950.56,2274,2277,1023
-10.40,-1.26,1.33,-1.52,0.24,-0.09,41.91,-30.82,-2.04,950.43,2315,2318,1023
-9.06,4.39,-5.30,-1.45,0.19,-0.01,41.91,-28.91,-2.04,950.42,2357,2360,1023
-9.96,-1.53,1.77,-2.00,0.29,0.09,41.91,-28.91,-3.57,950.58,2398,2401,0
-9.73,-0.31,0.12,-2.22,0.28,-0.03,42.36,-26.18,-5.20,950.44,2440,2443,0
-9.18,-0.90,-1.29,-1.60,0.00,-0.22,42.36,-26.18,-5.20,950.51,2481,2484,8
-7.57,-5.96,0.27,-1.52,0.12,-0.11,42.55,-23.18,-6.43,950.51,2523,2526,13
-7.53,0.12,2.59,-0.26,-0.76,-0.21,42.09,-21.18,-7.45,950.58,2564,2567,13
-9.92,0.16,-0.16,-0.13,0.00,0.08,42.09,-21.18,-7.45,950.53,2605,2608,13
-9.92,-0.78,0.39,-0.07,-0.06,0.18,42.27,-21.36,-8.06,950.56,2647,2650,13
-9.18,0.86,-0.51,0.07,0.10,0.19,42.27,-21.36,-8.06,950.59,2688,2691,13
-9.30,1.18,0.55,-0.21,0.22,0.08,42.18,-21.64,-7.86,950.56,2729,2733,14
-9.69,-1.33,0.75,-0.08,0.07,-0.39,42.09,-21.00,-7.76,950.54,2771,2774,17
-10.40,-0.24,0.27,-0.83,0.08,-0.01,42.09,-21.00,-7.76,950.60,2812,2815,22
-9.61,1.73,-0.43,-1.17,0.15,0.23,42.45,-20.00,-7.76,950.52,2854,2857,23
-10.47,-2.08,0.90,-0.10,0.09,0.22,42.27,-20.18,-7.76,950.62,2895,2898,24
-9.38,0.94,-0.27,0.01,-0.07,0.05,42.27,-20.18,-7.76,950.53,2937,2940,23
-9.96,-0.12,0.55,-0.00,-0.06,0.05,42.36,-20.55,-7.86,950.53,2978,2981,24
-10.00,0.20,0.86,-0.03,0.09,-0.04,42.36,-20.55,-7.86,950.67,3019,3022,23
-10.28,-0.86,0.90,-0.06,0.15,-0.02,42.45,-20.36,-8.06,950.58,3061,3064,24
-9.69,0.16,-0.55,-0.13,0.26,-0.01,42.45,-20.45,-7.65,950.58,3102,3105,26
-9.96,-0.12,0.00,-0.44,-0.11,-0.08,42.45,-20.45,-7.65,950.55,3143,3146,34
-9.69,0.00,-0.04,-1.16,0.03,0.08,42.18,-19.55,-7.96,950.60,3185,3188,46
-10.00,-0.47,-0.75,-1.16,-0.10,0.06,42.18,-19.55,-7.96,950.55,3226,3229,58
-9.89,-0.35,-0.78,-1.38,-0.06,0.14,42.00,-17.82,-8.88,950.60,3268,3271,73
-10.00,-0.12,-0.39,-1.78,-0.02,0.18,41.91,-15.18,-9.49,950.52,3309,3312,89
-10.08,0.12,0.47,-2.08,0.10,0.25,41.91,-15.18,-9.49,950.46,3351,3354,104
-9.92,-0.16,0.24,-1.93,0.14,0.29,42.00,-12.45,-9.49,950.56,3392,3395,117
-10.12,-0.08,0.39,-1.63,0.13,0.09,42.36,-9.82,-9.29,950.51,3433,3436,125
-9.53,0.67,0.71,-1.22,0.19,0.10,42.36,-9.82,-9.29,950.53,3475,3478,129
-10.04,-0.08,0.12,-0.66,0.18,-0.28,42.36,-7.91,-8.47,950.62,3515,3519,130
-9.96,0.39,0.27,-0.40,0.35,-0.28,42.36,-7.91,-8.47,950.53,3557,3561,130
-10.47,0.94,0.90,-0.37,0.29,-0.47,42.45,-6.18,-7.55,950.52,3598,3601,131
-10.20,-0.20,0.31,-0.47,0.17,-0.23,43.00,-4.91,-7.04,950.54,3640,3643,142
-9.69,0.20,-0.20,-1.59,0.10,0.04,43.00,-4.91,-7.04,950.53,3681,3684,152
-9.92,0.12,0.20,-1.55,-0.05,-0.04,42.55,-3.00,-5.82,950.43,3722,3725,160
-9.92,0.04,0.31,-1.09,0.06,0.01,42.55,-3.00,-5.82,950.49,3764,3767,164
-10.00,-0.16,-0.12,-0.54,0.16,-0.02,42.64,-0.73,-5.10,950.51,3805,3808,168
-10.28,-1.26,-2.04,-0.65,0.24,0.04,42.82,0.00,-4.29,950.65,3847,3850,172
-9.73,-0.43,-0.59,-0.65,0.14,0.01,42.82,0.00,-4.29,950.58,3888,3891,178
-9.69,-0.16,-0.27,-1.03,-0.03,0.02,43.00,1.18,-2.96,950.50,3929,3932,189
-9.96,0.31,0.04,-1.57,-0.16,-0.09,42.82,3.18,-2.14,950.55,3971,3974,206
-10.08,-0.27,-1.06,-2.68,-0.05,0.07,42.82,3.18,-2.14,950.47,4012,4015,226
-8.51,-12.24,-7.22,-1.96,-0.20,0.42,42.73,6.09,0.51,950.51,4054,4057,248
-10.28,-0.51,-1.33,-2.86,-0.18,0.68,42.73,6.09,0.51,950.47,4095,4098,273
-9.92,-0.51,-0.16,-3.26,-0.24,0.77,43.00,7.27,3.67,950.46,4136,4139,306
-9.96,-0.12,0.86,-3.86,-0.25,0.80,44.00,8.09,7.96,950.51,4178,4181,344
-10.20,-0.16,-0.39,-5.00,-0.01,0.58,44.00,8.09,7.96,950.55,4219,4222,376
-9.81,0.82,2.98,-4.38,0.43,0.57,44.73,8.64,15.31,950.48,4261,4264,395
-9.85,1.18,1.77,-2.35,0.48,0.33,44.91,7.64,21.12,950.57,4302,4305,405
-9.49,0.71,0.86,-0.88,0.74,0.36,44.91,7.64,21.12,950.60,4344,4347,409
-10.00,-0.27,-0.71,-0.66,0.60,0.24,45.45,6.27,24.18,950.59,4385,4388,416
-9.49,1.80,-0.51,-1.12,0.35,0.24,45.45,6.27,24.18,950.59,4427,4430,429
-9.77,1.57,0.27,-1.98,0.35,0.16,45.45,5.18,26.63,950.58,4468,4471,442
-9.81,1.41,-0.31,-1.73,0.35,0.05,45.36,3.55,29.49,950.51,4509,4512,455
-10.00,1.45,0.39,-1.82,0.28,0.02,45.36,3.55,29.49,950.48,4551,4554,471
-9.45,3.33,-2.71,-1.92,0.27,0.12,45.18,2.18,32.14,950.56,4592,4595,486
-8.98,2.51,4.12,-2.39,0.34,0.07,45.18,2.18,32.14,950.44,4634,4637,500
-9.38,1.92,1.18,-1.99,0.20,0.27,45.09,-0.73,35.10,950.44,4675,4678,523
-9.89,1.18,-2.59,-2.82,0.12,0.36,45.00,-4.18,36.43,950.38,4717,4720,543
-9.34,1.33,0.75,-2.56,0.32,0.13,45.00,-4.18,36.43,950.45,4758,4761,561
-9.38,1.88,0.86,-2.65,0.36,0.09,45.00,-8.09,38.47,950.42,4800,4803,583
-9.38,1.26,0.39,-2.98,0.40,0.04,44.45,-12.36,39.59,950.42,4841,4844,604
-10.55,1.33,1.41,-2.93,0.12,-0.06,44.45,-12.36,39.59,950.34,4881,4886,624
-9.02,4.67,1.77,-1.43,0.38,-0.01,44.36,-16.45,39.39,950.31,4923,4927,640
-9.61,1.37,1.26,-2.07,0.41,0.13,44.36,-16.45,39.39,950.28,4965,4969,654
-9.85,1.26,1.14,-1.74,0.37,0.12,44.09,-20.18,39.59,950.26,5006,5009,666
-9.73,1.41,0.82,-1.66,0.29,0.18,43.18,-22.91,39.49,950.28,5048,5051,680
-10.00,1.37,1.18,-1.81,0.24,0.22,43.18,-22.91,39.49,950.30,5089,5092,692
-10.20,0.94,1.18,-1.65,0.16,0.11,42.64,-25.91,38.47,950.27,5131,5134,704
-10.08,0.94,1.02,-1.56,0.21,0.14,42.64,-25.91,38.47,950.38,5172,5175,718
-9.89,1.77,1.06,-1.69,0.12,0.16,42.55,-28.27,37.24,950.38,5214,5217,730
-9.96,1.10,1.22,-1.85,0.14,0.12,42.45,-30.82,35.31,950.39,5255,5258,744
-9.65,1.29,1.33,-1.90,0.16,0.20,42.45,-30.82,35.31,950.44,5297,5300,759
-9.85,1.37,1.29,-1.89,0.20,0.22,41.91,-33.45,33.06,950.38,5338,5341,772
-9.57,1.77,1.41,-1.94,0.06,0.21,41.45,-35.82,30.31,950.41,5380,5383,786
-9.81,1.41,1.61,-1.96,0.03,0.21,41.45,-35.82,30.31,950.50,5421,5424,801
-9.69,1.10,1.57,-2.05,0.03,0.16,41.18,-38.00,26.63,950.45,5463,5466,816
-9.18,1.53,2.20,-2.03,0.10,0.15,41.18,-38.00,26.63,950.52,5504,5507,829
-9.57,0.82,1.69,-1.39,0.13,-0.09,41.18,-39.36,23.27,950.60,5546,5549,840
-9.49,1.10,2.12,-1.41,0.19,0.17,41.27,-39.73,20.92,950.54,5587,5590,850
-9.73,0.94,1.73,-1.42,0.32,0.16,41.27,-39.73,20.92,950.52,5629,5632,861
-9.69,0.90,1.53,-1.43,0.29,0.11,40.73,-40.45,18.88,950.64,5670,5673,871
-9.69,1.37,1.84,-1.29,0.28,0.06,40.64,-40.45,16.84,950.59,5712,5715,880
-9.69,0.63,1.49,-1.28,0.29,0.07,40.64,-40.45,16.84,950.57,5753,5756,889
-9.61,0.78,1.69,-1.19,0.37,0.02,40.55,-40.55,15.00,950.63,5795,5798,897
-9.69,0.75,1.69,-1.00,0.35,0.02,40.55,-40.55,15.00,950.76,5836,5839,904
-9.81,0.67,1.61,-0.94,0.39,-0.00,40.45,-40.55,13.78,950.65,5878,5881,910
-9.65,0.78,1.29,-0.53,0.37,0.02,40.45,-40.55,13.27,950.66,5919,5922,914
-9.92,0.82,1.29,-0.41,0.27,0.08,40.45,-40.55,13.27,950.59,5961,5964,915
-10.28,0.51,0.98,0.00,0.18,-0.04,40.64,-40.64,13.06,950.75,6002,6005,915
-9.61,0.67,0.86,0.02,0.09,-0.04,40.64,-40.64,13.06,950.75,6044,6047,914
-9.77,0.67,1.02,0.12,0.04,-0.04,40.64,-40.27,13.16,950.55,6085,6088,911
-9.85,0.67,0.98,0.23,-0.10,0.06,40.91,-40.36,13.57,950.59,6127,6130,907
-9.77,0.98,1.29,0.56,-0.16,0.07,40.91,-40.36,13.57,950.73,6168,6171,901
-9.81,0.82,1.18,0.73,-0.08,-0.08,40.45,-40.64,13.78,950.66,6210,6213,893
-9.85,1.10,1.88,0.84,-0.13,-0.12,40.36,-40.73,15.31,950.64,6251,6254,879
-9.69,0.78,1.18,1.23,-0.20,-0.20,40.36,-40.73,15.31,950.72,6293,6296,863
-9.73,0.86,1.29,1.76,-0.21,-0.21,40.73,-40.36,16.63,950.54,6334,6337,843
-9.81,0.67,1.45,2.42,-0.26,-0.23,40.73,-40.36,16.63,950.57,6376,6379,821
-9.77,0.67,1.53,2.83,-0.27,-0.30,40.91,-39.55,20.41,950.58,6416,6420,797
-9.69,0.71,1.49,3.55,-0.16,-0.31,41.64,-37.82,25.51,950.52,6458,6462,771
-9.85,0.75,1.69,4.01,-0.12,-0.25,41.64,-37.82,25.51,950.48,6499,6502,742
-9.65,0.78,1.37,3.87,-0.17,-0.35,42.00,-33.82,31.73,950.44,6541,6544,710
-10.32,1.61,0.75,4.40,-0.22,-0.32,42.64,-28.18,36.84,950.33,6582,6585,675
-9.69,0.75,0.90,4.55,-0.40,-0.34,42.64,-28.18,36.84,950.26,6624,6627,640
-9.89,0.71,1.02,4.74,-0.55,-0.30,43.27,-21.09,39.59,950.34,6665,6668,601
-9.96,0.82,0.90,4.96,-0.62,-0.24,43.27,-21.09,39.59,950.28,6707,6710,566
-13.69,-0.63,-5.22,4.93,-0.80,-0.24,44.36,-13.27,39.69,950.53,6748,6752,534
-8.36,0.98,1.10,4.18,-0.37,0.29,45.18,-6.82,37.45,950.34,6790,6793,511
-9.81,1.41,0.16,3.15,-0.39,0.12,45.18,-6.82,37.45,950.41,6831,6834,500
-9.77,2.04,0.90,1.24,-0.22,0.20,45.82,-3.91,34.59,950.46,6873,6876,493
-9.65,1.69,0.71,1.16,0.01,0.01,45.82,-3.91,34.59,950.47,6914,6917,486
-9.57,2.16,1.22,0.69,-0.09,-0.14,46.36,-2.64,33.27,950.45,6956,6959,478
-10.20,2.12,1.22,1.42,-0.04,-0.20,46.00,-1.45,32.24,950.43,6997,7000,466
-9.85,1.65,0.39,1.33,-0.01,-0.30,46.00,-1.45,32.24,950.45,7039,7042,453
-9.81,2.20,0.47,1.56,-0.03,-0.32,45.73,0.64,31.12,950.48,7080,7083,440
-9.61,1.65,0.24,1.50,-0.04,-0.25,45.82,2.82,29.29,950.50,7122,7125,426
-9.85,1.80,0.47,1.73,-0.17,-0.01,45.82,2.82,29.29,950.49,7163,7166,412
-9.77,1.45,0.12,1.93,-0.01,-0.11,45.73,4.09,27.04,950.57,7204,7207,398
-9.81,1.69,-0.16,1.67,-0.01,-0.09,45.73,4.09,27.04,950.54,7246,7249,388
-9.65,1.41,-0.08,1.27,-0.04,-0.10,45.36,5.55,25.10,950.54,7287,7290,380
-9.65,1.84,0.16,0.92,-0.01,-0.34,45.64,6.18,22.96,950.54,7329,7332,374
-9.61,1.10,0.12,0.72,-0.01,-0.52,45.64,6.18,22.96,950.55,7370,7373,364
-9.89,0.67,-0.12,1.12,-0.01,-0.66,45.00,7.64,21.63,950.49,7412,7415,354
-9.45,1.88,-0.67,1.45,-0.08,-0.51,45.00,9.82,21.63,950.56,7453,7456,343
-9.81,0.39,0.24,1.54,-0.12,-0.40,44.27,9.82,19.69,950.61,7494,7497,330
-9.96,0.39,-0.24,1.65,-0.12,-0.44,43.36,10.64,16.84,950.61,7536,7539,317
-10.16,0.12,0.12,1.81,-0.04,-0.34,43.36,10.64,16.84,950.58,7577,7580,303
-10.75,-0.12,-4.31,2.06,0.02,-0.16,43.09,11.45,13.47,950.55,7619,7622,293
-11.73,-3.26,-3.61,0.86,0.07,-0.11,43.09,11.09,11.22,950.57,7660,7664,292
-10.04,0.71,0.82,0.08,0.05,0.07,43.09,11.09,11.22,950.61,7702,7705,292
-10.04,0.12,-0.04,-0.05,0.11,-0.13,43.00,10.91,10.82,950.58,7743,7746,292
-9.85,0.31,-0.04,-0.02,0.10,-0.02,43.00,10.91,10.82,950.58,7785,7788,292
-9.96,0.31,0.16,-0.01,0.08,-0.01,43.09,11.00,11.22,950.53,7825,7829,292
-9.92,0.75,-0.04,-0.05,0.06,-0.00,43.00,11.00,11.12,950.61,7867,7871,292
-9.92,0.16,-0.04,0.01,0.07,0.08,43.00,11.00,11.12,950.54,7908,7912,292
-9.92,0.24,-0.04,0.05,0.06,0.22,42.91,10.91,11.02,950.55,7950,7953,292
-9.89,0.31,-0.24,0.08,0.02,0.24,43.55,9.82,10.71,950.72,7991,7994,292
-9.61,0.43,0.27,-0.01,0.02,0.08,43.55,9.82,10.71,950.61,8033,8036,292
-9.89,0.75,-0.20,0.02,0.01,0.02,43.64,9.82,10.92,950.58,8074,8077,292
-9.65,0.55,0.00,0.04,0.02,-0.06,43.64,9.82,10.92,950.56,8115,8118,292
-10.94,-5.30,2.16,0.05,-0.00,-0.05,43.64,9.82,10.71,950.56,8157,8160,292
-10.79,-0.16,0.59,0.15,0.01,-0.28,43.55,9.91,10.31,950.61,8198,8201,286
-9.77,0.35,-0.71,0.96,0.12,-0.25,43.55,9.91,10.31,950.62,8240,8243,277
-10.36,0.55,1.53,1.17,0.20,-0.20,43.00,10.27,9.29,950.55,8281,8284,267
-10.24,0.82,-0.75,1.01,0.24,-0.24,43.00,10.27,9.29,950.58,8323,8326,258
-8.24,-0.08,-0.27,1.47,0.29,-0.35,42.82,10.18,7.55,950.59,8364,8367,244
-10.98,-4.47,1.84,0.79,0.27,-0.28,42.91,9.55,5.82,950.58,8406,8409,231
-8.63,4.39,4.00,0.64,0.25,-0.18,42.91,9.55,5.82,950.55,8447,8450,221
-5.53,-0.86,1.22,1.81,0.26,0.13,42.45,8.91,4.90,950.53,8488,8491,211
-9.49,-1.22,-1.14,1.11,0.12,-0.01,43.09,7.27,3.27,950.58,8530,8533,204
-9.96,-0.47,-0.71,1.01,0.04,0.06,43.09,7.27,3.27,950.61,8571,8574,196
-12.43,-1.69,-3.53,1.17,-0.32,0.12,42.91,5.91,1.94,950.59,8613,8616,192
-9.92,-1.49,0.59,0.73,-0.20,0.04,42.91,5.91,1.94,950.52,8654,8657,190
-10.00,-0.08,-0.55,0.37,-0.17,0.01,42.64,4.82,-0.10,950.58,8695,8698,184
-9.73,0.27,-0.39,0.77,-0.06,0.02,42.55,4.00,-1.22,950.52,8737,8740,179
-9.92,-0.08,-0.16,0.84,-0.02,-0.00,42.55,4.00,-1.22,950.61,8778,8781,172
-9.69,-1.06,-0.39,0.87,0.06,-0.11,42.73,2.91,-2.24,950.69,8820,8823,165
-10.12,-0.04,0.20,1.12,0.05,-0.19,42.73,1.82,-3.47,950.58,8861,8864,155
-9.77,0.08,-0.39,1.36,0.10,-0.10,42.55,1.82,-3.47,950.53,8902,8905,144
-10.20,-0.31,-0.20,1.13,0.06,-0.04,42.45,-0.09,-4.49,950.50,8944,8947,130
-9.77,-0.63,-0.86,1.13,0.03,-0.10,42.45,-0.09,-4.49,950.60,8985,8988,115
-10.83,1.73,-3.26,1.90,0.07,0.00,42.73,-1.73,-5.61,950.49,9027,9030,99
-9.77,-0.86,-0.43,1.92,0.10,-0.21,42.64,-4.91,-6.94,950.52,9068,9071,88
-9.89,-0.55,-0.27,1.61,0.10,-0.12,42.64,-4.91,-6.94,950.49,9109,9112,77
-9.81,-0.75,-0.20,1.46,0.04,-0.06,42.64,-6.91,-7.55,950.59,9151,9154,65
-9.77,-0.82,0.00,1.66,0.04,0.01,42.64,-6.91,-7.55,950.57,9192,9195,51
-9.81,-0.63,-0.08,1.80,0.02,0.04,42.73,-9.45,-8.16,950.60,9232,9236,36
-10.28,-0.90,0.71,2.22,0.04,0.14,42.73,-13.09,-8.06,950.53,9274,9278,18
-10.20,-1.45,-0.08,2.34,-0.04,0.07,42.73,-13.09,-8.06,950.51,9315,9318,0
-9.96,-3.61,0.78,3.36,-0.04,0.15,42.45,-17.55,-7.96,950.57,9357,9360,0
-9.92,-0.51,-0.16,2.59,-0.05,0.07,42.45,-22.55,-6.73,950.56,9398,9401,41
-9.89,-0.47,-0.12,1.78,-0.02,0.09,42.45,-22.55,-6.73,950.50,9439,9442,1023
-9.96,-0.27,0.08,1.28,-0.01,0.15,42.00,-26.00,-5.61,950.51,9481,9484,1023
-9.73,-0.31,0.16,1.15,-0.04,0.17,42.00,-26.00,-5.61,950.53,9522,9525,1023
-10.08,-0.27,0.94,1.39,-0.04,0.10,41.73,-28.09,-4.29,950.46,9564,9567,1016
-9.89,0.04,0.39,1.43,0.03,0.01,41.73,-30.18,-2.96,950.45,9605,9608,1004
-9.77,-0.04,0.75,1.47,-0.00,0.00,41.73,-30.18,-2.96,950.47,9647,9650,991
-9.89,-0.12,0.63,1.61,0.05,-0.09,41.55,-32.27,-0.82,950.52,9688,9691,979
-10.00,-0.04,0.63,1.36,0.01,-0.06,41.55,-32.27,-0.82,950.40,9730,9733,970
-9.81,-0.04,0.75,1.15,0.02,-0.04,41.64,-33.64,0.92,950.43,9771,9774,957
-10.04,0.39,1.18,2.05,-0.01,0.02,41.91,-35.27,3.16,950.49,9813,9816,936
-10.24,-0.35,-0.04,3.26,-0.01,-0.15,41.91,-35.27,3.16,950.46,9854,9857,919
-10.32,0.43,0.08,1.73,-0.04,0.24,41.73,-37.18,7.55,950.43,9896,9899,916
-9.14,0.08,2.08,0.31,-0.01,0.25,41.27,-38.55,8.98,950.52,9937,9940,916
-10.04,0.39,0.35,-0.09,0.32,-0.16,41.27,-38.55,8.98,950.52,9978,9981,914
-9.65,0.51,0.71,0.42,-0.05,0.09,41.55,-38.64,9.69,950.54,10020,10023,908
-9.81,0.43,0.71,1.12,0.08,-0.21,41.55,-38.64,9.69,950.48,10061,10064,903
-9.89,0.16,0.43,0.65,-0.07,-0.08,41.09,-38.73,10.92,950.59,10103,10106,902
-9.38,0.08,1.45,0.14,-0.00,-0.00,41.27,-38.82,11.63,950.66,10145,10148,902
-10.24,0.43,0.24,-0.03,-0.01,-0.08,41.27,-38.82,11.63,950.64,10186,10189,903
-9.45,0.04,1.49,0.16,-0.03,0.07,41.45,-38.64,12.35,950.69,10228,10231,902
-9.53,0.16,0.63,-0.03,-0.09,0.10,41.18,-38.91,11.94,950.65,10269,10272,902
-8.59,-0.31,3.06,0.16,-0.19,0.13,41.18,-38.91,11.94,950.70,10311,10314,901
-8.71,0.16,3.02,0.16,-0.23,0.17,41.00,-39.45,12.76,950.66,10353,10356,898
-9.14,0.47,1.26,0.62,-0.04,0.00,41.00,-39.45,12.76,950.66,10394,10397,894
-9.26,0.43,0.20,0.62,-0.01,-0.02,41.00,-39.64,13.67,950.70,10436,10439,889
-9.57,0.24,0.94,0.43,0.12,-0.15,41.09,-39.45,14.59,950.67,10477,10480,889
-9.41,0.43,1.22,0.39,0.10,-0.05,41.09,-39.45,14.59,950.72,10519,10522,889
-9.81,0.35,0.98,0.00,0.13,-0.07,41.27,-39.55,15.00,950.65,10560,10563,888
-9.53,0.39,1.29,0.10,0.17,-0.12,41.27,-39.55,15.00,950.67,10602,10605,886
-9.77,0.24,0.63,0.49,0.10,-0.06,41.09,-39.18,15.41,950.62,10644,10647,883
-9.85,0.47,0.71,0.15,0.12,-0.05,41.27,-39.27,16.33,950.75,10684,10688,881
-10.16,0.86,0.39,0.28,0.06,-0.01,41.27,-39.27,16.33,950.63,10726,10730,881
-9.81,0.24,0.43,0.12,-0.07,0.07,41.36,-39.18,16.84,950.61,10767,10771,881
-9.61,0.55,0.59,0.02,-0.01,-0.04,41.00,-39.45,16.84,950.68,10809,10812,881
-9.89,0.39,0.55,-0.01,0.07,-0.08,41.00,-39.45,16.84,950.66,10851,10854,880
-9.26,0.78,0.31,0.06,0.24,-0.12,41.27,-39.36,16.94,950.63,10892,10895,881
-9.96,0.31,0.67,-0.03,0.12,-0.07,41.27,-39.36,16.94,950.64,10934,10937,880
-9.89,0.27,0.67,0.18,-0.02,0.07,41.45,-39.18,17.24,950.60,10975,10978,877
-9.89,0.00,0.78,0.87,-0.14,-0.01,41.36,-39.00,17.86,950.65,11017,11020,877
-10.51,0.12,0.04,0.03,-0.00,0.23,41.36,-39.00,17.86,950.67,11058,11061,871
-8.90,1.53,0.78,1.07,-0.20,0.15,41.27,-39.55,18.47,950.68,11100,11103,862
-9.92,0.08,0.94,1.17,0.13,-0.08,41.00,-39.36,20.31,950.64,11142,11145,854
-10.08,-3.65,-0.31,0.14,0.34,-0.53,41.00,-39.36,20.31,950.66,11183,11186,848
-9.77,0.39,1.14,0.84,0.05,-0.13,41.55,-38.64,21.63,950.66,11225,11228,842
-9.49,0.43,0.24,0.66,-0.04,0.10,41.55,-38.64,21.63,950.67,11266,11269,838
-9.69,0.55,0.35,0.82,0.06,-0.04,41.64,-38.27,23.27,950.73,11308,11311,835
-9.41,0.08,1.29,0.37,-0.03,0.03,41.55,-38.18,24.18,950.69,11350,11353,837
-9.96,0.94,0.12,-0.31,-0.02,0.06,41.55,-38.18,24.18,950.66,11391,11394,837
-9.77,0.35,0.90,-0.05,-0.08,0.13,41.27,-38.09,23.27,950.68,11433,11436,837
-9.69,0.55,0.63,-0.01,-0.06,0.14,41.27,-38.09,23.27,950.72,11474,11477,836
-9.89,0.82,1.06,0.15,-0.08,0.03,40.91,-38.82,23.06,950.54,11516,11519,831
-9.89,0.63,0.75,0.75,-0.05,-0.05,41.09,-38.45,23.16,950.55,11557,11560,826
-9.85,0.51,0.39,0.64,0.04,-0.08,41.09,-38.45,23.16,950.51,11599,11602,825
-9.89,0.63,1.02,-0.05,0.07,-0.07,41.09,-38.45,24.29,950.44,11641,11644,825
-9.81,0.63,0.63,-0.02,0.02,0.02,41.18,-38.36,24.29,950.52,11682,11685,825
-9.85,0.63,0.67,-0.00,-0.05,0.09,41.18,-38.36,24.29,950.61,11724,11727,824
-9.77,0.86,0.86,0.02,-0.11,0.15,41.27,-38.45,23.88,950.48,11765,11768,822
-9.81,0.94,1.02,0.35,-0.17,0.08,41.27,-38.45,23.88,950.66,11807,11810,819
-10.43,0.12,-0.24,0.66,-0.03,0.08,40.82,-38.55,23.98,950.62,11848,11852,815
-10.28,0.67,1.33,0.67,-0.03,-0.02,40.64,-38.45,24.90,950.42,11890,11893,801
-9.69,0.55,1.29,2.14,0.07,-0.27,40.64,-38.45,24.90,950.48,11932,11935,784
-9.96,0.59,0.78,2.63,0.13,-0.29,40.91,-36.73,28.37,950.50,11973,11976,763
-8.98,-0.04,1.18,2.61,-0.03,-0.24,41.09,-33.64,32.86,950.52,12015,12018,740
-9.34,0.78,2.16,2.82,-0.06,-0.21,41.09,-33.64,32.86,950.58,12056,12060,717
-9.57,0.63,1.10,3.23,-0.08,-0.15,41.73,-30.09,36.12,950.47,12098,12101,687
-9.77,0.71,1.29,3.33,-0.12,-0.13,41.73,-30.09,36.12,950.37,12140,12143,658
-9.77,0.90,-0.04,3.47,-0.15,-0.21,42.00,-25.00,39.59,950.39,12181,12184,632
-8.98,0.47,0.71,3.52,-0.20,-0.18,41.91,-19.09,41.43,950.38,12223,12226,609
-9.77,0.55,0.39,2.87,-0.28,-0.06,41.91,-19.09,41.43,950.34,12264,12268,586
-9.81,0.67,0.90,3.13,-0.38,0.02,42.64,-14.00,41.43,950.29,12305,12309,562
-9.85,0.55,0.78,3.28,-0.29,-0.08,42.64,-8.91,40.41,950.30,12347,12351,538
-10.16,0.16,0.39,3.13,-0.36,-0.04,43.00,-8.91,40.41,950.40,12388,12392,515
-10.00,0.59,0.90,2.87,-0.58,0.04,43.82,-4.27,37.96,950.35,12430,12433,498
-9.85,0.98,0.27,1.95,-0.04,-0.10,43.82,-4.27,37.96,950.39,12471,12474,487
-9.73,1.18,0.43,1.12,-0.02,-0.09,44.27,-1.27,35.71,950.43,12513,12516,482
-9.10,0.90,1.92,0.54,0.10,-0.09,44.00,0.09,34.80,950.49,12554,12557,476
-10.28,1.57,-3.45,1.66,-0.01,-0.07,44.00,0.09,34.80,950.43,12596,12599,469
-9.57,1.02,0.67,0.85,0.04,-0.13,44.27,1.82,33.78,950.43,12637,12640,461
-9.81,1.45,0.86,1.20,0.15,-0.19,44.27,1.82,33.78,950.43,12679,12682,445
-14.79,-7.73,-13.53,1.74,0.11,-0.28,43.91,3.09,32.96,950.50,12721,12724,424
-8.98,5.10,3.45,2.23,0.37,-0.53,43.00,5.82,31.84,950.53,12762,12765,396
-10.04,0.43,-0.24,3.08,0.36,-0.63,43.00,5.82,31.84,950.50,12804,12807,374
-10.47,0.04,-1.49,2.58,0.21,-0.32,42.36,9.55,28.16,950.55,12845,12848,354
-9.92,-1.88,-0.35,2.65,0.10,-0.23,41.73,11.82,24.49,950.62,12887,12890,336
-10.75,-0.31,1.06,1.99,0.06,0.01,41.73,11.82,24.49,950.60,12928,12931,319
-10.28,0.67,0.35,1.73,0.13,-0.03,41.55,12.45,21.33,950.60,12970,12973,304
-8.24,-5.33,0.16,1.86,0.22,-0.07,41.55,12.45,21.33,950.64,13012,13015,287
-8.67,0.51,-0.59,1.58,0.25,0.00,41.36,12.82,18.67,950.56,13053,13056,271
-9.73,6.67,-1.06,1.57,0.29,0.01,41.73,12.45,16.94,950.49,13095,13098,256
-8.98,-2.79,-2.31,0.97,0.28,-0.03,41.73,12.45,16.94,950.58,13136,13139,241
-10.00,0.55,-0.43,2.25,0.30,0.20,41.73,12.09,15.20,950.60,13178,13181,228
-10.20,-0.63,-0.82,1.69,0.25,-0.05,42.09,11.36,12.86,950.60,13220,13223,215
-9.34,-2.63,-1.65,1.62,0.11,-0.08,42.09,11.36,12.86,950.59,13261,13264,201
-8.98,-0.86,-1.06,1.59,0.05,-0.09,42.09,10.91,10.31,950.53,13303,13306,188
-9.77,-0.59,-0.82,1.57,0.02,0.08,42.09,10.91,10.31,950.62,13344,13347,177
-9.77,-0.67,-0.71,1.37,0.03,0.09,41.73,10.09,7.65,950.57,13386,13389,167
-8.83,1.41,0.27,0.62,-0.05,-0.03,42.18,9.27,5.92,950.62,13427,13430,160
-9.89,0.75,-1.14,0.43,-0.20,0.07,42.18,9.27,5.92,950.63,13469,13472,155
-9.61,-1.02,-0.55,0.32,-0.09,-0.00,42.00,8.55,4.69,950.57,13510,13513,152
-9.89,-0.47,-0.59,0.48,-0.03,0.11,42.00,8.55,4.69,950.58,13552,13555,149
-9.89,-0.43,-0.86,0.16,0.06,-0.05,42.36,7.91,3.88,950.64,13593,13596,149
-9.85,-0.35,-0.55,0.11,0.03,0.01,42.09,7.73,3.47,950.59,13635,13638,149
-9.85,-0.27,-0.59,-0.02,0.02,-0.00,42.09,7.73,3.47,950.62,13676,13679,152
-9.92,0.98,-1.26,-0.26,-0.04,0.09,42.18,7.73,3.27,950.57,13718,13721,160
-9.53,0.55,0.86,-0.70,-0.14,0.11,42.18,7.91,3.47,950.57,13759,13762,174
-8.67,-2.94,-0.67,-1.35,-0.30,0.01,42.18,7.91,3.47,950.60,13801,13804,190
-9.26,-1.29,-1.18,-1.39,-0.51,0.05,41.73,8.64,4.18,950.57,13841,13845,212
-4.94,2.28,-2.82,-3.59,-0.29,0.18,41.73,8.64,4.18,950.63,13883,13887,234
-8.00,2.04,0.63,-4.22,-0.07,0.28,41.27,10.82,7.86,950.53,13924,13928,258
-10.08,-2.79,-5.69,-2.07,-0.32,0.79,41.82,11.27,13.27,950.52,13966,13969,283
-7.65,0.08,-18.04,-1.33,-0.41,0.61,41.82,11.27,13.27,950.57,14007,14011,308
-9.26,4.51,-0.20,-2.79,-0.19,0.72,43.00,10.18,16.63,950.57,14049,14052,331
-7.65,5.30,3.77,-3.47,0.01,0.50,0.00,0.00,0.00,950.61,14090,14093,353
-9.10,0.43,2.04,-3.23,0.35,0.36,43.82,8.82,21.02,950.51,14131,14134,377
-9.22,0.47,1.37,-3.35,0.42,0.41,44.09,5.91,26.22,950.56,14173,14176,399
-10.08,1.37,1.37,-3.07,0.27,0.45,44.09,5.91,26.22,950.50,14214,14217,423
-10.71,-8.00,7.65,-2.23,-0.13,0.68,44.45,3.09,30.51,950.49,14256,14259,454
-8.67,2.08,3.26,-4.17,0.25,0.73,45.27,-1.91,33.06,950.52,14297,14300,480
-9.41,1.77,2.04,-3.14,0.39,0.54,45.27,-1.91,33.06,950.43,14339,14342,506
-10.79,1.18,0.78,-3.48,0.58,0.51,45.27,-7.09,35.51,950.40,14380,14383,533
-8.94,1.26,1.96,-3.55,0.48,0.59,45.27,-7.09,35.51,950.38,14422,14425,558
-9.73,1.73,1.57,-3.10,0.39,0.50,44.55,-13.18,37.65,950.43,14464,14467,581
-9.65,1.57,1.41,-2.98,0.52,0.50,44.00,-18.91,37.55,950.34,14505,14508,606
-9.69,1.65,1.45,-3.40,0.46,0.58,44.00,-18.91,37.55,950.39,14547,14550,634
-11.77,0.82,4.31,-2.09,0.21,0.65,43.18,-24.55,36.63,950.36,14588,14591,658
-6.28,0.27,-2.00,-2.27,0.28,0.41,42.82,-28.64,34.80,950.44,14630,14633,682
-9.41,1.69,1.88,-2.96,0.50,0.51,42.82,-28.64,34.80,950.51,14672,14675,704
-9.49,1.65,1.73,-2.96,0.58,0.45,41.64,-33.09,32.24,950.47,14713,14716,727
-9.85,1.65,1.84,-2.78,0.65,0.36,41.64,-33.09,32.24,950.55,14755,14758,747
-9.49,1.49,2.31,-2.55,0.72,0.14,40.82,-36.82,29.39,950.59,14796,14799,763
-9.85,0.47,1.84,-2.01,0.69,0.07,40.00,-38.82,26.73,950.57,14838,14841,775
-9.69,1.65,1.80,-1.53,0.52,-0.06,40.00,-38.82,26.73,950.62,14880,14883,784
-9.69,1.22,1.45,-0.85,0.42,-0.13,40.09,-39.82,24.90,950.53,14921,14924,789
-9.85,1.18,1.49,-0.71,0.36,-0.23,0.00,0.00,0.00,950.51,14962,14965,793
-9.06,0.71,0.94,1.41,0.74,-0.79,40.27,-39.55,24.69,950.51,15003,15006,792
-10.24,0.39,0.82,0.52,0.19,-0.34,40.91,-38.00,26.84,950.59,15045,15048,785
-9.89,0.78,0.51,1.05,0.23,-0.24,40.91,-38.00,26.84,950.50,15086,15089,782
-17.57,-10.63,7.92,-0.10,0.26,-0.19,40.82,-36.45,29.08,950.42,15128,15131,782
-10.51,3.02,-1.22,0.01,0.19,-0.07,41.00,-36.45,29.18,950.46,15170,15173,784
-9.65,0.71,0.55,-0.27,0.09,-0.00,41.00,-36.45,29.18,950.46,15211,15214,785
-13.22,14.91,-18.28,-1.38,0.28,-0.33,41.09,-36.64,28.57,950.50,15253,15256,785
-6.71,-2.67,4.94,-0.34,0.17,-0.14,41.09,-36.64,28.57,950.36,15295,15298,786
-10.51,0.63,2.00,-0.05,0.15,-0.13,40.73,-37.00,27.76,950.46,15336,15339,786
-9.77,0.24,0.43,-0.17,0.12,-0.12,41.00,-36.73,27.96,950.45,15377,15381,787
-9.81,0.43,0.35,-0.21,0.13,-0.09,41.00,-36.73,27.96,950.41,15418,15422,791
-9.89,0.67,0.20,-0.55,0.12,-0.04,41.09,-36.91,27.86,950.53,15460,15464,795
-9.77,0.51,0.39,-0.63,0.13,-0.08,41.09,-36.82,26.84,950.56,15502,15505,798
-9.89,0.63,0.43,-0.63,0.13,-0.05,41.09,-36.82,26.84,950.47,15543,15546,803
-9.89,0.55,0.47,-0.61,0.11,-0.04,41.27,-37.27,26.22,950.44,15585,15588,806
-9.81,0.43,0.39,-0.31,0.16,-0.12,41.27,-37.27,26.22,950.46,15626,15629,809
-9.73,0.12,0.43,-0.55,0.17,-0.14,41.27,-37.27,25.61,950.51,15668,15671,816
-9.57,0.43,0.16,-1.28,0.18,-0.06,41.36,-37.73,24.80,950.43,15710,15713,827
-9.81,0.27,0.20,-1.66,0.16,-0.07,41.36,-37.73,24.80,950.51,15751,15754,839
-9.96,0.27,0.31,-1.60,0.07,-0.01,41.64,-38.09,22.04,950.46,15793,15796,846
-9.81,0.47,0.43,-0.82,-0.05,0.07,41.82,-38.45,19.59,950.45,15834,15837,847
-10.04,0.35,-0.39,-0.22,-0.07,-0.04,41.82,-38.45,19.59,950.46,15876,15879,853
-10.24,0.59,0.47,-0.85,-0.01,-0.03,41.64,-38.64,18.78,950.57,15918,15921,863
-9.96,0.35,0.08,-1.56,0.10,0.01,41.64,-38.64,18.78,950.47,15959,15962,878
-9.45,-2.90,1.53,-2.41,0.14,0.05,41.64,-38.73,16.63,950.59,16001,16004,892
-13.69,-14.55,-4.31,-1.88,0.00,0.03,41.36,-38.36,11.73,950.52,16042,16046,903
-6.94,13.61,-5.14,-2.74,0.10,-0.02,41.36,-38.36,11.73,950.58,16084,16087,914
-10.24,0.35,1.80,-1.20,0.15,-0.09,41.36,-37.82,7.76,950.61,16126,16129,918
-9.85,-0.04,0.24,-0.69,0.15,-0.20,41.36,-37.82,7.76,950.60,16167,16170,926
-10.00,-0.12,0.24,-1.28,0.11,-0.06,41.55,-36.45,6.53,950.66,16209,16212,939
-10.00,-0.16,0.94,-1.75,0.10,0.04,41.64,-35.36,4.59,950.59,16250,16253,948
-9.89,0.08,0.43,-1.02,0.08,-0.05,41.64,-35.36,4.59,950.55,16292,16295,956
-9.77,-0.12,0.24,-1.07,0.09,-0.08,41.82,-34.55,2.55,950.59,16334,16337,964
-9.89,0.31,0.47,-1.19,0.09,-0.04,42.00,-33.45,1.33,950.58,16375,16378,976
-9.96,-0.78,-0.12,-1.53,0.16,-0.02,42.00,-33.45,1.33,950.64,16417,16420,989
-9.92,-0.24,0.59,-1.87,0.21,0.03,41.91,-31.55,-0.61,950.61,16458,16461,999
-10.43,-0.39,0.67,-1.33,0.21,-0.07,41.91,-31.55,-0.61,950.55,16500,16503,1005
-10.16,0.51,0.39,-1.10,0.20,-0.09,42.36,-29.55,-2.24,950.62,16541,16544,1013
-9.73,0.00,0.04,-1.09,0.22,-0.05,42.45,-28.00,-3.27,950.60,16583,16586,1021
-9.65,-0.47,-0.39,-0.97,0.08,-0.11,42.45,-28.00,-3.27,950.56,16625,16628,1023
-9.89,-0.51,-0.04,-0.61,0.02,-0.12,42.73,-26.55,-3.98,950.64,16666,16669,1023
-9.38,0.04,-0.27,-0.42,0.04,-0.29,42.91,-25.82,-4.59,950.62,16708,16711,1023
-10.00,-0.98,0.24,-0.03,-0.24,-0.57,42.91,-25.82,-4.59,950.65,16749,16752,1023
-9.22,-1.53,-1.29,-0.54,-0.12,-0.29,42.82,-24.09,-5.31,950.58,16791,16794,1023
-10.20,-1.02,-0.55,-0.51,-0.08,0.55,42.82,-24.09,-5.31,950.57,16833,16836,1023
-9.96,0.12,-0.12,-0.69,-0.10,0.42,42.18,-24.91,-5.82,950.64,16874,16877,1023
-10.08,-0.27,0.47,-0.54,0.01,-0.03,42.09,-25.36,-6.43,950.66,16916,16919,1023
-9.85,-0.08,0.39,-0.63,0.14,-0.05,42.09,-25.36,-6.43,950.63,16956,16960,1023
-9.89,-0.31,0.43,-0.13,0.06,-0.06,42.18,-23.73,-6.43,950.65,16998,17002,1023
-9.65,0.08,0.16,-0.00,0.06,0.09,41.82,-24.09,-6.63,950.67,17040,17044,1023
-9.92,-0.55,0.20,-0.03,0.04,0.01,41.82,-24.09,-6.63,950.59,17081,17084,1023
-9.89,0.00,0.16,-0.07,0.06,-0.01,42.00,-24.09,-7.24,950.67,17123,17126,1021
-9.85,-0.08,0.39,-0.15,0.04,0.00,42.00,-24.09,-7.24,950.60,17164,17167,1009
-9.73,0.08,0.55,-0.60,0.20,0.18,42.18,-24.00,-6.53,950.64,17206,17209,1003
-9.96,-0.20,0.27,-0.94,0.25,-0.05,42.09,-23.09,-7.14,950.61,17247,17250,0
-9.89,-0.24,-0.20,-0.66,0.20,0.05,42.09,-23.09,-7.14,950.61,17289,17292,0
-8.79,0.27,0.20,-0.52,0.23,0.00,42.64,-22.27,-6.84,950.59,17330,17333,0
-9.69,-0.16,0.31,-0.16,0.00,-0.04,42.64,-22.27,-6.84,950.57,17372,17375,0
-9.96,0.08,0.35,0.13,-0.32,-0.15,42.55,-21.82,-6.94,950.73,17413,17416,0
-10.79,-2.47,-0.94,-0.18,-0.18,-0.09,42.36,-21.64,-7.96,950.66,17455,17458,0
-9.06,-2.82,5.22,-0.96,0.29,0.11,42.36,-21.64,-7.96,950.63,17496,17499,0
-9.89,0.78,-0.39,-0.06,0.05,-0.14,42.36,-20.73,-7.86,950.64,17538,17541,0
-10.20,-0.86,-0.20,-0.66,0.20,-0.10,42.36,-19.82,-7.96,950.59,17579,17582,0
-9.77,0.27,0.35,-0.94,0.29,-0.08,42.36,-19.82,-7.96,950.74,17621,17624,3
-9.77,-0.27,-0.94,-0.27,0.10,-0.16,42.91,-18.55,-7.76,950.65,17662,17665,9
-10.28,-0.75,-0.27,-0.73,-0.16,-0.17,42.91,-18.55,-7.76,950.59,17703,17707,17
-9.96,-1.22,0.04,-0.80,-0.03,0.10,42.45,-17.18,-8.06,950.57,17745,17748,23
-10.24,-0.43,0.31,-0.96,0.06,0.12,42.27,-15.91,-8.47,950.62,17787,17790,31
-10.08,-0.55,-1.06,-1.16,0.09,0.04,42.27,-15.91,-8.47,950.71,17828,17831,42
-9.89,-0.43,0.51,-1.45,0.06,-0.14,42.36,-14.00,-8.67,950.67,17870,17873,55
-9.69,-0.04,-0.31,-1.46,0.09,-0.09,42.36,-14.00,-8.67,950.54,17911,17914,64
-9.77,-0.08,-0.20,-1.61,0.07,-0.21,42.36,-11.64,-8.57,950.69,17953,17956,78
-10.12,-0.98,-0.04,-2.04,0.17,0.13,42.45,-8.27,-8.16,950.59,17994,17997,92
-9.89,-0.55,-0.51,-1.75,0.26,0.02,42.45,-8.27,-8.16,950.66,18036,18039,103
-9.77,-0.35,-0.43,-1.59,0.16,-0.12,42.82,-5.09,-6.53,950.65,18077,18080,116
-9.85,-0.31,-0.24,-1.97,0.07,-0.02,42.64,-2.27,-5.10,950.60,18119,18122,126
-9.85,-0.39,-0.27,-1.17,0.08,-0.06,42.64,-2.27,-5.10,950.57,18160,18163,136
-9.85,0.00,-0.24,-1.47,-0.03,-0.02,42.73,-0.18,-4.18,950.57,18202,18205,144
-9.92,0.39,-0.43,-1.18,0.02,-0.04,42.73,-0.18,-4.18,950.62,18243,18246,153
-9.85,-0.47,-0.47,-1.40,-0.04,-0.10,42.82,1.73,-3.06,950.55,18285,18288,163
-9.96,-0.08,0.00,-1.26,-0.01,-0.00,42.27,3.73,-2.14,950.64,18326,18329,172
-9.89,-0.27,-0.31,-1.24,0.10,-0.02,42.27,3.73,-2.14,950.59,18368,18371,182
-10.12,-0.35,-0.31,-1.41,0.02,-0.04,42.36,5.09,-0.31,950.68,18409,18412,190
-9.92,0.00,-0.24,-1.12,0.10,0.00,42.45,6.82,1.22,950.56,18451,18454,196
-9.77,-0.24,-0.51,-0.91,0.06,0.02,42.45,6.82,1.22,950.61,18491,18495,204
-9.77,-0.71,-0.75,-1.05,0.01,-0.06,42.45,7.64,2.65,950.67,18533,18537,214
-10.51,0.24,-0.35,-1.61,-0.18,0.04,42.45,7.64,2.65,950.68,18574,18577,220
-9.65,-0.16,0.00,-0.88,-0.04,0.06,42.36,9.09,4.18,950.64,18616,18619,224
-9.26,0.67,-3.49,-0.75,0.13,-0.06,42.18,9.27,5.10,950.64,18657,18660,230
-9.69,0.00,-0.12,-1.17,0.03,0.09,42.18,9.27,5.10,950.62,18699,18702,238
-9.81,0.04,0.31,-1.10,0.10,-0.02,42.27,10.18,7.04,950.71,18740,18743,247
-9.61,0.98,-0.67,-1.88,0.08,-0.02,42.27,10.18,7.04,950.69,18782,18785,260
-10.20,0.12,0.86,-1.37,0.14,-0.01,42.00,11.18,9.29,950.62,18823,18826,274
-10.24,0.31,-0.90,-1.63,0.11,-0.01,42.64,11.82,12.76,950.67,18865,18868,286
-10.20,0.27,0.59,-2.18,0.08,0.07,42.64,11.82,12.76,950.69,18906,18909,297
-9.34,2.31,-1.02,-1.55,0.11,-0.08,42.27,12.09,16.63,950.69,18948,18951,308
-9.69,0.31,0.31,-1.56,0.06,-0.00,42.18,12.09,18.88,950.61,18990,18993,318
-8.98,-0.39,0.04,-1.38,0.12,-0.03,42.18,12.09,18.88,950.57,19031,19034,326
-10.32,0.39,0.16,-1.23,0.12,-0.02,42.27,12.36,21.33,950.59,19073,19076,336
-9.57,-0.12,0.04,-1.51,0.10,0.00,42.27,12.36,21.33,950.72,19114,19117,347
-10.16,0.55,-0.86,-1.67,0.15,-0.02,42.45,11.73,23.67,950.71,19156,19159,356
-10.12,0.63,-0.51,-1.33,0.08,0.05,42.18,10.91,26.53,950.66,19198,19201,364
-10.08,0.67,-0.35,-1.04,-0.01,0.08,42.18,10.91,26.53,950.56,19239,19242,371
-9.96,0.35,-0.35,-0.88,0.01,0.07,42.18,9.91,27.86,950.66,19281,19284,376
-9.85,0.43,-0.16,-0.66,0.07,0.02,42.45,9.27,28.88,950.59,19322,19325,381
-9.30,-4.59,0.27,-0.20,0.03,0.08,42.45,9.27,28.88,950.66,19364,19367,391
-10.40,2.31,-0.12,-1.05,-0.11,0.27,42.82,8.64,29.59,950.62,19405,19408,400
-10.00,0.67,0.16,-1.11,0.01,0.12,42.82,8.64,29.59,950.58,19447,19450,411
-9.85,0.94,-0.04,-1.51,0.07,0.11,43.18,7.27,30.71,950.55,19489,19492,419
-9.92,0.67,-0.04,-1.12,0.12,0.05,42.91,5.64,32.96,950.52,19530,19533,427
-9.85,0.71,-0.04,-1.08,0.17,0.01,42.91,5.64,32.96,950.58,19572,19575,433
-9.81,0.71,0.04,-0.91,0.12,-0.00,43.09,4.64,34.80,950.51,19613,19616,439
-10.04,0.90,0.43,-0.77,0.28,-0.07,43.09,3.82,35.61,950.54,19655,19658,442
-9.65,-8.12,-10.71,0.09,-0.18,0.31,43.09,3.82,35.61,950.60,19696,19699,445
-9.10,-2.47,-2.79,0.18,-0.22,0.21,43.18,2.82,35.51,950.48,19738,19741,449
-9.81,1.02,-1.53,-0.58,0.05,0.13,43.18,2.82,35.51,950.44,19779,19782,453
-9.53,0.63,-0.12,-0.37,0.29,0.25,43.27,2.09,36.12,950.44,19821,19824,458
-9.85,0.82,-0.35,-0.82,0.21,0.05,43.27,1.18,37.14,950.53,19862,19865,467
-9.77,1.37,-0.12,-1.43,0.17,-0.36,43.27,1.18,37.14,950.59,19904,19907,477
-9.81,0.82,0.00,-1.38,0.17,-0.19,42.82,-0.18,38.27,950.52,19945,19948,482
-9.85,0.86,0.24,-0.59,0.20,-0.14,42.82,-0.18,38.27,950.41,19987,19990,485
-10.04,1.02,0.20,-0.34,0.03,0.06,42.82,-1.09,39.69,950.32,20028,20032,485
-9.85,0.82,-0.04,-0.04,0.02,0.05,42.64,-1.27,39.59,950.52,20069,20073,485
-10.08,0.98,-0.12,-0.03,-0.02,-0.00,42.64,-1.27,39.59,950.54,20111,20115,485
-9.89,0.82,-0.04,-0.00,0.06,-0.08,42.73,-1.27,39.49,950.48,20152,20155,485
-9.85,0.86,0.08,0.05,0.13,-0.06,42.82,-1.36,39.49,950.49,20194,20197,486
-9.85,0.82,0.00,-0.28,0.11,-0.04,42.82,-1.36,39.49,950.47,20235,20238,491
-9.85,0.82,-0.04,-0.30,0.14,-0.06,42.45,-1.45,39.90,950.47,20277,20280,494
-9.85,0.75,-0.20,-0.41,0.10,-0.05,42.45,-1.45,39.90,950.53,20318,20321,496
-9.89,0.78,0.00,-0.36,0.14,-0.07,42.55,-1.82,40.31,950.39,20360,20363,499
-9.81,0.86,0.00,-0.20,0.07,-0.05,42.36,-2.00,40.92,950.51,20401,20404,500
-10.00,0.71,0.00,-0.28,0.04,0.02,42.36,-2.00,40.92,950.53,20443,20446,502
-9.81,0.86,0.08,-0.25,0.08,-0.03,42.36,-2.55,40.82,950.50,20484,20487,504
-9.92,0.82,-0.12,-0.22,0.00,0.04,42.36,-3.00,41.02,950.48,20526,20529,506
-10.00,1.18,1.06,-0.16,-0.19,0.10,42.45,-3.00,41.02,950.45,20567,20570,512
-11.14,-2.24,0.16,-0.79,-0.20,0.18,42.82,-4.09,40.71,950.45,20609,20612,516
-10.20,0.98,0.08,-0.47,0.06,0.08,42.82,-4.09,40.71,950.35,20650,20653,522
-10.08,0.75,0.04,-0.74,0.10,0.00,42.91,-5.45,40.92,950.34,20692,20695,529
-9.96,1.10,-0.31,-1.08,0.25,-0.10,42.91,-6.73,41.73,950.42,20734,20737,537
-10.00,0.78,-0.04,-0.83,0.33,-0.11,42.91,-6.73,41.73,950.38,20775,20778,546
-9.89,0.90,-0.16,-1.26,0.21,-0.04,42.27,-7.73,42.76,950.32,20817,20820,557
-9.89,1.02,0.16,-1.20,0.10,0.01,42.27,-7.73,42.76,950.44,20858,20861,565
-9.89,0.94,0.12,-1.05,0.09,-0.12,42.09,-10.18,42.96,950.41,20900,20903,571
-9.92,0.86,-0.16,-1.14,0.17,-0.08,41.91,-11.82,43.47,950.41,20941,20944,574
-10.16,0.90,-0.27,-0.45,0.04,-0.18,41.91,-11.82,43.47,950.36,20983,20986,579
-10.24,0.86,0.71,-0.19,0.25,-0.34,42.00,-11.91,43.47,950.29,21025,21028,584
-9.73,0.04,0.24,-0.43,0.08,-0.13,41.73,-11.82,43.98,950.35,21066,21069,593
-9.73,0.43,-0.04,-1.33,0.20,0.04,41.73,-11.82,43.98,950.28,21108,21111,601
-9.89,0.71,-0.27,-1.04,-0.01,0.16,41.73,-14.27,43.78,950.29,21149,21152,610
-9.92,0.78,0.31,-1.32,-0.07,0.14,41.73,-14.27,43.78,950.24,21191,21194,615
-9.85,0.71,0.35,-0.48,0.01,-0.09,41.82,-16.45,43.47,950.33,21233,21236,620
-9.85,0.35,-0.16,-0.53,0.21,-0.09,41.73,-17.18,43.37,950.28,21274,21277,632
-9.77,1.02,0.08,-1.82,0.20,-0.10,41.73,-17.18,43.37,950.28,21316,21319,645
-9.57,0.08,1.22,-1.40,0.11,-0.30,41.64,-19.45,43.06,950.28,21357,21360,654
-9.89,1.02,0.20,-1.06,0.16,-0.02,41.55,-21.18,42.35,950.34,21399,21402,664
-9.77,0.51,-0.08,-1.30,0.18,-0.21,41.55,-21.18,42.35,950.33,21441,21444,673
-9.85,0.43,-0.04,-0.96,0.04,0.17,41.55,-23.09,41.94,950.26,21482,21485,682
-6.39,-0.98,4.24,-1.24,0.04,0.04,41.55,-23.09,41.94,950.27,21524,21527,693
-8.75,-0.43,1.96,-0.87,0.18,-0.40,41.36,-25.36,40.20,950.35,21564,21568,708
-10.12,0.31,0.20,-2.12,0.12,-0.01,41.55,-27.09,38.98,950.43,21606,21610,723
-9.89,0.43,0.31,-1.99,0.14,-0.06,41.55,-27.09,38.98,950.43,21648,21652,736
-9.81,0.27,0.16,-1.63,0.07,-0.03,41.45,-29.82,37.04,950.46,21689,21692,746
-9.92,0.43,0.08,-1.32,0.04,0.09,41.45,-29.82,37.04,950.41,21731,21734,761
-9.92,0.39,0.27,-2.05,0.09,0.02,41.36,-31.45,34.39,950.43,21772,21775,774
-9.89,0.20,0.04,-1.93,0.13,-0.14,41.36,-34.09,31.73,950.57,21814,21817,781
-9.89,0.35,0.12,-0.84,0.09,-0.01,41.36,-34.09,31.73,950.51,21855,21859,787
-10.71,1.65,-0.82,-1.34,0.13,-0.14,41.55,-35.18,30.41,950.50,21897,21900,795
-11.22,-2.28,0.16,-1.57,0.13,-0.24,41.73,-35.82,28.06,950.48,21939,21942,805
-9.22,-2.12,1.77,-1.64,-0.01,-0.08,41.73,-35.82,28.06,950.43,21980,21983,816
-9.89,0.67,0.75,-1.66,0.07,0.22,41.73,-37.00,25.00,950.48,22022,22025,830
-10.20,0.31,0.55,-1.90,0.22,-0.16,41.73,-37.00,25.00,950.51,22064,22067,843
-9.65,-0.04,-0.16,-1.99,0.09,-0.13,41.64,-37.45,22.55,950.55,22105,22108,857
-9.34,3.02,-0.55,-2.15,0.03,-0.00,41.82,-38.09,18.67,950.55,22147,22150,869
-9.89,0.39,0.43,-1.66,-0.07,0.10,41.82,-38.09,18.67,950.57,22188,22191,882
-9.81,0.04,0.27,-1.92,0.11,-0.03,41.64,-37.91,15.71,950.60,22230,22233,896
-9.92,-0.12,0.24,-1.74,0.02,-0.07,41.73,-37.45,12.45,950.58,22272,22275,908
-9.81,0.04,0.59,-1.62,0.05,-0.01,41.73,-37.45,12.45,950.65,22313,22316,920
-9.92,-0.12,0.35,-1.69,0.11,-0.12,41.82,-37.00,9.39,950.58,22355,22358,931
-10.90,3.96,2.12,-1.51,0.08,-0.07,41.82,-37.00,9.39,950.68,22396,22399,942
-10.04,0.31,0.75,-1.36,0.04,-0.10,41.91,-35.64,6.63,950.56,22438,22441,954
-10.04,-0.78,0.16,-1.49,0.03,0.01,42.27,-34.64,4.39,950.61,22479,22482,964
-9.96,-0.04,0.47,-1.25,-0.02,0.05,42.27,-34.64,4.39,950.59,22521,22524,972
-9.81,-0.27,0.59,-1.13,0.07,-0.08,41.73,-33.36,2.55,950.69,22563,22566,981
-9.89,-0.24,0.31,-1.06,0.09,-0.21,41.73,-32.00,2.55,950.59,22604,22607,989
-10.08,-0.82,0.43,-0.96,0.03,-0.22,42.18,-32.00,0.92,950.67,22646,22649,996
-9.89,-0.47,0.04,-0.89,0.05,-0.05,42.27,-30.45,-0.31,950.68,22687,22690,1002
-10.04,-0.35,-0.12,-0.73,0.03,0.06,42.27,-30.45,-0.31,950.68,22729,22732,1006
-9.89,-0.63,-0.08,-0.47,-0.05,0.12,42.27,-29.82,-1.43,950.64,22770,22773,1010
-9.96,-0.20,0.47,-0.56,0.00,0.04,41.91,-29.64,-1.73,950.64,22812,22815,1012
-9.81,-0.27,0.35,-0.16,0.01,-0.01,41.91,-29.64,-1.73,950.62,22854,22857,1012
-9.45,-0.08,0.55,0.18,0.04,-0.02,42.18,-29.09,-2.45,950.65,22895,22898,1009
-9.96,-0.27,0.43,0.41,0.07,-0.06,42.18,-29.09,-2.45,950.61,22937,22940,1005
-9.77,-0.04,0.51,0.55,0.01,0.07,42.00,-29.82,-1.94,950.67,22978,22981,998
-10.00,0.04,0.63,1.02,-0.06,0.12,42.00,-30.64,-0.92,950.63,23020,23023,989
-9.69,-0.59,0.16,1.03,0.17,-0.30,42.00,-30.64,-0.92,950.63,23061,23064,978
-9.69,-0.08,0.27,1.37,-0.07,0.10,42.45,-31.82,0.20,950.67,23103,23106,962
-10.08,-0.16,0.47,2.42,-0.11,-0.02,41.73,-33.91,2.76,950.55,23144,23147,946
-9.77,-0.08,0.24,1.98,-0.06,0.01,41.73,-33.91,2.76,950.62,23185,23189,935
-9.77,-0.27,0.63,1.59,-0.03,-0.10,41.91,-35.64,5.61,950.59,23227,23231,925
-9.85,-0.08,0.35,1.19,0.05,0.04,41.91,-35.64,5.61,950.56,23268,23272,916
-9.53,0.16,1.61,1.29,0.01,0.16,41.82,-36.64,7.35,950.61,23310,23313,901
-9.92,0.31,0.82,1.80,0.04,-0.02,41.45,-37.64,10.10,950.61,23351,23354,887
-10.00,0.08,0.51,1.91,-0.03,0.06,41.45,-37.64,10.10,950.60,23393,23396,871
-9.81,0.27,0.71,2.05,-0.03,0.09,41.18,-38.45,13.57,950.56,23434,23437,857
-9.92,0.78,0.08,2.01,-0.11,0.15,41.09,-39.27,16.73,950.59,23476,23479,842
-10.00,0.27,0.27,1.94,-0.13,0.08,41.09,-39.27,16.73,950.61,23517,23521,830
-10.36,0.63,0.75,1.68,-0.10,0.03,41.00,-38.91,20.00,950.62,23559,23562,816
-10.00,0.31,0.67,1.84,-0.03,-0.11,41.00,-38.91,20.00,950.50,23601,23604,802
-8.83,0.04,2.08,2.04,-0.15,0.02,41.00,-38.36,23.27,950.55,23642,23645,788
-9.85,0.67,0.82,1.83,-0.00,-0.09,40.82,-37.45,26.43,950.58,23684,23687,777
-10.51,0.63,0.00,1.41,0.17,-0.18,40.82,-37.45,26.43,950.61,23725,23729,764
-9.89,0.71,0.47,1.89,0.24,-0.15,41.09,-36.18,28.98,950.59,23767,23770,751
-9.85,0.63,0.16,1.96,0.17,-0.07,41.09,-36.18,28.98,950.62,23809,23812,739
-9.77,0.39,0.08,1.60,0.06,-0.03,41.18,-34.18,32.65,950.63,23850,23853,731
-9.89,0.71,0.67,0.97,-0.05,-0.01,41.00,-32.45,34.69,950.59,23892,23895,719
-9.96,0.55,0.31,1.77,-0.07,-0.07,41.00,-32.45,34.69,950.66,23933,23936,703
-10.04,0.59,0.16,2.14,-0.01,-0.03,41.09,-30.45,36.84,950.65,23975,23978,693
-9.89,0.75,-0.16,1.16,0.06,-0.03,41.27,-27.73,38.98,950.63,24017,24020,684
-10.04,0.55,0.51,1.22,-0.01,-0.03,41.27,-27.73,38.98,950.64,24058,24061,673
-9.92,0.71,0.08,1.63,-0.03,0.06,41.55,-26.09,40.31,950.58,24100,24103,658
-9.96,0.78,0.51,2.04,-0.05,-0.04,41.55,-26.09,40.31,950.59,24141,24144,646
-9.85,0.55,-0.24,1.35,-0.00,-0.01,41.36,-23.09,41.84,950.60,24183,24186,640
-9.85,0.75,0.39,0.66,-0.09,-0.01,41.64,-21.18,42.14,950.66,24225,24228,632
-10.12,0.75,0.20,1.09,0.01,-0.07,41.64,-21.18,42.14,950.65,24266,24269,621
-9.81,0.59,0.04,1.25,0.06,-0.06,41.64,-19.18,42.86,950.63,24308,24311,612
-9.89,0.71,0.31,1.22,0.07,-0.07,41.45,-17.18,43.57,950.64,24349,24352,603
-9.96,0.82,0.59,1.20,0.08,-0.12,41.45,-17.18,43.57,950.73,24391,24394,590
-9.77,0.35,-0.04,1.84,0.12,-0.15,41.55,-14.55,44.18,950.72,24433,24436,577
-9.85,0.67,-0.08,1.55,0.07,-0.13,41.55,-14.55,44.18,950.67,24474,24477,565
-9.81,0.27,0.00,1.62,0.03,-0.05,41.64,-10.91,44.29,950.74,24516,24519,555
-9.81,0.43,-0.55,1.17,0.06,0.09,41.27,-8.36,43.98,950.64,24557,24560,549
-9.85,0.55,0.08,0.65,-0.10,0.09,41.27,-8.36,43.98,950.66,24599,24602,543
-9.85,0.43,-0.16,0.87,0.08,0.10,41.45,-7.36,43.67,950.61,24640,24643,539
-9.81,0.35,-0.04,0.54,0.16,0.00,41.45,-7.36,43.67,950.68,24682,24685,533
-10.08,0.35,-0.27,0.57,-0.02,-0.10,41.18,-5.91,43.27,950.60,24723,24726,524
-9.89,0.31,-0.27,1.22,0.06,-0.13,41.73,-4.36,43.37,950.60,24764,24768,518
-9.85,0.43,-0.35,0.58,0.08,-0.02,41.73,-4.36,43.37,950.60,24806,24810,515
-9.85,0.55,-0.27,0.38,-0.03,0.03,41.36,-2.91,42.86,950.54,24847,24851,510
-10.55,-0.43,0.08,0.78,0.07,-0.04,41.55,-2.27,42.24,950.41,24889,24892,506
-10.04,0.27,-0.59,0.15,0.04,0.01,41.55,-2.27,42.24,950.34,24930,24933,507
-10.04,0.63,-0.35,-0.08,0.06,0.08,41.27,-1.64,42.14,950.46,24972,24975,507
-9.92,0.55,-0.20,-0.06,0.04,-0.02,41.27,-1.64,42.14,950.42,25013,25016,505
-9.77,0.16,-0.04,0.32,0.11,-0.06,41.82,-1.91,42.14,950.40,25055,25058,499
-9.92,0.43,-0.27,0.81,0.11,-0.12,41.27,-1.09,42.24,950.37,25096,25099,493
-9.89,0.16,-0.31,0.79,0.08,0.00,41.27,-1.09,42.24,950.46,25138,25141,491
-9.65,0.55,-0.67,0.19,0.12,0.10,41.09,0.18,41.84,950.35,25179,25182,487
-9.85,0.31,-0.16,0.49,0.06,0.04,41.36,0.64,41.33,950.33,25221,25224,483
-9.92,0.27,0.00,0.68,0.06,-0.00,41.36,0.64,41.33,950.37,25262,25265,478
-9.77,0.43,-0.63,0.44,0.11,0.00,41.27,1.45,41.22,950.39,25304,25307,476
-9.89,0.31,-0.51,0.39,0.01,-0.02,41.27,1.45,41.22,950.44,25345,25348,472
-9.81,0.27,-0.39,0.40,-0.05,0.08,41.18,2.00,40.61,950.35,25387,25390,469
-9.81,0.55,-0.24,0.34,0.02,0.05,41.36,2.73,40.00,950.45,25428,25431,463
-9.73,0.55,-0.47,0.75,0.00,0.04,41.36,2.73,40.00,950.32,25470,25473,457
-9.81,0.24,-0.43,0.72,0.02,-0.00,41.45,3.18,39.18,950.40,25511,25514,453
-9.89,0.24,-0.82,0.53,-0.03,0.07,41.45,3.18,39.18,950.47,25553,25556,450
-9.96,0.51,-0.39,0.26,0.01,0.05,41.73,4.18,38.47,950.51,25594,25597,446
-9.96,0.31,-0.16,0.66,0.04,-0.02,41.91,4.55,37.86,950.37,25636,25639,443
-9.92,0.20,-0.63,0.30,0.02,-0.02,41.91,4.55,37.86,950.56,25677,25680,442
-9.96,0.47,-0.20,0.02,-0.01,0.04,41.64,5.27,37.35,950.43,25719,25722,441
-9.96,0.08,-0.43,0.28,0.12,-0.12,41.64,5.27,37.04,950.45,25760,25763,439
-9.92,0.39,-0.43,0.23,0.09,-0.01,41.64,5.27,37.04,950.38,25802,25805,438
-9.92,0.39,-0.43,0.12,0.05,-0.03,41.73,5.55,36.94,950.51,25844,25846,437
-9.53,-0.67,0.35,0.10,0.04,-0.05,41.73,5.55,36.94,950.47,25885,25888,434
-9.96,0.43,-0.75,0.42,0.03,-0.02,41.64,5.64,36.94,950.51,25927,25930,430
-10.00,0.39,-0.20,0.51,-0.06,0.03,42.00,6.27,36.33,950.44,25968,25971,422
-9.96,0.31,0.04,1.17,0.01,-0.04,42.00,6.27,36.33,950.50,26010,26013,414
-10.94,1.92,3.37,1.28,-0.07,0.08,42.00,7.36,34.69,950.49,26051,26054,409
-10.98,-0.35,0.16,1.09,-0.14,0.30,42.64,8.09,32.45,950.47,26093,26096,399
-9.41,-0.47,3.57,1.62,0.05,-0.30,42.64,8.09,32.45,950.56,26134,26137,392
-9.22,0.04,0.75,0.88,0.05,-0.08,42.09,9.36,30.82,950.58,26176,26179,389
-9.57,0.20,0.51,0.18,-0.03,-0.01,42.09,9.36,30.82,950.56,26217,26220,388
-9.73,0.35,0.27,0.23,-0.04,0.01,42.09,10.09,30.31,950.58,26259,26262,385
-9.77,0.08,-0.55,0.54,0.10,-0.06,41.82,9.91,29.69,950.52,26299,26303,381
-10.00,0.39,-0.04,0.56,-0.02,0.02,41.82,9.91,29.69,950.58,26341,26345,374
-9.77,0.20,-0.90,1.00,0.06,-0.03,42.18,10.73,28.57,950.62,26382,26385,367
-9.96,0.24,-0.16,0.88,-0.04,0.00,42.18,10.73,28.57,950.57,26424,26427,361
-9.89,0.16,-0.35,1.03,0.04,-0.03,42.27,11.73,26.94,950.66,26466,26469,354
-9.73,0.00,-0.47,0.71,0.13,-0.01,42.09,11.91,25.00,950.64,26507,26510,349
-8.39,-0.47,-2.47,1.13,-0.19,0.06,42.09,11.91,25.00,950.68,26549,26552,345
-10.16,0.20,-1.10,0.71,-0.04,-0.00,42.36,12.27,23.78,950.68,26590,26593,343
-10.12,0.24,-0.78,0.20,-0.14,0.07,42.27,12.18,22.65,950.60,26632,26635,340
-9.89,0.31,0.31,0.47,-0.01,0.02,42.27,12.18,22.65,950.63,26674,26677,335
-9.89,0.04,-0.27,0.73,-0.02,-0.01,42.45,12.36,21.84,950.58,26715,26718,330
-9.89,1.02,-0.82,0.81,-0.09,0.00,42.45,12.36,21.84,950.68,26757,26760,326
-9.89,0.04,0.00,0.78,0.00,-0.05,42.73,12.27,19.90,950.64,26798,26801,320
-9.77,0.47,0.04,0.88,0.03,-0.10,42.55,12.45,18.37,950.62,26840,26843,315
-9.92,0.35,-0.04,0.86,0.16,-0.12,42.55,12.45,18.37,950.65,26881,26884,307
-9.92,0.00,-0.20,1.31,0.19,-0.15,42.27,12.64,17.04,950.56,26923,26926,298
-9.81,0.08,-0.12,1.14,0.10,-0.09,42.45,12.73,15.31,950.62,26964,26968,289
-9.92,-0.43,-0.82,1.34,0.04,-0.07,42.45,12.73,15.31,950.63,27006,27009,284
-10.20,0.08,-0.31,0.74,0.04,-0.04,42.09,12.73,13.16,950.57,27048,27051,276
-9.61,-0.08,-0.35,1.00,0.06,-0.04,42.09,12.73,13.16,950.63,27089,27092,271
-8.90,-0.67,-0.12,0.83,0.11,-0.09,42.09,12.27,11.63,950.68,27131,27134,266
-10.00,-0.12,-0.63,0.48,0.05,-0.03,42.09,11.82,10.31,950.66,27172,27175,263
-9.73,-0.08,-0.20,0.55,0.07,-0.02,42.09,11.82,10.31,950.61,27214,27217,258
-9.85,-0.39,-0.47,0.59,0.02,-0.04,42.27,11.82,9.29,950.64,27256,27259,255
-9.89,-0.20,-0.04,0.39,-0.03,0.07,0.00,0.00,0.00,950.57,27296,27299,249
-9.81,-0.75,-0.27,1.22,0.12,-0.05,42.27,11.45,8.27,950.61,27337,27340,241
-9.69,-0.04,-0.55,0.85,0.11,-0.15,42.36,10.82,6.94,950.56,27379,27382,238
-9.96,0.08,0.04,0.36,0.03,0.02,42.36,10.82,6.94,950.57,27420,27423,229
-10.20,-0.59,-0.51,1.39,0.13,-0.16,42.09,10.36,6.02,950.66,27462,27465,221
-9.69,-0.47,0.24,1.13,0.12,-0.06,42.27,9.64,4.18,950.55,27503,27506,214
-10.24,-0.90,-0.39,1.00,-0.07,-0.06,42.27,9.64,4.18,950.56,27545,27548,207
-9.61,1.06,1.10,1.21,0.06,-0.09,42.09,8.55,2.86,950.66,27586,27589,199
-9.73,-1.22,1.29,1.53,0.07,-0.10,42.09,8.55,2.86,950.58,27628,27631,190
-9.57,0.59,-0.78,1.47,-0.08,0.06,42.09,7.09,0.41,950.56,27669,27672,183
-9.92,-0.51,-0.04,1.02,0.04,0.03,42.27,5.55,-1.22,950.54,27711,27714,174
-9.92,-0.63,-0.12,1.52,0.08,-0.02,42.27,5.55,-1.22,950.63,27752,27755,162
-9.53,-0.86,-0.20,1.65,0.03,0.07,42.27,3.55,-2.86,950.61,27793,27797,152
-9.85,-0.39,0.12,1.52,0.09,0.06,42.36,0.91,-4.80,950.56,27834,27838,142
-9.77,-0.24,-0.35,1.28,0.03,0.06,42.36,0.91,-4.80,950.75,27876,27880,133
-9.61,-0.86,0.24,1.43,0.03,-0.05,42.27,-1.27,-5.82,950.60,27917,27920,121
-10.08,-0.59,0.04,1.66,-0.01,0.01,42.27,-1.27,-5.82,950.66,27959,27962,108
-9.73,-0.43,-0.04,1.54,0.01,0.02,42.36,-3.91,-7.35,950.74,28000,28003,97
-9.96,-0.55,-0.12,1.66,0.02,0.08,42.18,-6.91,-7.96,950.60,28042,28045,87
-9.77,-0.43,0.16,1.45,0.10,-0.01,42.18,-6.91,-7.96,950.65,28083,28086,72
-9.89,-0.47,0.35,2.03,0.00,0.11,42.73,-9.82,-8.57,950.57,28125,28128,61
-10.12,-0.47,-0.04,1.38,-0.09,0.11,42.73,-9.82,-8.57,950.60,28166,28169,50
-9.77,-0.04,1.14,1.46,-0.04,0.12,42.55,-12.91,-8.88,950.55,28208,28211,32
-9.81,0.00,0.51,2.63,-0.07,0.10,42.18,-16.18,-8.98,950.59,28249,28252,16
-9.96,-0.39,0.24,2.00,-0.01,-0.02,42.18,-16.18,-8.98,950.49,28291,28294,5
-10.16,0.12,0.39,1.04,0.02,-0.02,42.27,-20.27,-8.16,950.64,28332,28335,0
-10.04,0.04,0.39,0.97,0.03,-0.03,41.91,-21.82,-7.96,950.62,28373,28377,0
-9.89,-0.16,0.27,1.17,0.00,-0.07,41.91,-21.82,-7.96,950.58,28415,28418,0
-9.85,-0.31,0.27,1.45,0.06,-0.07,42.00,-23.73,-7.04,950.58,28456,28459,44
-10.00,-0.12,0.35,1.52,-0.02,0.01,42.00,-23.73,-7.04,950.57,28498,28501,1023
-9.61,0.00,0.47,2.01,0.04,-0.06,42.18,-26.27,-5.92,950.59,28539,28542,1023
-9.96,-0.20,0.08,2.20,-0.09,-0.01,42.00,-29.27,-3.78,950.59,28581,28584,1017
-9.85,-0.12,-0.16,0.98,0.10,-0.08,42.00,-29.27,-3.78,950.60,28623,28626,1013
-9.65,-0.08,0.31,0.31,0.07,-0.04,41.82,-30.64,-2.45,950.70,28664,28667,1010
-9.38,0.12,1.33,0.44,-0.10,0.08,42.27,-31.18,-2.45,950.57,28706,28709,1000
-9.77,0.16,0.55,1.56,0.02,0.01,42.27,-31.18,-2.45,950.57,28747,28750,987
-10.28,0.27,-0.47,1.70,-0.04,0.04,42.00,-33.09,-0.61,950.58,28789,28792,981
-9.45,-0.20,2.55,0.34,0.02,0.10,42.00,-33.09,-0.61,950.56,28830,28833,978
-9.18,0.08,1.18,0.52,0.07,0.06,41.64,-34.36,0.71,950.64,28872,28875,971
-10.16,-0.31,0.47,0.91,0.02,0.02,41.55,-35.00,1.84,950.59,28913,28916,964
-10.87,1.29,-0.78,0.88,0.07,-0.05,41.55,-35.00,1.84,950.61,28955,28958,956
-9.53,0.00,0.12,0.94,0.05,-0.04,41.36,-35.91,3.06,950.58,28997,29000,949
-9.81,0.12,0.63,0.96,0.02,-0.07,41.36,-35.91,3.06,950.59,29038,29041,942
-9.81,0.35,0.86,0.89,-0.00,0.05,41.55,-36.55,4.69,950.65,29080,29083,934
-9.92,0.27,0.51,1.10,-0.04,-0.03,41.36,-37.45,6.22,950.61,29121,29124,926
-9.92,0.24,0.43,1.19,0.07,-0.04,41.36,-37.45,6.22,950.58,29163,29166,919
-9.96,0.20,0.31,0.86,0.01,-0.05,41.73,-37.91,8.37,950.65,29204,29207,916
-9.96,0.24,0.94,0.56,0.10,0.00,41.73,-38.27,9.80,950.56,29246,29249,908
-10.04,0.04,0.08,1.07,0.13,-0.16,41.73,-38.27,9.80,950.50,29286,29290,902
-11.34,-2.71,2.08,0.42,0.09,-0.18,41.73,-38.73,11.43,950.48,29328,29332,897
-10.20,-0.04,0.08,0.49,0.18,-0.20,41.73,-38.73,11.43,950.61,29369,29372,891
-11.69,1.18,-0.24,0.63,-0.24,-0.03,42.00,-38.09,12.86,950.61,29411,29414,888
-9.81,0.04,0.51,0.43,-0.09,0.12,42.00,-38.64,13.98,950.52,29453,29456,885
-9.85,0.16,0.59,0.30,0.02,0.12,42.00,-38.64,13.98,950.48,29494,29497,881
-9.89,0.20,0.94,0.58,-0.18,0.12,41.45,-38.91,14.29,950.57,29536,29539,877
-10.04,0.27,0.27,0.35,0.06,-0.06,41.45,-39.45,14.90,950.59,29577,29580,877
-9.92,0.35,0.27,0.08,0.09,-0.18,41.45,-39.45,14.90,950.61,29619,29622,875
-9.85,0.24,0.59,0.19,0.12,-0.11,41.45,-38.91,15.31,950.62,29661,29664,872
-9.89,0.27,0.35,0.41,0.08,-0.15,41.45,-38.91,15.31,950.60,29702,29705,869
-9.65,-0.12,-0.63,0.37,0.07,-0.01,42.00,-38.73,16.33,950.56,29744,29747,865
-10.00,0.78,0.98,0.66,-0.21,-0.05,41.91,-38.45,16.63,950.60,29785,29788,857
-9.92,0.16,0.82,1.09,-0.10,-0.07,41.91,-38.45,16.63,950.54,29827,29830,848
-9.81,0.08,0.27,1.20,0.15,0.06,41.91,-38.55,18.78,950.55,29869,29872,841
-9.85,0.43,0.27,0.80,-0.04,0.17,41.91,-38.55,18.78,950.56,29910,29913,836
-9.85,0.63,0.71,0.67,-0.07,0.10,41.91,-38.55,18.78,950.62,29952,29955,827
-9.81,0.55,0.82,1.16,-0.10,0.04,41.36,-38.64,22.04,950.58,29993,29996,818
-9.96,0.63,0.63,0.90,-0.03,0.02,41.36,-38.64,22.04,950.52,30035,30038,810
-10.04,0.59,1.26,1.30,-0.02,-0.11,41.27,-38.45,23.88,950.61,30076,30080,794
-10.04,0.71,0.55,2.59,-0.13,0.05,41.27,-37.64,26.73,950.65,30118,30121,779
-9.53,1.29,0.55,2.04,-0.03,-0.13,41.27,-37.64,26.73,950.52,30160,30163,766
-9.65,0.35,1.84,1.59,-0.19,0.17,41.09,-36.18,29.80,950.58,30201,30204,753
-9.65,0.82,1.33,1.72,-0.12,0.20,41.09,-36.18,29.80,950.42,30243,30246,738
-9.77,1.02,0.39,2.16,-0.05,-0.00,40.91,-35.00,32.14,950.48,30284,30288,719
-9.77,1.02,0.82,2.53,-0.16,-0.17,41.00,-32.64,35.31,950.41,30326,30329,694
-10.04,0.59,0.39,3.27,-0.13,-0.17,41.00,-32.64,35.31,950.37,30368,30371,674
-9.77,0.86,0.12,2.68,0.06,-0.27,41.55,-27.73,38.67,950.29,30409,30412,652
-9.92,0.59,0.35,3.03,-0.11,-0.22,41.45,-22.82,41.12,950.32,30451,30454,628
-9.81,0.59,0.55,3.13,-0.01,-0.31,41.45,-22.82,41.12,950.29,30492,30496,606
-9.77,0.59,0.08,2.68,0.05,-0.12,41.55,-16.55,43.16,950.38,30534,30537,590
-9.89,0.59,0.08,1.94,-0.18,0.08,41.55,-16.55,43.16,950.28,30576,30579,574
-9.92,0.82,0.00,2.04,0.02,-0.03,42.00,-13.09,43.27,950.29,30617,30620,557
-9.85,0.47,0.08,2.38,-0.06,-0.09,41.82,-9.00,42.65,950.29,30659,30662,541
-9.85,0.51,-0.12,1.97,0.02,-0.02,41.82,-9.00,42.65,950.38,30700,30703,527
-9.65,0.78,-0.16,1.75,-0.02,0.03,41.91,-6.00,42.14,950.29,30742,30745,512
-9.92,0.67,0.39,1.94,-0.32,0.13,42.36,-3.09,40.71,950.42,30783,30786,494
-9.85,0.71,0.20,2.21,-0.07,-0.07,42.36,-3.09,40.71,950.36,30825,30828,476
-9.85,0.63,0.16,2.56,-0.06,-0.10,42.55,0.18,38.37,950.44,30865,30869,457
-9.89,0.43,-0.16,2.39,0.03,-0.16,42.55,0.18,38.37,950.45,30907,30911,442
-9.85,0.51,-0.12,1.91,0.00,-0.07,42.36,3.82,35.82,950.44,30948,30952,428
-9.96,0.47,-0.24,1.86,0.15,-0.18,42.18,6.18,33.67,950.51,30990,30993,414
-9.77,0.35,-0.31,1.88,0.03,-0.12,42.18,6.18,33.67,950.59,31032,31035,400
-9.89,0.47,0.00,2.07,-0.05,-0.08,42.36,8.36,31.12,950.55,31073,31076,386
-9.65,0.20,-0.35,1.85,0.04,-0.12,42.36,8.36,31.12,950.56,31115,31118,372
-9.85,0.39,0.16,1.89,-0.11,0.00,42.09,10.36,28.06,950.52,31156,31159,360
-9.89,0.24,-0.43,1.69,0.12,-0.13,42.45,11.09,25.00,950.56,31198,31201,350
-9.89,0.20,-0.27,1.29,-0.01,-0.00,42.45,11.09,25.00,950.59,31239,31242,340
-9.89,0.16,-0.24,1.27,0.04,-0.04,42.27,12.00,22.65,950.58,31281,31284,331
-9.96,0.20,-0.35,1.46,-0.06,0.02,42.09,12.18,20.10,950.52,31322,31325,321
-10.00,0.16,0.00,1.48,-0.05,-0.00,42.09,12.18,20.10,950.56,31364,31367,311
-9.92,0.35,-0.47,1.36,-0.06,0.03,42.36,12.18,17.65,950.59,31405,31409,305
-9.89,0.20,-0.24,0.87,-0.04,0.04,42.36,12.18,17.65,950.60,31447,31450,298
-9.77,0.24,-0.16,0.91,-0.04,0.02,42.18,12.09,15.51,950.62,31489,31492,291
-9.89,0.04,-0.24,1.00,-0.00,-0.05,42.36,11.64,13.47,950.62,31530,31533,287
-10.08,0.16,-0.47,0.59,0.05,-0.04,42.36,11.64,13.47,950.67,31572,31575,286
-9.81,0.27,-0.16,0.08,0.12,-0.04,42.36,11.73,12.45,950.56,31613,31616,287
-9.06,3.18,2.12,-0.25,0.17,-0.11,42.18,11.73,12.86,950.52,31655,31658,294
-11.38,0.00,0.90,-1.14,0.22,-0.09,42.18,11.73,12.86,950.56,31697,31700,300
-9.77,0.24,-0.43,-0.87,0.20,-0.13,42.00,12.27,14.69,950.53,31738,31741,306
-9.81,-0.08,-0.39,-0.76,0.09,-0.06,42.00,12.27,14.69,950.55,31780,31783,313
-9.89,0.08,-0.63,-1.28,0.13,-0.05,42.00,12.36,16.22,950.60,31821,31824,321
-9.92,0.00,-0.55,-1.19,0.10,-0.04,41.91,12.64,19.18,950.49,31863,31866,330
-9.89,0.16,-0.35,-1.54,0.09,-0.01,41.91,12.64,19.18,950.56,31905,31908,343
-9.85,-0.16,-0.39,-1.78,0.26,-0.14,42.00,12.45,21.43,950.59,31946,31949,356
-9.65,0.04,-1.10,-2.04,0.07,0.05,42.00,12.45,21.43,950.62,31988,31991,371
-10.04,0.04,-0.39,-2.04,0.15,-0.00,41.82,12.00,24.90,950.62,32029,32032,386
-9.57,-0.27,-0.71,-2.24,0.21,-0.04,41.45,10.91,28.88,950.53,32071,32074,405
-10.20,0.08,-0.04,-2.62,-0.04,0.11,41.45,10.91,28.88,950.51,32112,32116,419
-9.69,0.59,-0.55,-1.63,0.20,-0.13,42.00,8.55,32.45,950.55,32154,32157,432
-9.92,0.04,-0.90,-1.79,-0.06,0.01,41.82,6.82,34.59,950.42,32196,32199,451
-9.77,0.59,-0.12,-2.81,0.17,0.04,41.82,6.82,34.59,950.35,32237,32240,468
-9.81,0.47,-0.24,-1.95,-0.01,0.06,41.73,3.36,37.86,950.45,32279,32282,484
-9.85,0.59,-0.16,-2.27,0.02,0.09,41.73,3.36,37.86,950.35,32320,32323,503
-9.77,0.43,-0.27,-2.58,0.15,0.04,41.91,0.27,39.59,950.35,32362,32365,525
-9.81,0.75,-0.12,-2.88,0.14,0.08,41.45,-3.91,42.14,950.35,32403,32406,545
-9.89,0.39,-0.08,-2.41,0.04,0.11,41.45,-3.91,42.14,950.33,32444,32448,572
-10.00,0.35,-0.20,-4.11,0.12,0.23,41.91,-8.91,42.86,950.28,32485,32489,608
-12.04,1.06,5.22,-4.29,0.13,0.36,41.82,-17.18,42.65,950.31,32527,32531,639
-10.51,1.61,-1.33,-3.84,0.16,0.04,41.82,-17.18,42.65,950.26,32569,32572,666
-9.41,0.90,0.94,-3.70,0.23,0.03,41.91,-23.73,40.82,950.29,32610,32613,691
-9.69,1.06,1.02,-3.30,0.14,0.19,41.91,-23.73,40.82,950.37,32652,32655,703
-9.89,1.14,0.82,-1.23,0.15,0.04,41.45,-29.00,37.65,950.30,32693,32696,718
-9.92,0.63,0.08,-1.89,0.36,-0.05,41.45,-30.91,36.33,950.42,32735,32738,738
-9.96,0.71,0.16,-2.88,0.20,0.08,41.45,-30.91,36.33,950.36,32777,32780,756
-10.04,0.67,0.78,-2.66,0.16,-0.03,41.18,-34.36,33.16,950.41,32818,32821,768
-9.85,0.86,0.94,-1.30,0.02,0.09,40.91,-36.18,29.80,950.38,32860,32863,778
-10.08,1.14,0.86,-1.41,0.06,0.16,40.91,-36.18,29.80,950.43,32901,32904,788
-9.89,0.75,0.63,-1.42,0.18,0.01,41.36,-37.73,27.55,950.36,32943,32946,796
-9.89,0.71,0.59,-1.07,0.10,0.03,41.36,-37.73,27.55,950.43,32985,32988,806
-9.65,0.78,0.67,-1.38,0.13,0.05,40.91,-38.27,25.71,950.36,33026,33029,818
-9.85,0.82,0.75,-1.71,0.19,0.06,40.91,-39.55,22.96,950.41,33068,33071,830
-9.89,0.82,0.75,-1.65,0.20,0.02,40.91,-39.55,22.96,950.38,33109,33112,839
-9.96,0.67,0.94,-1.21,0.14,-0.02,40.82,-39.91,20.51,950.42,33151,33154,844
-9.89,0.67,1.10,-0.51,0.29,-0.15,40.82,-39.91,20.51,950.46,33193,33196,852
-10.32,0.51,0.55,-1.09,0.26,-0.12,40.91,-40.00,19.39,950.53,33234,33237,862
-10.04,0.31,0.71,-1.29,0.14,-0.06,41.09,-39.91,17.65,950.48,33276,33279,872
-9.85,0.55,0.75,-1.56,-0.02,0.18,41.09,-39.91,17.65,950.55,33317,33320,880
-9.69,0.51,0.90,-0.93,0.03,0.13,40.82,-40.09,14.59,950.58,33359,33362,882
-10.12,1.37,0.55,-0.39,-0.02,0.07,40.64,-40.27,13.27,950.58,33401,33404,882
-10.47,0.82,0.24,-0.03,0.16,-0.08,40.64,-40.27,13.27,950.57,33442,33445,883
-9.81,0.71,-0.39,0.05,0.19,-0.17,41.00,-40.09,13.27,950.57,33484,33487,888
-9.89,0.90,0.59,-0.61,0.12,-0.04,41.00,-40.09,13.27,950.44,33525,33528,891
-9.96,0.67,0.78,-0.50,0.05,0.02,41.00,-40.00,12.55,950.61,33567,33570,894
-10.55,0.16,0.04,-0.43,0.13,0.01,40.73,-39.73,11.73,950.56,33609,33612,897
-9.96,0.00,0.59,-0.55,0.12,-0.01,40.73,-39.73,11.73,950.62,33650,33653,901
-9.57,1.45,1.18,-0.90,0.13,0.02,40.91,-39.64,10.82,950.56,33692,33695,904
-10.20,0.39,0.43,-0.51,-0.01,0.06,41.18,-39.55,9.90,950.63,33733,33736,910
-9.92,0.67,0.67,-0.65,0.08,-0.04,41.18,-39.55,9.90,950.63,33775,33778,911
-9.81,0.59,0.71,-0.11,0.08,-0.02,40.73,-39.09,8.78,950.52,33816,33819,913
-9.92,0.63,0.27,-0.20,0.09,0.00,40.73,-39.09,8.78,950.53,33858,33861,917
-9.73,0.35,0.86,-0.63,0.06,-0.03,41.00,-39.18,8.47,950.60,33899,33902,921
-10.04,0.39,0.51,-0.57,-0.00,0.07,40.91,-38.91,7.35,950.58,33941,33944,925
-9.81,0.63,0.86,-0.53,0.01,0.04,40.91,-38.91,7.35,950.58,33983,33985,927
-9.89,0.51,0.90,-0.20,0.07,-0.02,40.73,-38.64,6.53,950.60,34024,34027,928
-9.89,0.51,0.71,-0.10,0.05,-0.00,40.73,-38.64,6.53,950.51,34065,34069,929
-9.85,0.51,0.51,-0.35,0.07,0.01,40.82,-38.45,6.12,950.58,34106,34110,933
-9.89,0.43,0.59,-0.63,0.06,0.02,40.55,-38.36,5.92,950.59,34148,34152,938
-10.55,0.43,0.82,-0.61,0.02,-0.14,40.55,-38.36,5.92,950.55,34189,34192,946
-9.73,0.63,0.31,-0.98,0.43,-0.26,40.82,-37.64,4.49,950.63,34231,34234,956
-8.83,0.04,1.29,-1.39,0.23,0.06,41.18,-36.55,3.16,950.54,34272,34275,964
-9.89,0.51,0.47,-0.96,-0.07,0.12,41.18,-36.55,3.16,950.59,34314,34317,969
-9.85,0.47,0.82,-0.67,-0.12,0.10,41.00,-35.91,1.43,950.59,34355,34358,977
-1.80,2.12,2.20,-2.55,0.56,-0.16,41.00,-35.91,1.43,950.55,34397,34400,990
-9.92,0.16,0.59,-1.74,0.20,-0.22,41.36,-34.18,0.00,950.58,34438,34441,996
-9.89,0.04,0.71,-0.50,0.12,0.08,41.64,-32.55,-1.43,950.61,34480,34483,999
-9.81,0.55,0.47,-0.33,-0.03,0.09,41.64,-32.55,-1.43,950.56,34521,34524,1000
-9.77,0.16,0.67,-0.11,-0.17,0.08,41.36,-32.73,-1.84,950.59,34563,34566,1006
-12.59,2.51,6.43,-1.22,-0.12,0.10,40.73,-32.18,-3.47,950.63,34605,34608,1019
-9.96,0.16,1.18,-1.77,0.02,0.10,40.73,-32.18,-3.47,950.56,34646,34649,1023
-9.85,0.39,1.06,-1.27,0.21,0.01,41.00,-29.91,-5.31,950.65,34688,34691,1023
-9.73,0.08,0.24,-0.40,0.15,-0.01,41.00,-29.91,-5.31,950.61,34729,34732,1023
-9.73,0.16,0.75,-0.31,0.06,0.01,41.18,-29.00,-5.82,950.60,34771,34774,1023
-9.89,0.24,0.71,-0.75,0.08,-0.00,41.00,-28.73,-6.02,950.61,34813,34816,1023
-10.00,0.43,1.45,-1.32,0.13,-0.06,41.00,-28.73,-6.02,950.63,34854,34857,1023
-9.81,0.12,0.67,-1.34,0.25,-0.15,41.36,-26.27,-7.14,950.59,34896,34899,0
-9.85,-0.43,0.39,-1.27,0.23,-0.18,41.36,-26.27,-7.14,950.57,34937,34940,0
-9.69,0.08,0.43,-2.04,0.30,-0.13,41.36,-26.27,-7.14,950.58,34979,34982,4
-10.47,0.35,-0.31,-1.55,0.13,-0.02,42.18,-21.00,-8.27,950.57,35020,35023,20
-9.45,-0.47,0.20,-1.84,0.08,0.00,42.18,-21.00,-8.27,950.57,35062,35065,40
-10.08,-0.27,0.16,-2.71,0.14,-0.04,42.00,-17.55,-8.88,950.51,35103,35106,57
-9.41,2.51,-2.51,-2.04,0.25,-0.08,42.18,-13.18,-9.08,950.48,35145,35148,68
-8.67,0.78,-1.92,-1.49,0.16,-0.10,42.18,-13.18,-9.08,950.44,35186,35189,84
-8.90,2.82,-1.88,-2.58,0.21,-0.08,42.45,-10.00,-8.47,950.56,35228,35231,104
-9.41,-0.71,1.29,-2.92,-0.04,-0.11,42.45,-10.00,-8.47,950.61,35269,35272,124
-9.92,-0.43,0.27,-3.00,0.08,-0.18,42.45,-5.09,-7.45,950.53,35311,35314,146
-9.77,-0.94,0.86,-3.28,0.20,-0.21,42.36,0.18,-5.31,950.62,35352,35355,170
-9.92,-0.63,-0.12,-3.29,0.11,-0.02,42.36,0.18,-5.31,950.57,35394,35397,191
-10.08,-0.31,0.35,-3.23,0.13,-0.05,42.27,5.00,-1.33,950.56,35436,35438,208
-9.89,1.49,0.39,-2.63,0.16,0.00,42.27,8.36,2.65,950.56,35477,35480,223
-9.92,-0.27,-0.27,-2.44,0.09,-0.11,42.27,8.36,2.65,950.56,35519,35521,243
-9.89,-0.47,-0.51,-3.19,0.17,-0.19,42.00,10.82,6.94,950.57,35560,35563,266
-7.41,-1.69,-0.04,-3.66,0.17,-0.06,42.00,10.82,6.94,950.60,35601,35605,286
-8.79,-1.22,-0.35,-2.92,0.15,-0.20,41.91,13.55,13.78,950.55,35642,35646,304
-8.79,-0.20,-1.41,-2.44,0.20,-0.20,41.45,14.45,18.78,950.52,35684,35688,318
-9.96,-0.67,-0.59,-2.03,-0.08,0.11,41.45,14.45,18.78,950.53,35725,35728,332
-9.81,-0.04,-0.47,-1.84,-0.23,0.30,41.36,13.73,22.35,950.54,35767,35770,346
-9.73,-0.20,-0.47,-2.08,-0.08,0.13,41.36,12.55,22.35,950.59,35809,35812,361
-10.20,0.16,-0.12,-1.99,0.03,0.05,41.91,12.55,25.20,950.49,35850,35853,372
-9.96,0.39,-0.71,-1.53,0.30,-0.16,41.64,11.55,28.47,950.49,35892,35895,377
-11.38,-1.84,-6.75,-1.70,0.26,-0.47,41.64,11.55,28.47,950.51,35933,35936,385
-9.89,-0.39,-1.37,-1.29,0.13,0.00,40.91,11.27,31.12,950.52,35975,35978,393
-9.89,0.90,-0.20,-1.14,-0.09,0.10,41.18,10.00,32.76,950.52,36017,36020,400
-10.16,0.51,-0.75,-0.83,-0.09,0.10,41.18,10.00,32.76,950.56,36058,36061,406
-9.85,0.08,-0.51,-0.83,-0.10,0.05,41.27,8.82,33.67,950.47,36100,36103,414
-10.00,0.27,-0.47,-1.37,0.03,-0.01,41.27,8.82,33.67,950.43,36141,36144,422
-9.89,0.39,-0.24,-1.05,0.18,-0.08,41.73,7.64,35.00,950.47,36183,36186,424
-9.69,0.16,-0.51,0.00,0.24,-0.16,41.36,7.09,36.43,950.41,36224,36227,424
-9.85,0.12,-1.06,0.01,0.19,-0.16,41.36,7.09,36.43,950.42,36266,36269,425
-9.85,0.20,-0.78,-0.14,-0.02,-0.00,41.09,7.27,36.53,950.36,36307,36310,425
-9.92,0.31,-0.47,-0.04,-0.03,0.04,41.00,7.00,36.53,950.44,36349,36352,425
-9.89,0.20,-0.47,0.07,0.03,0.04,41.00,7.00,36.53,950.43,36390,36393,425
-9.81,0.04,-0.82,-0.03,0.10,-0.01,41.27,6.82,36.63,950.40,36432,36435,425
-9.81,0.24,-0.59,-0.01,0.03,-0.03,41.27,6.82,36.63,950.52,36473,36476,425
-9.85,0.35,-0.59,-0.07,0.02,-0.08,41.09,7.09,36.53,950.47,36515,36518,428
-9.77,0.08,-0.67,-0.56,0.03,-0.05,41.00,7.00,36.73,950.42,36556,36559,433
-9.92,0.35,-0.71,-0.59,0.00,0.02,41.00,7.00,36.73,950.51,36598,36601,436
-9.89,0.24,-0.43,-0.41,0.06,-0.06,41.00,6.00,37.35,950.39,36639,36642,440
-10.00,0.39,-0.51,-0.54,0.11,-0.04,40.82,5.64,37.96,950.43,36681,36684,443
-9.81,0.16,-0.67,-0.46,0.09,-0.01,40.82,5.64,37.96,950.40,36723,36726,445
-10.08,0.16,-0.39,-0.24,-0.02,0.06,41.00,4.73,38.78,950.41,36764,36767,446
-9.92,0.31,-0.51,-0.03,-0.01,0.03,41.00,4.73,38.78,950.41,36806,36809,447
-9.85,0.35,-0.59,-0.12,0.01,0.09,41.27,4.82,38.47,950.46,36847,36850,450
-9.92,0.47,-0.31,-0.48,-0.01,0.14,41.27,4.18,38.67,950.40,36889,36892,454
-9.85,0.47,-0.39,-0.51,0.04,0.03,41.27,4.18,38.67,950.36,36930,36933,458
-9.89,0.43,-0.35,-0.69,0.06,-0.03,41.36,3.36,39.08,950.31,36972,36975,464
-9.89,0.43,-0.47,-0.91,0.09,-0.08,41.36,3.36,39.08,950.40,37013,37016,471
-9.85,0.35,-0.59,-0.95,0.04,-0.10,41.36,2.27,39.90,950.36,37055,37058,478
-9.92,0.51,-0.31,-1.12,-0.01,-0.04,41.45,1.18,40.92,950.32,37096,37099,484
-9.81,0.47,-0.24,-0.79,0.01,0.03,41.45,1.18,40.92,950.26,37137,37141,487
-9.89,0.47,-0.27,-0.34,0.06,0.02,41.27,-0.36,41.43,950.26,37178,37182,490
-9.85,0.47,-0.24,-0.30,0.09,0.01,41.27,-0.73,41.63,950.33,37220,37224,492
-9.85,0.59,-0.27,-0.20,0.04,0.03,41.27,-0.73,41.63,950.28,37261,37264,493
-9.89,0.47,-0.31,-0.16,0.02,-0.01,41.27,-1.00,41.63,950.28,37303,37306,497
-9.92,0.55,-0.20,-0.62,0.09,-0.02,41.27,-1.00,41.63,950.28,37344,37347,500
-9.92,0.51,-0.35,-0.33,0.08,-0.04,41.55,-2.09,42.04,950.23,37386,37389,502
-9.77,0.59,-0.31,-0.34,0.02,-0.02,41.45,-2.36,42.24,950.27,37427,37430,504
-9.92,0.47,-0.27,-0.36,-0.01,-0.00,41.45,-2.36,42.24,950.36,37469,37472,507
-9.89,0.43,-0.63,-0.36,0.05,-0.06,41.45,-3.00,42.96,950.32,37511,37513,511
-9.89,0.51,-0.20,-0.51,0.04,0.02,41.55,-3.64,42.55,950.29,37552,37555,514
-9.96,0.59,-0.24,-0.23,0.14,0.04,41.55,-3.64,42.55,950.32,37594,37597,514
-9.92,0.47,-0.39,-0.19,0.14,0.03,41.55,-4.36,42.96,950.25,37635,37638,517
-9.92,0.67,-0.39,-0.51,0.09,0.07,41.55,-4.36,42.96,950.36,37677,37680,524
-9.81,0.67,-0.39,-0.78,0.01,-0.02,41.55,-4.91,43.47,950.21,37718,37721,531
-9.92,0.59,-0.47,-1.10,-0.04,-0.06,41.27,-6.45,43.78,950.26,37760,37763,541
-10.04,0.78,-0.04,-1.28,-0.01,-0.12,41.27,-6.45,43.78,950.38,37801,37804,552
-9.85,0.39,0.00,-1.66,0.10,-0.12,41.55,-8.73,43.88,950.30,37843,37846,564
-9.96,0.55,-0.04,-1.60,0.09,-0.01,41.55,-8.73,43.88,950.32,37884,37887,573
-9.89,0.71,0.08,-1.16,0.02,0.09,41.18,-11.36,44.18,950.63,37926,37929,577
-9.81,0.63,-0.20,-0.41,0.04,-0.01,41.55,-13.09,44.39,950.65,37967,37970,579
-9.92,0.75,-0.16,-0.24,0.06,-0.08,41.55,-13.09,44.39,950.70,38009,38012,584
-9.92,0.55,-0.20,-0.70,0.10,-0.13,41.27,-13.55,44.29,950.55,38051,38054,591
-9.77,0.71,-0.27,-1.04,0.15,-0.14,41.09,-14.55,43.98,950.77,38092,38095,599
-9.77,0.59,0.12,-0.82,0.05,-0.01,41.09,-14.55,43.98,950.77,38134,38137,605
-9.92,0.71,0.24,-0.75,0.04,0.02,41.36,-16.27,44.08,950.69,38175,38178,611
-9.85,0.67,0.08,-0.88,0.07,-0.03,41.36,-16.27,44.08,950.72,38217,38220,616
-9.89,0.67,-0.08,-0.70,0.05,-0.02,41.18,-17.55,43.47,950.65,38259,38262,621
-9.85,0.63,0.04,-0.57,0.09,-0.04,41.27,-18.73,43.47,950.75,38300,38303,624
-9.77,0.55,-0.27,-0.41,0.10,-0.10,41.27,-18.73,43.47,950.79,38342,38345,630
-10.12,0.24,-0.08,-0.76,0.14,-0.14,41.36,-19.27,43.37,950.72,38383,38386,637
-10.08,0.55,-0.04,-0.94,0.10,-0.10,41.36,-20.36,43.06,950.76,38425,38428,640
-9.49,0.39,-1.92,-0.66,0.11,-0.17,41.36,-20.36,43.06,950.78,38467,38470,641
-10.00,0.43,0.16,-0.20,-0.03,-0.00,41.36,-21.09,42.76,950.74,38508,38511,642
-9.81,0.35,-0.24,-0.23,0.07,-0.03,41.36,-21.09,42.76,950.71,38550,38553,647
-9.49,0.12,0.47,-0.72,0.06,0.07,41.36,-21.55,42.86,950.70,38591,38594,650
-9.81,0.63,0.16,-0.40,0.06,0.15,41.45,-22.73,42.24,950.70,38633,38636,652
-9.81,0.55,0.24,-0.30,0.04,0.11,41.45,-22.73,42.24,950.71,38675,38678,657
-9.92,0.78,0.31,-0.61,0.14,-0.04,40.82,-23.45,42.14,950.73,38715,38719,663
-8.43,1.33,-2.75,-0.64,0.12,0.02,40.82,-23.45,42.14,950.74,38757,38761,668
-9.41,1.10,1.45,-0.80,0.06,-0.04,41.00,-24.27,41.73,950.68,38798,38801,674
-9.61,0.24,-1.33,-0.67,-0.07,0.04,40.82,-25.09,41.12,950.73,38840,38843,683
-9.57,2.28,0.16,-1.59,0.14,-0.02,40.82,-25.09,41.12,950.75,38882,38885,689
-9.89,0.43,0.39,-1.22,0.20,-0.03,41.18,-27.18,39.90,950.72,38923,38926,695
-8.90,-2.04,3.41,-1.32,0.32,0.12,40.64,-29.00,38.78,950.74,38965,38968,704
-9.38,0.90,-0.71,-1.67,0.45,0.08,40.64,-29.00,38.78,950.72,39006,39009,715
-8.67,-12.16,3.18,-1.95,0.08,0.09,40.18,-31.64,37.86,950.73,39048,39051,727
-10.40,3.33,-1.92,-1.59,0.18,-0.07,40.18,-31.64,37.86,950.71,39090,39093,738
-9.69,0.04,-0.04,-1.59,0.04,-0.16,40.18,-33.45,35.71,950.65,39131,39134,749
-9.53,0.78,-0.16,-1.47,-0.11,-0.06,40.36,-35.36,33.27,950.67,39173,39176,762
-9.73,1.06,0.59,-1.57,-0.26,-0.13,40.36,-35.36,33.27,950.71,39214,39218,779
-10.16,-0.31,1.22,-1.97,-0.08,0.01,40.55,-36.45,30.10,950.67,39256,39259,790
-10.00,1.14,0.27,-1.41,0.23,-0.18,40.64,-37.82,27.14,950.68,39298,39301,797
-9.49,-0.67,-0.12,-1.00,0.08,-0.27,40.64,-37.82,27.14,950.66,39339,39342,808
-10.16,-0.24,-0.27,-1.56,-0.03,-0.02,41.27,-37.64,24.90,950.65,39381,39384,826
-9.38,0.00,-0.12,-2.09,0.01,-0.04,41.27,-37.64,24.90,950.74,39423,39426,840
-9.57,0.43,1.06,-1.52,0.03,0.01,41.45,-38.45,21.33,950.63,39464,39467,849
-9.96,0.12,0.16,-1.17,0.05,-0.06,41.36,-38.64,18.16,950.65,39506,39509,859
-11.53,2.16,1.26,-1.78,0.05,0.06,41.36,-38.64,18.16,950.70,39547,39550,870
-9.81,1.02,0.43,-1.62,0.27,0.25,41.18,-39.00,15.92,950.72,39589,39592,878
-10.28,0.94,0.27,-1.06,-0.24,0.07,40.91,-38.82,13.37,950.69,39631,39634,888
-10.71,0.27,0.04,-1.43,-0.10,0.00,40.91,-38.82,13.37,950.67,39672,39675,901
-10.28,-0.31,1.37,-1.74,0.37,0.03,40.91,-38.64,10.31,950.71,39714,39717,908
-10.40,1.14,-0.43,-0.85,-0.19,-0.04,40.91,-38.64,10.31,950.69,39755,39759,916
-10.43,-1.02,0.86,-1.11,0.22,-0.23,40.82,-38.00,8.27,950.61,39797,39800,925
-9.30,-1.41,1.14,-1.58,0.46,-0.21,41.55,-36.45,6.84,950.72,39839,39842,937
-9.77,0.75,0.12,-1.52,0.33,-0.07,41.55,-36.45,6.84,950.68,39880,39883,944
-9.77,-0.78,0.12,-0.84,0.18,-0.01,41.82,-35.27,5.10,950.68,39922,39925,948
-9.89,0.59,0.12,-0.83,0.10,-0.05,41.82,-35.27,5.10,950.65,39963,39966,957
-10.04,0.27,0.39,-1.00,-0.09,0.28,41.73,-34.82,4.29,950.69,40005,40008,968
-9.65,0.16,0.24,-1.26,0.09,-0.01,41.91,-34.36,2.24,950.68,40046,40049,978
-9.89,0.16,0.47,-0.89,0.18,-0.05,41.91,-34.36,2.24,950.61,40088,40091,986
-9.89,0.55,1.06,-0.72,0.18,-0.06,42.00,-33.18,1.22,950.60,40130,40133,988
-9.73,0.20,-0.16,-0.17,0.15,-0.08,41.91,-32.27,0.61,950.67,40171,40174,991
-9.73,0.63,0.78,-0.56,0.09,-0.00,41.91,-32.27,0.61,950.58,40213,40216,993
-10.00,0.39,1.10,-0.27,0.12,-0.05,42.18,-32.09,0.82,950.56,40254,40257,993
-9.69,0.00,-0.47,0.02,-0.04,0.07,42.18,-32.09,0.82,950.57,40296,40299,993
-9.92,-0.04,0.43,0.33,-0.13,0.10,42.27,-31.91,0.51,950.65,40336,40340,993
-9.14,1.77,1.10,0.41,-0.22,0.07,41.91,-32.55,0.31,950.61,40378,40382,992
-10.83,0.59,0.75,0.40,-0.17,0.04,41.91,-32.55,0.31,950.59,40419,40422,987
-10.04,0.31,-0.20,0.73,-0.06,-0.10,41.45,-33.27,0.31,950.69,40461,40464,982
-10.28,0.12,0.35,0.64,-0.02,-0.09,41.55,-34.00,1.43,950.65,40502,40505,976
-10.08,0.27,0.43,0.72,0.00,-0.02,41.55,-34.00,1.43,950.69,40544,40547,972
-9.96,0.12,0.08,0.27,0.14,0.02,41.45,-34.45,2.14,950.54,40586,40589,972
-9.73,0.16,0.63,0.02,0.13,0.05,41.45,-34.45,2.14,950.65,40627,40630,971
-9.85,0.35,0.27,0.15,0.04,0.07,41.55,-35.00,2.45,950.65,40669,40672,970
-10.08,0.27,0.43,0.12,0.05,0.01,41.36,-35.09,2.96,950.63,40710,40713,967
-9.81,0.43,0.43,0.43,-0.03,0.10,41.36,-35.09,2.96,950.62,40752,40755,961
-10.20,0.55,-0.20,0.79,0.01,-0.04,40.91,-35.64,3.57,950.66,40793,40796,954
-9.92,0.31,0.47,0.95,0.05,-0.06,40.91,-35.64,3.57,950.59,40835,40838,942
-9.57,0.00,-0.20,1.61,0.07,-0.15,41.45,-36.55,5.31,950.62,40876,40879,936
-9.89,0.16,-0.08,0.43,-0.06,-0.01,41.27,-37.27,7.35,950.63,40918,40921,935
-9.89,0.39,1.06,0.39,-0.04,0.01,41.27,-37.27,7.35,950.64,40959,40962,927
-9.85,0.20,0.51,1.28,-0.09,-0.04,41.64,-37.45,7.76,950.63,41001,41004,918
-10.00,0.16,0.47,1.01,-0.04,-0.04,41.36,-38.18,9.39,950.63,41042,41045,909
-10.16,0.08,1.37,1.15,-0.02,0.02,41.36,-38.18,9.39,950.64,41084,41087,899
-9.77,0.71,0.59,1.66,-0.03,-0.02,41.09,-38.73,11.22,950.65,41125,41128,886
-9.85,0.43,0.71,1.78,-0.13,-0.03,41.09,-38.73,11.22,950.59,41167,41170,870
-9.92,0.55,1.06,2.12,-0.10,-0.08,41.18,-39.09,14.29,950.61,41209,41212,853
-10.28,0.04,0.55,2.29,0.04,-0.22,41.36,-39.18,18.27,950.67,41250,41253,834
-9.22,-0.12,1.22,2.74,0.14,-0.20,41.36,-39.18,18.27,950.65,41292,41295,811
-9.96,-0.12,0.08,3.12,0.03,-0.08,41.45,-37.91,23.47,950.68,41333,41336,793
-9.85,0.47,0.20,2.28,-0.01,0.13,41.36,-36.45,28.27,950.68,41375,41378,773
-9.96,0.00,-0.24,2.74,-0.07,-0.00,41.36,-36.45,28.27,950.75,41417,41420,757
-9.77,0.75,0.27,2.46,-0.24,0.09,41.27,-34.45,32.24,950.66,41458,41461,738
-10.71,1.18,-4.86,2.61,-0.23,0.17,41.27,-34.45,32.24,950.65,41500,41503,719
-9.77,0.12,0.20,2.31,-0.23,0.09,41.27,-31.55,35.41,950.64,41541,41544,707
-9.85,0.94,0.59,1.56,-0.11,0.07,41.55,-29.45,37.35,950.73,41583,41586,694
-9.92,0.43,1.06,1.56,-0.08,-0.09,41.55,-29.45,37.35,950.65,41625,41628,684
-10.00,0.67,-0.04,1.29,0.08,-0.13,41.73,-27.09,39.08,950.70,41666,41669,673
-10.90,0.51,0.82,1.40,0.12,-0.11,41.73,-27.09,39.08,950.72,41708,41711,662
-10.87,0.47,0.51,1.58,0.24,-0.21,41.64,-24.73,40.82,950.65,41749,41753,651
-9.77,0.12,0.35,1.48,-0.13,0.07,41.55,-22.36,42.24,950.65,41791,41794,639
-10.12,0.63,0.24,1.65,-0.06,0.01,41.55,-22.36,42.24,950.71,41833,41836,623
-9.81,0.63,0.08,2.30,-0.19,-0.02,41.73,-19.82,42.86,950.72,41873,41877,606
-11.41,1.06,-0.35,2.01,-0.12,0.01,42.09,-15.73,43.16,950.72,41915,41919,596
-9.89,0.55,-0.39,1.33,0.06,-0.06,42.09,-15.73,43.16,950.73,41956,41961,594
-10.00,0.31,0.04,0.09,0.09,-0.01,42.00,-14.09,43.37,950.75,41998,42001,592
-9.81,0.75,-0.51,0.15,0.10,0.09,42.00,-14.09,43.37,950.70,42040,42043,585
-9.73,0.82,0.12,0.80,0.26,-0.09,42.00,-13.91,43.67,950.74,42081,42084,575
-10.20,1.61,0.27,1.44,0.13,-0.13,41.64,-11.82,43.98,950.68,42123,42126,558
-9.73,0.51,-0.12,2.30,-0.11,-0.16,41.64,-11.82,43.98,950.66,42164,42168,540
-9.89,0.59,0.67,2.51,-0.18,-0.17,41.82,-7.82,43.47,950.74,42206,42209,522
-9.81,-0.04,0.90,2.45,0.24,-0.37,41.73,-2.91,42.24,950.64,42248,42251,503
-9.69,-0.24,-0.08,2.36,-0.16,0.08,41.73,-2.91,42.24,950.62,42289,42292,486
-9.73,0.16,-0.51,2.00,0.13,-0.08,42.00,0.64,40.82,950.52,42331,42334,475
-9.85,0.24,-0.20,1.56,-0.01,0.19,42.00,0.64,40.82,950.70,42372,42375,461
-9.73,0.31,-0.31,1.80,0.08,-0.02,42.00,3.00,39.18,950.56,42414,42417,446
-9.34,1.02,-0.04,2.01,-0.03,0.04,42.00,5.27,37.04,950.43,42455,42458,431
-9.65,0.31,-0.67,2.05,0.14,-0.23,42.00,5.27,37.04,950.37,42497,42500,420
-9.81,0.20,-0.35,1.34,0.01,0.18,41.82,7.91,34.29,950.47,42538,42541,404
-10.04,0.16,-0.75,2.45,-0.07,-0.13,0.00,0.00,0.00,950.54,42579,42582,389
-9.89,-0.04,-0.78,1.82,-0.02,-0.05,42.09,9.45,31.43,950.51,42620,42623,380
-10.08,0.51,-0.39,1.28,-0.01,0.03,42.27,10.91,28.57,950.54,42662,42665,370
-9.89,0.16,-0.27,1.36,-0.01,-0.03,42.27,10.91,28.57,950.48,42703,42706,362
-9.89,0.04,-0.47,1.11,-0.03,-0.01,42.18,11.73,26.33,950.55,42745,42748,355
-9.89,-0.31,0.04,1.00,-0.01,-0.07,42.45,12.18,24.18,950.63,42787,42790,349
-9.77,-0.20,-0.27,0.66,0.06,-0.01,42.45,12.18,24.18,950.61,42828,42831,346
-9.92,-0.04,-0.35,0.53,0.17,-0.11,42.27,12.27,23.37,950.53,42870,42873,343
-10.12,-0.51,-0.24,0.34,0.18,-0.04,42.27,12.27,23.37,950.61,42911,42914,337
-10.00,0.08,-0.20,1.09,-0.00,-0.10,42.09,12.73,22.65,950.50,42953,42956,328
-9.77,0.04,0.67,1.34,-0.03,0.07,42.09,12.91,20.82,950.54,42994,42997,320
-10.24,-0.16,-1.10,1.21,-0.02,-0.01,42.09,12.91,20.82,950.63,43036,43039,314
-9.73,-0.08,-1.29,0.60,0.04,-0.05,42.27,13.18,18.27,950.56,43078,43081,314
-9.96,0.20,-0.59,-0.20,0.12,-0.02,42.18,13.00,18.06,950.57,43119,43122,314
-10.08,1.41,-1.37,-0.03,0.12,-0.02,42.18,13.00,18.06,950.52,43161,43164,309
-9.92,0.20,0.63,0.68,-0.03,0.03,42.36,13.18,17.76,950.53,43202,43205,306
-10.00,-0.08,-0.51,0.39,-0.00,0.02,42.36,13.18,17.76,950.58,43244,43247,305
-10.00,-0.12,-0.55,0.17,0.03,-0.01,42.27,13.09,16.73,950.64,43286,43289,299
-9.85,0.16,-0.12,0.83,-0.01,0.04,42.18,12.91,15.82,950.57,43327,43330,292
-9.81,-0.08,-0.39,1.04,0.03,-0.02,42.18,12.91,15.82,950.57,43369,43372,284
-9.89,-0.04,-0.71,1.36,-0.01,0.00,42.45,12.64,13.78,950.52,43409,43413,276
-9.65,-0.04,-0.24,1.05,0.05,0.07,0.00,0.00,0.00,950.55,43450,43454,266
-9.89,0.24,-0.12,1.56,-0.05,-0.01,42.36,12.00,11.84,950.54,43491,43494,258
-9.85,0.47,-0.71,1.14,0.01,0.04,42.18,11.18,9.18,950.56,43533,43536,250
-9.85,-0.31,-0.43,1.23,0.04,-0.09,42.18,11.18,9.18,950.55,43574,43577,245
-9.92,-0.16,-0.20,0.73,0.04,-0.00,42.45,10.64,7.04,950.57,43616,43619,239
-9.77,0.08,-0.04,0.74,0.00,0.02,42.36,10.00,5.82,950.52,43657,43660,235
-9.77,-0.16,-0.24,0.63,0.02,0.02,42.36,10.00,5.82,950.60,43699,43702,231
-9.81,-0.51,-0.24,0.60,-0.02,-0.01,42.36,9.18,4.18,950.59,43740,43743,228
-9.81,-0.35,-0.04,0.41,0.01,-0.04,42.36,9.18,4.18,950.62,43782,43785,225
-9.85,-0.12,-0.39,0.39,0.08,-0.07,42.36,8.82,3.57,950.60,43823,43826,224
-9.57,0.47,0.27,0.01,0.10,-0.10,42.36,8.64,3.47,950.55,43865,43868,223
-9.85,0.00,0.04,0.08,0.01,0.01,42.36,8.64,3.47,950.46,43906,43909,220
-9.89,-0.47,-0.75,0.69,0.01,-0.00,42.36,8.45,3.06,950.61,43948,43951,218
-9.69,-0.39,-0.08,0.22,0.05,-0.02,42.36,8.00,2.24,950.53,43989,43992,216
-9.89,-0.12,-0.43,0.10,0.07,-0.04,42.36,8.00,2.24,950.58,44031,44034,214
-9.96,-0.24,-0.24,0.53,0.06,-0.06,42.36,7.73,2.14,950.62,44072,44075,212
-10.00,-0.20,-0.16,-0.13,0.11,-0.17,42.36,7.73,2.14,950.61,44114,44117,212
-10.47,-1.84,-0.75,-0.13,0.03,-0.08,42.36,8.00,2.14,950.61,44155,44158,208
-9.65,-0.39,-0.20,0.94,-0.10,0.11,42.36,7.45,1.02,950.65,44197,44200,205
-9.73,0.35,-0.35,0.46,-0.21,0.09,42.36,7.45,1.02,950.61,44238,44241,199
-10.04,-0.16,0.12,0.89,-0.02,0.07,42.18,6.09,-0.31,950.61,44280,44283,193
-9.49,-0.24,0.16,0.97,0.08,-0.06,42.18,6.09,-0.31,950.59,44321,44324,185
-9.89,-0.43,-0.16,1.25,0.11,-0.12,42.36,4.91,-1.43,950.61,44363,44366,179
-9.89,-0.20,-0.20,0.96,-0.01,0.12,42.27,3.36,-2.76,950.58,44404,44407,174
-9.77,-0.20,0.08,0.68,0.06,-0.04,42.27,3.36,-2.76,950.61,44446,44449,166
-9.77,0.12,0.35,1.08,0.07,-0.04,42.36,1.82,-3.57,950.58,44487,44490,157
-10.55,-6.24,3.80,1.22,0.02,-0.04,42.64,0.55,-4.90,950.60,44529,44532,148
-10.20,0.08,-0.12,0.89,-0.00,-0.00,42.64,0.55,-4.90,950.62,44570,44573,137
-9.89,-0.47,0.00,1.65,0.03,0.01,42.36,-1.55,-6.12,950.70,44612,44615,127
-9.85,0.04,0.16,1.36,-0.04,0.03,42.36,-1.55,-6.12,950.63,44653,44656,116
-9.92,-0.43,0.12,1.67,-0.06,-0.09,42.09,-3.82,-7.14,950.57,44695,44698,104
-9.77,-0.24,0.12,1.47,0.00,0.03,42.18,-6.55,-8.27,950.61,44736,44739,92
-9.81,-0.04,0.51,1.50,-0.01,-0.03,42.18,-6.55,-8.27,950.58,44778,44781,80
-9.77,-0.39,-0.20,1.66,0.00,-0.05,42.18,-9.55,-8.98,950.58,44819,44822,71
-9.65,0.16,0.47,1.20,-0.01,-0.02,42.09,-11.82,-9.08,950.68,44860,44864,58
-11.06,-0.08,0.71,1.74,-0.04,-0.08,42.09,-11.82,-9.08,950.50,44901,44905,46
-10.08,-0.24,0.31,1.70,-0.02,-0.03,42.09,-14.73,-9.29,950.63,44943,44947,34
-9.81,-0.12,0.39,1.42,-0.00,-0.05,42.09,-14.73,-9.29,950.57,44984,44987,21
-9.85,-0.04,0.43,1.66,0.00,-0.02,41.64,-17.82,-9.29,950.62,45026,45029,9
-9.85,0.12,0.24,1.65,0.01,-0.08,42.00,-20.27,-8.57,950.59,45067,45070,0
-9.92,-0.27,0.55,1.26,0.06,-0.24,42.00,-20.27,-8.57,950.59,45108,45111,0
-9.92,-0.67,-0.12,1.77,0.16,-0.11,42.27,-22.36,-7.35,950.60,45150,45153,0
-9.73,0.04,0.55,0.51,-0.16,0.35,42.27,-22.36,-7.35,950.61,45191,45194,0
-9.89,-0.16,-0.43,1.12,-0.34,0.23,42.09,-24.45,-7.04,950.51,45233,45236,77
-9.77,0.16,0.75,1.18,-0.14,0.03,41.36,-26.82,-6.94,950.62,45274,45277,1023
-9.89,0.27,0.63,1.22,-0.12,-0.06,41.36,-26.82,-6.94,950.51,45316,45319,1023
-9.89,0.43,1.53,1.34,-0.18,-0.07,41.09,-28.55,-6.12,950.49,45358,45361,1022
-9.96,-0.20,0.51,1.86,0.04,-0.21,40.73,-31.18,-4.29,950.52,45399,45402,1011
-9.85,0.20,0.59,1.45,0.10,-0.14,40.73,-31.18,-4.29,950.55,45441,45444,1004
-9.73,0.51,1.06,0.95,-0.05,0.02,41.09,-32.36,-2.65,950.47,45482,45485,993
-10.08,0.31,0.24,1.59,0.12,-0.18,41.09,-32.36,-2.65,950.50,45524,45527,982
-9.14,-0.51,1.41,1.39,-0.20,-0.02,41.18,-34.09,-0.92,950.47,45565,45568,970
-10.24,0.55,0.00,1.53,0.05,-0.16,40.64,-35.55,1.33,950.49,45607,45610,958
-11.14,0.24,0.35,1.81,-0.28,0.20,40.64,-35.55,1.33,950.47,45649,45652,946
-10.04,0.08,0.71,1.43,-0.19,0.08,40.82,-37.36,3.27,950.45,45690,45693,936
-9.69,0.47,1.22,1.36,-0.03,-0.06,40.36,-38.64,5.41,950.52,45732,45735,925
-9.92,0.47,1.06,1.55,-0.12,0.04,40.36,-38.64,5.41,950.45,45773,45776,914
-9.69,0.59,0.94,1.47,-0.05,-0.02,40.27,-39.73,7.96,950.44,45815,45818,904
-9.89,0.75,1.22,1.24,-0.12,0.05,40.27,-39.73,7.96,950.54,45856,45859,896
-9.85,0.59,0.90,0.99,0.02,-0.09,40.18,-40.45,9.80,950.48,45898,45901,889
-9.85,0.55,1.02,0.74,0.08,-0.16,40.45,-40.18,11.73,950.59,45939,45942,884
-9.85,0.75,1.02,0.74,0.02,-0.05,40.45,-40.18,11.73,950.59,45981,45984,879
-9.81,0.71,1.02,0.72,0.18,-0.26,40.73,-40.64,13.06,950.53,46023,46026,872
-10.00,0.71,0.98,0.93,0.18,-0.23,40.73,-40.64,13.06,950.70,46064,46067,863
-9.30,0.16,0.39,1.33,0.19,-0.26,40.91,-39.73,15.10,950.64,46106,46109,856
-8.63,-0.47,0.59,1.33,0.31,-0.36,41.00,-39.36,17.96,950.72,46147,46150,853
-9.45,0.00,0.35,0.26,0.05,-0.10,41.00,-39.36,17.96,950.67,46189,46192,850
-9.89,0.67,1.06,0.29,0.02,0.07,41.45,-39.27,19.08,950.69,46230,46234,835
-9.30,0.16,-0.86,2.47,0.03,-0.09,41.55,-39.00,21.84,950.69,46272,46275,830
-9.73,1.14,1.41,0.37,-0.00,0.07,41.55,-39.00,21.84,950.71,46314,46317,820
-9.92,0.47,0.20,1.36,-0.16,0.06,41.73,-38.55,23.67,950.80,46355,46358,813
-10.04,0.55,0.63,0.92,-0.11,0.08,41.73,-38.55,23.67,950.62,46396,46400,805
-9.81,0.82,0.86,1.08,-0.03,-0.00,41.36,-38.36,25.00,950.73,46437,46441,796
-9.81,0.59,0.63,1.23,0.05,-0.05,41.27,-37.55,26.94,950.73,46479,46483,789
-9.73,0.67,0.20,0.94,0.14,-0.10,41.27,-37.55,26.94,950.74,46521,46524,782
-9.89,0.75,0.59,0.90,0.15,-0.13,41.36,-36.64,28.88,950.75,46562,46565,774
-9.85,0.90,0.35,1.14,-0.11,0.10,41.36,-36.00,30.41,950.75,46604,46607,767
-9.77,0.94,0.63,0.95,-0.24,0.17,41.36,-36.00,30.41,950.76,46645,46648,762
-9.81,1.06,0.67,0.76,-0.06,0.02,41.36,-35.09,31.63,950.78,46687,46690,756
-9.65,0.90,0.67,0.80,0.01,-0.09,41.36,-35.09,31.63,950.70,46729,46732,749
-9.85,0.86,0.71,0.99,-0.03,-0.05,41.36,-34.36,32.65,950.80,46770,46773,741
-9.81,0.86,0.67,1.03,0.03,-0.09,41.45,-33.09,34.18,950.76,46812,46815,731
-9.85,0.86,0.67,1.38,-0.03,-0.05,41.45,-33.09,34.18,950.70,46853,46856,720
-9.73,0.86,0.51,1.47,-0.08,0.02,41.36,-31.55,35.71,950.73,46895,46898,708
-9.53,1.10,0.63,1.76,-0.12,-0.05,41.27,-29.00,37.55,950.69,46936,46940,697
-9.61,1.14,0.78,1.48,-0.07,-0.04,41.27,-29.00,37.55,950.71,46978,46981,685
-10.90,1.57,2.28,2.28,-0.49,0.26,41.82,-26.64,38.57,950.71,47020,47023,674
-9.77,0.94,0.59,1.27,-0.24,0.04,41.82,-26.64,38.57,950.70,47061,47064,660
-9.69,1.49,0.86,1.73,-0.35,0.08,42.09,-25.27,39.18,950.66,47103,47106,647
-9.77,0.75,1.18,1.54,-0.13,-0.11,42.55,-22.55,39.69,950.73,47144,47148,640
-9.61,1.84,0.59,0.86,0.07,-0.11,42.55,-22.55,39.69,950.79,47186,47189,628
-8.00,2.16,-0.75,1.20,0.15,-0.23,42.55,-20.73,40.41,950.62,47228,47231,611
-10.16,1.14,0.04,2.47,0.21,-0.39,42.55,-20.73,40.41,950.69,47269,47272,594
-8.75,1.77,-0.59,2.18,0.35,-0.38,42.36,-16.73,42.04,950.72,47311,47314,583
-9.26,0.94,0.08,0.90,0.09,-0.07,42.00,-13.09,42.96,950.74,47352,47355,570
-10.00,0.86,0.51,1.81,-0.19,-0.01,42.00,-13.09,42.96,950.77,47394,47397,558
-9.81,0.86,-0.20,1.58,-0.02,0.00,42.27,-10.45,42.55,950.67,47436,47439,547
-9.69,1.41,0.08,1.37,-0.06,0.05,42.27,-8.18,41.94,950.64,47477,47480,534
-9.77,0.98,0.12,1.57,-0.05,-0.06,42.27,-8.18,41.94,950.68,47519,47522,520
-10.04,1.10,-0.12,1.79,-0.16,-0.02,42.36,-5.64,40.92,950.68,47560,47563,504
-9.92,1.45,-0.63,2.01,0.04,-0.17,42.36,-5.64,40.92,950.48,47602,47605,486
-10.16,0.78,-0.35,2.13,0.13,-0.18,42.45,-1.73,39.49,950.45,47643,47646,471
-9.92,0.63,0.12,2.17,-0.13,-0.09,42.27,1.55,37.96,950.44,47685,47688,456
-10.08,0.27,0.04,1.79,0.11,-0.14,42.27,1.55,37.96,950.44,47727,47730,444
-9.53,0.82,-1.29,1.29,0.15,-0.13,42.18,4.36,36.22,950.44,47768,47771,431
-9.92,0.67,0.31,1.79,-0.17,-0.00,42.18,6.09,34.08,950.41,47810,47813,418
-9.85,0.47,-0.08,1.89,0.03,-0.10,42.18,6.09,34.08,950.50,47851,47854,405
-9.65,0.43,-0.35,1.72,-0.12,0.02,42.18,8.18,31.53,950.44,47893,47896,391
-9.92,0.35,0.12,1.85,-0.27,0.09,42.18,8.18,31.53,950.57,47934,47937,380
-9.96,0.24,-0.31,1.57,0.03,-0.11,42.45,9.36,28.16,950.50,47976,47979,370
-9.92,0.31,-0.16,1.34,-0.01,-0.05,42.55,10.64,26.02,950.47,48016,48020,361
-9.77,0.67,-0.51,0.98,0.12,-0.12,42.55,10.64,26.02,950.47,48058,48062,352
-9.77,0.04,-0.04,1.38,0.12,-0.15,42.36,11.09,24.29,950.49,48099,48104,343
-10.16,0.90,-1.41,0.90,0.24,-0.26,42.36,11.09,24.29,950.51,48141,48144,334
-9.85,0.12,-0.12,1.36,-0.06,-0.00,42.18,12.09,22.35,950.57,48183,48186,323
-9.81,-0.08,-0.47,1.60,-0.07,0.02,42.00,12.45,20.00,950.61,48224,48227,311
-9.69,0.04,-0.39,1.80,-0.16,0.08,42.00,12.45,20.00,950.48,48266,48269,297
-9.96,0.20,-0.71,2.04,-0.29,0.15,41.91,12.09,16.53,950.53,48307,48310,286
-10.00,0.16,-0.12,1.50,-0.06,0.02,42.45,11.45,12.96,950.58,48349,48352,275
-10.08,0.27,-0.31,1.69,-0.03,-0.08,42.45,11.45,12.96,950.50,48391,48394,264
-9.92,0.24,-0.27,1.67,-0.06,-0.07,42.18,10.91,9.69,950.55,48432,48435,255
-9.81,0.04,-0.24,1.36,0.06,-0.13,42.18,10.91,9.69,950.54,48474,48477,247
-9.73,-0.24,-0.16,1.32,0.17,-0.19,42.09,10.18,7.04,950.56,48515,48518,237
-9.57,-0.55,-0.04,1.47,0.14,-0.25,42.18,9.27,5.51,950.62,48557,48560,229
-10.67,-1.49,-0.59,0.90,0.14,-0.12,42.18,9.27,5.51,950.59,48598,48601,224
-13.18,9.81,9.41,0.63,-0.00,0.06,42.27,8.73,4.08,950.57,48640,48643,221
-10.47,-0.27,-0.71,0.62,-0.01,0.09,41.91,8.36,3.47,950.51,48681,48684,218
-9.69,2.28,6.12,0.57,0.07,-0.03,41.91,8.36,3.47,950.51,48723,48726,214
-9.65,-0.12,-0.55,0.78,0.04,-0.08,42.00,7.91,2.55,950.62,48764,48767,209
-10.04,-0.12,-0.04,0.66,-0.03,-0.07,42.00,7.91,2.55,950.49,48806,48809,206
-9.92,-0.20,-0.20,0.28,0.13,-0.18,41.73,7.00,1.33,950.56,48847,48850,206
-10.00,-0.35,-0.16,0.05,0.05,-0.13,41.64,7.00,1.43,950.55,48889,48892,204
-9.81,-0.16,-0.12,0.16,0.06,-0.05,41.64,7.00,1.43,950.54,48930,48933,199
-9.69,-0.63,0.16,0.55,-0.11,0.02,41.91,6.82,0.82,950.62,48972,48975,197
-7.26,0.20,-0.63,-0.23,0.23,-0.15,41.91,6.82,0.82,950.65,49013,49016,194
-9.41,-0.55,-1.80,0.79,0.02,-0.01,41.91,6.82,0.71,950.61,49055,49058,191
-9.96,0.04,-0.20,0.80,-0.12,0.14,41.64,5.27,-0.82,950.57,49096,49099,190
-9.89,-0.39,0.04,-0.41,0.05,0.06,41.64,5.27,-0.82,950.69,49138,49141,190
-9.45,0.20,0.90,-0.22,0.04,-0.05,42.18,5.55,-0.51,950.70,49179,49182,189
-9.53,-0.75,0.27,0.28,-0.01,-0.05,41.82,5.00,-0.71,950.59,49221,49224,187
-10.24,-0.20,-0.55,0.08,0.07,0.00,41.82,5.00,-0.71,950.55,49262,49265,184
-10.83,-0.24,-1.57,0.57,-0.02,0.08,41.91,4.64,-0.82,950.64,49304,49307,181
-9.81,0.16,0.59,0.62,-0.03,-0.03,41.91,4.64,-0.82,950.58,49345,49348,178
-10.00,-0.20,-0.24,0.26,0.11,-0.05,41.91,3.55,-2.45,950.66,49387,49390,176
-9.81,-0.12,0.08,0.23,0.07,0.01,41.55,3.18,-2.55,950.66,49428,49431,173
-9.77,-0.31,-0.04,0.37,0.09,-0.04,41.55,3.18,-2.55,950.64,49470,49473,168
-9.92,-0.20,-0.08,0.71,0.02,-0.03,42.00,2.73,-3.06,950.59,49510,49514,161
-9.77,-0.16,0.67,1.34,-0.08,0.02,41.64,1.45,-4.29,950.63,49552,49556,147
-10.00,-0.31,0.04,2.08,-0.01,-0.01,41.64,1.45,-4.29,950.58,49593,49596,140
-9.89,-0.16,0.00,0.84,0.07,-0.00,42.00,-1.09,-5.71,950.59,49635,49638,134
-9.92,-0.27,-0.20,0.92,0.02,-0.00,42.00,-1.09,-5.71,950.61,49676,49679,127
-9.89,-0.16,0.04,0.94,-0.01,0.02,41.91,-2.64,-6.33,950.45,49718,49721,120
-9.92,-0.31,-0.08,0.90,0.02,-0.04,42.27,-4.18,-7.45,950.52,49759,49762,114
-9.92,-0.27,0.08,0.86,-0.01,-0.08,42.27,-4.18,-7.45,950.60,49801,49804,106
-10.32,-0.47,-0.55,0.98,0.02,-0.02,41.64,-5.91,-7.76,950.55,49842,49845,94
-10.00,-0.24,0.20,1.61,0.07,-0.04,41.64,-5.91,-7.76,950.58,49884,49887,83
-9.73,-0.20,0.16,1.41,-0.01,0.07,41.91,-7.91,-8.57,950.62,49925,49928,71
-10.32,0.16,-0.08,1.71,-0.01,0.05,41.64,-11.18,-8.47,950.56,49967,49970,60
-9.96,-0.16,0.12,1.20,-0.11,0.10,41.64,-11.18,-8.47,950.54,50008,50011,51
-9.61,-0.86,-0.31,0.98,-0.25,0.14,41.55,-13.73,-9.08,950.55,50050,50053,42
-9.89,0.27,0.43,1.19,-0.20,0.08,41.27,-15.91,-9.90,950.53,50091,50094,31
-9.92,0.39,0.55,1.54,-0.09,0.04,41.27,-15.91,-9.90,950.52,50133,50136,19
-9.77,0.04,0.20,1.59,-0.03,-0.05,41.00,-18.64,-9.59,950.56,50174,50177,9
-10.00,-0.08,0.55,1.20,0.01,-0.10,41.00,-18.64,-9.59,950.56,50216,50219,0
-9.89,0.12,0.90,1.26,0.04,-0.08,40.73,-21.00,-8.78,950.61,50257,50260,0
-9.89,-0.16,0.55,1.53,-0.02,-0.03,40.64,-23.45,-8.16,950.60,50298,50301,0
-9.73,-0.24,0.55,1.25,0.17,-0.24,40.64,-23.45,-8.16,950.54,50340,50343,34
-10.08,-0.27,0.43,0.76,0.06,0.09,41.18,-25.18,-6.94,950.53,50381,50384,73
-9.18,1.57,-1.88,1.07,-0.06,0.24,0.00,0.00,0.00,950.57,50422,50425,1023
-9.89,0.04,0.51,0.69,-0.00,-0.08,40.91,-27.09,-6.12,950.52,50463,50466,1023
-9.77,0.04,0.24,0.27,-0.13,0.07,40.82,-27.73,-5.92,950.50,50505,50508,1023
-10.00,1.18,0.47,0.17,-0.23,0.24,40.82,-27.73,-5.92,950.51,50546,50549,1023
-9.85,-1.02,0.24,0.79,0.01,-0.09,40.36,-29.09,-5.82,950.49,50588,50591,1023
-9.92,0.47,1.18,1.00,-0.11,-0.06,40.27,-30.00,-5.00,950.48,50630,50633,1021
-9.77,0.31,1.02,1.39,0.02,-0.26,40.27,-30.00,-5.00,950.53,50671,50674,1003
-9.30,0.16,-0.20,2.45,-0.02,-0.28,40.36,-31.91,-2.96,950.53,50713,50716,984
-9.69,0.08,0.98,2.11,-0.01,-0.20,40.36,-31.91,-2.96,950.63,50754,50757,971
-9.69,0.00,0.78,1.63,-0.12,-0.02,40.45,-34.27,0.10,950.51,50796,50799,960
-9.92,0.51,1.06,1.44,-0.11,0.05,40.36,-36.27,1.84,950.57,50837,50840,945
-9.89,0.27,0.63,2.01,-0.00,-0.11,40.36,-36.27,1.84,950.56,50879,50882,929
-9.89,0.31,0.08,2.27,-0.14,0.07,40.18,-37.82,5.10,950.51,50921,50924,914
-9.81,0.47,0.63,1.93,-0.01,-0.08,40.00,-39.18,8.47,950.53,50961,50965,902
-9.85,0.35,0.71,1.75,-0.03,-0.06,40.00,-39.18,8.47,950.36,51003,51007,887
-9.85,0.71,0.98,1.84,0.03,-0.10,40.55,-39.82,11.53,950.38,51044,51048,871
-9.81,0.35,0.90,2.20,0.13,-0.24,40.55,-39.82,11.53,950.46,51086,51089,856
-9.96,0.55,0.59,1.96,0.08,-0.11,40.73,-40.09,15.92,950.48,51127,51130,842
-9.69,0.31,0.47,1.84,0.07,-0.10,40.64,-39.45,19.90,950.48,51169,51172,831
-9.65,0.67,0.24,1.46,0.06,-0.10,40.64,-39.45,19.90,950.35,51211,51214,823
-10.12,0.12,-0.16,0.88,0.11,-0.07,40.82,-38.64,22.35,950.43,51252,51255,816
-9.81,0.39,0.31,0.92,0.04,-0.01,40.73,-38.27,24.08,950.44,51294,51297,807
-9.77,0.71,0.98,1.18,0.04,-0.09,40.73,-38.27,24.08,950.50,51335,51338,794
-9.92,0.43,0.47,1.95,-0.00,-0.02,40.64,-37.27,26.84,950.47,51377,51380,779
-9.69,0.20,0.39,2.19,-0.01,-0.05,40.64,-37.27,26.84,950.55,51418,51422,764
-9.81,0.27,0.39,1.86,0.01,-0.08,40.82,-35.73,30.31,950.57,51460,51463,753
-9.77,0.24,0.08,1.54,-0.00,-0.03,40.73,-33.82,33.16,950.60,51502,51505,744
-9.69,0.39,0.55,0.95,-0.02,-0.00,40.73,-33.82,33.16,950.60,51543,51546,739
-10.16,0.82,-0.20,0.56,-0.02,-0.04,40.82,-32.64,34.90,950.69,51585,51588,734
-9.89,0.59,0.47,0.97,0.00,-0.00,40.82,-32.64,34.90,950.63,51626,51629,722
-9.85,0.51,0.27,1.67,0.04,-0.04,40.82,-31.55,35.82,950.63,51668,51671,713
-9.92,0.24,-0.51,1.07,0.03,-0.02,40.91,-29.64,37.65,950.67,51710,51713,711
-9.69,0.55,-0.39,0.00,0.01,-0.01,40.91,-29.64,37.65,950.74,51751,51754,707
-9.81,1.14,0.39,0.64,0.16,0.10,40.64,-29.27,37.96,950.69,51793,51796,687
-7.92,13.69,7.22,2.23,0.13,-0.14,40.73,-26.36,40.31,950.64,51834,51838,681
-9.49,0.75,-0.35,0.21,-0.04,0.05,40.73,-26.36,40.31,950.67,51876,51879,681
-9.69,2.39,0.67,0.12,-0.12,0.11,40.73,-25.91,40.20,950.83,51918,51921,672
-2.71,-7.49,6.08,2.71,-0.25,0.24,40.73,-25.91,40.20,950.75,51959,51962,661
-10.36,0.94,-0.31,1.64,-0.05,0.04,40.91,-24.64,40.92,950.78,52001,52004,650
-10.00,0.63,0.08,1.34,0.08,-0.03,41.09,-21.82,42.04,950.82,52042,52046,643
-10.51,0.63,-0.43,0.75,0.17,-0.05,41.09,-21.82,42.04,950.79,52084,52087,637
-10.12,0.98,-0.31,0.81,0.01,-0.02,40.64,-20.73,43.06,950.75,52126,52129,633
-9.81,0.75,0.12,0.24,-0.02,0.16,40.82,-19.64,43.47,950.78,52167,52170,628
-9.96,0.63,-0.24,0.93,-0.02,-0.00,40.82,-19.64,43.47,950.75,52209,52212,628
-9.89,0.43,0.08,-0.05,0.08,-0.13,41.09,-18.82,43.78,950.64,52250,52253,623
-9.89,1.22,0.47,0.85,-0.10,0.08,41.09,-18.82,43.78,950.75,52292,52295,617
-9.92,0.67,0.20,0.56,0.15,-0.12,41.00,-17.73,43.57,950.77,52334,52337,611
-9.85,0.90,0.20,0.94,0.01,0.09,40.82,-16.55,43.98,950.76,52375,52378,600
-10.00,2.82,-6.00,1.37,-0.07,0.00,40.82,-16.55,43.98,950.71,52417,52420,587
-6.90,9.77,17.10,1.83,0.14,-0.04,41.18,-14.00,44.18,950.75,52458,52461,566
-13.06,-7.81,0.04,1.98,0.27,-0.19,41.18,-14.00,44.18,950.71,52500,52503,548
-9.10,-0.75,3.80,1.97,-0.15,0.07,40.27,-10.55,44.39,950.66,52542,52545,533
-11.57,1.65,-2.04,1.55,-0.11,0.12,40.91,-7.55,43.88,950.79,52582,52586,523
-9.61,0.67,0.39,1.09,0.23,-0.05,40.91,-7.55,43.88,950.71,52624,52628,512
-8.90,2.04,-0.24,1.10,0.05,0.02,40.73,-5.18,43.27,950.75,52665,52668,503
-11.96,2.35,3.37,0.60,0.13,-0.05,40.36,-3.82,42.96,950.76,52707,52710,492
-8.08,-1.29,0.90,2.15,-0.11,0.01,40.36,-3.82,42.96,950.81,52748,52751,479
-9.96,0.39,-0.31,1.75,-0.16,-0.08,40.64,-1.00,41.43,950.71,52790,52793,472
-10.16,0.63,-0.31,0.87,-0.15,0.05,40.64,-1.00,41.43,950.71,52832,52835,462
-10.16,0.24,-0.31,1.43,-0.08,0.04,41.27,0.73,40.00,950.69,52873,52876,446
-9.73,0.71,-0.31,2.29,-0.13,0.01,41.36,3.27,38.06,950.65,52915,52918,428
-9.85,0.24,-0.04,2.58,-0.09,-0.07,41.36,3.27,38.06,950.59,52956,52959,411
-9.89,0.63,-0.16,2.48,-0.24,0.10,41.55,6.27,34.80,950.61,52998,53001,396
-9.77,0.04,-0.31,2.02,-0.08,-0.05,41.73,8.36,31.12,950.56,53039,53042,385
-9.85,0.82,-0.27,1.44,-0.13,0.06,41.73,8.36,31.12,950.64,53081,53084,375
-10.00,0.00,-0.27,1.47,0.02,-0.17,42.00,9.55,28.37,950.55,53122,53125,372
-9.89,0.27,-0.04,0.03,0.29,-0.15,42.00,9.55,28.37,950.56,53164,53167,365
-9.77,0.51,-0.04,1.29,0.01,-0.04,41.64,10.27,28.27,950.64,53205,53208,354
-9.69,0.51,-1.22,1.63,0.18,-0.21,41.36,11.36,26.22,950.61,53247,53250,346
-9.96,-0.12,-0.63,1.01,0.08,-0.04,41.36,11.36,26.22,950.48,53289,53292,337
-12.55,1.06,0.20,1.19,0.01,-0.02,41.45,12.00,24.29,950.55,53330,53333,333
-9.30,1.02,-1.26,0.34,0.07,0.02,41.45,12.73,22.96,950.56,53372,53375,327
-9.85,0.71,-0.71,1.07,-0.06,0.04,41.36,12.73,22.96,950.58,53413,53416,319
-10.90,0.35,0.47,1.14,-0.05,-0.02,41.45,12.64,20.82,950.62,53455,53458,314
-11.57,1.45,-4.12,0.61,0.07,-0.05,41.45,12.64,20.82,950.55,53497,53500,311
-9.69,-0.24,-0.12,0.29,0.11,-0.03,41.36,12.73,19.08,950.52,53538,53541,310
-9.61,-3.10,0.63,0.21,0.09,0.01,41.55,12.82,18.98,950.61,53580,53583,308
-9.89,0.00,-0.63,0.30,-0.02,0.04,41.55,12.82,18.98,950.69,53621,53624,308
-9.89,-0.08,-0.39,0.03,0.03,-0.03,41.45,12.45,18.37,950.57,53663,53666,308
-9.85,0.20,-0.39,-0.11,-0.01,0.01,41.45,12.45,18.37,950.59,53704,53707,308
-10.67,0.47,-0.39,0.11,-0.10,0.06,41.55,12.73,18.47,950.55,53746,53749,308
-9.96,0.12,-0.27,0.17,-0.14,0.06,41.82,12.64,17.65,950.58,53788,53791,309
-9.81,-0.04,-0.16,-0.13,-0.19,0.06,41.82,12.64,17.65,950.48,53829,53832,312
-9.96,0.12,0.08,-0.54,-0.03,0.01,41.82,12.27,17.24,950.59,53871,53874,314
-9.85,0.24,-0.12,-0.22,0.06,-0.02,41.73,12.36,17.86,950.52,53912,53915,314
-9.96,0.16,-0.27,0.07,0.08,-0.05,41.73,12.36,17.86,950.62,53954,53957,311
-9.92,0.35,0.16,0.26,0.06,0.01,41.91,12.36,18.16,950.60,53995,53999,308
-9.69,0.20,0.24,0.56,0.14,-0.05,41.91,12.36,18.16,950.64,54037,54040,304
-9.69,-0.08,-0.16,0.46,0.12,-0.06,41.73,12.27,17.35,950.61,54079,54082,303
-9.38,2.28,-3.10,-0.03,0.21,-0.11,41.73,12.45,17.04,950.67,54120,54123,300
-9.02,-0.78,1.14,0.52,0.15,-0.09,41.73,12.45,17.04,950.62,54161,54165,298
-9.85,0.20,-0.75,-0.00,0.11,-0.05,41.55,12.45,16.53,950.64,54202,54206,298
-9.96,0.08,-0.43,-0.02,0.03,-0.02,41.55,12.64,16.73,950.67,54244,54248,299
-9.85,0.04,-0.24,0.16,-0.04,-0.00,41.55,12.64,16.73,950.59,54286,54289,300
-9.85,0.08,-0.27,-0.24,0.00,-0.01,41.55,12.55,16.12,950.67,54327,54330,301
-9.89,0.00,-0.16,-0.19,0.03,-0.03,41.55,12.55,16.12,950.66,54369,54372,301
-9.96,0.08,-0.27,-0.02,0.06,0.01,41.55,12.64,16.73,950.69,54410,54413,301
-9.92,0.16,-0.43,0.04,0.02,-0.00,41.82,12.45,16.43,950.66,54452,54455,301
-9.89,0.04,-0.24,-0.03,-0.01,0.00,41.82,12.45,16.43,950.61,54493,54496,302
-9.81,0.12,-0.20,-0.05,0.03,-0.01,41.55,12.36,16.33,950.56,54535,54538,302
-9.89,0.00,-0.27,-0.07,0.07,-0.01,41.55,12.36,16.33,950.61,54576,54579,301
-9.85,0.16,-0.31,-0.10,0.03,0.03,41.45,12.73,16.33,950.65,54618,54621,301
-9.85,0.04,-0.16,0.09,0.05,-0.01,41.64,12.36,16.73,950.59,54660,54663,301
-9.89,0.00,-0.35,-0.02,0.08,-0.03,41.64,12.36,16.73,950.59,54701,54704,300
-9.81,0.08,-0.39,-0.01,0.04,-0.01,41.55,12.55,16.63,950.65,54743,54746,300
-9.85,0.12,0.04,0.05,0.02,0.00,41.55,12.18,16.22,950.59,54784,54787,300
-9.89,0.08,-0.24,-0.02,0.07,-0.03,41.55,12.18,16.22,950.69,54826,54829,299
-9.65,0.59,-0.90,0.10,0.10,-0.06,41.36,12.45,16.43,950.65,54867,54870,298
-10.04,0.43,-1.14,0.18,0.09,-0.02,41.36,12.45,16.43,950.53,54909,54912,296
-9.92,0.20,-0.43,0.15,0.08,-0.02,41.64,12.27,16.22,950.61,54951,54954,295
-9.85,-0.04,-0.47,0.08,0.05,-0.02,41.64,12.64,16.02,950.68,54992,54995,295
-9.89,0.12,-0.39,0.02,0.02,-0.01,41.64,12.64,16.02,950.60,55034,55037,295
-9.85,0.16,-0.16,0.01,-0.02,0.01,41.45,12.45,15.61,950.63,55075,55078,295
