0.31,-0.12,-9.92,4.42,1.03,-4.96,28.73,-9.55,57.45,950.09,37,40,900
-0.27,-0.71,-9.57,-0.83,0.36,-0.54,28.73,-9.55,57.45,950.09,79,82,910
-0.08,-0.59,-9.89,0.00,0.02,-1.52,28.36,-7.00,57.24,950.10,120,123,921
-0.24,-0.35,-9.77,0.02,-0.01,-1.50,28.00,-4.36,57.14,950.17,161,164,931
-0.04,-0.39,-9.85,-0.00,0.03,-1.40,28.00,-4.36,57.14,950.14,203,206,943
-0.12,-1.10,-9.65,-0.01,0.02,-1.61,27.18,-2.00,57.24,950.33,244,247,958
-0.08,-0.59,-9.85,-0.01,0.01,-2.10,27.18,-2.00,57.24,950.21,285,288,974
-0.20,-0.71,-9.85,-0.02,0.00,-2.22,25.91,1.00,57.24,950.35,327,330,990
-0.12,-0.20,-10.00,-0.01,0.04,-2.03,24.09,4.36,57.24,950.28,368,371,1002
-0.86,0.39,-9.69,-0.02,0.03,-1.64,24.09,4.36,57.24,950.31,409,412,1012
-0.75,2.35,-8.28,0.04,0.01,-1.23,22.18,6.55,57.35,950.29,451,454,1020
0.59,-0.12,-11.14,0.00,0.03,-0.95,22.18,6.55,57.35,950.20,492,495,1023
0.27,-1.10,-10.94,-0.02,0.01,-1.13,21.18,7.73,57.14,950.25,534,537,1023
-0.82,0.31,-10.28,0.04,0.05,-0.85,19.82,9.18,57.14,950.35,575,578,1023
0.43,-0.43,-9.61,0.02,0.02,-1.04,19.82,9.18,57.14,950.21,616,619,1023
0.35,-0.86,-9.18,-0.03,0.02,-1.09,18.27,10.00,57.24,950.32,657,661,1010
0.35,-1.26,-10.12,-0.13,0.00,-1.78,16.73,11.73,57.04,950.34,698,702,0
0.00,-0.47,-9.73,-0.04,-0.05,-3.19,16.73,11.73,57.04,950.43,740,744,19
-0.24,-1.45,-8.79,0.00,-0.07,-3.72,11.91,14.27,56.94,950.35,781,784,44
0.24,1.18,-10.24,-0.01,-0.03,-3.16,11.91,14.27,56.94,950.33,822,825,53
0.75,1.06,-10.98,0.12,0.07,-1.16,6.45,15.73,57.35,950.41,864,867,54
0.82,-2.59,-8.59,-0.07,0.06,-0.00,5.64,16.00,57.14,950.41,905,908,53
-0.63,-1.41,-10.40,-0.04,0.07,-0.01,5.64,16.00,57.14,950.54,946,949,53
-0.04,3.49,-10.47,0.07,0.12,-0.01,5.45,15.82,57.65,950.50,988,991,53
0.71,0.94,-10.04,0.00,0.04,-0.01,5.45,15.82,57.65,950.49,1029,1032,53
-0.04,-2.94,-10.51,-0.11,0.06,0.02,5.45,15.91,57.24,950.55,1070,1073,53
0.00,-0.94,-11.77,-0.05,0.02,-0.01,5.00,15.82,57.04,950.52,1112,1115,53
0.43,0.08,-9.41,-0.01,0.08,-0.03,5.00,15.82,57.04,950.56,1153,1156,53
0.04,0.90,-8.00,-0.06,0.05,-0.01,5.36,16.00,57.35,950.56,1194,1197,53
-0.59,-0.63,-10.28,-0.06,0.06,-0.01,5.27,15.82,57.55,950.50,1236,1239,53
1.22,-0.16,-9.41,-0.02,-0.00,-0.02,5.27,15.82,57.55,950.57,1277,1280,53
0.67,-0.20,-10.43,0.02,0.07,-0.02,5.18,15.73,57.24,950.61,1319,1322,53
0.12,-0.82,-9.61,0.03,0.05,-0.01,5.18,15.73,57.24,950.61,1360,1363,53
0.24,-0.20,-9.89,-0.00,0.05,-0.03,5.36,15.82,57.35,950.57,1401,1404,53
0.24,-0.04,-9.85,-0.06,0.07,-0.02,5.27,15.91,57.24,950.49,1443,1446,53
0.24,-0.20,-9.85,0.00,0.06,0.01,5.27,15.91,57.24,950.56,1484,1487,53
0.20,0.27,-9.30,0.04,0.07,-0.01,5.27,15.91,56.94,950.50,1525,1528,53
0.75,-1.73,-9.89,-0.05,0.16,0.07,5.27,15.91,56.94,950.53,1567,1570,53
-0.16,-2.12,-11.81,-0.08,0.05,-0.04,5.18,16.09,57.24,950.59,1608,1611,53
1.18,-2.08,-12.12,-0.08,0.07,-0.01,5.00,15.91,57.45,950.58,1650,1653,53
-2.04,2.55,-11.92,-0.03,0.14,0.03,5.00,15.91,57.45,950.64,1691,1694,53
0.75,1.06,-8.16,-0.04,-0.06,-0.05,4.73,15.82,57.24,950.55,1732,1735,56
0.86,-0.27,-9.22,-0.03,-0.03,-0.67,4.73,15.91,57.55,950.50,1774,1777,62
0.24,-1.18,-10.55,0.08,-0.02,-0.84,4.73,15.91,57.55,950.56,1815,1818,70
-0.08,-1.69,-9.53,-0.01,-0.05,-1.42,3.18,16.09,57.45,950.62,1857,1860,81
0.78,-0.16,-9.22,-0.01,-0.03,-1.61,3.18,16.09,57.45,950.61,1898,1901,91
-1.53,-2.75,-9.14,0.04,-0.05,-1.57,0.82,16.09,57.55,950.72,1939,1942,104
-0.16,-0.55,-9.30,0.07,-0.01,-1.87,-2.09,16.09,57.45,950.65,1980,1984,116
0.86,-0.31,-8.75,0.05,0.03,-1.49,-2.09,16.09,57.45,950.71,2021,2025,123
0.35,-0.63,-12.04,0.10,0.01,-1.11,-4.73,15.73,57.14,950.67,2063,2067,133
-0.35,0.08,-10.43,0.02,-0.02,-1.47,-6.64,15.45,57.14,950.62,2104,2107,147
1.18,0.08,-9.57,-0.06,-0.03,-2.36,-6.64,15.45,57.14,950.69,2146,2149,161
0.24,0.67,-10.24,-0.01,-0.03,-2.07,-10.00,13.55,57.55,950.77,2187,2190,177
0.04,0.67,-8.55,-0.04,-0.01,-2.51,-10.00,13.55,57.55,950.72,2229,2232,196
-0.51,1.26,-9.41,-0.05,-0.01,-3.03,-13.64,11.18,57.65,950.75,2270,2273,217
-1.06,-5.61,-8.28,0.02,0.01,-3.33,-17.73,7.55,57.96,950.78,2312,2315,234
-0.08,0.78,-9.14,-0.03,-0.02,-2.60,-17.73,7.55,57.96,950.76,2353,2356,246
0.00,-1.65,-10.79,-0.04,0.09,-1.76,-20.55,4.09,58.16,950.76,2394,2397,253
-0.08,0.16,-10.28,-0.08,0.12,-1.02,-20.55,4.09,58.16,950.80,2436,2439,257
0.82,-0.47,-9.65,-0.09,0.12,-0.62,-21.64,2.27,57.96,950.82,2477,2480,259
0.16,0.71,-9.96,-0.14,0.22,-0.28,-22.45,0.64,58.06,950.78,2519,2522,258
0.78,-0.04,-9.85,-0.05,0.18,0.00,-22.45,0.64,58.06,950.78,2560,2563,258
0.04,-0.20,-10.08,-0.07,0.23,0.00,-22.91,0.73,57.96,950.85,2602,2605,258
1.45,0.12,-10.32,-0.22,0.40,0.01,-23.36,0.36,57.45,950.72,2643,2646,258
-1.22,0.67,-10.87,-0.34,0.35,-0.04,-23.36,0.36,57.45,950.80,2685,2688,259
0.71,1.02,-9.45,-0.11,0.18,-0.04,-24.36,-0.27,57.14,950.74,2726,2729,259
4.12,0.75,-8.28,-0.06,0.18,-0.22,-24.36,-0.27,57.14,950.71,2768,2771,260
1.37,0.82,-9.30,0.13,-0.04,-0.10,-24.09,-0.45,57.04,950.78,2809,2812,261
0.82,-0.04,-11.10,0.09,-0.06,-0.08,-23.91,-0.36,57.35,950.79,2850,2853,263
1.88,1.26,-9.26,0.17,-0.18,-0.40,-23.91,-0.36,57.35,950.82,2892,2895,268
0.31,-0.31,-9.49,0.17,-0.24,-0.88,-23.82,-0.36,57.24,950.86,2933,2936,273
0.55,0.12,-9.92,0.10,-0.16,-0.86,-23.82,-0.36,57.24,950.74,2975,2978,278
0.94,-0.20,-11.18,0.09,-0.09,-0.71,-23.64,-1.36,57.65,950.74,3016,3019,283
0.27,-0.16,-10.16,0.09,-0.13,-0.74,-23.91,-2.27,57.86,950.73,3058,3061,290
0.35,0.27,-9.69,0.06,-0.11,-1.25,-23.91,-2.27,57.86,950.70,3099,3102,303
-0.12,0.47,-8.90,0.09,-0.13,-1.95,-24.09,-4.09,58.37,950.78,3141,3144,318
2.67,-3.18,-12.40,0.04,-0.16,-2.38,-24.00,-7.82,58.67,950.77,3182,3185,332
-1.37,0.75,-10.47,-0.42,-0.11,-2.02,-24.00,-7.82,58.67,950.62,3224,3227,346
-0.27,0.31,-10.04,-0.07,-0.02,-1.93,-23.64,-11.64,58.98,950.74,3265,3268,358
0.75,2.31,-8.94,-0.02,0.05,-1.59,-23.64,-11.64,58.98,950.77,3307,3310,366
-0.12,1.14,-9.89,-0.08,0.02,-1.28,-23.45,-15.09,59.08,950.70,3348,3351,376
0.08,0.67,-9.34,-0.03,0.02,-1.42,-22.91,-17.18,58.98,950.76,3390,3393,388
0.67,-0.31,-10.16,-0.02,0.02,-1.84,-22.91,-17.18,58.98,950.75,3430,3434,400
0.63,0.86,-9.73,0.08,-0.01,-1.66,-22.00,-19.82,58.98,950.65,3472,3476,415
-0.27,-0.67,-10.04,-0.07,0.01,-2.26,-20.45,-22.82,59.29,950.66,3513,3516,435
-0.43,-0.20,-10.32,-0.39,0.10,-2.87,-20.45,-22.82,59.29,950.59,3555,3558,453
1.80,2.43,-10.12,-0.26,0.14,-2.23,-17.64,-27.73,58.67,950.51,3596,3600,467
0.35,0.12,-10.87,-0.27,0.08,-2.24,-17.64,-27.73,58.67,950.30,3638,3641,485
-0.86,0.35,-9.22,-0.08,0.02,-2.39,-15.18,-30.82,58.37,950.35,3680,3683,499
-0.31,-0.47,-10.67,0.18,0.02,-1.77,-12.18,-33.36,58.16,950.36,3721,3724,512
-0.59,1.73,-10.28,-0.06,0.04,-1.85,-12.18,-33.36,58.16,950.19,3763,3766,523
-0.59,-0.08,-9.61,0.06,0.07,-1.24,-9.36,-34.82,58.37,950.23,3804,3807,539
0.24,1.33,-9.61,0.05,0.02,-2.27,-9.36,-34.82,58.37,950.22,3846,3849,553
-0.39,1.10,-8.75,0.01,0.04,-1.90,-6.73,-35.91,58.37,950.19,3887,3890,568
-0.39,1.61,-10.79,0.02,0.06,-2.26,-3.09,-36.82,58.27,950.21,3929,3932,582
-1.22,-0.63,-10.24,-0.02,0.08,-1.74,-3.09,-36.82,58.27,950.14,3970,3973,589
0.12,-1.06,-10.08,-0.06,0.08,-0.91,-0.27,-37.45,58.27,950.11,4012,4015,598
0.04,-0.35,-11.26,-0.00,0.09,-1.28,1.18,-37.27,57.96,950.10,4053,4056,610
-1.14,-1.73,-8.00,-0.05,0.10,-1.82,1.18,-37.27,57.96,950.18,4095,4098,625
0.00,2.51,-10.51,0.01,0.16,-1.81,4.36,-37.45,58.06,950.22,4136,4139,637
-1.73,0.16,-12.51,0.06,0.08,-1.69,4.36,-37.45,58.06,950.15,4178,4181,648
-0.08,-0.55,-10.20,0.08,0.16,-1.54,7.27,-36.82,58.16,950.14,4219,4222,656
-0.31,0.43,-9.30,-0.03,0.08,-1.07,9.64,-36.09,57.96,950.13,4260,4263,658
-0.75,-0.04,-10.20,-0.12,0.07,-0.04,9.64,-36.09,57.96,950.12,4302,4305,658
-0.75,0.04,-10.04,-0.07,0.04,-0.10,9.82,-36.36,57.76,950.06,4343,4346,663
-0.47,0.51,-9.96,-0.02,0.06,-0.67,10.36,-36.45,57.55,950.12,4385,4388,665
-0.39,0.47,-10.08,-0.03,0.02,-0.35,10.36,-36.45,57.55,950.05,4426,4429,666
-0.35,0.16,-9.92,-0.02,0.05,-0.13,11.00,-36.27,58.06,950.04,4468,4471,667
-0.12,0.00,-9.77,-0.01,0.04,-0.09,11.00,-36.27,58.06,950.07,4509,4512,667
-1.41,-14.40,-19.18,0.08,0.03,-0.04,11.18,-36.36,58.06,950.16,4551,4554,667
-1.10,3.80,-6.94,-0.00,0.08,-0.01,11.00,-36.00,58.06,950.06,4592,4595,667
-0.35,0.55,-10.12,-0.01,0.05,0.00,11.00,-36.00,58.06,950.05,4634,4637,667
-0.27,0.20,-9.77,0.01,0.11,-0.01,11.00,-36.27,57.96,950.10,4675,4678,667
-0.12,0.20,-9.69,0.02,0.05,-0.00,11.00,-36.27,57.96,950.08,4717,4720,667
0.59,1.41,-9.61,-0.00,0.04,-0.02,10.73,-36.00,57.76,950.13,4758,4761,667
0.00,0.39,-9.41,-0.02,0.02,-0.01,10.82,-36.09,57.86,950.10,4800,4803,667
-0.82,0.51,-10.43,-0.00,-0.01,0.02,10.82,-36.09,57.86,950.08,4841,4844,667
-0.20,0.12,-9.65,0.05,-0.01,0.01,10.82,-36.00,58.16,950.05,4883,4886,667
-0.67,0.16,-10.00,0.08,-0.02,0.00,10.91,-35.91,58.06,950.16,4923,4927,667
-2.39,-2.59,-9.02,0.46,-0.01,-0.02,10.91,-35.91,58.06,950.20,4965,4969,667
-1.61,-0.24,-12.87,0.03,0.05,-0.02,11.27,-34.82,58.67,950.20,5006,5009,667
-0.67,-0.75,-6.20,0.09,0.03,-0.04,11.27,-34.82,58.67,950.05,5048,5051,667
-0.27,-0.31,-9.53,0.03,0.08,-0.05,11.18,-34.91,58.78,950.05,5089,5092,669
-0.43,-0.27,-9.89,-0.01,0.02,-0.34,11.36,-34.64,58.67,950.05,5131,5134,673
-0.43,0.43,-10.59,-0.00,0.08,-0.52,11.36,-34.64,58.67,950.13,5172,5175,676
0.04,-0.31,-9.77,-0.03,0.07,-0.49,12.00,-34.55,58.27,950.28,5214,5217,680
-0.16,0.00,-10.00,-0.02,0.06,-0.49,12.55,-34.36,58.37,950.10,5255,5258,682
-0.08,-0.27,-9.65,-0.00,0.08,-0.38,12.55,-34.36,58.37,950.11,5297,5300,683
0.00,-2.47,-9.26,-0.09,-0.15,0.15,13.00,-34.09,58.37,950.07,5338,5341,683
-0.55,-2.51,-7.22,-0.10,0.09,-0.04,13.00,-34.09,58.37,950.03,5380,5383,683
-0.67,1.26,-10.87,-0.02,0.05,-0.02,12.91,-34.00,58.78,950.05,5421,5424,683
0.24,1.96,-11.06,-0.12,0.03,-0.01,13.09,-34.09,58.47,950.13,5463,5466,683
0.04,0.00,-10.87,-0.00,0.08,-0.01,13.09,-34.09,58.47,950.09,5504,5507,684
-0.43,-0.35,-9.38,0.01,0.07,-0.20,12.82,-34.09,58.57,950.03,5546,5549,683
-0.43,0.16,-9.41,-0.03,0.03,0.01,12.82,-34.09,58.57,950.12,5587,5590,683
-0.16,0.24,-10.00,-0.02,0.03,-0.01,13.00,-33.91,58.37,950.14,5629,5632,683
-0.59,-1.57,-8.43,-0.05,0.01,-0.01,13.00,-34.00,58.78,950.13,5670,5673,683
-0.31,0.59,-9.57,0.02,0.02,-0.01,13.00,-34.00,58.78,949.99,5712,5715,683
-0.12,-0.51,-9.77,-0.03,0.06,-0.01,13.00,-34.09,58.27,950.07,5753,5756,683
-0.35,-0.39,-10.12,-0.02,0.04,-0.01,13.27,-33.91,58.37,950.07,5795,5798,683
-0.16,-0.24,-9.92,-0.02,0.06,-0.01,13.27,-33.91,58.37,950.20,5836,5839,683
0.43,-1.41,-11.53,-0.00,0.03,-0.02,13.27,-34.09,58.57,950.12,5878,5881,684
1.53,3.45,-9.14,-0.06,0.07,-0.19,13.27,-34.09,58.57,950.17,5919,5922,687
-0.43,0.08,-9.61,-0.01,0.03,-0.62,13.27,-34.00,58.57,950.18,5961,5964,693
-0.04,-0.47,-10.04,0.01,0.01,-0.77,14.27,-33.27,58.47,950.17,6002,6005,697
-0.78,-0.20,-10.55,0.03,-0.09,-0.58,14.27,-33.27,58.47,950.18,6044,6047,702
-0.31,-0.63,-9.49,-0.02,-0.00,-0.73,15.45,-32.82,58.47,950.21,6085,6088,710
-0.63,0.24,-9.77,-0.02,-0.01,-1.13,16.91,-32.09,58.37,950.15,6127,6130,720
-0.20,-0.43,-10.20,-0.01,0.01,-1.32,16.91,-32.09,58.37,950.13,6168,6171,733
-0.24,-0.35,-9.10,-0.04,0.00,-1.87,19.09,-30.64,58.47,950.15,6210,6213,751
-0.59,-1.26,-9.89,-0.07,0.02,-2.67,19.09,-30.64,58.47,950.14,6251,6254,769
-1.49,-2.39,-8.83,0.01,-0.05,-2.49,22.45,-27.82,57.96,950.25,6293,6296,792
0.43,-0.82,-9.18,-0.03,-0.03,-3.50,25.18,-23.82,57.76,950.14,6334,6337,818
-1.02,0.00,-9.53,-0.01,-0.03,-3.73,25.18,-23.82,57.76,950.22,6376,6379,844
1.77,-2.12,-8.90,-0.05,-0.02,-3.81,27.64,-18.00,57.35,950.20,6416,6420,870
-0.78,-2.12,-9.61,-0.03,-0.04,-3.67,27.64,-18.00,57.35,950.17,6458,6462,889
0.27,1.10,-10.20,0.08,0.00,-2.47,28.64,-11.73,57.24,950.22,6499,6502,904
0.00,-0.67,-9.02,-0.02,0.00,-2.07,28.64,-7.82,57.04,950.21,6541,6544,922
-0.47,-0.31,-9.96,-0.00,-0.02,-2.51,28.64,-7.82,57.04,950.14,6582,6585,937
-0.47,-0.43,-9.81,-0.04,0.01,-1.97,28.00,-4.09,57.04,950.16,6624,6627,950
-0.27,-0.04,-8.59,-0.03,0.05,-1.85,26.91,-0.73,57.24,950.20,6665,6668,963
0.04,-0.94,-10.51,0.02,0.02,-1.66,26.91,-0.73,57.24,950.26,6707,6710,977
0.31,-1.33,-9.53,0.00,0.02,-1.90,25.64,2.00,57.04,950.25,6748,6751,997
-2.20,-2.71,-8.63,-0.02,-0.02,-2.90,25.64,2.00,57.04,950.35,6789,6792,1015
0.86,0.00,-9.77,-0.06,0.05,-2.25,23.36,5.64,57.45,950.33,6831,6834,1023
-0.31,-1.53,-10.04,0.08,0.18,-1.40,20.91,8.09,57.35,950.38,6872,6875,1023
-0.27,-0.43,-10.63,0.03,-0.01,-1.82,20.91,8.09,57.35,950.51,6914,6917,1023
-1.84,0.90,-10.63,-0.05,0.02,-1.53,18.91,10.18,57.14,950.56,6955,6959,1010
0.27,-0.39,-8.90,-0.07,0.07,-0.37,17.36,11.27,57.24,950.58,6997,7000,989
0.16,-0.86,-10.16,0.03,0.00,-1.00,17.36,11.27,57.24,950.53,7038,7042,0
-0.35,-1.10,-9.14,-0.10,0.02,-1.06,16.27,11.91,57.24,950.64,7080,7083,0
-0.51,-0.75,-9.85,-0.03,0.00,-1.21,16.27,11.91,57.24,950.57,7121,7124,0
0.27,-0.59,-9.53,-0.07,0.03,-1.25,14.64,12.73,57.45,950.62,7163,7166,5
0.43,-0.59,-10.00,-0.00,-0.01,-1.27,12.55,14.00,57.24,950.67,7204,7207,14
0.00,-0.08,-9.89,0.00,0.03,-1.22,12.55,14.00,57.24,950.62,7246,7249,21
0.27,-0.55,-10.20,-0.04,0.04,-0.89,10.91,14.36,57.45,950.65,7287,7290,23
0.04,-0.16,-9.92,-0.15,0.09,-0.33,10.91,14.36,57.45,950.69,7328,7331,25
0.63,-1.80,-9.85,0.10,0.02,-0.26,9.73,14.55,57.65,950.68,7370,7373,25
0.08,-0.55,-9.81,-0.00,0.04,0.04,9.55,14.45,57.35,950.51,7411,7414,23
-0.35,-0.63,-10.43,-0.01,-0.04,0.40,9.55,14.45,57.35,950.55,7453,7456,18
0.20,-0.90,-9.34,-0.04,0.03,0.79,10.27,14.18,57.35,950.49,7494,7497,10
0.47,-0.43,-9.34,0.01,0.06,1.05,11.73,13.91,57.45,950.42,7535,7538,4
0.20,-0.78,-9.81,0.02,0.03,0.92,11.73,13.91,57.45,950.43,7577,7580,0
-0.08,-1.18,-9.38,0.02,0.07,1.19,13.55,13.36,57.45,950.42,7618,7621,0
-0.04,-0.08,-10.47,-0.03,0.05,1.01,13.55,13.36,57.45,950.31,7660,7663,0
0.51,-0.59,-9.73,-0.01,0.04,0.96,15.27,12.27,57.24,950.31,7701,7704,2
-0.39,0.16,-8.43,-0.03,0.01,1.30,16.91,11.55,57.14,950.29,7742,7745,1023
2.71,-2.31,-7.57,0.08,0.14,2.25,16.91,11.55,57.14,950.42,7784,7787,1023
-1.96,-1.57,-9.96,-0.02,0.08,1.55,19.27,9.55,57.14,950.34,7824,7828,1022
0.55,-1.14,-10.28,0.01,0.11,2.33,19.27,9.55,57.14,950.27,7866,7870,1004
0.43,-0.94,-9.38,0.01,0.09,2.27,21.64,7.55,56.94,950.22,7907,7910,990
-0.47,0.04,-8.79,0.01,0.06,1.75,24.09,4.64,57.14,950.20,7949,7952,976
-0.04,-0.43,-10.24,-0.01,0.06,1.87,24.09,4.64,57.14,950.40,7990,7993,960
0.00,-1.02,-9.69,0.00,0.13,2.31,25.73,1.91,57.04,950.22,8032,8035,944
-0.43,-0.39,-10.08,-0.03,0.10,1.96,27.18,-1.27,57.35,950.21,8073,8076,931
0.16,0.08,-10.00,-0.02,0.07,1.74,27.18,-1.27,57.35,950.23,8115,8118,914
-1.02,-0.47,-10.32,-0.04,0.08,2.49,28.09,-4.18,57.35,950.12,8156,8159,894
0.39,-1.96,-9.22,0.03,0.15,2.78,28.09,-4.18,57.35,950.18,8198,8201,870
-0.63,-2.39,-8.90,0.10,0.11,3.43,28.73,-9.09,57.35,950.22,8239,8242,847
-0.35,-0.08,-10.43,-0.02,0.10,3.20,28.36,-14.82,57.65,950.12,8280,8284,828
-0.82,0.63,-9.53,-0.04,0.13,2.52,28.36,-14.82,57.65,950.09,8322,8325,812
0.27,-0.90,-9.26,-0.08,0.11,2.30,27.45,-19.27,57.86,950.17,8363,8367,798
-0.55,0.20,-9.89,0.01,0.00,1.97,26.00,-22.82,57.65,950.12,8405,8408,785
0.08,-1.02,-9.49,0.03,0.03,1.94,26.00,-22.82,57.65,950.04,8446,8449,778
-1.18,-0.35,-9.65,-0.04,0.05,0.54,24.73,-24.91,57.76,950.16,8488,8491,763
-0.86,-1.06,-10.59,0.07,-0.03,2.37,24.73,-24.91,57.76,950.19,8529,8532,754
-1.18,-0.39,-9.38,-0.02,-0.02,1.30,23.00,-27.36,57.96,950.09,8571,8574,742
-1.61,-3.30,-5.69,0.11,0.07,1.39,21.27,-28.82,57.65,950.14,8612,8615,727
0.35,-1.18,-9.26,0.01,0.10,2.34,21.27,-28.82,57.65,950.07,8654,8657,710
-0.47,-0.35,-10.51,-0.03,0.16,1.98,18.36,-31.27,57.96,950.12,8695,8698,693
0.20,-1.37,-9.53,0.06,0.12,2.63,18.36,-31.27,57.96,950.07,8737,8740,677
-0.94,-0.98,-8.67,0.04,-0.01,1.90,14.82,-33.27,58.37,950.07,8778,8781,665
0.82,0.67,-9.89,0.01,0.25,1.85,11.73,-34.45,58.37,950.02,8820,8823,644
2.79,-0.27,-6.86,0.11,0.01,3.24,11.73,-34.45,58.37,950.06,8861,8864,625
0.00,2.08,-9.85,0.10,0.12,2.27,7.36,-35.73,58.57,950.16,8903,8906,609
0.71,3.22,-7.57,0.05,0.07,1.75,3.45,-35.73,58.88,950.14,8944,8947,600
1.84,-0.04,-10.24,0.13,0.04,0.95,3.45,-35.73,58.88,950.17,8986,8989,600
0.12,-3.73,-9.96,-0.24,-0.01,0.00,2.00,-35.09,59.08,950.21,9027,9030,600
0.20,-0.86,-11.65,-0.17,0.04,-0.22,2.00,-35.09,59.08,950.09,9069,9072,601
-0.59,-0.04,-9.85,-0.15,0.01,-0.05,2.09,-36.09,59.08,950.23,9110,9113,603
-0.20,0.16,-9.92,-0.02,0.05,-0.27,2.55,-36.18,58.67,950.09,9151,9154,605
-0.35,0.39,-9.69,-0.03,0.05,-0.17,2.55,-36.18,58.67,950.09,9193,9196,605
-0.63,0.00,-9.85,-0.06,0.02,-0.00,2.82,-36.45,58.67,950.13,9233,9237,605
-0.31,0.00,-9.89,-0.01,0.06,-0.02,2.91,-35.91,58.78,950.16,9275,9279,605
-0.31,-0.04,-9.81,-0.02,0.04,-0.03,2.91,-35.91,58.78,950.45,9316,9320,605
-0.35,0.00,-9.96,-0.02,0.00,0.00,2.73,-35.82,58.88,950.49,9358,9361,605
-0.51,0.00,-9.81,-0.01,0.03,0.00,2.73,-35.82,58.88,950.47,9399,9402,605
0.12,0.04,-10.00,-0.01,0.03,-0.00,3.09,-36.09,58.98,950.47,9440,9443,605
-1.26,-0.59,-9.57,-0.03,0.05,-0.01,3.00,-35.91,58.98,950.50,9482,9485,605
0.59,1.45,-9.77,-0.05,0.03,-0.00,3.00,-35.91,58.98,950.57,9523,9526,605
13.57,5.65,-8.71,-0.66,0.00,-0.09,2.64,-36.36,58.98,950.53,9565,9568,605
12.04,-11.26,-9.14,-0.13,0.08,0.03,2.64,-36.36,58.98,950.54,9606,9609,604
-1.18,1.37,-10.00,0.20,0.07,0.10,2.91,-36.82,58.37,950.54,9648,9651,599
1.45,2.35,-7.37,-0.11,0.11,0.77,2.64,-36.18,58.67,950.57,9689,9692,593
-0.63,-1.37,-8.63,-0.26,0.05,0.78,2.64,-36.18,58.67,950.36,9731,9734,588
-0.12,0.12,-9.89,-0.04,0.05,0.58,1.09,-36.27,58.88,950.34,9772,9775,584
-0.08,0.47,-8.98,-0.00,0.05,0.50,0.18,-36.27,58.78,950.29,9814,9817,574
-0.71,2.00,-8.79,0.01,0.09,1.55,0.18,-36.27,58.78,950.34,9855,9858,556
0.43,0.55,-8.43,-0.10,0.13,2.50,-2.55,-35.91,58.67,950.33,9896,9899,538
-1.14,-0.94,-10.51,-0.07,0.08,2.50,-2.55,-35.91,58.67,950.40,9938,9941,518
-0.90,-1.33,-11.10,-0.01,0.09,2.60,-6.73,-34.64,58.78,950.31,9979,9982,499
-0.47,1.29,-9.85,0.01,0.07,2.71,-11.00,-32.73,58.88,950.26,10021,10024,477
-0.51,0.78,-8.98,0.01,0.10,3.01,-11.00,-32.73,58.88,950.27,10062,10066,455
-0.55,0.16,-10.00,0.03,0.08,3.04,-15.18,-29.55,58.78,950.26,10104,10107,430
-0.27,0.47,-10.40,-0.02,0.12,3.52,0.00,0.00,0.00,950.21,10145,10148,407
-0.39,0.71,-9.38,0.05,0.10,3.35,-19.00,-25.09,58.98,950.17,10186,10189,382
-0.20,-0.35,-9.81,0.01,0.09,3.59,-21.82,-19.82,58.98,950.20,10228,10231,364
0.47,0.43,-9.53,-0.07,0.11,2.31,-21.82,-19.82,58.98,950.21,10269,10272,351
0.86,0.59,-9.10,-0.17,0.14,2.13,-23.00,-15.64,58.98,950.26,10311,10314,344
0.24,-0.51,-9.89,-0.21,0.19,0.53,-23.73,-13.27,58.47,950.24,10352,10355,344
0.31,0.16,-10.08,-0.05,0.07,-0.04,-23.73,-13.27,58.47,950.31,10394,10397,344
0.12,0.20,-9.85,-0.14,0.14,-0.01,-23.82,-13.64,58.57,950.45,10436,10439,344
0.47,0.47,-9.57,-0.11,0.14,-0.01,-23.82,-13.64,58.57,950.38,10477,10480,344
0.16,0.43,-9.77,0.03,0.06,0.00,-24.27,-13.91,58.57,950.28,10519,10522,344
0.16,0.31,-9.65,-0.01,0.07,-0.01,-24.27,-13.64,58.06,950.35,10560,10563,344
0.20,0.31,-9.77,0.00,0.04,-0.01,-24.27,-13.64,58.06,950.25,10602,10605,344
1.10,1.92,-10.40,-0.06,0.04,-0.01,-24.36,-13.73,58.37,950.27,10643,10647,341
-0.12,-0.08,-10.00,0.15,-0.09,0.69,-24.18,-13.09,58.57,950.25,10684,10688,329
-0.04,0.90,-9.61,0.05,-0.04,1.91,-24.18,-13.09,58.57,950.25,10726,10730,313
-0.55,-0.39,-9.65,-0.13,0.01,2.58,-24.00,-9.36,58.67,950.36,10767,10771,296
-0.90,-0.78,-10.12,-0.02,0.01,2.69,-24.00,-9.36,58.67,950.33,10809,10812,278
0.12,-0.98,-10.51,-0.00,-0.01,2.66,-23.09,-4.82,58.88,950.35,10850,10854,260
0.12,0.71,-10.71,-0.02,-0.03,2.85,-21.73,-0.82,58.88,950.50,10892,10895,243
0.24,1.10,-8.47,-0.01,0.00,2.86,-21.73,-0.82,58.88,950.41,10934,10937,224
0.51,1.26,-9.14,-0.04,-0.00,3.03,-19.27,3.36,58.57,950.42,10975,10978,205
-0.12,-0.59,-9.81,-0.00,0.01,3.07,-15.82,7.64,58.57,950.55,11017,11020,186
0.39,1.14,-10.55,0.02,0.02,2.97,-15.82,7.64,58.57,950.54,11058,11061,163
-0.08,0.59,-9.26,0.06,0.02,3.58,-11.64,10.82,58.37,950.61,11100,11103,138
-0.08,-1.77,-8.24,0.66,0.07,3.86,-11.64,10.82,58.37,950.61,11141,11144,113
0.12,-0.27,-10.36,-0.05,0.09,3.59,-5.73,14.18,57.86,950.58,11183,11186,91
-0.12,-0.24,-10.51,-0.03,0.01,2.82,0.18,15.55,57.55,950.66,11224,11227,75
0.16,0.00,-10.24,-0.06,0.02,2.08,0.18,15.55,57.55,950.52,11266,11269,62
-0.12,0.08,-9.92,0.04,0.01,1.73,4.00,15.36,57.45,950.49,11307,11310,50
0.04,-0.31,-9.96,0.06,0.12,1.69,4.00,15.36,57.45,950.40,11349,11352,45
0.39,-1.18,-9.38,0.17,0.06,0.50,6.82,15.09,57.45,950.48,11390,11393,45
-0.08,-0.59,-10.16,-0.03,0.04,-0.00,7.27,15.18,57.14,950.31,11432,11435,45
0.08,-0.24,-9.77,-0.02,0.05,-0.00,7.27,15.18,57.14,950.29,11473,11476,45
0.20,0.12,-9.92,-0.01,0.05,0.02,7.27,15.09,57.14,950.44,11515,11518,44
0.24,-0.16,-10.00,-0.02,0.05,0.23,7.64,15.27,57.24,950.42,11556,11559,41
0.27,0.35,-10.32,0.02,0.04,0.10,7.64,15.27,57.24,950.36,11598,11601,41
0.16,0.59,-10.40,-0.08,0.06,-0.01,7.82,15.00,57.35,950.30,11639,11642,41
0.16,-0.20,-10.00,0.05,0.06,-0.01,7.82,15.00,57.35,950.28,11681,11684,41
0.00,-0.67,-8.75,-0.00,0.07,-0.02,7.64,14.91,57.14,950.32,11722,11725,40
0.08,-1.61,-8.98,-0.16,0.03,0.18,7.73,15.09,57.04,950.31,11764,11767,35
0.47,0.47,-9.77,-0.10,0.11,0.81,7.73,15.09,57.04,950.28,11805,11808,28
0.47,0.00,-9.73,-0.05,0.09,0.86,9.00,14.91,57.14,950.34,11847,11850,26
-0.16,-0.08,-9.30,-0.01,0.01,0.19,0.00,0.00,0.00,950.40,11887,11890,25
0.51,-0.16,-11.06,0.02,0.00,-0.03,9.82,14.55,56.84,950.35,11928,11931,25
0.27,-0.59,-9.26,0.01,0.05,-0.01,10.09,14.64,57.24,950.32,11970,11973,26
0.31,-0.78,-9.81,-0.04,0.05,-0.01,10.09,14.64,57.24,950.33,12011,12014,25
-9.06,-1.61,-13.93,-0.01,0.05,-0.01,9.91,14.55,57.14,950.25,12053,12056,21
0.04,1.65,-11.96,-0.01,0.16,0.43,10.18,14.36,57.04,950.31,12094,12097,12
0.04,1.45,-10.67,0.05,0.06,1.46,10.18,14.36,57.04,950.40,12136,12139,0
-0.08,0.78,-10.12,-0.05,0.09,2.27,12.73,13.73,57.14,950.29,12176,12180,0
0.20,-0.90,-9.89,0.04,0.12,2.91,12.73,13.73,57.14,950.29,12218,12222,1023
0.04,0.16,-9.65,-0.03,0.13,3.14,16.73,11.55,57.24,950.22,12260,12264,1014
0.78,-0.55,-8.28,0.02,0.14,4.11,21.18,7.64,57.04,950.17,12301,12304,983
-0.75,0.67,-9.30,0.01,0.12,4.14,21.18,7.64,57.04,950.19,12343,12346,951
-0.55,-0.43,-9.96,0.02,0.11,4.23,25.64,2.09,56.84,950.13,12384,12387,920
0.59,-0.16,-9.22,-0.09,0.13,4.23,28.00,-4.73,57.24,950.18,12426,12429,891
-0.51,-0.86,-10.20,-0.03,0.11,3.94,28.00,-4.73,57.24,950.11,12467,12470,865
-0.67,0.16,-10.59,-0.03,0.11,3.64,28.64,-11.27,57.04,950.08,12509,12512,841
-0.27,-1.45,-9.14,-0.08,0.11,3.28,28.64,-11.27,57.04,950.16,12550,12554,816
-0.59,0.27,-10.20,0.01,0.12,3.51,27.91,-17.09,57.55,950.11,12592,12595,792
-0.59,0.04,-9.69,-0.02,0.13,3.61,25.64,-22.55,57.45,950.15,12634,12637,767
-0.55,0.63,-9.61,-0.01,0.11,3.55,25.64,-22.55,57.45,950.18,12675,12678,739
-1.69,-0.35,-10.63,-0.00,0.13,3.95,22.36,-27.73,57.65,950.14,12717,12720,718
-0.35,0.51,-9.53,-0.00,0.08,2.65,0.00,0.00,0.00,950.11,12758,12760,702
-0.82,0.12,-9.85,0.00,-0.04,2.18,18.18,-31.45,57.96,950.20,12799,12802,685
0.27,1.29,-10.36,0.03,0.03,2.30,14.64,-33.09,58.27,950.08,12840,12844,669
-0.55,0.31,-10.08,0.02,0.06,2.25,14.64,-33.09,58.27,950.10,12882,12885,655
-0.78,-0.47,-10.08,-0.01,0.04,1.96,11.27,-34.73,58.27,950.13,12924,12927,644
-0.20,0.04,-9.77,-0.07,0.05,1.31,8.45,-35.27,58.37,950.11,12965,12968,633
-0.59,0.75,-9.57,-0.11,0.02,1.54,8.45,-35.27,58.37,950.08,13007,13010,620
-0.43,-0.04,-9.26,-0.09,0.09,1.93,6.00,-36.09,58.27,950.16,13048,13051,607
-0.16,0.08,-9.96,-0.15,0.07,1.58,6.00,-36.09,58.27,950.11,13090,13093,599
-0.31,-0.24,-9.92,-0.08,0.03,1.18,3.09,-36.45,58.47,950.11,13131,13134,591
-0.55,-0.08,-10.24,-0.13,0.03,0.92,1.18,-36.82,58.37,950.08,13173,13176,586
-0.51,0.67,-9.85,-0.05,0.05,0.53,1.18,-36.82,58.37,950.15,13215,13218,580
-0.75,0.59,-9.38,-0.09,0.08,0.81,-0.18,-36.64,58.47,950.24,13256,13259,576
-0.16,-0.08,-9.22,-0.02,0.04,0.54,-1.27,-36.64,58.57,950.17,13298,13301,571
0.59,3.61,-3.22,0.06,0.05,0.67,-1.27,-36.64,58.57,950.16,13339,13342,565
1.49,-3.80,-11.53,-0.02,0.03,0.89,-2.36,-36.27,58.47,950.14,13381,13384,559
2.55,-3.84,-10.28,0.04,0.06,0.70,-2.36,-36.27,58.47,950.23,13422,13425,559
-0.08,-0.63,-11.26,-0.01,0.03,0.08,-3.55,-36.00,58.57,950.19,13464,13467,558
-0.94,0.55,-11.41,-0.04,0.01,0.06,-3.82,-35.82,58.88,950.14,13505,13508,558
-0.55,0.82,-9.69,-0.04,0.03,-0.03,-3.82,-35.82,58.88,950.19,13547,13550,558
-0.27,0.16,-9.85,0.01,0.06,-0.05,-4.00,-35.73,58.88,950.17,13589,13592,560
-0.59,0.04,-9.73,-0.01,0.04,-0.34,-3.27,-35.91,58.27,950.26,13630,13633,564
-0.55,0.35,-9.92,-0.00,0.04,-0.48,-3.27,-35.91,58.27,950.18,13672,13675,566
-0.55,0.27,-9.92,-0.03,0.04,-0.33,-2.55,-35.82,58.67,950.10,13712,13716,568
-0.35,-0.08,-9.89,0.00,0.06,-0.36,-2.55,-35.82,58.67,950.11,13754,13758,572
-0.43,0.27,-9.77,-0.01,0.03,-0.54,-2.09,-36.09,58.78,950.17,13795,13798,575
-0.59,0.12,-9.92,-0.02,0.06,-0.44,-1.27,-36.27,58.67,950.17,13837,13840,580
-0.04,0.67,-9.53,0.01,0.05,-0.72,-1.27,-36.27,58.67,950.21,13878,13881,585
-0.35,-0.04,-9.85,-0.01,0.03,-0.71,-0.27,-36.27,58.78,950.14,13920,13923,595
-0.59,0.04,-9.65,0.01,0.01,-1.62,-0.27,-36.27,58.78,950.20,13961,13964,607
-0.31,-0.04,-9.81,0.02,-0.00,-1.57,1.45,-36.18,58.47,950.18,14003,14006,617
-0.51,-0.08,-9.57,-0.09,0.01,-1.42,4.27,-36.36,58.57,950.12,14044,14047,627
-0.55,-0.47,-10.24,-0.10,0.02,-1.41,4.27,-36.36,58.57,950.14,14086,14089,640
-0.67,0.00,-9.65,-0.04,0.01,-1.95,6.91,-36.09,58.67,950.12,14128,14131,658
-0.08,-0.24,-10.00,0.00,0.05,-2.45,10.64,-35.27,58.16,950.06,14169,14172,675
-1.02,-0.39,-9.73,-0.03,-0.01,-2.61,10.64,-35.27,58.16,950.11,14211,14214,699
-0.27,-0.27,-9.65,-0.03,-0.01,-3.25,14.73,-33.64,58.16,950.08,14252,14255,722
-0.86,-0.47,-9.73,-0.03,-0.05,-3.25,14.73,-33.64,58.16,950.03,14294,14297,749
-0.63,-0.43,-9.45,-0.05,-0.03,-3.82,19.73,-30.55,57.86,950.12,14336,14339,775
-0.63,0.24,-10.04,-0.06,0.07,-3.71,24.18,-25.73,57.55,950.12,14377,14380,799
0.31,0.71,-9.49,-0.07,0.01,-3.53,24.18,-25.73,57.55,950.22,14419,14422,825
-0.55,-0.71,-9.26,-0.03,-0.07,-3.74,27.09,-20.73,57.35,950.08,14460,14463,852
-0.82,-0.78,-9.92,-0.04,-0.04,-3.86,28.73,-14.27,57.14,950.11,14502,14505,878
-0.39,-0.08,-10.36,-0.13,0.04,-3.47,28.73,-14.27,57.14,950.09,14544,14547,899
-0.12,-0.43,-9.65,-0.06,0.01,-2.83,29.18,-8.73,56.84,950.16,14585,14588,922
0.67,-0.16,-9.30,-0.08,-0.03,-3.12,29.18,-8.73,56.84,950.16,14627,14630,943
-0.24,0.31,-10.08,-0.04,0.02,-2.83,28.45,-3.64,56.84,950.20,14668,14671,964
0.12,-1.06,-9.45,-0.05,-0.01,-2.96,26.64,0.82,56.84,950.16,14710,14713,987
-0.24,-0.78,-9.61,-0.04,0.01,-3.07,26.64,0.82,56.84,950.22,14751,14754,1011
-1.96,-1.65,-10.00,-0.08,-0.01,-3.12,24.00,5.27,56.73,950.27,14793,14796,1023
0.08,-0.04,-9.65,-0.02,-0.03,-3.36,24.00,5.27,56.73,950.29,14835,14838,1018
0.27,-1.88,-10.28,-0.03,-0.04,-3.41,20.00,9.55,56.94,950.23,14876,14879,0
-0.27,-0.31,-9.85,-0.05,-0.00,-3.40,15.27,12.82,57.04,950.30,14918,14921,18
0.31,-0.27,-9.53,-0.02,-0.09,-2.99,15.27,12.82,57.04,950.32,14959,14962,38
0.27,-0.82,-10.47,-0.03,-0.06,-2.50,10.18,14.91,56.84,950.53,15001,15004,51
-0.98,0.71,-8.98,-0.04,0.08,-1.78,6.55,15.82,57.04,950.47,15042,15045,60
-0.94,-0.63,-10.04,-0.03,0.07,-1.14,6.55,15.82,57.04,950.52,15084,15087,67
-0.20,0.67,-10.16,0.01,0.03,-1.14,4.64,15.64,57.04,950.50,15125,15128,74
0.59,-0.39,-10.24,0.03,0.00,-0.82,4.64,15.64,57.04,950.55,15167,15170,80
0.35,1.10,-9.22,-0.01,-0.04,-0.92,2.64,16.09,57.14,950.58,15208,15211,82
0.82,1.26,-7.92,-0.05,0.06,-0.05,1.73,16.00,57.35,950.57,15249,15253,72
-0.47,0.67,-8.90,-0.18,0.15,1.81,1.73,16.00,57.35,950.57,15290,15294,58
0.39,-1.41,-9.81,-0.04,0.11,1.83,4.36,15.36,57.35,950.65,15332,15336,55
-0.04,-0.20,-9.92,-0.02,0.04,0.15,6.00,15.36,57.14,950.63,15373,15376,54
0.16,-0.35,-9.92,-0.06,0.07,-0.03,6.00,15.36,57.14,950.55,15415,15418,54
0.24,-0.47,-9.89,-0.01,0.03,0.01,6.09,15.45,57.35,950.57,15456,15459,54
0.12,-0.24,-9.89,-0.03,0.05,-0.00,6.09,15.45,57.35,950.57,15498,15501,54
0.12,-0.24,-9.92,-0.02,0.05,-0.01,5.82,15.36,57.24,950.56,15539,15542,54
-0.04,-0.51,-9.96,-0.00,0.04,-0.00,5.73,15.64,57.14,950.62,15581,15584,54
1.37,-1.45,-10.32,-0.11,0.11,-0.06,5.73,15.64,57.14,950.53,15622,15625,54
-0.35,-0.75,-10.00,0.04,0.04,-0.02,5.73,15.55,58.06,950.61,15664,15667,54
0.20,0.24,-9.65,-0.02,0.04,-0.00,5.73,15.55,58.06,950.61,15705,15708,54
0.31,-0.51,-9.81,-0.02,0.05,-0.01,5.73,15.55,57.14,950.63,15747,15750,54
2.43,-2.16,-9.02,-0.05,0.06,-0.01,5.64,15.45,57.35,950.67,15788,15791,56
0.39,-0.78,-9.73,0.03,-0.03,-0.32,5.64,15.45,57.35,950.63,15830,15833,64
0.86,0.39,-9.85,0.04,-0.04,-1.37,5.45,15.64,57.45,950.65,15871,15874,76
0.82,-0.90,-11.38,-0.09,-0.05,-1.52,3.18,15.55,57.55,950.61,15913,15916,89
0.16,1.06,-8.55,0.01,-0.06,-1.84,3.18,15.55,57.55,950.66,15954,15957,104
-0.16,0.24,-9.89,-0.05,-0.05,-2.09,0.09,15.91,57.55,950.62,15996,15999,116
0.67,0.31,-9.18,-0.08,0.01,-1.83,0.09,15.91,57.55,950.67,16037,16040,130
0.20,-1.45,-9.96,-0.05,-0.02,-2.04,-2.82,14.82,57.86,950.65,16079,16082,149
-1.02,-0.51,-9.73,-0.09,0.00,-2.91,-7.09,13.45,57.86,950.73,16120,16123,170
0.47,-0.20,-9.53,-0.08,0.01,-2.92,-7.09,13.45,57.86,950.68,16162,16165,188
-0.24,-0.08,-10.12,-0.03,0.02,-2.91,-11.55,11.36,58.37,950.65,16203,16206,212
-0.47,0.12,-9.92,-0.06,-0.00,-3.89,-16.09,7.82,58.47,950.60,16245,16248,232
-0.63,-0.20,-9.77,-0.19,0.08,-3.19,-16.09,7.82,58.47,950.63,16286,16289,254
0.27,1.10,-9.26,-0.10,0.05,-3.69,-19.55,2.91,58.88,950.51,16328,16331,280
0.04,0.94,-8.59,-0.08,0.02,-4.19,-19.55,2.91,58.88,950.55,16370,16373,305
-0.94,-0.20,-10.87,-0.17,0.16,-3.74,-22.36,-3.64,58.98,950.55,16411,16414,320
0.78,2.63,-8.98,-0.50,0.54,-2.23,-23.64,-9.45,58.88,950.45,16453,16456,322
0.16,1.02,-9.57,0.06,0.09,0.12,-23.64,-9.45,58.88,950.36,16494,16497,322
0.71,1.02,-9.57,-0.01,0.04,-0.01,-24.45,-10.27,58.37,950.39,16536,16539,322
0.00,0.04,-9.81,-0.04,0.03,0.02,-24.45,-10.27,58.37,950.37,16577,16580,322
-0.31,-0.55,-11.38,0.26,-0.20,0.00,-24.27,-10.09,58.67,950.42,16619,16622,322
-0.04,0.20,-9.89,0.16,-0.09,-0.02,-23.91,-9.45,59.08,950.32,16661,16664,322
0.20,0.39,-9.89,0.03,-0.00,-0.01,-23.91,-9.45,59.08,950.32,16702,16705,322
0.35,-0.16,-9.96,0.05,0.02,0.06,-23.73,-9.18,58.78,950.35,16744,16747,320
0.08,0.63,-10.04,0.12,-0.10,0.26,-23.55,-8.73,58.78,950.29,16784,16788,320
1.10,-0.12,-8.67,-0.04,-0.04,0.10,-23.55,-8.73,58.78,950.34,16826,16830,325
-0.16,0.16,-10.08,-0.05,-0.06,-0.88,-23.00,-9.00,59.49,950.37,16867,16870,331
-0.27,0.08,-10.04,-0.03,-0.01,-0.97,-23.00,-9.00,59.49,950.27,16909,16912,337
-1.96,0.63,-11.96,-0.03,0.00,-0.94,-22.82,-10.45,59.49,950.25,16950,16953,344
-0.35,0.20,-10.00,0.01,-0.00,-1.18,-22.91,-12.09,59.59,950.22,16992,16995,355
-0.20,-0.71,-9.65,0.06,-0.06,-1.88,-22.91,-12.09,59.59,950.33,17034,17037,371
0.04,-0.24,-9.65,0.16,-0.10,-2.46,-22.45,-14.91,59.59,950.32,17075,17078,389
-0.39,0.00,-10.87,-0.00,-0.07,-2.59,-20.91,-18.36,60.00,950.23,17117,17120,410
-2.28,1.10,-10.59,-0.15,-0.06,-3.27,-20.91,-18.36,60.00,950.27,17158,17162,436
-0.71,0.24,-9.77,-0.15,-0.09,-3.74,-18.64,-23.45,60.10,950.31,17200,17203,461
-1.37,1.33,-9.61,-0.08,-0.14,-3.43,-18.64,-23.45,60.10,950.29,17242,17245,486
1.33,-1.41,-8.90,0.03,-0.08,-3.41,-14.36,-28.00,60.00,950.35,17283,17286,506
-0.04,-2.24,-9.73,-0.07,-0.11,-2.61,-9.91,-30.55,60.31,950.32,17325,17328,521
0.20,-2.71,-9.22,-0.12,-0.05,-1.94,-9.91,-30.55,60.31,950.25,17367,17370,533
-0.43,-2.55,-10.47,-0.09,-0.09,-1.52,-6.82,-32.45,60.20,950.29,17408,17411,543
-1.29,0.20,-8.55,-0.22,-0.01,-1.31,-4.55,-33.82,59.90,950.30,17450,17453,556
0.16,0.24,-11.81,0.01,0.01,-1.80,-4.55,-33.82,59.90,950.32,17491,17494,567
-0.39,-2.98,-8.98,-0.11,0.08,-1.66,-2.27,-34.36,59.59,950.28,17533,17536,576
-1.10,0.00,-8.08,0.01,-0.03,-1.09,-2.27,-34.36,59.59,950.24,17574,17577,583
-0.04,0.78,-9.41,-0.01,-0.01,-0.87,0.27,-34.82,59.69,950.20,17616,17619,586
-0.43,0.00,-9.73,-0.08,0.04,-0.44,1.36,-35.55,59.69,950.30,17657,17660,588
-1.14,-0.16,-10.32,0.03,0.14,-0.34,1.36,-35.55,59.69,950.26,17699,17702,590
-0.63,-0.24,-9.92,0.02,0.03,-0.30,1.73,-35.27,59.59,950.30,17741,17744,592
-0.75,-0.35,-9.53,-0.06,0.01,-0.27,1.73,-35.27,59.59,950.31,17782,17785,595
-0.47,0.20,-10.12,-0.10,0.01,-0.34,2.00,-35.00,59.39,950.31,17824,17827,597
-1.73,-1.29,-11.96,-0.11,-0.02,-0.26,2.55,-35.73,59.18,950.33,17865,17868,597
-2.94,-1.84,-10.51,-0.14,-0.03,0.00,2.55,-35.73,59.18,950.26,17907,17910,599
-0.27,-1.22,-10.32,0.09,0.10,-0.32,3.27,-35.73,59.29,950.37,17948,17952,600
-2.00,-1.57,-9.18,-0.07,-0.05,-0.24,3.55,-35.64,58.98,950.43,17990,17993,601
-0.98,0.63,-10.04,-0.08,-0.01,-0.16,3.55,-35.64,58.98,950.35,18032,18035,604
-1.45,0.51,-9.61,-0.03,0.09,-0.20,4.00,-35.73,59.08,950.34,18073,18076,604
-0.55,0.47,-9.65,-0.42,0.07,-0.00,4.00,-35.73,59.08,950.40,18115,18118,604
-1.33,-0.04,-9.30,-0.00,-0.02,-0.01,3.91,-36.27,58.37,950.37,18156,18159,604
-1.02,-0.63,-10.75,0.41,0.10,-0.06,4.09,-36.45,59.08,950.31,18198,18201,605
-0.24,-0.90,-10.04,0.14,0.11,-0.21,4.09,-36.45,59.08,950.39,18239,18243,606
-0.63,-0.24,-9.57,-0.01,0.03,-0.15,4.27,-35.73,59.39,950.31,18281,18284,610
-1.49,0.04,-8.94,0.02,0.11,-0.48,4.55,-35.82,59.49,950.36,18323,18326,615
-0.39,-0.67,-9.57,0.05,0.22,-0.76,4.55,-35.82,59.49,950.39,18363,18367,629
-0.51,-0.20,-10.67,-0.23,-0.14,-2.16,6.45,-35.64,59.49,950.36,18405,18409,641
-0.78,-0.04,-10.04,0.00,0.07,-1.53,6.45,-35.64,59.49,950.28,18446,18449,652
-0.20,-0.55,-9.69,0.07,0.14,-1.53,9.09,-34.91,58.98,950.28,18488,18491,667
-0.47,-0.24,-8.08,0.05,-0.01,-2.16,11.73,-34.00,59.08,950.29,18529,18532,682
-0.75,-2.16,-8.08,0.51,0.52,-1.87,11.73,-34.00,59.08,950.28,18571,18574,694
1.29,3.88,-12.20,-0.04,0.02,-1.50,13.73,-32.00,59.69,950.26,18613,18616,703
-0.98,-1.57,-12.59,-0.04,-0.04,-1.35,13.73,-30.55,59.29,950.31,18654,18657,710
-0.78,-0.27,-12.51,-0.04,0.07,-0.75,15.82,-30.55,59.29,950.27,18696,18699,711
-0.27,0.39,-10.16,-0.07,0.15,-0.06,16.36,-30.09,59.69,950.39,18738,18741,710
-0.94,-0.08,-7.96,-0.06,0.07,0.07,16.36,-30.09,59.69,950.23,18779,18782,709
-0.04,2.67,-12.91,0.07,-0.13,-0.10,16.00,-30.36,59.59,950.21,18821,18824,715
-0.20,-0.16,-8.32,0.04,-0.06,-1.02,17.00,-29.36,59.69,950.22,18862,18865,716
-0.12,-1.49,-10.28,0.15,0.16,-0.01,17.00,-29.36,59.69,950.22,18904,18907,717
-0.20,-1.69,-10.20,0.03,0.10,-0.16,16.82,-29.27,59.80,950.18,18946,18949,718
-0.24,0.90,-9.73,0.14,0.09,-0.13,16.82,-29.27,59.80,950.15,18987,18990,719
0.16,-1.26,-9.69,0.08,0.10,-0.03,16.82,-29.00,60.00,950.18,19029,19032,719
0.04,-1.02,-10.40,-0.03,0.05,-0.11,16.91,-28.64,59.90,950.28,19071,19074,720
0.04,-0.35,-9.96,-0.04,0.03,-0.21,16.91,-28.64,59.90,950.16,19112,19115,721
0.12,-0.59,-9.85,-0.04,0.02,-0.29,17.18,-28.73,59.90,950.23,19154,19157,726
-0.47,-0.75,-9.96,-0.07,-0.01,-0.66,17.91,-28.18,59.80,950.16,19195,19198,730
-0.35,-0.51,-9.77,-0.02,0.01,-0.73,17.91,-28.18,59.80,950.16,19237,19240,738
0.55,-7.77,-12.83,0.05,0.00,-0.89,18.64,-27.73,59.80,950.19,19278,19282,748
-0.67,0.12,-11.30,0.05,-0.31,-1.53,18.64,-27.73,59.80,950.18,19320,19323,757
0.12,-0.39,-9.89,0.20,0.06,-1.24,21.09,-26.64,59.39,950.22,19362,19365,768
-0.90,-1.57,-10.20,0.34,-0.38,-1.50,22.91,-24.45,59.08,950.29,19403,19406,778
-0.08,0.27,-12.16,-0.05,-0.13,-1.38,22.91,-24.45,59.08,950.29,19445,19448,785
-0.71,-0.35,-10.08,-0.05,-0.11,-0.85,24.55,-22.82,58.67,950.23,19487,19490,793
-0.08,-1.65,-9.26,-0.08,-0.03,-1.23,25.55,-21.18,58.67,950.24,19528,19531,803
-0.27,-0.75,-9.14,0.00,-0.07,-1.69,25.55,-21.18,58.67,950.17,19570,19573,816
-0.27,-0.90,-9.45,-0.01,-0.19,-1.85,27.09,-18.82,57.96,950.18,19612,19615,832
-0.94,-1.33,-8.47,-0.14,-0.36,-2.57,27.09,-18.82,57.96,950.23,19653,19656,849
-0.63,-1.02,-10.67,-0.25,0.05,-2.15,28.82,-15.45,57.55,950.20,19695,19698,864
0.08,-1.29,-9.06,-0.23,0.03,-2.18,29.18,-12.00,57.86,950.19,19736,19739,881
-1.84,-0.16,-9.53,0.35,-0.01,-2.42,29.18,-12.00,57.86,950.15,19778,19781,900
-0.24,-1.41,-8.55,-0.04,-0.16,-2.69,28.82,-8.09,56.84,950.12,19820,19823,917
-0.35,1.26,-10.16,-0.04,-0.01,-2.26,28.45,-3.91,56.94,950.20,19861,19864,929
-0.08,-0.27,-9.38,-0.07,0.05,-1.35,28.45,-3.91,56.94,950.19,19903,19906,940
0.98,0.59,-7.61,-0.01,-0.01,-1.65,27.73,-1.55,56.53,950.26,19944,19947,948
0.35,-0.67,-9.85,-0.14,0.02,-1.04,27.73,-1.55,56.53,950.18,19985,19989,958
0.08,-0.98,-9.14,0.05,-0.00,-1.41,27.00,0.64,56.94,950.23,20026,20030,970
0.20,-2.08,-8.90,0.07,-0.03,-1.75,25.73,3.18,57.04,950.11,20068,20072,983
2.08,-0.08,-6.79,0.10,0.18,-1.53,25.73,3.18,57.04,950.14,20109,20112,996
0.75,-1.33,-10.94,0.35,-0.15,-1.68,24.36,5.36,56.84,950.16,20151,20154,1010
-0.27,-2.24,-10.40,-0.01,-0.01,-2.00,24.36,5.36,56.84,950.29,20193,20196,1023
-0.12,-0.90,-10.28,-0.05,0.03,-1.73,22.64,7.82,56.53,950.29,20234,20237,1023
-0.63,0.39,-10.20,-0.19,-0.03,-1.22,20.64,9.91,56.63,950.28,20276,20279,1023
-1.61,-6.00,-18.79,-0.09,-0.24,-1.37,20.64,9.91,56.63,950.39,20318,20321,1023
-0.31,-1.41,-12.12,0.12,0.06,-0.75,19.18,10.82,56.73,950.44,20359,20362,1023
0.16,-1.65,-11.10,0.05,0.02,-0.60,18.00,11.73,56.73,950.37,20401,20404,1016
-0.08,-0.90,-11.61,-0.05,0.01,-0.34,18.00,11.73,56.73,950.31,20442,20446,1007
-0.20,-1.53,-8.59,-0.04,0.04,0.00,17.45,12.09,56.73,950.36,20484,20487,996
-0.35,0.82,-9.73,-0.08,0.02,0.16,17.45,12.09,56.73,950.35,20526,20529,986
0.86,0.63,-9.73,-0.13,0.03,0.54,17.91,11.91,56.84,950.34,20567,20570,978
-0.55,3.06,-9.89,-0.26,-0.04,-0.05,18.45,11.18,56.94,950.28,20609,20612,972
2.28,-0.12,-9.41,0.08,0.14,-1.30,18.45,11.18,56.94,950.37,20650,20653,0
0.08,-0.75,-10.28,-0.07,0.05,-1.01,16.64,12.00,57.14,950.21,20692,20695,0
0.59,-0.08,-10.12,-0.09,0.01,-1.21,14.91,13.00,56.73,950.19,20733,20737,0
-0.63,-1.41,-10.16,-0.07,0.03,-0.85,14.91,13.00,56.73,950.23,20775,20778,0
0.16,-0.24,-9.26,-0.05,0.01,-0.83,13.91,13.27,57.35,950.22,20816,20819,4
-0.12,0.31,-10.16,-0.08,0.04,-0.66,13.91,13.27,57.35,950.23,20858,20861,9
-0.27,0.00,-10.20,-0.10,0.04,-0.51,12.82,13.64,57.55,950.20,20899,20903,12
-0.12,0.51,-9.53,0.00,0.06,-0.36,11.91,14.00,57.55,950.16,20941,20944,13
-0.35,-0.04,-9.14,-0.03,0.03,-0.22,11.91,14.00,57.55,950.18,20983,20986,14
-0.08,0.12,-9.69,-0.10,0.09,-0.19,11.55,14.00,57.45,950.19,21024,21027,16
0.98,-1.84,-11.14,-0.10,0.05,-0.22,11.55,14.00,57.45,950.23,21066,21069,20
-0.67,0.94,-6.79,-0.18,0.02,-0.69,11.09,13.91,57.76,950.22,21107,21110,24
0.47,-0.24,-10.47,-0.17,0.12,-0.67,10.00,13.64,57.86,950.30,21149,21152,26
1.33,1.69,-10.75,-0.07,0.13,-0.01,10.00,13.64,57.86,950.26,21190,21193,27
0.90,-0.55,-9.69,-0.02,0.05,-0.20,9.27,13.64,58.27,950.32,21232,21235,28
-0.94,1.84,-10.12,0.09,-0.00,-0.20,8.82,14.09,58.16,950.25,21273,21276,30
0.82,0.63,-10.71,0.12,0.08,-0.12,8.82,14.09,58.16,950.30,21315,21318,30
0.27,0.39,-10.32,0.02,0.03,0.02,8.82,14.18,58.06,950.33,21356,21359,30
0.20,0.16,-10.16,-0.02,0.05,-0.03,8.82,14.18,58.06,950.25,21398,21401,30
-0.12,0.63,-9.96,0.01,0.06,-0.09,8.91,14.27,58.06,950.36,21439,21442,30
0.00,-0.31,-9.57,-0.05,0.02,0.01,8.82,14.36,58.27,950.32,21481,21484,30
0.43,0.16,-9.73,0.01,0.03,0.01,8.82,14.36,58.27,950.33,21521,21525,30
0.08,-0.78,-9.85,0.11,0.03,0.04,8.82,14.36,58.06,950.29,21563,21567,31
-0.16,0.78,-9.77,-0.05,0.05,-0.01,9.18,14.55,58.06,950.25,21604,21608,30
0.31,-0.90,-8.63,0.02,0.06,-0.02,9.18,14.55,58.06,950.30,21646,21649,30
0.16,-1.06,-9.38,0.01,0.08,-0.04,8.91,14.55,57.55,950.28,21687,21690,31
0.43,-0.16,-10.00,0.02,0.06,-0.10,8.91,14.55,57.55,950.32,21728,21731,31
5.96,-5.30,-11.73,-0.05,0.11,-0.04,8.64,14.82,57.65,950.35,21770,21773,33
-0.24,0.67,-11.22,0.04,0.01,-0.27,8.55,14.91,57.45,950.23,21812,21815,36
0.20,-0.86,-9.14,-0.21,0.05,-0.43,8.55,14.91,57.45,950.30,21853,21856,38
1.29,-3.02,-6.98,-0.62,0.09,-0.40,7.73,14.18,58.37,950.41,21894,21897,41
0.20,-1.14,-5.30,0.01,0.02,-0.32,7.73,14.18,58.37,950.47,21936,21939,45
0.04,0.04,-9.81,0.52,0.01,-0.61,7.18,13.91,58.37,950.37,21977,21980,50
-0.47,-0.71,-10.04,-0.34,0.05,-0.57,6.27,14.45,58.16,950.48,22019,22022,58
0.08,-1.18,-3.18,-0.06,0.06,-1.40,6.27,14.45,58.16,950.49,22060,22063,69
0.94,-0.78,-9.30,-0.14,0.07,-1.57,4.27,14.36,58.37,950.55,22102,22105,80
0.67,0.31,-10.55,-0.04,0.06,-1.55,1.55,14.73,58.16,950.50,22143,22146,92
0.75,0.82,-9.89,-0.27,0.08,-1.79,1.55,14.73,58.16,950.62,22185,22188,106
0.43,0.39,-10.04,-0.01,0.11,-1.91,-1.45,14.09,58.67,950.72,22226,22229,121
-0.16,0.24,-9.65,-0.06,0.10,-2.13,-1.45,14.09,58.67,950.69,22268,22271,132
0.16,0.82,-10.24,0.01,0.12,-1.65,-5.00,13.36,58.98,950.65,22310,22313,144
1.53,-1.65,-10.04,0.09,0.02,-1.68,-7.82,12.82,58.67,950.49,22351,22354,154
-0.63,0.20,-10.87,-0.19,0.02,-1.63,-7.82,12.82,58.67,950.56,22393,22396,162
-0.12,-0.75,-8.75,0.05,-0.03,-1.08,-10.00,11.36,58.98,950.55,22434,22437,169
0.16,0.27,-10.24,0.05,0.06,-0.87,-11.64,10.45,58.67,950.52,22476,22479,175
0.51,-0.75,-10.20,-0.04,0.07,-1.02,-11.64,10.45,58.67,950.56,22517,22521,181
-0.08,-0.39,-9.06,-0.06,0.03,-0.76,-12.73,10.00,58.67,950.62,22559,22562,187
1.02,-1.14,-10.20,-0.08,0.02,-1.09,-12.73,10.00,58.67,950.74,22601,22604,194
-0.35,1.45,-10.36,-0.34,0.09,-1.01,-14.00,8.82,59.18,950.76,22642,22645,196
0.59,0.31,-9.85,-0.11,0.10,-0.55,-15.00,7.36,59.18,950.68,22684,22687,201
-0.12,0.47,-9.73,0.13,0.17,-0.65,-15.00,7.36,59.18,950.67,22725,22728,208
-0.35,2.75,-10.36,-0.09,0.15,-1.26,-16.00,6.82,58.98,950.67,22767,22770,216
0.78,-0.35,-9.10,-0.09,0.06,-1.14,-16.00,4.91,58.98,950.70,22809,22812,224
0.27,0.39,-10.28,-0.13,0.11,-1.48,-17.73,4.91,59.18,950.84,22850,22853,233
-0.59,0.51,-11.41,-0.06,0.09,-1.52,-19.09,2.45,58.98,950.74,22892,22895,243
0.78,-2.04,-8.87,-0.00,0.09,-1.57,-19.09,2.45,58.98,950.83,22933,22936,251
0.43,2.98,-8.79,0.08,0.17,-1.35,-20.82,0.36,58.98,950.72,22975,22978,263
-1.65,2.24,-8.67,0.06,0.11,-1.88,-21.64,-1.64,58.88,950.78,23016,23019,277
0.35,1.26,-10.20,0.14,0.08,-2.30,-21.64,-1.64,58.88,950.74,23057,23061,288
0.47,0.04,-5.37,0.28,0.08,-1.61,-23.00,-4.82,58.98,950.68,23098,23102,297
0.35,0.55,-0.86,-0.16,0.09,-1.47,-23.00,-4.82,58.98,950.70,23140,23144,308
-1.49,0.27,-11.77,0.09,0.23,-1.53,-23.64,-6.73,58.88,950.65,23181,23185,316
5.14,-14.47,-10.28,-0.61,0.13,-1.31,-24.27,-9.27,58.57,950.68,23223,23226,325
1.06,-1.18,-16.95,-0.53,0.12,-1.36,-24.27,-9.27,58.57,950.64,23265,23268,334
1.96,-2.75,-10.08,-0.13,0.11,-1.45,-24.27,-12.45,58.57,950.75,23306,23309,341
-0.04,0.39,-8.79,-0.05,0.12,-0.95,-24.36,-14.73,58.37,950.76,23348,23351,344
0.43,0.35,-10.51,-0.04,0.09,-0.51,-24.36,-14.73,58.37,950.75,23390,23393,348
-0.55,1.18,-10.36,-0.10,0.08,-0.50,-24.27,-16.00,58.37,950.72,23431,23434,350
0.27,0.86,-9.73,-0.12,0.10,-0.26,-24.27,-16.00,58.37,950.66,23473,23476,351
0.20,1.14,-9.92,-0.11,0.10,-0.10,-24.09,-16.73,58.16,950.68,23515,23518,351
0.24,1.18,-9.77,-0.09,0.04,0.03,-24.09,-17.09,58.06,950.80,23556,23559,348
0.59,1.22,-9.49,-0.04,0.07,0.43,-24.09,-17.09,58.06,950.77,23598,23601,343
0.63,1.69,-9.18,0.01,0.05,0.81,-24.18,-16.45,58.16,950.69,23639,23642,338
0.51,1.02,-9.85,0.00,-0.00,0.73,-24.64,-14.73,57.96,950.77,23681,23684,331
0.20,1.06,-9.89,0.05,-0.03,1.01,-24.64,-14.73,57.96,950.72,23722,23725,318
0.47,1.26,-9.96,-0.03,0.00,2.17,-24.55,-12.18,58.47,950.77,23764,23767,299
0.08,1.45,-10.36,0.16,-0.12,2.72,-24.55,-12.18,58.47,950.69,23806,23809,278
0.75,1.06,-10.32,0.08,-0.07,3.24,-24.36,-7.36,58.47,950.70,23847,23850,257
1.06,0.08,-9.34,0.08,-0.19,3.50,-22.45,-1.27,58.57,950.50,23889,23892,236
-0.08,0.00,-9.96,-0.00,-0.13,3.38,-22.45,-1.27,58.57,950.51,23930,23933,214
-0.27,0.86,-10.59,-0.02,-0.10,3.52,-19.18,3.82,58.67,950.50,23972,23975,190
1.02,-0.08,-9.41,-0.06,-0.04,3.81,-19.18,3.82,58.67,950.40,24013,24016,164
-0.86,1.18,-9.92,-0.20,-0.18,3.69,-15.00,8.45,58.57,950.48,24055,24058,142
0.08,0.55,-9.57,-0.00,-0.26,3.08,-8.91,11.82,59.08,950.53,24096,24099,120
0.12,0.71,-9.77,-0.14,-0.07,3.22,-8.91,11.82,59.08,950.46,24138,24141,96
0.82,-0.35,-9.77,-0.01,-0.13,3.44,-3.82,13.36,58.88,950.49,24179,24182,71
-0.08,-0.27,-9.81,0.02,-0.05,3.37,2.55,14.18,58.67,950.46,24221,24224,51
0.20,0.08,-10.12,0.03,-0.05,2.80,2.55,14.18,58.67,950.54,24262,24265,30
-0.12,-0.51,-9.96,0.09,-0.04,2.97,7.27,13.36,58.47,950.56,24304,24307,6
0.24,0.24,-9.65,-0.01,0.02,3.05,7.27,13.36,58.47,950.43,24345,24348,0
-1.73,1.26,-9.26,0.31,-0.01,3.05,12.45,12.36,58.16,950.48,24387,24390,36
-1.33,4.08,-7.85,-0.15,0.08,2.30,17.00,11.36,57.24,950.45,24428,24431,1023
-2.79,-5.88,-11.61,-0.28,0.14,2.04,17.00,11.36,57.24,950.53,24470,24473,1023
0.51,1.37,-9.92,0.02,0.02,0.10,19.36,9.27,57.35,950.46,24512,24515,1023
-0.47,-1.14,-9.61,-0.08,0.05,0.80,20.36,8.45,57.45,950.39,24553,24556,1023
-0.24,-0.12,-10.08,-0.02,0.02,0.77,20.36,8.45,57.45,950.41,24595,24598,1014
0.08,-0.47,-10.28,-0.02,0.05,1.45,21.27,7.36,57.45,950.49,24635,24639,1002
-0.20,-0.75,-9.96,0.01,0.07,1.61,21.27,7.36,57.45,950.34,24677,24681,990
-0.04,-0.51,-10.36,-0.03,0.08,1.43,23.27,5.27,57.45,950.34,24719,24723,978
-0.12,-0.31,-10.04,-0.04,0.07,1.70,24.73,2.91,57.35,950.44,24760,24763,965
-3.26,-2.12,-15.46,0.03,-0.07,1.64,24.73,2.91,57.35,950.30,24802,24805,956
-0.12,-2.20,-10.67,0.10,0.08,1.20,26.00,0.73,57.35,950.37,24843,24846,943
-0.27,0.43,-10.59,-0.10,0.02,2.14,26.00,-1.73,57.35,950.34,24885,24888,929
-0.35,-0.90,-10.40,0.06,0.02,1.46,27.27,-1.73,57.35,950.43,24926,24930,922
0.12,-0.47,-9.45,-0.05,0.07,0.80,28.00,-4.27,57.04,950.37,24968,24971,917
-0.04,-0.08,-9.41,0.03,0.05,0.81,28.00,-4.27,57.04,950.41,25010,25013,909
-0.43,-2.55,-8.16,-0.10,0.08,0.97,28.55,-5.64,57.35,950.52,25051,25054,901
-0.35,-0.16,-9.61,-0.02,0.10,1.06,28.82,-7.09,57.35,950.45,25093,25096,895
-0.31,0.20,-10.24,-0.03,0.04,0.86,28.82,-7.09,57.35,950.56,25134,25137,887
-0.12,-0.24,-9.81,-0.02,0.05,1.20,28.73,-9.18,57.24,950.44,25176,25179,878
-0.08,-0.82,-9.18,-0.01,0.07,1.14,28.73,-9.18,57.24,950.33,25217,25220,871
-0.27,-0.55,-10.36,-0.06,0.10,0.96,29.09,-11.00,57.04,950.37,25259,25262,863
0.08,-1.53,-12.00,0.10,-0.03,1.35,28.82,-13.00,57.76,950.39,25301,25304,856
-1.02,-0.71,-10.87,0.19,-0.10,0.92,28.82,-13.00,57.76,950.50,25342,25345,852
-1.33,-0.63,-10.40,-0.03,-0.03,0.43,28.82,-14.00,57.35,950.36,25384,25387,851
-0.39,-0.31,-10.00,-0.11,0.07,0.03,28.55,-14.64,57.14,950.45,25425,25429,851
-1.02,-1.65,-10.63,-0.01,0.08,0.19,28.55,-14.64,57.14,950.47,25467,25470,850
0.12,-0.75,-11.34,-0.09,0.11,0.04,28.36,-15.00,57.55,950.45,25509,25512,848
1.53,-4.55,-7.26,-0.33,0.09,0.33,28.36,-15.00,57.55,950.49,25550,25553,845
3.06,-16.36,-3.80,-0.43,0.09,0.56,28.36,-16.64,57.35,950.35,25592,25595,845
0.04,-0.75,-11.53,0.03,0.08,0.02,28.36,-17.00,57.35,950.41,25634,25637,842
0.35,-0.43,-10.83,0.02,0.05,0.28,28.36,-17.00,57.35,950.39,25675,25678,840
-0.08,1.65,-10.00,0.12,0.04,0.39,28.27,-17.00,57.24,950.41,25717,25720,837
-0.27,-0.51,-11.02,0.05,0.04,0.45,28.18,-17.64,57.35,950.45,25758,25761,833
-0.67,-0.43,-10.00,0.24,0.04,0.53,28.18,-17.64,57.35,950.45,25800,25803,829
0.00,0.24,-9.77,0.01,0.04,0.61,27.91,-18.36,57.45,950.31,25842,25845,824
-0.63,-0.86,-9.73,0.07,0.02,0.69,27.91,-18.36,57.45,950.35,25883,25886,820
-0.75,-1.06,-10.12,0.05,0.03,0.57,27.64,-19.36,57.24,950.28,25925,25928,820
-0.78,-0.12,-10.16,0.08,-0.01,-0.02,27.27,-19.73,57.86,950.43,25966,25969,820
-0.47,0.16,-9.57,0.11,0.00,-0.01,27.27,-19.73,57.86,950.37,26008,26011,820
-0.63,-0.82,-9.85,0.01,0.03,-0.01,27.55,-19.73,57.24,950.31,26050,26053,820
-0.24,-0.39,-9.57,0.01,-0.00,0.01,27.55,-19.73,57.24,950.44,26091,26094,819
-0.39,0.12,-9.69,0.02,0.02,0.03,27.55,-19.73,57.24,950.45,26133,26136,816
0.20,-0.35,-9.49,0.03,0.06,0.67,27.36,-19.45,57.24,950.38,26174,26177,807
-0.47,-0.59,-9.89,0.01,0.07,1.33,27.36,-19.45,57.24,950.33,26216,26219,796
-0.35,-0.12,-9.89,-0.02,0.15,1.78,26.82,-21.18,57.55,950.35,26256,26261,779
-8.28,-8.55,-15.10,0.00,0.19,2.43,24.73,-24.36,57.86,950.35,26298,26302,760
1.37,-2.20,-14.00,-0.04,0.14,2.85,24.73,-24.36,57.86,950.37,26340,26344,742
-0.90,0.78,-9.18,-0.01,0.01,2.50,21.91,-28.18,58.06,950.42,26381,26384,723
-0.78,0.71,-8.87,-0.03,0.07,2.61,21.91,-28.18,58.06,950.43,26423,26426,708
-0.39,-1.26,-10.24,-0.06,0.04,1.81,18.64,-31.09,58.27,950.48,26465,26468,695
-0.63,-0.16,-10.36,-0.04,0.09,1.90,16.00,-32.82,58.57,950.43,26506,26509,681
-0.35,0.24,-10.32,-0.04,0.11,1.96,16.00,-32.82,58.57,950.40,26548,26551,667
-0.90,0.75,-10.59,-0.02,0.09,1.85,12.73,-34.18,58.27,950.44,26589,26593,651
2.00,-2.75,-14.63,0.04,0.10,2.34,9.55,-35.45,58.37,950.37,26631,26634,636
1.06,4.35,-5.14,-0.01,0.08,2.20,9.55,-35.45,58.37,950.40,26673,26676,623
1.18,-0.51,-3.77,-0.04,0.10,1.44,6.18,-36.09,58.88,950.40,26714,26717,609
-0.94,0.82,-11.89,-0.08,0.03,1.90,6.18,-36.09,58.88,950.29,26756,26759,588
-1.14,1.33,-10.55,0.13,-0.03,2.72,3.27,-36.18,58.88,950.40,26797,26800,566
-0.12,-0.35,-10.08,0.03,0.08,3.04,-1.27,-35.36,59.39,950.37,26839,26842,545
-0.31,-0.04,-8.87,0.01,0.08,2.73,-1.27,-35.36,59.39,950.34,26881,26884,525
-1.18,0.31,-10.83,0.02,0.11,2.68,-5.91,-34.36,59.49,950.38,26922,26925,502
-0.82,0.27,-10.20,0.00,0.12,3.22,-10.36,-32.00,59.29,950.35,26964,26967,474
-0.75,0.16,-9.38,0.08,0.16,4.08,-10.36,-32.00,59.29,950.35,27005,27008,442
-1.33,1.02,-9.92,0.08,0.16,4.42,-15.73,-27.27,59.69,950.30,27047,27050,408
-1.14,-0.12,-9.34,0.06,0.18,4.78,-15.73,-27.27,59.69,950.24,27089,27092,375
-1.33,-0.27,-10.94,0.00,0.16,4.88,-20.73,-20.73,59.59,950.28,27130,27133,348
-0.82,-0.27,-10.16,0.10,0.14,3.82,-22.64,-13.36,59.59,950.36,27172,27175,322
-6.08,-9.18,-16.71,0.23,0.15,3.84,-22.64,-13.36,59.59,950.37,27213,27217,298
-0.82,0.20,-10.98,0.12,0.16,3.50,-22.91,-6.36,59.29,950.36,27255,27258,277
1.92,13.38,-6.39,0.31,0.19,3.33,-22.91,-6.36,59.29,950.48,27297,27300,257
0.00,1.37,-8.98,0.16,0.23,3.13,-21.73,-0.09,58.57,950.42,27338,27341,236
-0.67,-1.84,-11.18,-0.21,0.25,3.50,-19.55,4.73,58.47,950.40,27380,27383,214
0.55,-1.45,-10.71,-0.07,0.20,3.64,-19.55,4.73,58.47,950.40,27421,27424,188
1.06,1.14,-10.32,-0.03,0.19,3.96,-15.73,9.09,57.86,950.49,27463,27466,160
-0.12,-0.78,-10.75,0.02,0.22,4.29,-9.55,13.18,57.76,950.40,27505,27508,133
0.12,-0.75,-9.18,0.05,0.19,3.85,-9.55,13.18,57.76,950.51,27546,27549,113
-0.47,-0.71,-9.45,-0.05,0.16,2.76,-4.09,15.36,57.35,950.48,27588,27591,96
-0.75,-5.53,-8.20,-0.11,0.12,2.38,-4.09,15.36,57.35,950.46,27629,27632,79
0.16,2.31,-9.53,0.02,0.09,2.35,0.00,15.45,57.65,950.48,27671,27674,60
3.06,-2.90,-10.71,0.03,0.11,2.63,4.45,15.45,57.14,950.40,27712,27715,41
0.47,-0.94,-9.73,0.07,0.09,2.43,4.45,15.45,57.14,950.55,27754,27757,27
-0.24,-0.75,-10.28,0.03,0.07,1.81,8.64,15.00,56.84,950.51,27795,27798,18
-0.08,-0.55,-9.65,0.02,0.08,1.18,11.00,14.64,56.94,950.58,27836,27840,8
-0.08,-0.24,-9.96,0.01,0.08,1.32,11.00,14.64,56.94,950.60,27877,27881,0
0.08,-0.59,-9.77,-0.02,0.13,2.05,13.55,13.82,56.94,950.64,27919,27923,0
0.08,-1.14,-9.89,-0.03,0.11,2.05,13.55,13.82,56.94,950.65,27960,27963,40
-0.24,-0.90,-10.20,-0.08,0.08,1.34,16.55,11.82,56.73,950.66,28002,28005,447
0.27,-0.63,-9.38,-0.06,0.06,1.09,18.55,10.45,57.14,950.62,28043,28046,1023
-0.20,-0.27,-9.85,-0.06,0.05,1.31,18.55,10.45,57.14,950.58,28085,28088,1023
0.04,-0.78,-9.89,-0.02,0.07,1.57,20.00,9.00,57.24,950.55,28126,28129,1023
-0.04,-1.14,-8.94,-0.01,0.06,0.72,21.55,7.45,56.94,950.56,28168,28171,1022
-0.16,-0.43,-9.81,-0.09,0.10,-0.09,21.55,7.45,56.94,950.59,28209,28212,1023
0.20,-0.75,-9.73,-0.12,0.09,-0.36,21.45,7.64,57.45,950.63,28251,28254,1023
-0.16,-0.51,-9.85,-0.07,0.06,-1.01,21.45,7.64,57.45,950.58,28293,28296,1023
-0.24,0.20,-9.96,-0.03,0.04,-1.24,20.36,8.18,57.24,950.65,28334,28337,1023
0.00,0.20,-9.57,-0.01,0.06,-0.57,18.82,9.45,57.45,950.59,28376,28379,1023
0.08,-0.47,-9.85,-0.02,0.05,-0.61,18.82,9.45,57.45,950.62,28417,28420,1023
0.00,-0.43,-9.81,0.05,0.04,-0.71,18.18,10.00,57.35,950.57,28459,28462,1010
0.24,-0.59,-9.77,0.00,0.03,-0.97,18.18,10.00,57.35,950.54,28501,28504,0
0.12,-0.78,-9.89,-0.00,0.02,-1.15,17.00,11.09,57.24,950.55,28542,28545,0
0.08,-0.71,-9.41,0.03,0.03,-1.60,15.27,12.36,57.35,950.58,28583,28586,2
0.16,-0.71,-10.28,-0.02,0.02,-2.02,15.27,12.36,57.35,950.56,28625,28628,19
0.20,-0.20,-10.04,-0.02,0.01,-2.34,12.00,14.00,57.14,950.54,28666,28670,35
0.43,-0.31,-9.53,-0.08,0.03,-2.02,8.73,15.00,57.65,950.54,28708,28711,53
-0.08,0.47,-9.53,-0.01,-0.02,-2.76,8.73,15.00,57.65,950.39,28749,28752,69
0.16,-0.24,-10.00,-0.15,0.05,-2.16,4.36,15.55,57.55,950.38,28791,28794,82
0.51,-0.27,-9.57,-0.04,0.03,-1.73,4.36,15.55,57.55,950.25,28832,28835,99
2.55,2.43,-8.20,-0.05,0.01,-2.48,1.36,15.45,58.16,950.36,28874,28877,116
-0.31,0.12,-9.41,-0.04,-0.03,-2.53,-3.09,14.82,58.16,950.51,28915,28918,133
-0.04,0.04,-9.53,-0.14,0.00,-2.45,-3.09,14.82,58.16,950.36,28957,28960,148
0.16,-0.16,-9.61,-0.15,0.02,-2.06,-6.91,13.36,58.37,950.35,28999,29002,161
0.12,-0.08,-10.16,-0.13,-0.02,-2.06,-10.00,11.82,58.67,950.35,29040,29043,179
0.08,-0.12,-9.77,-0.07,-0.02,-2.60,-10.00,11.82,58.67,950.31,29082,29085,198
0.04,1.33,-8.90,-0.09,-0.06,-3.03,-13.36,9.36,58.98,950.34,29123,29126,217
-0.16,1.61,-10.47,-0.17,0.04,-3.12,-13.36,9.36,58.98,950.35,29165,29168,237
-0.67,-0.75,-10.36,-0.12,0.07,-3.13,-17.36,5.45,59.29,950.35,29206,29209,258
-0.08,-0.35,-10.55,-0.02,0.09,-3.47,-20.00,0.64,59.69,950.37,29248,29251,281
0.12,1.61,-9.41,-0.21,0.06,-3.56,-20.00,0.64,59.69,950.36,29290,29293,304
0.00,0.67,-9.85,-0.13,0.06,-3.60,-22.27,-5.18,59.69,950.31,29331,29334,328
0.08,2.51,-12.63,-0.52,0.07,-3.61,-22.27,-5.18,59.69,950.16,29372,29376,349
-0.94,-0.35,-9.34,-0.20,0.20,-3.05,-23.00,-10.82,59.69,950.21,29413,29417,364
0.16,1.10,-9.65,-0.33,0.18,-2.28,-22.36,-16.18,59.18,950.19,29455,29459,371
0.16,0.86,-9.06,-0.24,0.10,-0.88,-22.36,-16.18,59.18,950.29,29496,29500,377
-0.31,0.55,-9.30,-0.14,0.05,-0.98,-22.73,-18.09,59.18,950.27,29538,29541,388
0.16,1.26,-9.26,0.06,0.04,-1.66,-22.00,-20.73,59.18,950.29,29580,29583,403
0.63,-1.37,-10.00,0.00,0.10,-2.47,-22.00,-20.73,59.18,950.19,29621,29624,421
2.94,2.55,-10.47,0.08,0.01,-2.05,-19.82,-24.00,59.08,950.26,29663,29666,433
0.86,1.14,-10.75,-0.11,0.01,-1.71,-19.82,-24.00,59.08,950.29,29704,29708,442
0.63,-1.73,-10.51,-0.02,0.04,-1.28,-18.18,-26.55,59.29,950.27,29746,29749,451
-0.98,-2.43,-4.16,0.13,0.09,-1.32,-16.55,-28.27,58.88,950.26,29788,29791,463
-1.10,-3.49,-7.77,0.12,0.00,-1.60,-16.55,-28.27,58.88,950.19,29829,29832,472
1.29,-0.59,-10.63,0.07,0.03,-1.15,-14.91,-29.82,59.29,950.12,29871,29874,481
-1.73,-0.90,-11.02,0.06,0.02,-1.20,-13.18,-31.09,59.49,950.26,29913,29916,495
1.45,0.24,-7.88,0.02,0.06,-2.06,-13.18,-31.09,59.49,950.24,29954,29957,513
-0.94,0.55,-10.79,-0.06,0.03,-2.39,-10.09,-32.91,59.59,950.27,29996,29999,529
-0.75,-0.86,-10.32,-0.00,-0.01,-2.05,-10.09,-32.91,59.59,950.24,30038,30041,544
-0.16,0.55,-7.73,-0.03,-0.00,-2.09,-6.91,-34.91,59.29,950.15,30079,30082,557
-0.51,2.12,-9.53,-0.09,0.02,-1.42,-3.55,-35.82,58.88,950.25,30121,30124,559
-0.31,-0.20,-9.85,-0.01,0.08,-0.19,-3.55,-35.82,58.88,950.23,30162,30165,562
-2.31,0.55,-9.92,0.00,0.03,-0.46,-2.82,-36.18,58.98,950.15,30204,30207,564
-0.35,0.12,-9.30,0.01,0.05,-0.22,0.00,0.00,0.00,950.21,30244,30247,564
-0.51,0.00,-9.92,-0.01,0.05,-0.06,-2.64,-35.91,59.08,950.11,30286,30289,564
-0.39,0.16,-9.85,-0.05,0.04,0.00,-2.36,-36.09,58.78,950.18,30327,30330,564
-0.51,0.63,-9.69,-0.03,0.04,-0.01,-2.36,-36.09,58.78,950.23,30369,30372,564
-0.43,0.00,-9.92,-0.03,0.04,-0.01,-2.45,-35.91,58.88,950.12,30410,30413,564
-0.59,0.16,-9.89,-0.03,0.04,-0.01,-2.55,-36.27,58.78,950.21,30452,30455,564
-0.47,0.27,-9.73,-0.03,0.04,0.00,-2.55,-36.27,58.78,950.28,30493,30496,564
-0.43,0.12,-9.73,-0.03,0.04,-0.00,-2.55,-36.09,58.78,950.24,30535,30538,564
-0.43,0.35,-9.85,-0.03,0.04,-0.00,-2.55,-36.09,58.78,950.26,30576,30579,563
-0.47,0.08,-9.85,-0.03,0.04,-0.00,-2.45,-36.18,58.98,950.25,30618,30621,563
-0.39,0.20,-9.77,-0.04,0.04,-0.01,-2.36,-36.36,58.88,950.26,30659,30662,563
-0.35,0.39,-9.81,-0.02,0.05,-0.01,-2.36,-36.36,58.88,950.19,30701,30704,563
-0.47,0.12,-9.61,-0.01,0.05,-0.01,-2.27,-36.27,59.18,950.22,30742,30745,563
-0.39,0.24,-9.92,-0.01,0.04,-0.01,-2.45,-36.36,58.88,950.20,30784,30787,563
-0.39,0.24,-9.73,-0.01,0.05,-0.01,-2.45,-36.36,58.88,950.31,30826,30829,563
-0.43,0.12,-9.85,-0.01,0.05,-0.01,-2.36,-36.36,59.08,950.29,30867,30870,563
-0.39,0.27,-9.77,-0.01,0.05,-0.01,-2.36,-36.36,59.08,950.32,30908,30912,563
-0.47,0.08,-9.69,-0.01,0.06,-0.01,-2.36,-36.09,59.29,950.39,30949,30953,563
-0.51,0.12,-9.73,-0.02,0.05,-0.01,-2.45,-36.18,59.18,950.39,30991,30995,563
-0.51,0.24,-9.73,-0.02,0.05,-0.01,-2.45,-36.18,59.18,950.37,31032,31035,563
-0.39,0.24,-9.57,-0.02,0.05,-0.01,-2.45,-36.00,59.18,950.38,31074,31077,563
-0.47,0.20,-9.89,-0.03,0.05,-0.01,-2.45,-36.27,59.18,950.44,31115,31118,564
-0.47,0.27,-9.96,-0.01,0.05,-0.02,-2.45,-36.27,59.18,950.33,31157,31160,564
-0.55,0.12,-9.77,-0.00,0.05,-0.02,-2.27,-36.45,58.78,950.41,31198,31201,564
-0.47,0.16,-9.85,-0.02,0.05,-0.01,-2.27,-36.45,58.78,950.36,31240,31243,564
-0.43,0.16,-9.81,-0.01,0.05,-0.02,-2.55,-36.18,58.88,950.38,31281,31284,565
-0.47,0.12,-9.81,-0.02,0.03,-0.10,-2.18,-36.36,58.88,950.30,31323,31326,567
-0.43,0.04,-9.89,-0.02,0.02,-0.47,-2.18,-36.36,58.88,950.27,31364,31367,572
-0.51,-0.04,-9.77,-0.02,0.02,-0.81,-1.45,-36.36,59.18,950.32,31406,31409,581
-0.47,0.31,-10.00,-0.01,0.03,-1.21,-1.45,-36.36,59.18,950.28,31448,31451,592
1.92,1.06,-11.85,-0.01,0.01,-1.57,0.27,-36.55,59.08,950.36,31489,31492,605
-0.63,2.20,-9.26,-0.02,-0.01,-1.83,3.36,-36.64,58.78,950.36,31531,31534,616
-0.67,-0.24,-10.51,-0.05,0.03,-1.51,3.36,-36.64,58.78,950.32,31572,31575,628
-0.71,0.24,-9.92,-0.04,0.02,-1.62,6.00,-36.45,58.57,950.29,31614,31617,641
-0.90,-1.10,-9.38,0.02,0.02,-1.87,9.00,-35.91,58.67,950.26,31655,31658,658
-0.35,0.24,-9.89,-0.08,-0.02,-2.45,9.00,-35.91,58.67,950.21,31697,31700,667
-1.02,0.90,-11.30,-0.05,0.08,-0.65,12.55,-35.00,58.57,950.23,31739,31742,671
-0.39,-0.24,-9.26,-0.01,0.05,-0.65,12.55,-35.00,58.57,950.27,31780,31783,686
-0.78,0.20,-10.32,-0.02,-0.05,-2.34,13.18,-34.55,58.37,950.23,31822,31825,703
-0.63,-1.10,-9.53,-0.01,-0.04,-2.54,17.09,-32.91,58.27,950.22,31863,31866,719
0.12,-0.47,-8.59,-0.04,-0.00,-2.19,17.09,-32.91,58.27,950.24,31905,31908,733
0.16,1.18,-10.04,-0.03,0.04,-1.79,19.82,-30.91,58.06,950.15,31947,31950,748
-1.37,0.75,-10.04,-0.16,0.02,-2.34,22.64,-28.36,57.76,950.22,31988,31991,762
2.00,0.98,-9.57,-0.11,0.20,-1.90,22.64,-28.36,57.76,950.16,32030,32033,773
-0.78,0.00,-9.85,-0.03,0.02,-1.60,24.55,-26.09,57.96,950.22,32071,32074,780
-0.63,0.04,-10.16,-0.03,0.04,-0.71,24.55,-26.09,57.96,950.18,32113,32116,783
-0.35,-0.47,-9.61,-0.02,0.05,-0.31,25.82,-24.45,57.86,950.13,32155,32158,785
-1.69,-2.00,-7.41,0.09,-0.05,-0.55,25.55,-23.82,57.96,950.10,32196,32199,787
-0.55,-0.82,-10.98,-0.03,0.01,-0.36,25.55,-23.82,57.96,950.08,32238,32241,790
-0.31,0.43,-10.16,0.01,0.05,-0.41,26.09,-23.55,57.86,950.17,32279,32283,794
0.04,-0.59,-9.38,-0.03,0.06,-0.62,26.09,-23.55,57.86,950.17,32321,32324,800
-0.90,0.04,-10.47,-0.02,0.05,-0.76,26.64,-22.45,57.96,950.20,32363,32366,806
0.04,0.20,-10.67,-0.02,0.02,-1.08,27.18,-21.18,57.76,950.14,32404,32407,814
-0.78,-0.16,-10.40,-0.04,0.04,-0.95,27.18,-21.18,57.76,950.06,32446,32449,817
-0.59,0.27,-9.96,-0.04,0.06,-0.45,27.73,-19.55,57.76,950.05,32488,32491,817
-0.47,-0.75,-9.73,-0.04,0.07,-0.01,27.64,-19.55,57.65,950.15,32528,32532,817
-1.06,-0.31,-10.20,-0.03,0.04,0.01,27.64,-19.55,57.65,950.13,32570,32574,816
-0.43,-0.39,-9.61,-0.02,0.05,0.10,27.73,-19.45,57.55,950.11,32611,32614,816
-0.43,-0.31,-10.00,0.00,0.05,-0.04,27.73,-19.45,57.55,950.07,32653,32656,816
-0.43,-0.78,-9.85,-0.05,0.06,0.01,27.82,-19.55,57.76,950.05,32695,32698,816
-0.51,-0.24,-9.89,-0.03,0.08,-0.03,27.73,-19.82,57.76,950.05,32736,32739,816
-0.27,-0.20,-9.96,-0.04,0.09,-0.04,27.73,-19.82,57.76,950.07,32778,32781,816
-0.43,-0.55,-9.81,-0.03,0.05,0.00,27.64,-19.45,58.06,950.07,32819,32822,817
-0.12,-0.20,-9.85,-0.05,0.07,-0.01,27.55,-19.82,58.06,950.07,32861,32864,816
-0.39,-0.39,-9.85,-0.02,0.04,0.02,27.55,-19.82,58.06,950.08,32902,32905,816
-0.35,-0.43,-9.73,-0.02,0.05,-0.01,27.64,-19.45,57.76,950.04,32944,32947,816
-0.47,-0.35,-9.92,-0.03,0.06,-0.01,27.64,-19.45,57.76,950.16,32986,32989,816
-0.47,-0.31,-9.69,-0.03,0.06,-0.01,27.73,-19.64,57.35,950.04,33027,33030,816
-0.47,-0.59,-9.65,-0.02,0.05,-0.01,27.64,-19.55,57.86,950.02,33069,33072,816
-0.43,-0.35,-9.96,-0.02,0.05,-0.01,27.64,-19.55,57.86,950.03,33110,33113,817
-0.27,-0.24,-9.85,-0.01,0.05,-0.01,27.64,-19.82,58.06,949.98,33152,33155,816
-0.31,-0.24,-9.92,-0.01,0.05,-0.01,27.45,-19.55,57.76,950.12,33193,33197,816
-0.31,-0.43,-9.77,-0.02,0.05,-0.01,27.45,-19.55,57.76,950.09,33235,33238,816
-0.39,-0.12,-9.89,-0.03,0.05,-0.01,27.73,-19.91,57.65,950.08,33277,33280,817
-0.35,-0.08,-9.81,-0.01,0.05,-0.01,27.73,-19.91,57.65,950.17,33318,33321,816
-0.24,-0.47,-9.73,-0.03,0.05,-0.00,27.45,-19.64,57.76,950.12,33360,33363,816
-0.35,-0.27,-9.65,-0.02,0.05,-0.01,27.45,-19.82,57.76,950.13,33401,33404,817
-0.35,-0.35,-9.85,-0.01,0.04,-0.01,27.45,-19.82,57.76,950.09,33443,33446,816
-0.35,-0.27,-9.89,-0.02,0.05,-0.01,27.64,-19.73,57.86,950.04,33485,33488,816
-0.39,-0.47,-9.73,-0.02,0.05,-0.01,27.64,-19.73,57.86,950.17,33526,33529,816
-0.43,-0.27,-9.77,-0.02,0.05,-0.01,27.55,-20.00,57.55,950.14,33568,33571,817
-0.27,-0.35,-9.81,-0.02,0.05,-0.01,27.27,-19.64,57.86,950.21,33609,33612,816
-0.35,-0.35,-9.89,-0.01,0.05,-0.01,27.27,-19.64,57.86,950.35,33651,33654,816
-0.27,-0.31,-9.73,-0.02,0.05,-0.01,27.45,-19.91,57.86,950.36,33693,33696,816
-0.43,-0.35,-9.89,-0.01,0.05,-0.01,27.18,-19.82,57.86,950.29,33734,33737,816
-0.43,-0.35,-9.81,-0.01,0.04,-0.02,27.18,-19.82,57.86,950.32,33776,33779,816
-0.43,-0.51,-9.89,-0.01,0.04,-0.03,27.45,-19.91,57.96,950.31,33817,33820,817
-0.35,-0.31,-9.89,-0.02,0.05,-0.03,27.45,-19.91,57.96,950.25,33859,33862,817
-0.43,-0.31,-9.85,-0.01,0.05,-0.03,27.64,-19.73,57.96,950.20,33900,33904,818
-0.35,-0.43,-9.89,-0.01,0.04,-0.17,27.45,-19.64,57.76,950.18,33942,33945,820
-0.47,-0.35,-9.77,-0.01,0.04,-0.26,27.45,-19.64,57.76,950.12,33984,33987,820
-0.47,-0.51,-9.89,-0.02,0.05,-0.14,27.91,-19.27,57.86,950.14,34025,34028,821
-0.39,-0.31,-9.92,-0.02,0.05,-0.09,27.73,-18.91,58.06,950.15,34067,34070,821
-0.31,-0.51,-9.73,-0.02,0.05,-0.01,27.73,-18.91,58.06,950.10,34107,34112,822
-0.43,-0.35,-9.92,-0.02,0.04,-0.21,27.73,-19.09,57.96,950.02,34149,34153,826
-0.43,-0.59,-10.04,-0.01,0.02,-0.70,27.73,-19.09,57.96,950.12,34191,34195,836
-0.39,-0.59,-9.53,-0.03,0.02,-1.46,28.27,-18.18,57.76,950.10,34232,34235,845
0.12,-0.51,-9.49,-0.03,0.02,-1.52,28.73,-15.73,57.96,950.08,34274,34277,857
0.04,1.06,-10.75,-0.03,0.01,-1.64,28.73,-15.73,57.96,950.01,34315,34318,868
-0.20,-1.14,-10.00,-0.03,0.00,-1.54,29.00,-13.27,57.76,950.08,34357,34360,879
-0.63,-0.35,-9.53,-0.01,0.01,-1.66,29.18,-10.18,57.65,950.09,34399,34402,888
0.08,-2.35,-8.63,-0.14,0.04,-1.20,29.18,-10.18,57.65,950.02,34440,34443,898
-0.82,0.24,-9.57,-0.02,0.02,-1.45,29.09,-8.36,57.45,949.96,34482,34485,909
0.04,1.69,-12.04,-0.09,0.02,-1.48,29.09,-8.36,57.45,950.09,34523,34526,920
-0.24,2.71,-10.71,-0.01,0.00,-1.59,28.73,-5.91,57.04,950.00,34565,34568,926
-0.04,-0.08,-10.71,-0.04,0.05,-0.60,28.36,-4.00,57.35,950.01,34607,34610,929
0.00,-1.65,-10.28,-0.02,0.05,-0.31,28.36,-4.00,57.35,950.09,34648,34651,930
0.00,0.35,-9.57,-0.02,0.04,-0.00,28.09,-3.18,57.55,950.16,34690,34693,929
-0.24,-0.43,-9.73,-0.01,0.04,0.02,28.09,-3.18,57.55,950.02,34731,34734,929
-0.31,-0.51,-10.04,-0.04,0.04,0.02,28.18,-3.55,57.14,950.04,34773,34776,930
-0.16,-0.67,-9.61,-0.06,0.06,-0.01,28.00,-3.45,57.55,950.07,34814,34817,930
-0.24,-0.39,-9.85,-0.02,0.06,-0.00,28.00,-3.45,57.55,949.97,34856,34859,929
-0.12,-0.59,-9.77,-0.01,0.03,0.04,28.18,-3.18,57.76,949.98,34897,34900,928
-0.20,-0.16,-9.96,-0.03,0.05,0.23,28.09,-3.55,57.45,950.06,34939,34942,927
-0.12,-0.39,-9.92,-0.01,0.04,0.07,28.09,-3.55,57.45,950.02,34980,34983,926
-0.27,-0.35,-9.81,-0.03,0.05,0.03,28.27,-3.82,57.35,950.04,35022,35025,926
