0.24,0.24,-10.36,-4.20,3.98,2.13,-9.64,-47.27,20.20,970.86,37,40
0.00,0.08,-10.08,-0.96,0.44,-0.06,-9.18,-47.00,19.90,970.93,78,81
0.24,0.63,-9.73,-0.21,0.17,-0.04,-9.18,-47.00,19.90,970.86,119,122
0.20,0.63,-10.63,-0.19,0.25,-0.11,-9.27,-46.73,19.59,970.96,160,163
0.31,0.39,-9.45,-0.21,0.27,-0.09,-9.27,-46.73,19.59,970.90,202,205
0.51,0.98,-9.45,-0.09,0.24,-0.08,-9.00,-46.82,18.47,970.92,243,246
0.47,0.35,-9.77,-0.11,0.39,0.05,-9.09,-46.82,17.86,970.94,284,287
0.39,0.24,-9.10,0.14,0.55,-0.07,-9.09,-46.82,17.86,970.87,325,328
0.43,0.67,-10.40,0.53,0.58,-0.62,-9.36,-46.27,18.06,970.92,366,369
1.26,-3.22,-7.49,0.12,0.63,-0.25,-9.36,-45.73,18.06,970.99,407,410
3.41,1.18,-8.63,0.17,0.91,0.00,-9.36,-45.73,18.06,970.96,448,451
1.73,0.43,-9.41,0.36,0.65,-0.34,-9.82,-45.45,17.96,970.78,489,492
1.96,-0.16,-9.10,0.05,0.85,-0.27,-9.82,-45.45,17.96,970.96,529,533
2.00,0.59,-10.40,0.23,0.47,-0.49,-10.27,-45.55,17.35,970.87,570,574
3.41,-0.71,-9.22,-0.17,0.37,-0.15,-10.00,-46.00,17.35,970.91,611,616
2.39,-0.16,-9.53,-0.21,0.26,-0.27,-10.00,-46.00,17.35,970.93,653,656
1.92,0.43,-9.30,-0.19,0.35,-0.52,-9.55,-46.45,16.33,970.94,694,697
2.47,0.94,-9.65,0.03,0.74,-0.27,-9.55,-46.45,16.33,970.94,735,738
3.53,0.31,-9.26,0.06,0.87,-0.03,-9.64,-46.91,15.92,970.85,776,779
2.67,1.57,-10.90,0.03,0.45,-0.03,-10.36,-46.91,15.41,970.92,817,820
2.86,1.73,-10.59,0.14,0.43,0.21,-10.36,-46.91,15.41,970.83,858,861
2.35,1.33,-10.20,0.47,0.88,0.12,-11.18,-46.27,15.61,970.84,899,902
2.75,-1.80,-10.59,0.31,1.15,0.01,-12.55,-45.09,16.12,971.03,940,944
3.37,0.47,-9.81,-0.22,1.63,-0.02,-12.55,-45.09,16.12,970.88,982,985
4.98,1.84,-8.59,0.06,2.19,-0.23,-14.64,-45.00,14.59,970.88,1023,1026
5.88,0.20,-7.45,0.83,1.91,0.37,-14.64,-45.00,14.59,970.99,1064,1067
6.51,-0.24,-7.34,0.99,1.70,0.68,-18.09,-42.82,14.49,970.86,1105,1108
7.14,-0.90,-7.45,0.42,1.39,-0.15,-20.82,-40.82,14.29,970.86,1146,1150
8.08,-1.53,-8.47,0.46,1.73,-0.44,-20.82,-40.82,14.29,970.86,1188,1191
7.53,-0.24,-6.59,0.25,2.25,-0.66,-22.55,-40.36,12.96,970.88,1229,1232
7.81,0.43,-3.61,0.30,2.13,-0.13,-22.55,-40.36,12.96,970.85,1270,1273
8.79,-1.65,-3.53,0.37,1.37,0.32,-24.55,-39.64,10.31,970.95,1311,1314
8.12,-0.59,-3.22,0.10,1.09,0.08,-26.64,-38.64,8.88,970.85,1353,1356
9.26,-0.43,-4.59,0.09,0.87,-0.21,-26.64,-38.64,8.88,970.80,1394,1397
8.79,0.00,-2.51,0.17,1.25,-0.06,-27.55,-38.27,7.55,970.84,1435,1438
9.81,-0.75,-3.37,0.01,0.84,0.23,-27.55,-38.27,7.55,970.80,1476,1479
9.22,-1.37,-2.31,0.03,1.07,0.15,-28.73,-37.00,5.71,970.84,1517,1520
9.49,-1.10,-2.47,-0.19,0.67,0.08,-29.55,-36.73,3.98,970.92,1558,1561
9.22,-0.59,-1.45,-0.10,0.85,-0.12,-29.55,-36.73,3.98,970.90,1600,1603
9.06,-0.75,-0.98,0.01,0.73,0.05,-30.36,-36.36,2.24,970.84,1641,1644
9.18,-1.33,-0.82,-0.12,0.38,-0.00,-30.73,-36.09,1.02,970.88,1681,1685
8.71,-0.75,-0.16,-0.13,0.25,-0.12,-30.73,-36.09,1.02,970.92,1722,1726
9.22,-1.26,-0.31,-0.04,-0.19,0.02,-30.91,-36.09,0.71,970.93,1763,1766
9.06,-0.86,-0.31,-0.17,-0.75,0.15,-30.91,-36.09,0.71,970.88,1805,1808
9.14,-1.29,-1.53,-0.72,-1.66,0.47,-30.91,-35.82,2.04,970.87,1846,1849
9.73,-1.45,-3.18,-0.48,-1.60,-0.09,-30.18,-35.64,4.59,970.95,1887,1890
9.10,-0.98,-0.16,0.00,-1.02,-0.10,-30.18,-35.64,4.59,970.83,1928,1931
9.81,-5.26,-6.51,0.05,-2.48,0.95,-29.09,-35.27,7.86,970.85,1969,1972
8.87,0.04,-6.79,-0.28,-1.21,-0.21,-29.09,-35.27,7.86,970.81,2010,2013
7.14,-1.18,-3.88,-0.49,-1.12,0.30,-27.73,-35.18,11.33,970.92,2052,2055
10.24,-2.63,-8.04,-0.80,-1.30,0.00,-26.27,-35.73,12.86,970.95,2093,2096
7.45,-1.49,-4.12,-0.80,-0.59,-0.43,-26.27,-35.73,12.86,970.95,2134,2137
9.02,-0.31,-7.85,-0.42,-1.28,-1.09,-24.91,-37.09,13.37,970.79,2175,2179
6.90,0.67,-5.69,-0.43,-1.46,-0.80,-21.91,-39.36,15.51,970.82,2217,2220
6.24,0.98,-5.10,0.29,-1.77,-0.22,-21.91,-39.36,15.51,970.87,2258,2261
5.30,-0.55,-7.41,0.17,-2.72,-0.13,-18.18,-39.00,18.98,970.86,2299,2302
4.94,-1.06,-9.14,-0.06,-2.20,-0.25,-18.18,-39.00,18.98,970.91,2340,2343
3.02,0.39,-7.49,0.05,-2.07,-0.08,-13.91,-39.73,21.73,970.85,2382,2385
2.51,-0.39,-8.32,0.21,-2.53,-0.05,-9.36,-40.00,23.27,970.84,2423,2426
2.59,-0.04,-11.02,0.02,-1.84,-0.06,-9.36,-40.00,23.27,970.77,2464,2467
1.06,-1.26,-7.92,0.32,-1.77,0.03,-5.55,-40.27,24.29,970.84,2505,2508
0.86,-1.33,-10.16,0.03,-1.78,-0.37,-5.55,-40.27,24.29,970.81,2546,2550
-0.08,-0.82,-8.67,-0.12,-1.57,-0.30,-1.45,-40.55,24.80,970.88,2588,2591
-0.86,-0.90,-9.57,0.02,-1.99,-0.29,2.45,-41.36,24.49,970.89,2629,2632
-1.73,-0.75,-9.96,-0.02,-1.95,-0.54,2.45,-41.36,24.49,970.87,2670,2673
-2.47,-0.90,-9.10,-0.00,-1.66,-0.45,7.00,-41.73,24.08,970.83,2711,2714
-3.30,-0.47,-10.59,-0.10,-1.85,-0.75,11.18,-42.27,23.06,970.77,2752,2756
-3.69,-0.31,-10.24,-0.03,-1.41,-0.45,11.18,-42.27,23.06,970.82,2794,2797
-4.43,-1.10,-8.94,0.09,-1.28,-0.29,15.00,-42.73,22.14,970.86,2835,2838
-4.63,-0.55,-9.22,0.18,-1.19,-0.38,15.00,-42.73,22.14,970.81,2875,2879
-4.79,-0.98,-8.51,0.04,-0.89,-0.26,17.73,-42.36,21.02,970.83,2917,2921
-5.18,-1.29,-8.39,0.13,-0.74,-0.20,19.64,-42.45,20.61,970.85,2958,2961
-5.45,-1.29,-8.63,0.02,-0.61,-0.21,19.64,-42.45,20.61,970.97,2999,3002
-5.61,-0.86,-8.87,0.09,-0.25,-0.15,21.00,-42.36,19.80,970.94,3040,3043
-5.73,-1.26,-9.14,0.07,0.06,0.17,21.00,-42.36,19.80,970.91,3081,3085
-5.77,-1.41,-9.06,0.02,0.48,0.18,21.36,-42.36,19.69,970.95,3123,3126
-5.69,-0.86,-9.57,-0.39,0.99,-0.01,19.91,-42.45,20.31,970.89,3164,3167
-5.22,-0.86,-9.14,-0.42,1.70,0.06,19.91,-42.45,20.31,970.90,3205,3208
-4.59,-1.18,-8.90,-0.23,1.90,0.17,17.09,-42.82,21.22,970.89,3246,3249
-3.92,-1.06,-9.26,0.07,1.37,-0.34,14.55,-42.27,22.35,970.99,3288,3291
-2.82,-0.71,-9.38,-0.16,1.56,0.11,14.55,-42.27,22.35,970.90,3329,3332
-2.20,-0.63,-9.34,-0.20,1.60,0.45,11.27,-42.36,23.57,970.92,3370,3373
-1.06,-1.14,-9.61,-0.30,1.47,0.08,11.27,-42.36,23.57,970.79,3411,3414
-2.35,1.53,-10.32,-0.14,1.59,-0.08,7.82,-42.55,23.88,970.88,3453,3456
-1.96,0.16,-8.00,0.10,1.75,0.26,4.55,-42.00,24.69,970.89,3494,3497
0.86,-0.24,-10.43,-0.15,1.56,0.10,4.55,-42.00,24.69,970.90,3535,3538
-0.31,0.04,-9.61,-0.39,1.60,0.37,0.91,-42.09,24.69,970.86,3576,3579
2.00,0.43,-10.08,-0.64,1.40,0.15,0.91,-42.09,24.69,970.90,3617,3620
2.28,0.08,-10.12,-0.49,1.60,0.59,-2.36,-42.45,23.78,970.93,3659,3662
2.75,-0.39,-7.96,-0.45,1.26,0.53,-6.27,-43.09,22.04,970.86,3700,3703
3.10,0.63,-8.67,-0.49,0.63,0.26,-6.27,-43.09,22.04,970.84,3741,3744
3.33,-0.04,-8.71,-0.32,0.04,0.23,-8.36,-43.55,20.92,970.82,3782,3785
3.22,-0.16,-7.92,-0.17,-0.41,0.05,-8.09,-44.00,20.31,970.83,3823,3826
2.82,0.51,-9.45,0.03,-0.97,-0.22,-8.09,-44.00,20.31,970.83,3865,3868
2.28,0.78,-9.49,0.41,-0.94,-0.18,-5.73,-43.91,21.12,970.86,3906,3909
1.69,0.27,-8.67,0.99,-1.33,0.01,-5.73,-43.91,21.12,970.85,3947,3950
0.75,-0.47,-10.83,0.93,-0.95,-0.00,-3.55,-42.73,23.06,970.83,3988,3991
0.75,-0.55,-9.53,1.18,-0.33,0.05,-2.18,-41.09,25.00,970.86,4028,4032
0.90,-1.92,-9.57,1.99,-0.27,-0.00,-2.18,-41.09,25.00,970.86,4069,4073
0.82,-3.06,-8.59,4.24,0.19,0.34,-2.09,-36.27,29.39,970.86,4111,4115
0.71,-5.02,-9.18,4.32,0.19,0.12,-2.09,-36.27,29.39,970.87,4152,4155
0.71,-5.84,-6.67,3.11,0.20,-0.28,-3.36,-25.64,34.49,970.98,4193,4196
0.94,-6.90,-4.75,4.28,-0.31,0.07,-3.45,-16.91,36.12,970.87,4234,4237
0.98,-7.14,-9.06,3.15,-0.50,0.05,-3.45,-16.91,36.12,970.88,4275,4278
0.43,-9.61,-3.77,2.93,-0.11,0.45,-2.55,-7.73,36.73,970.94,4316,4319
0.86,-10.79,-2.43,2.18,-0.35,0.36,-1.64,-1.36,35.20,970.91,4358,4361
0.98,-9.89,-4.94,1.22,-0.32,-0.12,-1.64,-1.36,35.20,970.87,4399,4402
0.55,-10.28,-1.69,1.21,-0.03,0.04,-0.91,1.82,34.49,970.89,4440,4443
0.75,-10.00,-2.39,0.68,-0.11,-0.11,-0.91,1.82,34.49,970.85,4481,4484
0.75,-9.34,-2.16,0.16,0.13,-0.07,-0.73,4.09,33.37,970.93,4522,4525
0.55,-9.85,-1.06,-0.12,0.04,0.10,-1.09,4.18,33.27,970.93,4563,4566
0.55,-9.49,-2.24,-0.03,-0.00,-0.01,-1.09,4.18,33.27,970.94,4605,4607
0.39,-9.38,-1.88,-0.31,0.12,-0.05,-0.91,3.82,33.57,970.88,4646,4649
0.55,-9.69,-2.24,-0.15,0.10,-0.05,-0.91,3.82,33.57,970.80,4687,4690
0.55,-9.26,-2.82,-0.21,0.12,-0.05,-1.27,3.45,33.78,970.84,4728,4731
0.75,-9.69,-3.06,-1.06,0.23,-0.07,-1.55,2.27,34.29,970.92,4769,4772
0.75,-9.77,-3.49,-1.69,0.34,-0.16,-1.55,2.27,34.29,970.86,4810,4813
0.63,-8.36,-4.00,-2.28,0.52,-0.22,-2.00,-2.09,35.41,970.86,4851,4854
0.67,-8.55,-4.39,-2.47,0.42,-0.30,-2.00,-2.09,35.41,970.88,4892,4895
1.18,-8.63,-4.71,-1.88,0.22,-0.01,-2.00,-2.09,35.41,970.92,4934,4937
0.82,-5.88,-6.55,-1.75,0.23,-0.04,-3.55,-13.64,35.92,970.93,4975,4978
0.78,-6.55,-6.75,-2.25,0.38,0.54,-3.55,-13.64,35.92,970.87,5016,5019
1.49,-7.57,-7.77,-3.11,0.25,0.47,-4.45,-19.64,35.00,970.93,5057,5060
0.94,-5.92,-9.14,-2.82,0.46,0.35,-5.55,-27.09,32.24,970.84,5098,5101
0.86,-4.75,-8.20,-3.27,0.34,0.14,-5.55,-27.09,32.24,970.84,5139,5142
0.90,-3.65,-9.89,-3.91,0.14,-0.31,-6.09,-34.36,27.96,970.89,5180,5184
1.14,-1.69,-8.32,-2.73,0.27,0.09,-6.09,-34.36,27.96,970.97,5221,5225
0.98,-1.02,-9.57,-2.77,0.01,0.19,-6.09,-40.45,22.55,970.89,5262,5265
1.29,0.59,-10.16,-2.82,0.03,0.13,-6.09,-45.45,17.24,970.86,5303,5306
0.90,1.96,-8.90,-2.72,0.01,0.30,-6.09,-45.45,17.24,970.97,5344,5347
1.10,2.39,-8.75,-3.21,-0.20,0.00,-6.00,-48.73,10.71,970.88,5386,5389
0.94,5.18,-7.69,-2.27,-0.26,0.06,-6.00,-48.73,10.71,970.99,5427,5430
0.75,5.22,-8.98,-2.31,-0.39,0.25,-6.09,-51.18,3.98,970.86,5468,5471
0.78,4.35,-7.69,-2.03,0.06,0.26,-6.55,-52.36,-1.73,970.89,5509,5512
0.63,7.06,-8.63,-1.85,0.07,0.22,-6.55,-52.36,-1.73,970.94,5550,5553
1.06,6.79,-6.67,-1.75,0.17,0.28,-7.09,-52.45,-6.94,970.93,5591,5594
0.86,7.61,-7.34,-1.29,0.04,0.09,-7.55,-52.36,-10.92,970.91,5632,5635
1.26,7.34,-6.24,-1.07,0.09,0.05,-7.55,-52.36,-10.92,970.89,5674,5677
0.86,8.08,-6.24,-0.56,-0.19,-0.18,-7.55,-52.00,-13.67,970.87,5715,5718
0.67,8.20,-6.16,-0.50,-0.03,-0.12,-7.55,-52.00,-13.67,970.98,5756,5759
0.47,8.04,-5.30,-0.06,0.01,-0.06,-7.27,-51.91,-14.69,970.89,5797,5800
0.55,8.32,-6.35,0.03,0.02,-0.06,-7.36,-51.82,-15.10,970.87,5838,5841
0.86,8.08,-5.41,0.26,0.07,-0.05,-7.36,-51.82,-15.10,970.90,5879,5882
0.82,7.96,-6.79,0.73,-0.08,-0.16,-7.18,-52.09,-14.49,970.90,5921,5924
0.51,7.30,-6.16,0.91,-0.00,-0.08,-7.18,-52.09,-14.49,970.89,5962,5965
0.59,7.18,-6.47,1.02,-0.11,-0.20,-6.82,-52.55,-11.84,970.90,6003,6006
0.86,6.86,-6.55,1.41,-0.13,-0.20,-6.45,-53.00,-8.67,971.00,6044,6047
0.08,6.90,-8.75,1.45,-0.13,-0.20,-6.45,-53.00,-8.67,970.90,6085,6088
0.43,5.41,-6.67,2.01,-0.11,0.10,-6.18,-53.00,-4.59,970.88,6126,6129
0.08,5.49,-8.63,1.86,-0.30,-0.36,-6.27,-52.27,0.20,970.92,6168,6171
-0.24,3.77,-8.83,2.99,-0.25,0.05,-6.27,-52.27,0.20,970.89,6209,6212
-0.04,2.94,-9.85,2.27,0.01,-0.25,-5.91,-50.64,7.24,970.95,6250,6253
-0.20,2.28,-9.14,2.09,0.03,-0.40,-5.91,-50.64,7.24,970.85,6291,6294
0.16,0.82,-9.34,2.72,-0.09,-0.40,-5.36,-48.55,13.06,970.94,6331,6335
-0.04,0.20,-10.24,3.19,0.23,-0.30,-5.00,-44.91,19.39,970.91,6372,6376
0.16,-2.12,-7.92,3.75,0.32,-0.07,-5.00,-44.91,19.39,970.96,6414,6417
0.12,-3.02,-11.61,3.02,-0.02,-0.32,-5.18,-38.36,27.14,970.82,6455,6458
-0.08,-3.26,-8.59,2.63,0.13,-0.26,-5.18,-38.36,27.14,970.97,6496,6499
0.59,-5.69,-8.94,2.61,-0.15,-0.08,-5.18,-32.00,31.12,970.89,6537,6540
0.20,-5.26,-8.59,1.71,0.23,-0.31,-4.91,-26.73,34.08,970.89,6578,6581
0.47,-6.24,-6.63,1.91,0.10,-0.13,-4.91,-26.73,34.08,970.86,6620,6623
0.78,-6.75,-8.12,0.58,-0.23,-0.13,-5.36,-21.82,35.61,970.89,6661,6664
0.51,-6.63,-7.14,0.18,0.04,-0.13,-4.82,-21.27,35.61,970.89,6702,6705
0.67,-6.94,-6.98,0.01,-0.01,-0.02,-4.82,-21.27,35.61,970.84,6743,6746
0.78,-7.53,-8.28,-0.94,-0.15,-0.11,-4.55,-22.00,35.41,970.95,6784,6787
-0.39,-4.31,-8.71,-3.45,0.20,-0.43,-4.55,-22.00,35.41,970.95,6825,6828
0.08,-3.73,-11.38,-4.99,0.38,0.22,-4.27,-29.36,33.06,970.93,6867,6870
1.02,-4.51,-10.36,-5.00,1.19,-0.49,-4.91,-43.45,21.73,970.88,6908,6911
2.35,1.14,-6.35,-4.99,1.20,-0.28,-4.91,-43.45,21.73,970.91,6949,6952
0.71,6.55,-11.06,-4.37,-0.13,-0.08,-5.27,-50.73,8.98,970.90,6990,6993
0.82,3.88,-5.73,-4.34,0.04,-0.62,-5.27,-50.73,8.98,970.92,7032,7034
1.10,5.81,-5.61,-3.68,-0.60,-1.04,-3.82,-53.64,-2.55,970.93,7073,7076
0.43,7.61,-0.51,2.20,-0.53,-0.36,-2.27,-54.18,-8.06,970.84,7114,7117
-0.98,2.55,-5.92,5.00,-1.83,-0.65,-2.27,-54.18,-8.06,970.86,7155,7158
-1.22,-9.34,-14.91,5.00,-0.34,-1.58,-0.64,-49.73,13.47,970.87,7196,7199
-2.86,2.59,-14.83,5.00,2.16,-1.41,-0.91,-31.00,33.67,970.89,7237,7240
-0.78,-4.75,-0.98,4.98,2.26,1.05,-0.91,-31.00,33.67,970.89,7279,7282
1.06,-6.47,-11.69,-3.31,-1.07,0.28,-4.55,-22.00,36.43,970.94,7320,7323
-0.04,-5.57,-8.55,-5.00,-0.53,0.52,-4.55,-22.00,36.43,970.83,7361,7364
0.04,-1.53,-12.91,-5.00,-0.67,0.60,-2.45,-39.18,27.04,970.90,7402,7405
0.04,2.86,-7.69,-5.00,0.01,1.67,-3.36,-52.00,5.82,970.79,7444,7446
0.31,4.51,-5.84,-3.28,0.10,1.34,-3.36,-52.00,5.82,970.87,7484,7488
1.06,3.65,-2.59,2.09,0.54,-0.41,-6.27,-52.82,-2.65,970.86,7525,7529
0.98,-0.59,-5.96,5.00,-0.58,-1.28,-6.27,-52.82,-2.65,970.84,7566,7569
-1.26,-5.41,-11.53,5.00,-0.18,-0.67,-4.36,-49.09,12.96,970.90,7607,7610
-1.65,-0.90,-10.24,5.00,1.20,-1.02,-4.36,-30.55,33.06,970.83,7648,7651
0.27,-8.83,-5.84,2.82,-0.25,0.69,-4.36,-30.55,33.06,970.84,7690,7693
-0.16,-6.59,-11.30,-3.38,-0.13,0.07,-5.18,-22.55,35.82,970.87,7731,7734
-1.22,-2.98,-9.85,-5.00,-0.34,0.61,-5.18,-22.55,35.82,970.91,7772,7775
0.27,-5.26,-11.45,-5.00,0.41,0.52,-4.64,-37.64,27.45,970.93,7813,7816
-0.04,2.59,-7.88,-5.00,0.37,0.94,-5.55,-50.73,7.55,970.79,7854,7857
0.51,2.51,-8.24,-1.98,0.41,1.43,-5.55,-50.73,7.55,970.88,7896,7899
0.82,5.49,-8.32,-1.54,0.82,-0.07,-8.18,-51.45,0.92,970.83,7937,7940
1.18,5.33,-7.10,-1.31,0.45,0.01,-7.91,-51.82,-2.65,970.85,7978,7981
0.94,5.53,-7.88,-0.76,0.15,-0.00,-7.91,-51.82,-2.65,970.79,8019,8022
0.86,6.00,-8.24,-0.94,0.22,0.06,-8.00,-51.82,-4.90,970.87,8060,8063
1.22,6.12,-7.61,-1.02,0.07,-0.13,-8.00,-51.82,-4.90,970.85,8101,8104
0.75,6.63,-7.73,-0.93,0.06,-0.17,-8.09,-51.91,-7.45,970.89,8142,8145
1.10,6.24,-7.10,-1.17,-0.07,-0.04,-7.36,-52.09,-9.49,970.86,8184,8187
0.98,7.49,-6.86,-1.54,-0.13,-0.06,-7.36,-52.09,-9.49,970.84,8225,8228
0.86,7.30,-5.02,-1.62,-0.21,-0.02,-7.18,-51.91,-13.27,970.89,8266,8269
0.43,8.39,-5.69,-1.21,-0.06,-0.11,-7.18,-51.91,-13.27,970.97,8307,8310
0.31,8.16,-4.51,-1.13,0.20,-0.04,-7.18,-51.45,-16.53,970.92,8348,8351
0.63,8.98,-4.98,-1.08,0.02,-0.10,-7.27,-50.36,-19.80,970.95,8389,8392
0.78,8.63,-4.71,-0.65,0.07,0.10,-7.27,-50.36,-19.80,970.84,8431,8434
0.75,8.83,-4.28,-0.09,0.07,0.06,-7.27,-50.00,-21.43,970.85,8472,8475
0.82,8.94,-5.45,0.76,-0.11,-0.17,-7.18,-50.36,-20.20,970.86,8513,8516
0.71,8.47,-4.59,1.42,-0.02,-0.29,-7.18,-50.36,-20.20,970.88,8554,8557
-0.12,8.12,-6.55,2.01,0.02,-0.21,-6.55,-51.36,-16.43,970.92,8595,8598
0.31,6.90,-6.08,1.15,0.20,-0.24,-6.55,-51.36,-16.43,970.78,8635,8639
0.59,7.02,-5.22,1.73,-0.05,-0.34,-5.64,-52.45,-12.96,970.93,8677,8681
0.39,6.43,-7.61,1.98,0.02,-0.26,-5.64,-53.00,-8.37,970.90,8718,8721
0.51,6.24,-7.30,1.35,-0.07,-0.48,-5.64,-53.00,-8.37,970.96,8759,8762
0.04,4.47,-7.18,2.58,-0.57,-0.15,-4.55,-53.36,-4.18,970.96,8800,8803
-0.55,4.39,-9.92,2.31,-0.48,-0.13,-4.55,-53.36,-4.18,970.89,8841,8844
-0.12,1.45,-8.59,2.27,-0.21,-0.27,-4.36,-51.82,2.55,970.85,8882,8885
-0.31,1.69,-9.06,2.79,0.01,-0.18,-3.82,-50.55,8.67,970.90,8924,8927
-0.75,1.22,-10.36,2.62,-0.04,-0.35,-3.82,-50.55,8.67,970.94,8965,8968
-0.47,0.16,-9.34,2.59,0.24,-0.22,-3.36,-47.82,15.20,970.85,9006,9009
-0.04,-2.67,-9.73,2.96,-0.03,-0.37,-3.00,-44.27,21.84,970.88,9047,9050
-0.20,-3.45,-10.51,3.83,0.31,-0.68,-3.00,-44.27,21.84,970.92,9088,9091
-0.39,-4.00,-9.38,3.96,0.08,-0.92,-2.36,-36.82,29.49,970.87,9130,9133
-0.63,-3.45,-9.26,2.57,-0.13,-0.72,-2.36,-36.82,29.49,970.98,9171,9174
-0.16,-5.53,-7.34,2.21,-0.30,-0.08,-1.18,-29.36,34.59,970.84,9212,9215
-0.24,-6.08,-9.18,2.12,-0.28,-0.06,-0.55,-23.36,37.24,970.83,9253,9256
-0.31,-6.35,-6.55,1.84,0.05,0.11,-0.55,-23.36,37.24,970.86,9294,9297
0.08,-8.71,-5.18,1.67,-0.14,0.08,-0.27,-18.09,38.16,970.87,9336,9339
-0.04,-7.96,-6.67,1.61,-0.25,-0.21,-0.27,-18.09,38.16,970.91,9377,9380
-0.12,-8.16,-6.79,1.07,0.06,-0.20,0.45,-13.09,38.88,970.88,9418,9421
0.00,-8.90,-5.53,0.52,0.36,-0.17,0.00,-10.09,38.98,971.02,9459,9462
-0.51,-6.39,-5.37,-0.60,0.32,-0.01,0.00,-10.09,38.98,970.86,9500,9503
0.00,-7.96,-5.33,-0.99,0.17,0.54,-0.73,-11.18,38.88,970.93,9541,9544
0.00,-8.67,-4.90,-0.80,0.03,0.39,0.00,0.00,0.00,970.98,9581,9584
-0.35,-7.73,-5.61,-0.81,-0.13,0.16,-1.00,-14.00,39.08,970.89,9622,9625
-0.47,-7.34,-7.26,-2.21,-0.25,0.05,-0.27,-17.73,38.78,970.81,9664,9667
-0.67,-5.92,-7.49,-3.50,-0.32,0.26,-0.27,-17.73,38.78,970.82,9705,9708
-0.47,-5.88,-8.87,-4.09,-0.29,0.73,0.73,-27.27,36.43,970.84,9745,9749
-0.08,-4.90,-8.67,-3.21,-0.04,0.78,0.45,-37.36,31.12,970.84,9786,9790
-1.10,-2.59,-10.36,-2.43,-0.00,0.69,0.45,-37.36,31.12,970.84,9827,9830
-1.73,-1.29,-9.92,-2.75,0.40,0.14,-0.64,-42.64,26.33,971.00,9869,9872
-0.98,-0.78,-10.12,-2.29,0.47,0.19,-0.64,-42.64,26.33,970.91,9910,9913
-0.43,-1.06,-9.69,-1.24,0.90,0.02,-2.00,-47.27,21.02,970.90,9951,9954
-1.06,0.94,-10.24,-1.14,0.80,0.49,-3.64,-49.00,18.16,970.89,9992,9995
0.24,0.63,-11.30,-0.05,1.52,0.46,-3.64,-49.00,18.16,970.87,10033,10036
0.39,0.63,-10.59,-0.50,2.05,0.07,-7.00,-48.64,17.14,970.87,10075,10078
1.37,1.02,-10.67,-0.54,2.33,-0.02,-7.00,-48.64,17.14,970.97,10116,10119
2.16,1.53,-9.85,-0.42,3.01,0.06,-9.91,-49.18,14.69,970.90,10157,10160
3.57,1.80,-7.53,-0.20,2.84,0.14,-13.18,-48.82,11.73,970.94,10199,10202
4.35,0.94,-7.53,-0.03,2.08,0.59,-13.18,-48.82,11.73,970.90,10240,10243
5.14,1.14,-8.16,-0.13,1.82,0.57,-16.64,-47.73,9.69,970.97,10281,10284
6.24,0.82,-6.59,-0.58,1.49,0.41,-19.36,-47.45,6.63,970.91,10323,10326
5.96,1.92,-9.14,-0.76,1.45,0.46,-19.36,-47.45,6.63,970.96,10364,10367
7.69,0.04,-5.61,-0.19,1.79,0.08,-21.09,-46.55,3.57,970.92,10405,10408
7.61,0.98,-5.65,-0.06,1.49,0.38,-21.09,-46.55,3.57,970.84,10446,10449
7.65,0.59,-4.28,-0.06,0.75,0.31,-22.64,-46.00,1.12,970.88,10488,10491
8.28,1.02,-6.83,0.03,0.49,0.12,-23.55,-45.55,0.10,970.82,10529,10532
7.92,0.20,-4.55,0.05,0.63,0.14,-23.55,-45.55,0.10,970.95,10570,10573
8.43,0.94,-5.69,0.24,0.19,0.14,-23.55,-45.27,-0.41,970.90,10611,10614
7.88,0.47,-4.16,0.45,0.15,0.32,-23.55,-45.27,-0.41,970.92,10653,10656
8.36,-0.04,-4.31,0.52,-0.60,0.38,-24.55,-44.45,0.10,970.94,10694,10697
7.69,-0.78,-5.02,0.28,-1.62,0.30,-24.73,-43.73,2.76,970.92,10735,10738
7.14,-0.16,-7.30,0.78,-2.44,-0.49,-24.73,-43.73,2.76,970.82,10777,10780
6.51,0.24,-6.86,-0.30,-2.78,-0.81,-22.82,-43.91,7.24,970.91,10818,10821
4.79,-0.27,-8.79,0.09,-3.12,-0.76,-18.00,-45.45,11.63,970.90,10859,10862
3.61,-0.27,-8.83,0.46,-2.55,-0.26,-18.00,-45.45,11.63,970.86,10900,10904
2.82,0.04,-9.53,0.43,-1.99,-0.45,-14.36,-45.82,15.20,970.84,10942,10945
2.59,1.18,-8.24,0.71,-1.49,-0.35,-14.36,-45.82,15.20,970.88,10982,10986
1.57,-0.31,-9.14,-0.05,-1.95,-0.02,-10.91,-45.73,17.96,970.86,11023,11028
0.31,0.43,-10.47,-0.32,-2.30,0.02,-8.00,-45.91,19.39,970.97,11065,11068
-4.47,1.18,-15.93,-1.13,-3.37,-0.02,-8.00,-45.91,19.39,970.80,11106,11109
-0.94,-0.12,-10.87,-0.45,-1.34,-0.26,-3.64,-47.82,18.47,970.87,11147,11151
-1.29,0.27,-9.49,0.09,-0.99,-0.29,-3.64,-48.09,18.47,970.88,11189,11192
-2.04,0.39,-9.49,0.05,-1.33,-0.45,-1.27,-48.09,18.47,970.87,11230,11233
-2.63,0.47,-9.53,0.13,-1.13,-0.35,1.64,-48.45,18.78,970.94,11271,11274
-2.98,0.39,-9.61,0.11,-1.08,-0.33,1.64,-48.45,18.78,970.85,11313,11316
-3.22,0.27,-8.20,0.15,-1.13,-0.23,3.73,-49.00,19.29,970.82,11354,11357
-3.96,0.16,-10.00,-0.02,-1.17,-0.16,6.55,-49.00,19.39,970.87,11395,11398
-4.12,-0.31,-7.34,0.14,-0.91,-0.14,6.55,-49.00,19.39,970.86,11437,11440
-4.86,0.24,-9.06,0.10,-1.19,-0.15,8.36,-49.55,19.29,970.89,11478,11481
-4.90,0.08,-9.38,-0.02,-0.94,-0.12,8.36,-49.55,19.29,970.86,11519,11522
-5.33,0.00,-6.79,0.01,-0.77,-0.08,10.55,-49.73,19.08,970.80,11560,11563
-5.49,-0.20,-9.92,0.04,-0.95,-0.05,12.36,-50.00,18.47,970.82,11602,11605
-6.00,0.20,-7.30,0.02,-0.18,-0.15,12.36,-50.00,18.47,970.82,11643,11646
-5.88,-0.08,-8.04,0.09,-0.39,-0.13,13.18,-50.18,18.67,970.90,11684,11687
-6.16,0.43,-10.08,-0.11,0.16,-0.04,13.36,-50.09,18.67,970.90,11726,11729
-5.96,-0.67,-7.30,0.04,0.29,0.07,13.36,-50.09,18.67,970.95,11767,11770
-5.77,-0.20,-9.34,0.03,0.47,0.04,13.00,-50.27,18.78,970.94,11808,11811
-6.28,0.90,-8.47,-0.64,1.21,0.00,13.00,-50.27,18.78,970.98,11850,11853
-4.94,0.63,-8.16,-0.36,1.87,0.24,10.82,-50.55,18.57,970.93,11891,11894
-4.24,-0.08,-8.28,-0.05,1.67,0.28,7.55,-50.45,18.98,970.95,11932,11935
-3.53,0.00,-9.22,0.09,1.57,0.24,7.55,-50.45,18.98,970.90,11974,11977
-3.02,0.35,-9.34,-0.06,2.01,-0.40,4.09,-49.73,19.29,970.92,12015,12018
-1.92,0.35,-8.55,-0.15,2.05,-0.39,4.09,-49.73,19.29,970.93,12056,12059
-1.29,0.08,-9.61,0.41,1.67,0.16,2.09,-49.45,19.59,970.84,12097,12100
-0.20,0.12,-8.98,0.27,1.46,0.34,-1.09,-48.91,19.90,970.86,12139,12142
-0.24,0.04,-9.30,0.14,0.82,0.27,-1.09,-48.91,19.90,970.85,12180,12183
-0.08,0.47,-10.28,-0.25,0.50,0.43,-3.27,-48.91,20.10,970.88,12220,12224
0.12,1.80,-10.40,-0.33,0.30,1.19,-5.73,-48.82,18.67,970.90,12261,12265
-0.43,1.80,-9.85,-0.45,0.24,2.36,-5.73,-48.82,18.67,970.92,12303,12307
-0.59,1.26,-10.00,-0.37,-0.31,3.67,-12.09,-47.36,18.06,970.87,12344,12347
0.31,-0.35,-10.12,-0.20,-0.18,2.32,-12.09,-47.36,18.06,970.78,12385,12389
-0.31,3.61,-2.39,0.50,-0.31,2.64,-17.27,-44.82,17.35,970.83,12427,12430
-1.14,4.86,-9.81,0.32,-0.76,2.71,-21.91,-40.09,18.57,970.91,12468,12471
-0.71,0.12,-9.02,0.40,-0.15,2.28,-21.91,-40.09,18.57,970.95,12509,12513
-0.98,0.63,-10.36,0.20,-0.13,1.59,-25.82,-35.91,18.67,970.93,12551,12554
-1.22,-0.55,-10.16,0.67,0.15,1.87,-25.82,-35.91,18.67,970.91,12592,12595
-1.02,-0.47,-9.77,0.14,0.09,1.74,-28.73,-31.45,19.49,970.95,12634,12637
0.39,-0.98,-9.30,-0.15,0.16,1.88,-30.55,-27.73,18.98,970.94,12675,12678
-1.37,0.86,-9.92,-0.32,-0.00,1.30,-30.55,-27.73,18.98,970.94,12716,12719
0.16,-1.33,-9.41,0.02,0.00,1.48,-32.09,-24.64,18.78,970.91,12758,12761
-0.39,-0.27,-10.59,-0.17,-0.09,1.06,-33.09,-21.73,18.98,970.97,12799,12802
-0.31,0.43,-9.41,0.07,-0.06,1.03,-33.09,-21.73,18.98,970.96,12840,12843
-0.82,0.63,-8.79,0.28,0.07,0.69,-33.55,-19.09,18.88,970.94,12882,12885
-1.06,-0.27,-8.83,0.17,0.16,0.33,-33.55,-19.09,18.88,970.98,12923,12926
-0.35,-1.61,-10.59,0.21,-0.20,0.14,-33.82,-17.55,18.37,970.85,12964,12967
-0.12,-1.69,-9.26,0.44,-0.11,-0.80,-33.73,-17.55,18.88,970.91,13005,13009
0.16,-1.10,-10.28,0.34,0.18,-1.89,-33.73,-17.55,18.88,970.90,13047,13050
-0.59,-1.41,-8.43,-0.31,0.02,-2.37,-33.27,-21.18,18.88,970.95,13088,13091
-0.24,-0.94,-10.67,-0.08,-0.33,-2.10,-33.27,-21.18,18.88,970.92,13130,13133
-0.47,-1.18,-10.63,-0.29,-0.10,-2.46,-31.73,-26.64,19.18,970.87,13171,13174
-2.31,1.96,-11.38,-0.70,0.31,-2.76,-28.36,-32.73,18.47,970.95,13212,13215
0.27,-0.35,-10.16,0.14,1.13,-1.15,-28.36,-32.73,18.47,970.98,13254,13257
0.00,-2.12,-10.71,-1.06,1.10,-2.04,-27.00,-35.45,16.73,970.88,13295,13298
0.71,1.53,-8.08,-1.59,1.47,-2.46,-24.18,-40.91,12.14,970.87,13336,13340
1.61,-2.00,-10.28,-1.14,0.58,-2.73,-24.18,-40.91,12.14,970.87,13378,13381
0.51,2.82,-9.69,-0.98,0.91,-2.89,-19.73,-45.91,10.00,970.86,13419,13422
2.20,0.90,-9.57,-0.88,0.32,-1.88,-19.73,-45.91,10.00,970.88,13461,13464
0.98,0.94,-7.85,-0.92,0.09,-2.89,-14.73,-49.91,6.84,970.99,13502,13505
0.20,5.41,-8.90,-1.16,-0.42,-2.49,-7.27,-53.82,5.10,970.88,13542,13546
0.67,4.51,-10.12,-0.61,-0.58,-1.63,-7.27,-53.82,5.10,970.84,13583,13587
-0.75,4.08,-8.12,0.01,-0.26,-0.67,-2.36,-55.18,3.47,970.84,13625,13628
-0.24,4.08,-9.45,0.34,-0.16,-0.08,-2.36,-55.18,3.47,970.90,13666,13669
-0.55,4.63,-8.98,0.61,0.19,0.54,-1.64,-55.00,4.49,970.97,13707,13710
-0.47,3.69,-8.12,0.66,0.11,0.87,-3.27,-54.36,6.12,970.89,13748,13751
0.31,2.94,-9.30,1.02,0.30,1.29,-3.27,-54.36,6.12,970.84,13790,13793
0.27,2.39,-9.65,1.37,0.87,1.40,-6.73,-52.91,8.67,970.90,13831,13834
0.90,2.24,-10.32,1.52,0.92,1.43,-11.64,-50.36,11.84,970.91,13872,13875
1.69,2.16,-11.49,0.96,0.92,1.33,-11.64,-50.36,11.84,970.87,13913,13917
2.51,1.22,-13.77,-0.64,0.66,1.09,-15.45,-47.82,12.35,970.94,13955,13958
2.63,2.79,-12.98,-1.65,0.95,0.79,-15.45,-47.82,12.35,970.92,13996,13999
3.45,2.79,-11.53,-2.47,1.07,0.85,-17.64,-46.55,8.98,970.95,14038,14041
3.33,2.63,-8.90,-2.22,1.34,1.48,-19.55,-45.09,3.67,970.94,14079,14082
3.73,2.71,-9.02,-2.32,1.04,1.22,-19.55,-45.09,3.67,970.90,14120,14123
4.35,3.69,-9.18,-3.11,1.07,-0.41,-21.73,-43.73,-0.61,970.84,14161,14164
4.86,3.84,-6.79,-3.98,1.21,-1.46,-21.73,-43.73,-0.61,970.94,14203,14206
4.47,5.73,-6.08,-3.92,1.04,-1.99,-18.91,-45.91,-7.96,970.89,14244,14247
4.16,6.90,-4.75,-3.95,0.93,-2.02,-13.73,-47.64,-16.94,970.90,14285,14288
4.16,5.49,-1.77,-4.27,0.38,-2.34,-13.73,-47.64,-16.94,970.86,14327,14330
2.04,9.53,-1.26,-3.73,0.39,-2.34,-8.00,-46.36,-26.33,970.93,14368,14371
2.39,5.69,1.14,-4.10,-0.18,-2.49,-2.91,-42.36,-35.00,970.96,14409,14412
0.35,5.88,1.92,-3.92,-0.39,-2.71,-2.91,-42.36,-35.00,970.91,14451,14454
-3.77,8.63,1.18,-4.29,-1.09,-2.50,0.09,-34.36,-42.24,970.93,14492,14495
-0.51,6.00,4.55,-0.99,1.16,-1.71,0.09,-34.36,-42.24,970.84,14533,14536
-3.18,7.26,4.59,0.17,1.06,-1.91,4.64,-29.91,-44.59,970.90,14575,14578
-3.14,6.98,2.43,0.30,1.11,-1.59,8.45,-29.73,-44.49,970.98,14616,14619
-3.69,5.26,2.86,0.80,1.61,-1.95,8.45,-29.73,-44.49,970.96,14657,14660
-5.65,7.37,1.80,1.42,1.76,-2.16,13.82,-29.82,-43.88,970.88,14698,14701
-6.04,8.08,0.90,0.96,1.64,-1.51,13.82,-30.09,-43.88,970.92,14740,14743
-5.26,7.81,2.24,0.69,1.74,-1.11,19.27,-30.09,-42.45,970.86,14780,14784
-6.90,8.20,0.86,0.58,1.38,-0.62,24.00,-30.82,-41.12,970.95,14821,14825
-5.73,5.41,-0.43,1.09,1.44,-0.52,24.00,-30.82,-41.12,970.87,14863,14867
-7.61,8.94,-0.08,1.52,1.73,-0.66,27.45,-32.36,-39.49,970.84,14904,14907
-7.61,9.02,-1.61,1.68,1.50,-0.34,31.55,-35.36,-36.63,970.93,14945,14948
-7.65,8.59,-2.55,2.64,1.50,-0.02,31.55,-35.36,-36.63,970.95,14987,14990
-7.34,7.30,-3.37,2.34,1.36,0.09,34.73,-41.18,-30.82,970.91,15028,15031
-6.94,8.00,-6.35,2.59,1.36,0.03,34.73,-41.18,-30.82,970.89,15069,15073
-7.61,8.36,-6.00,3.11,1.38,0.63,36.36,-45.45,-23.37,970.92,15111,15114
-5.53,5.33,-7.45,2.74,1.37,0.70,37.18,-49.55,-14.18,970.89,15152,15155
-5.33,5.53,-7.41,2.78,1.19,0.56,37.18,-49.55,-14.18,970.89,15194,15197
-4.20,5.37,-11.10,2.82,1.00,0.68,36.18,-51.82,-4.49,970.92,15235,15238
-4.98,3.18,-8.63,4.46,1.41,1.54,32.91,-51.82,7.86,970.87,15276,15279
-3.88,0.20,-10.83,1.98,1.61,0.16,32.91,-51.82,7.86,970.91,15317,15321
-2.98,1.37,-12.40,3.19,2.11,0.78,30.09,-49.00,17.55,970.86,15359,15362
-2.16,-0.82,-9.45,3.68,3.10,1.29,30.09,-49.00,17.55,970.83,15400,15403
-0.39,-5.69,-9.77,2.91,2.83,0.99,22.45,-42.55,29.90,971.02,15441,15445
0.78,-3.61,-12.20,1.89,2.24,0.41,14.64,-35.73,36.84,970.84,15483,15486
0.16,-4.39,-9.41,1.96,2.51,0.25,14.64,-35.73,36.84,970.89,15524,15527
0.24,-4.71,-12.40,2.21,2.47,0.53,6.82,-28.36,40.82,970.89,15566,15569
2.59,-4.35,-9.06,2.30,2.43,0.45,6.82,-28.36,40.82,970.87,15607,15610
3.22,-6.94,-6.24,3.19,2.67,0.75,-1.18,-19.45,41.94,970.86,15648,15651
3.45,-6.00,-4.90,3.46,2.59,0.87,-9.18,-7.82,40.00,970.89,15689,15692
3.33,-8.24,-2.67,3.15,2.02,0.63,-9.18,-7.82,40.00,970.91,15731,15734
3.88,-7.34,-3.33,3.60,2.03,0.37,-14.64,2.45,34.80,970.86,15772,15775
3.22,-9.77,1.18,3.58,2.16,0.52,-18.73,11.45,25.51,971.05,15813,15816
3.41,-7.73,0.63,2.18,1.86,-0.61,-18.73,11.45,25.51,970.95,15855,15858
3.41,-7.18,1.84,1.89,1.97,-0.48,-22.27,14.36,17.76,970.95,15896,15899
2.98,-7.77,4.67,1.84,1.94,-0.29,-22.27,14.36,17.76,970.90,15937,15940
3.41,-7.41,2.82,1.34,1.70,-0.35,-24.91,15.36,10.10,970.91,15978,15982
2.86,-6.55,5.02,1.54,1.62,-0.12,-26.55,15.00,3.16,970.86,16020,16023
2.51,-7.49,8.00,1.31,1.56,-0.20,-26.55,15.00,3.16,970.84,16060,16064
2.59,-6.12,5.26,0.49,1.21,-0.33,-26.91,14.45,-2.45,970.85,16101,16105
2.28,-5.69,5.65,0.51,1.08,-0.13,-26.91,14.45,-2.45,970.86,16143,16147
1.29,-4.00,5.26,0.17,0.99,0.03,-27.45,13.55,-5.82,970.93,16184,16187
1.33,-6.59,5.88,-0.25,0.88,0.29,-27.27,13.36,-7.65,970.83,16225,16228
1.73,-6.32,4.82,-0.48,0.86,0.47,-27.27,13.36,-7.65,970.84,16266,16269
0.27,-7.14,6.63,-0.27,1.17,0.47,-26.55,12.91,-8.78,970.86,16308,16311
0.24,-6.51,6.39,-1.06,0.88,0.43,-26.09,13.18,-9.29,970.85,16349,16352
0.16,-7.92,5.14,-0.94,0.93,0.58,-26.09,13.18,-9.29,970.90,16390,16393
-0.08,-7.41,6.04,-0.80,0.95,0.64,-26.00,13.55,-8.98,970.86,16432,16435
0.67,-9.49,4.75,-1.95,0.87,0.45,-26.00,13.55,-8.98,970.91,16473,16476
0.16,-9.65,3.26,-2.37,0.82,0.24,-25.91,13.82,-7.24,970.87,16514,16517
-0.43,-9.18,3.37,-2.10,1.06,0.31,-27.09,13.27,-4.39,970.92,16555,16558
0.24,-13.53,3.45,-2.71,0.86,0.24,-27.09,13.27,-4.39,970.88,16597,16600
-1.33,-8.67,2.82,-4.10,0.59,-0.52,-27.73,11.36,-1.84,970.84,16638,16641
-0.24,-13.81,0.78,-3.34,0.30,0.22,-27.73,11.36,-1.84,970.95,16679,16682
0.24,-15.46,-4.16,-5.00,0.43,-1.03,-27.73,8.91,1.33,970.96,16721,16724
-0.12,-13.06,-2.55,-5.00,0.88,-2.27,-27.64,3.09,8.88,970.88,16762,16765
0.59,-6.55,-8.87,-4.90,0.19,-1.34,-27.64,3.09,8.88,970.86,16803,16806
1.69,-8.59,-9.92,-4.05,0.45,-0.69,-27.45,-4.27,15.61,970.90,16844,16848
1.65,-4.90,-9.85,-5.00,0.69,-1.67,-26.91,-13.64,19.29,970.94,16886,16889
2.08,-1.80,-9.49,-5.00,1.07,-1.64,-26.91,-13.64,19.29,970.84,16927,16930
2.24,-0.43,-10.08,-4.89,1.07,-1.35,-26.82,-26.00,17.04,970.91,16968,16972
3.02,3.06,-7.02,-5.00,1.06,-1.67,-26.82,-26.00,17.04,970.91,17010,17013
2.31,3.69,-9.53,-4.89,0.67,-1.48,-25.27,-36.64,8.88,970.88,17051,17054
2.35,7.34,-5.81,-3.76,1.03,-1.33,-22.27,-42.91,-0.41,970.86,17092,17095
3.18,6.47,-6.35,-3.16,0.90,-0.93,-22.27,-42.91,-0.41,970.84,17134,17137
1.92,4.90,-3.49,-3.35,1.45,-1.62,-19.18,-45.73,-9.49,970.88,17175,17178
0.90,9.38,-3.30,-3.01,1.13,-1.52,-19.18,-45.73,-9.49,970.83,17216,17219
0.55,6.55,-1.33,-2.29,1.66,-1.31,-14.64,-46.73,-18.98,970.86,17258,17261
-0.90,8.83,0.16,-2.80,1.74,-1.92,-9.55,-45.64,-26.84,970.95,17299,17302
-0.71,8.04,0.00,-2.31,1.46,-1.61,-9.55,-45.64,-26.84,970.95,17339,17343
-1.69,7.96,2.59,-1.83,1.92,-1.79,-3.27,-42.73,-34.08,970.95,17381,17385
-3.49,10.55,2.43,-1.55,1.55,-1.73,3.45,-39.36,-38.37,970.88,17422,17425
-2.79,6.39,2.04,-0.87,1.64,-1.39,3.45,-39.36,-38.37,970.89,17463,17466
-3.88,6.00,3.45,-0.41,1.83,-1.91,9.09,-36.82,-40.71,970.83,17505,17508
-4.90,7.69,2.90,0.13,1.52,-2.00,9.09,-36.82,-40.71,970.87,17546,17549
-5.45,5.57,2.24,0.86,1.69,-2.01,15.45,-34.82,-41.02,970.84,17587,17590
-6.32,7.61,0.78,0.79,1.08,-1.74,20.36,-34.45,-40.00,970.81,17628,17632
-6.63,8.51,-0.90,1.26,1.18,-1.43,20.36,-34.45,-40.00,970.96,17670,17673
-6.83,7.37,0.59,1.87,1.43,-0.93,24.45,-35.27,-39.08,970.84,17711,17714
-7.02,6.67,-1.41,1.84,1.11,-1.07,24.45,-35.27,-39.08,970.82,17752,17756
-7.10,6.79,-2.63,2.01,1.18,-1.03,28.00,-37.91,-36.22,970.89,17794,17797
-8.16,7.73,-3.88,1.77,1.18,-1.10,31.82,-40.91,-32.76,970.98,17835,17838
-8.43,7.81,-4.71,2.16,1.22,-0.82,31.82,-40.91,-32.76,970.95,17877,17880
-8.94,6.08,-4.12,2.54,1.17,-0.42,35.36,-44.00,-27.35,970.94,17918,17921
-7.88,5.33,-7.92,4.04,1.32,0.07,37.82,-48.18,-19.18,970.85,17959,17962
-8.16,6.43,-8.71,5.00,1.90,0.50,37.82,-48.18,-19.18,970.93,18001,18004
-6.67,1.45,-7.85,4.79,2.24,0.54,37.55,-50.73,-2.55,970.89,18042,18045
-5.69,-1.02,-9.65,5.00,2.29,0.26,37.55,-50.73,-2.55,970.95,18083,18086
-5.41,-1.57,-10.71,5.00,2.61,-0.02,34.82,-46.45,16.33,970.89,18124,18128
-4.16,-6.16,-8.75,5.00,2.89,-0.15,29.27,-33.00,33.06,970.93,18166,18169
-2.71,-6.51,-8.39,5.00,2.71,-1.00,29.27,-33.00,33.06,970.92,18207,18210
-2.98,-8.94,-7.06,4.75,2.56,-0.89,21.91,-13.36,41.43,970.81,18249,18252
0.00,-8.43,-0.71,3.82,2.31,-1.08,21.91,2.00,41.43,971.04,18290,18293
0.31,-10.36,-3.49,3.04,1.51,-1.07,13.55,2.00,40.41,970.92,18331,18334
1.06,-11.96,-1.41,2.52,1.47,-1.52,8.27,11.64,35.82,970.81,18372,18375
1.37,-10.90,-2.20,2.94,1.54,-1.80,8.27,11.64,35.82,970.94,18414,18417
2.63,-11.26,0.63,2.98,1.68,-1.92,2.00,18.91,29.18,970.82,18455,18458
2.24,-8.83,1.96,3.09,1.74,-2.31,-5.73,23.82,19.29,970.97,18496,18499
2.43,-8.83,3.41,2.68,1.80,-2.32,-5.73,23.82,19.29,970.89,18538,18541
2.94,-6.51,4.94,2.20,1.36,-2.40,-13.00,24.55,9.08,970.78,18579,18582
3.45,-5.77,5.49,1.57,1.03,-2.35,-13.00,24.55,9.08,970.88,18619,18623
3.18,-4.04,5.77,1.55,1.00,-2.14,-19.00,22.27,1.02,970.92,18661,18665
3.06,-3.18,4.86,1.61,1.02,-1.97,-23.64,18.55,-5.51,970.94,18702,18705
3.18,-2.71,5.37,1.21,1.07,-1.70,-23.64,18.55,-5.51,970.90,18743,18746
3.80,-1.96,6.63,1.69,1.34,-1.62,-26.27,14.27,-10.92,970.85,18784,18787
4.16,-2.75,5.73,1.44,1.47,-1.54,-27.91,9.91,-16.33,970.91,18826,18829
1.92,-0.04,7.49,0.49,1.48,-1.45,-27.91,9.91,-16.33,970.84,18867,18870
2.67,-1.77,7.18,0.79,1.59,-1.45,-28.55,5.00,-19.49,970.83,18908,18911
1.84,-0.16,7.57,0.20,1.68,-1.27,-28.55,5.00,-19.49,970.87,18950,18953
1.41,-0.31,9.30,0.06,1.78,-1.22,-28.27,0.82,-22.14,970.87,18991,18994
0.98,-1.22,9.53,-0.37,1.58,-1.20,-28.00,-2.09,-23.88,970.89,19032,19035
0.16,-0.59,8.98,-0.92,1.43,-1.25,-28.00,-2.09,-23.88,970.81,19073,19076
-0.04,-2.31,8.51,-0.76,1.63,-0.98,-28.09,-4.18,-24.59,970.84,19115,19118
-0.16,-2.08,9.96,-0.56,1.73,-1.14,-28.09,-4.18,-24.59,970.82,19156,19159
-1.26,-2.90,10.20,-0.74,1.66,-1.14,-27.45,-6.91,-25.71,970.82,19197,19200
-1.33,-2.94,11.61,-0.63,1.64,-1.32,-28.64,-9.73,-26.94,970.90,19239,19242
-2.75,-3.84,12.08,-1.24,1.41,-1.28,-28.64,-9.73,-26.94,970.88,19280,19283
-2.63,-3.22,12.40,-0.90,1.19,-1.22,-28.91,-13.27,-27.96,970.85,19321,19324
-2.28,-4.12,11.57,-1.81,0.76,-1.25,-28.09,-16.45,-30.10,970.87,19363,19366
-1.37,-5.84,10.32,-3.09,0.44,-1.22,-28.09,-16.45,-30.10,970.94,19404,19407
-1.37,-6.90,9.22,-3.24,0.06,-0.94,-24.36,-13.82,-33.06,970.92,19446,19449
-1.22,-9.53,10.90,-2.72,-0.21,-1.02,-24.36,-13.82,-33.06,970.80,19487,19490
-1.41,-9.85,8.59,-4.26,-0.79,-1.78,-20.55,-6.91,-34.08,970.99,19528,19531
0.82,-6.79,6.94,-3.70,-0.84,-1.47,-20.45,3.36,-29.90,970.82,19570,19573
0.71,-12.79,8.87,-4.55,-0.49,-2.22,-20.45,3.36,-29.90,970.80,19611,19614
-0.90,-8.51,-0.63,-5.00,-1.16,-3.32,-25.36,11.27,-20.00,970.85,19652,19655
3.41,-11.22,2.31,-4.25,-0.25,-2.33,-25.36,11.27,-20.00,970.91,19694,19697
3.65,-7.45,-2.47,-4.22,-0.40,-2.57,-31.55,10.73,-7.24,970.90,19735,19738
5.06,-8.75,-0.20,-4.03,-0.21,-2.44,-35.45,5.00,1.73,970.91,19776,19779
4.20,-4.86,-3.73,-3.17,-1.02,-2.63,-35.45,5.00,1.73,970.84,19818,19821
5.81,-6.43,-4.43,-4.08,-0.58,-2.71,-36.73,-3.64,8.67,970.82,19859,19862
4.59,-3.26,-3.45,-3.65,-0.42,-2.91,-35.91,-14.82,12.35,970.90,19899,19903
5.77,-2.94,-7.45,-4.13,-1.16,-2.30,-35.91,-14.82,12.35,970.84,19941,19945
4.94,-2.39,-7.45,-3.89,0.05,-2.93,-33.09,-25.73,13.27,970.85,19982,19985
4.71,2.39,-5.81,-3.41,0.17,-2.99,-33.09,-25.73,13.27,970.95,20023,20026
4.28,3.57,-5.18,-3.21,-0.03,-2.60,-28.91,-35.91,9.49,970.90,20065,20068
3.73,6.47,-8.04,-3.92,-0.29,-2.38,-23.73,-43.64,3.47,970.79,20106,20109
3.10,5.92,-5.81,-3.12,0.43,-2.05,-23.73,-43.64,3.47,970.84,20147,20150
1.80,8.47,-5.37,-1.97,0.75,-1.88,-18.73,-48.00,-4.18,970.85,20188,20191
1.73,7.37,-4.82,-2.15,0.90,-1.62,-18.73,-48.00,-4.18,970.93,20230,20233
1.18,8.90,-2.75,-2.06,0.87,-1.79,-13.91,-50.09,-10.31,970.91,20271,20274
1.06,8.71,-2.24,-1.74,1.03,-1.80,-8.91,-50.82,-16.94,970.86,20312,20315
0.51,9.06,-2.51,-2.05,0.92,-1.93,-8.91,-50.82,-16.94,970.82,20354,20357
-0.55,7.81,-0.47,-1.57,1.30,-2.10,-3.27,-50.18,-22.45,970.79,20395,20398
-1.10,9.65,-1.29,-1.78,1.03,-2.27,3.82,-48.18,-27.76,970.85,20436,20439
-1.65,8.16,-0.16,-1.39,1.18,-2.09,3.82,-48.18,-27.76,970.83,20478,20481
-2.47,8.32,0.55,-1.41,1.07,-2.27,10.36,-44.64,-31.33,970.83,20519,20522
-3.33,8.47,0.43,-1.44,1.12,-2.26,10.36,-44.64,-31.33,970.85,20560,20563
-4.12,7.81,1.10,-1.30,1.15,-2.02,16.36,-40.27,-33.98,970.80,20602,20605
-4.55,6.90,0.51,-1.31,1.23,-1.87,21.45,-35.00,-35.92,970.82,20643,20646
-5.96,7.22,0.78,-1.05,1.30,-1.89,21.45,-35.00,-35.92,970.81,20684,20687
-6.20,5.65,1.26,-1.04,1.35,-1.78,26.09,-29.27,-36.43,970.84,20726,20729
-7.45,5.06,2.28,-0.99,1.32,-2.00,26.09,-29.27,-36.43,970.81,20767,20770
-9.22,6.28,2.35,-0.95,1.49,-1.91,29.64,-23.27,-36.53,970.83,20808,20811
-9.73,5.73,2.24,-0.68,1.28,-1.59,32.82,-17.73,-35.31,970.87,20850,20853
-9.61,5.84,1.80,-0.38,1.23,-0.98,32.82,-17.73,-35.31,970.86,20891,20894
-8.94,2.98,1.65,-0.32,1.05,-0.75,35.18,-13.45,-34.29,970.86,20932,20935
-8.98,3.45,1.29,-0.23,1.08,-0.82,36.91,-10.73,-32.76,970.93,20974,20977
-9.06,3.30,-1.41,-0.06,0.87,-0.87,36.91,-10.73,-32.76,970.86,21015,21018
-9.22,3.61,-0.39,-0.05,0.94,-0.73,38.55,-8.09,-32.14,970.81,21056,21059
-9.53,3.77,-0.12,0.25,0.97,-0.62,38.55,-8.09,-32.14,970.93,21098,21101
-10.00,5.10,-0.63,0.25,0.95,-0.31,40.00,-6.64,-31.02,970.89,21139,21142
-9.38,3.53,-0.90,0.37,1.00,0.00,41.73,-6.18,-30.10,970.90,21179,21183
-8.79,3.84,-1.61,0.28,0.89,0.10,41.73,-6.18,-30.10,970.82,21221,21225
-8.94,4.63,-1.69,0.41,1.01,0.21,43.55,-6.55,-28.67,970.86,21262,21265
-8.87,4.67,-2.79,0.44,1.00,0.46,43.55,-6.55,-28.67,970.89,21303,21306
-9.49,6.51,-2.31,0.65,1.09,0.73,43.55,-6.55,-28.67,970.90,21344,21347
-9.61,6.90,-3.49,1.18,1.30,1.72,48.55,-11.91,-25.00,970.89,21386,21389
-8.47,7.26,-2.86,1.30,1.39,2.13,48.55,-11.91,-25.00,970.92,21427,21430
-8.67,8.24,-5.14,2.22,1.41,2.86,50.82,-19.45,-20.71,970.98,21468,21471
-6.47,2.39,-5.57,1.88,1.67,3.24,50.55,-29.91,-13.27,970.93,21510,21513
-4.75,4.90,-9.69,0.75,1.86,2.45,50.55,-29.91,-13.27,970.83,21551,21554
-3.92,6.83,-6.59,1.60,2.35,2.72,48.45,-37.18,-4.69,970.89,21592,21595
-1.88,3.96,-10.24,0.97,1.87,2.41,48.45,-37.18,-4.69,970.90,21634,21637
-1.88,6.55,-8.47,1.32,1.87,2.21,43.18,-43.18,4.90,970.94,21675,21678
-0.75,7.26,-9.10,0.37,1.30,1.97,36.91,-46.45,12.45,970.89,21716,21719
-0.04,8.04,-10.67,1.30,1.40,2.09,36.91,-46.45,12.45,970.79,21758,21761
1.18,4.59,-7.96,1.18,1.57,2.51,29.09,-48.00,19.49,970.94,21799,21802
2.12,3.96,-8.87,0.59,1.22,1.89,0.00,0.00,0.00,970.85,21839,21842
2.51,4.35,-8.90,0.94,0.86,1.81,21.00,-48.55,24.08,970.95,21880,21883
2.08,3.57,-10.32,0.86,1.38,1.71,14.09,-47.18,28.27,970.87,21922,21925
3.30,2.35,-7.53,1.29,1.01,1.31,14.09,-47.18,28.27,970.83,21963,21966
2.94,2.67,-7.45,0.35,0.05,0.83,8.00,-44.00,31.53,970.80,22004,22007
4.35,-0.04,-9.49,1.14,0.33,1.17,5.64,-41.82,33.37,970.95,22046,22049
4.16,0.67,-7.73,0.87,0.55,0.91,5.64,-41.82,33.37,970.92,22087,22090
5.22,-0.12,-8.87,1.16,0.51,1.05,2.27,-38.36,35.61,970.96,22128,22131
5.69,0.12,-9.14,0.74,0.58,0.38,2.27,-38.36,35.61,970.97,22170,22173
5.45,-0.67,-8.87,1.06,0.96,0.43,-0.45,-35.55,36.63,970.87,22211,22214
5.69,-1.41,-7.96,0.96,1.02,0.18,-3.73,-31.55,37.96,970.75,22252,22255
4.90,-2.24,-9.10,0.85,1.34,0.35,-3.73,-31.55,37.96,970.83,22293,22296
5.57,-0.98,-6.94,1.54,2.45,0.80,-8.55,-27.91,37.96,970.81,22335,22338
6.63,-3.06,-4.90,1.40,2.38,0.67,-8.55,-27.91,37.96,970.88,22376,22379
6.94,-3.22,-2.04,1.51,2.57,0.81,-8.55,-27.91,37.96,970.95,22416,22420
7.69,-3.53,-3.84,1.04,1.59,0.51,-23.45,-17.55,33.67,970.82,22457,22462
7.65,-2.86,-4.47,0.55,1.41,0.03,-23.45,-17.55,33.67,970.92,22499,22502
8.20,-4.86,-3.41,0.78,2.11,0.08,-27.18,-15.18,30.61,970.97,22540,22543
8.79,-4.12,-1.77,0.74,2.33,0.16,-32.00,-13.18,25.41,970.84,22581,22585
8.51,-4.20,-1.80,0.93,2.06,0.71,-32.00,-13.18,25.41,970.87,22623,22626
8.71,-4.51,-0.24,0.93,1.84,0.74,-35.64,-9.82,19.69,970.87,22664,22667
7.92,-4.43,2.12,0.84,2.01,0.64,-35.64,-9.82,19.69,970.83,22705,22708
8.12,-4.51,0.78,0.23,1.57,0.06,-37.73,-7.36,14.69,970.85,22747,22750
7.30,-4.82,0.98,0.46,1.75,0.00,-39.09,-6.64,9.80,971.03,22788,22791
6.51,-6.71,2.47,-0.06,2.01,-0.31,-39.09,-6.64,9.80,970.85,22829,22832
7.88,-9.77,10.47,1.14,2.32,-0.25,-40.09,-7.64,3.47,970.95,22870,22873
6.28,-4.04,5.69,0.46,2.38,0.19,-40.09,-7.55,-4.29,970.85,22912,22915
5.73,-5.06,4.79,0.24,2.09,0.28,-40.27,-7.55,-4.29,970.89,22953,22956
5.65,-4.59,5.92,0.26,1.95,0.07,-39.18,-7.64,-10.31,970.86,22994,22997
4.86,-4.31,6.90,0.06,2.07,-0.05,-39.18,-7.64,-10.31,970.97,23035,23038
4.63,-4.31,6.43,-0.00,1.73,0.09,-37.55,-8.27,-16.22,970.98,23077,23080
-6.28,7.14,1.41,-0.20,2.03,-0.06,-35.27,-8.45,-21.53,970.94,23118,23121
3.57,-3.37,6.59,-0.32,1.74,0.13,-35.27,-8.45,-21.53,970.92,23159,23162
3.26,-5.06,4.16,-0.63,1.38,0.57,-33.09,-8.82,-25.51,970.96,23201,23204
5.06,-7.92,7.06,-0.34,1.48,0.50,-33.09,-8.82,-25.51,970.91,23242,23245
1.57,-5.02,7.06,-0.32,1.53,0.42,-30.73,-7.82,-28.78,970.81,23283,23286
1.80,-6.12,6.20,-0.31,1.42,0.34,-27.91,-7.55,-31.63,970.95,23324,23327
0.94,-5.92,7.49,-0.30,1.67,0.33,-27.91,-7.55,-31.63,970.82,23366,23369
0.94,-6.47,7.61,-0.41,1.63,0.22,-24.55,-7.45,-34.80,970.89,23407,23410
0.12,-5.45,6.83,-0.54,1.43,0.21,-21.27,-7.18,-37.65,970.90,23448,23451
-0.67,-5.49,7.02,-0.57,1.44,0.60,-21.27,-7.18,-37.65,970.93,23490,23493
1.26,-8.32,5.53,-0.59,1.52,0.19,-18.00,-6.64,-40.20,970.93,23531,23534
-0.75,-8.43,7.45,-0.66,1.79,0.40,-18.00,-6.64,-40.20,970.88,23572,23575
-2.98,-6.98,9.53,-0.55,1.69,0.07,-13.82,-5.91,-42.96,970.89,23612,23616
-2.82,-7.92,7.14,-0.58,1.81,-0.01,-9.55,-5.45,-45.61,970.92,23654,23658
-3.02,-6.79,7.85,-0.50,1.77,-0.34,-9.55,-5.45,-45.61,971.01,23695,23699
-2.75,-7.10,6.43,-0.21,1.30,-0.45,-5.36,-5.09,-47.45,970.88,23736,23739
-3.45,-7.53,5.06,-0.02,1.23,-0.49,-5.36,-5.09,-47.45,970.85,23777,23780
-3.69,-7.45,5.96,-0.10,1.32,-0.76,-1.55,-5.36,-49.29,970.83,23819,23822
-3.80,-7.81,5.57,-0.11,1.20,-0.72,2.45,-5.73,-50.41,970.87,23860,23863
-3.53,-8.55,5.57,-0.38,1.07,-1.04,2.45,-5.73,-50.41,970.86,23901,23904
-3.06,-7.49,4.98,-0.37,0.67,-1.40,5.73,-4.00,-50.82,970.94,23942,23945
-2.67,-9.10,5.96,-0.46,0.42,-1.85,6.45,-1.82,-50.51,971.00,23984,23987
-3.92,-10.63,6.35,-0.25,0.04,-1.34,6.45,-1.82,-50.51,970.86,24025,24028
-1.77,-9.18,4.94,-0.62,-0.19,-1.64,6.18,0.18,-50.00,970.91,24066,24069
-2.20,-10.71,6.67,-0.44,-0.12,-1.51,6.18,0.18,-50.00,971.07,24107,24111
-1.96,-9.81,6.35,-0.18,-0.84,-1.10,4.45,3.27,-48.47,971.02,24149,24152
-1.26,-10.20,5.49,-0.42,-1.15,-1.04,0.64,5.91,-46.73,970.99,24190,24193
-0.16,-11.81,9.49,-0.27,-2.04,-0.88,0.64,5.91,-46.73,970.85,24231,24234
-0.12,-7.06,2.75,-0.95,-4.14,-1.54,-8.09,9.36,-43.47,970.97,24273,24276
1.37,-11.10,6.04,-0.86,-3.86,-1.03,-8.09,9.36,-43.47,970.91,24314,24317
1.18,-11.69,4.08,-1.36,-4.62,-1.79,-20.64,11.45,-35.61,970.98,24355,24358
3.18,-8.47,-0.82,-1.85,-3.49,-2.09,-32.09,10.27,-21.63,970.88,24397,24400
4.86,-10.94,1.45,-1.72,-2.63,-1.69,-32.09,10.27,-21.63,970.92,24438,24441
4.35,-9.89,-2.51,-2.07,-2.19,-2.25,-37.09,7.64,-10.10,970.85,24479,24482
4.59,-8.59,-0.82,-1.14,-1.50,-2.24,-39.36,2.09,-1.84,970.86,24521,24524
5.26,-9.06,-0.43,-1.84,-1.85,-2.43,-39.36,2.09,-1.84,970.75,24562,24565
5.22,-6.94,-1.88,-1.53,-2.06,-2.57,-39.91,-5.18,6.12,970.91,24603,24606
5.06,-4.00,-4.59,-2.30,-2.01,-2.69,-39.91,-5.18,6.12,970.84,24644,24647
4.75,-3.53,-3.65,-2.10,-1.89,-2.53,-38.09,-13.73,13.47,970.84,24686,24689
4.43,-1.37,-5.26,-1.51,-1.71,-2.30,-34.36,-22.91,18.27,970.88,24727,24730
3.77,-0.75,-5.65,-2.06,-1.91,-2.35,-34.36,-22.91,18.27,970.77,24768,24771
3.37,1.14,-7.45,-2.16,-2.05,-2.34,-28.73,-31.45,21.02,970.95,24810,24813
2.47,1.37,-6.75,-2.05,-2.07,-2.16,-28.73,-31.45,21.02,970.82,24851,24854
1.33,2.75,-8.20,-1.61,-2.53,-2.19,-21.09,-39.09,21.12,970.92,24891,24895
0.51,2.51,-7.77,-1.77,-2.09,-2.13,-12.45,-45.09,20.71,970.91,24933,24937
-0.94,4.55,-7.14,-1.82,-2.09,-2.24,-12.45,-45.09,20.71,970.84,24974,24977
-1.88,3.77,-5.96,-1.47,-2.33,-2.27,-4.00,-49.55,16.63,970.99,25015,25018
-3.10,4.39,-6.24,-1.42,-2.15,-2.22,4.36,-51.91,12.14,970.90,25057,25060
-4.51,3.96,-4.35,-1.35,-2.40,-2.27,4.36,-51.91,12.14,970.94,25098,25101
-5.14,4.51,-7.96,-0.81,-2.27,-2.36,12.09,-52.55,6.53,970.84,25139,25142
-6.28,3.73,-4.24,-0.31,-1.87,-2.38,12.09,-52.55,6.53,970.83,25181,25184
-6.83,2.90,-4.63,-0.08,-1.99,-2.42,18.36,-51.27,2.14,970.81,25222,25225
-8.16,3.80,-6.47,0.31,-1.40,-2.33,23.82,-50.18,-1.02,970.83,25263,25266
-8.12,2.43,-4.59,0.27,-0.97,-2.14,23.82,-50.18,-1.02,970.85,25305,25308
-8.08,0.75,-3.65,0.40,-0.91,-2.00,27.91,-48.27,-2.96,970.97,25346,25349
-9.30,0.98,-5.96,0.52,-0.76,-2.16,27.91,-48.27,-2.96,970.82,25387,25390
-9.38,-0.27,-4.63,0.55,-0.45,-2.22,32.64,-46.73,-4.49,970.86,25429,25432
-11.10,-0.31,-5.45,0.56,-0.55,-2.09,37.55,-44.27,-5.10,970.85,25470,25473
-11.06,-0.35,-7.34,0.51,-0.01,-1.46,37.55,-44.27,-5.10,970.91,25511,25514
-10.90,-1.96,-5.77,0.91,0.68,-1.11,41.73,-42.18,-4.08,970.92,25553,25556
-10.98,-2.55,-7.37,1.18,1.14,-0.63,43.55,-40.64,0.71,970.93,25594,25597
-9.18,-3.80,-7.30,1.36,2.16,-1.30,43.55,-40.64,0.71,970.96,25635,25638
-8.47,-1.29,-11.69,0.81,2.62,-1.75,44.36,-37.18,9.29,970.90,25676,25680
-7.49,-5.77,-9.38,0.36,2.78,-1.34,44.36,-37.18,9.29,970.90,25718,25721
-6.04,-7.34,-7.92,0.44,3.79,-1.09,43.00,-32.82,17.55,971.03,25759,25762
-4.75,-6.43,-7.53,0.37,3.67,-1.28,37.91,-29.00,27.04,970.84,25800,25804
-5.14,-7.61,-14.28,0.08,3.66,-1.78,37.91,-29.00,27.04,970.87,25842,25845
-0.94,-6.12,-6.55,-0.22,4.68,-1.38,29.73,-24.00,35.51,970.85,25883,25886
-1.53,-6.86,-11.49,-0.01,4.08,-0.94,29.73,-24.00,35.51,970.91,25925,25928
2.04,-3.96,-6.00,-0.42,4.99,-1.11,18.27,-20.55,41.22,971.01,25966,25969
-5.81,-4.43,-11.26,-0.16,2.91,-0.60,4.36,-19.09,43.47,970.93,26007,26010
5.92,-3.84,-8.87,-0.08,2.91,-0.69,4.36,-19.09,43.47,970.96,26049,26052
5.37,-4.90,-6.86,-0.02,2.86,-0.56,-4.73,-18.00,42.65,970.89,26090,26093
6.43,-4.71,-7.10,0.05,2.47,-0.65,-13.00,-16.82,40.20,970.88,26131,26134
6.98,-4.39,-5.57,-0.03,2.90,-1.11,-13.00,-16.82,40.20,970.79,26171,26175
8.20,-3.96,-4.39,0.01,2.89,-0.88,-21.64,-16.91,35.41,970.80,26213,26217
7.73,-4.31,-2.82,-0.16,2.88,-0.26,-21.64,-16.91,35.41,970.88,26254,26257
8.16,-2.75,-2.12,0.38,3.47,-0.52,-28.45,-16.73,28.98,970.87,26295,26299
9.10,-4.67,0.12,0.23,3.21,-0.00,-35.36,-15.64,20.31,970.93,26337,26340
8.67,-2.79,-0.16,0.08,3.34,-0.45,-35.36,-15.64,20.31,970.90,26378,26381
7.45,-2.20,0.71,-0.05,3.92,-0.30,-39.36,-16.55,10.00,971.00,26419,26422
6.47,-2.98,3.26,-0.37,4.00,0.50,-39.36,-16.55,10.00,970.90,26461,26464
6.20,-2.67,3.06,-0.43,3.31,0.34,-41.18,-16.00,-2.14,970.86,26502,26505
5.26,-3.69,4.79,-0.16,3.22,0.10,-39.64,-15.55,-12.96,970.88,26543,26546
3.33,-2.79,6.08,-0.32,3.23,-0.17,-39.64,-15.55,-12.96,970.87,26585,26588
3.84,-4.20,5.33,-0.59,2.85,0.10,-35.82,-15.55,-22.04,970.93,26626,26629
2.39,-3.41,6.32,-0.70,3.05,0.31,-30.82,-14.73,-29.49,970.98,26667,26670
2.00,-4.75,6.83,-0.83,3.10,-0.04,-30.82,-14.73,-29.49,970.92,26709,26712
1.37,-5.18,6.47,-0.75,2.82,-0.05,-24.27,-14.00,-35.92,970.84,26750,26753
0.43,-4.75,6.75,-0.76,2.60,-0.36,-24.27,-14.00,-35.92,970.91,26791,26794
-0.67,-5.33,6.98,-0.70,2.12,-0.17,-17.82,-14.09,-39.59,970.90,26833,26836
-1.92,-2.55,6.90,-0.92,1.85,-0.61,-12.45,-13.91,-42.24,970.88,26874,26877
-1.26,-4.51,5.73,-1.23,1.43,-0.36,-12.45,-13.91,-42.24,970.93,26915,26918
-1.49,-5.45,6.16,-1.64,1.56,-0.23,-7.91,-13.18,-43.67,970.92,26957,26960
-2.28,-7.26,6.79,-1.59,1.46,-0.68,-4.09,-11.55,-45.10,971.01,26998,27001
-1.84,-10.20,8.39,-1.62,1.49,-0.21,-4.09,-11.55,-45.10,970.91,27039,27042
-3.10,-9.85,6.71,-1.24,1.47,-0.87,-0.18,-9.73,-46.84,970.98,27081,27084
-2.31,-8.47,7.61,-0.95,1.29,-0.93,-0.18,-9.73,-46.84,970.95,27122,27125
-2.47,-10.20,5.37,-1.09,0.96,-0.88,3.91,-7.64,-48.37,970.98,27163,27166
-2.67,-10.20,5.84,-0.57,0.88,-0.91,6.73,-4.73,-48.98,970.99,27205,27208
-2.39,-10.67,5.22,-0.34,0.54,-0.67,6.73,-4.73,-48.98,970.94,27246,27249
-2.31,-10.75,5.77,-0.12,0.56,-0.65,8.64,-2.09,-48.88,970.92,27287,27290
-2.04,-11.61,5.18,0.05,0.65,-0.91,8.64,-2.09,-48.88,970.96,27328,27331
-1.77,-10.90,6.00,0.27,0.56,-1.24,10.27,-0.09,-48.16,971.03,27370,27373
-1.29,-10.75,5.96,0.54,-0.15,-1.34,10.36,1.73,-47.24,970.92,27411,27414
-0.47,-11.34,7.73,0.15,-0.60,-1.56,10.36,1.73,-47.24,970.95,27451,27455
-0.67,-11.14,5.81,0.79,-1.38,-1.17,6.27,4.00,-47.55,970.90,27493,27497
-0.31,-11.45,6.32,0.09,-1.47,-1.83,-1.18,4.55,-47.65,970.91,27534,27537
0.94,-8.51,7.06,-0.27,-2.22,-2.30,-1.18,4.55,-47.65,971.00,27575,27578
0.16,-8.16,6.83,-0.02,-3.36,-1.79,-13.18,5.18,-44.39,970.82,27616,27619
3.92,-12.91,6.59,-0.29,-3.20,-1.26,-13.18,5.18,-44.39,970.96,27658,27661
3.73,-10.04,4.08,-1.10,-2.98,-2.71,-24.36,3.64,-37.35,970.96,27699,27702
4.51,-9.10,5.06,-1.23,-3.17,-2.62,-33.55,1.18,-27.65,970.87,27740,27743
5.18,-7.06,-0.43,-0.48,-2.94,-2.27,-33.55,1.18,-27.65,970.94,27782,27785
5.41,-7.57,3.18,0.06,-2.14,-2.24,-38.73,-3.64,-18.67,970.86,27823,27826
5.14,-6.35,0.67,-0.56,-2.76,-2.67,-38.73,-3.64,-18.67,970.85,27864,27867
6.00,-4.39,-2.59,-1.38,-3.31,-3.04,-42.09,-10.18,-9.18,970.94,27906,27909
6.16,-2.43,-1.57,-1.93,-3.09,-3.51,-41.64,-19.82,1.33,970.85,27947,27950
4.98,-1.06,-3.69,-1.30,-3.17,-2.81,-41.64,-19.82,1.33,970.88,27988,27991
4.86,1.26,-6.20,-1.31,-2.80,-2.67,-37.00,-29.27,9.90,970.88,28030,28033
3.92,0.20,-5.92,-1.68,-2.55,-2.74,-29.64,-37.09,14.29,970.91,28071,28074
3.14,2.90,-6.39,-1.56,-2.17,-2.61,-29.64,-37.09,14.29,970.94,28112,28115
2.16,3.30,-6.32,-0.95,-2.17,-2.33,-21.73,-43.82,15.82,970.84,28154,28157
1.57,2.43,-7.26,-0.82,-2.26,-2.45,-21.73,-43.82,15.82,970.79,28195,28198
-0.27,4.71,-7.18,-0.75,-2.04,-2.73,-12.64,-48.18,15.71,970.85,28236,28239
-2.20,3.73,-6.32,-0.60,-2.52,-2.66,-3.00,-50.45,14.18,970.94,28278,28281
-2.98,3.77,-6.04,-0.46,-2.47,-2.72,-3.00,-50.45,14.18,970.85,28319,28322
-4.47,2.90,-4.94,-0.40,-2.54,-2.79,6.73,-51.73,10.92,970.86,28360,28363
-5.69,4.47,-5.33,-0.31,-2.60,-2.60,6.73,-51.73,10.92,970.89,28402,28405
-7.34,3.92,-5.22,-0.19,-2.45,-2.59,15.27,-51.55,6.02,970.84,28443,28446
-7.57,3.02,-4.39,0.09,-2.32,-2.42,21.91,-50.27,1.33,970.92,28484,28487
-8.39,2.79,-5.61,0.35,-2.08,-2.33,21.91,-50.27,1.33,970.84,28526,28529
-8.94,2.63,-6.90,0.22,-1.71,-2.09,26.64,-49.18,-2.45,970.88,28567,28570
-10.16,1.06,-6.08,0.23,-0.84,-1.86,30.55,-48.55,-5.10,970.88,28608,28611
-10.83,1.77,-6.16,0.45,-0.41,-1.92,30.55,-48.55,-5.10,970.88,28649,28653
-10.71,0.63,-7.65,0.24,-0.05,-1.61,34.09,-47.18,-5.71,970.96,28691,28694
-10.90,-0.67,-5.26,0.43,0.28,-1.52,34.09,-47.18,-5.71,970.91,28731,28735
-10.28,0.51,-5.84,0.38,0.07,-1.27,38.27,-46.00,-5.00,970.88,28772,28776
-10.00,-0.43,-6.39,0.20,0.39,-0.93,41.09,-44.64,-3.57,970.90,28814,28817
-8.47,-2.51,-5.49,0.39,0.50,-0.87,41.09,-44.64,-3.57,970.95,28855,28858
-8.98,-2.75,-5.14,0.67,0.80,-1.04,43.55,-43.27,-2.04,970.90,28896,28899
-8.71,-2.47,-5.37,0.62,0.64,-1.00,43.55,-43.27,-2.04,970.98,28938,28941
-8.28,-2.79,-7.22,0.38,0.84,-0.83,45.91,-40.18,0.92,971.02,28979,28982
-8.55,-2.98,-6.32,0.52,1.04,-0.81,47.27,-37.18,3.67,970.98,29020,29023
-7.85,-2.90,-8.08,0.35,1.71,-0.75,47.27,-37.18,3.67,971.05,29062,29065
-7.65,-3.61,-8.12,0.13,2.17,-0.80,47.91,-34.27,8.27,971.01,29103,29106
-6.75,-4.94,-9.61,0.24,2.90,-0.37,45.73,-31.00,15.71,970.91,29144,29147
-6.24,-4.12,-12.51,0.11,4.16,0.11,45.73,-31.00,15.71,970.93,29185,29189
-6.28,-6.28,-9.81,0.16,5.00,-0.64,37.91,-28.55,26.84,970.96,29227,29230
-0.98,-6.28,-9.34,0.03,5.00,-1.29,37.91,-28.55,26.84,970.99,29268,29271
0.82,-5.30,-7.45,0.16,5.00,-0.42,22.91,-23.18,38.06,970.89,29310,29313
2.12,-4.08,-11.45,0.39,2.12,-0.71,7.55,-20.45,42.65,970.97,29351,29354
3.96,-2.55,-6.90,0.01,4.15,-1.24,7.55,-20.45,42.65,970.90,29392,29395
6.08,-2.75,-5.49,0.22,4.02,-1.41,-4.64,-18.09,42.04,970.88,29433,29436
6.90,-3.18,-6.63,-0.11,3.04,-1.04,-4.64,-18.09,42.04,970.83,29475,29478
7.57,-3.53,-4.71,0.08,3.26,-0.67,-15.36,-17.73,38.57,970.89,29516,29519
9.10,-2.98,-4.82,-0.07,3.09,-0.60,-24.27,-17.91,33.37,970.86,29557,29560
8.43,-1.45,-3.53,-0.40,3.50,-0.25,-24.27,-17.91,33.37,970.99,29599,29602
7.61,-2.90,-1.37,-0.29,3.50,-0.47,-31.82,-18.73,25.31,970.89,29640,29643
8.47,-2.55,-0.51,-0.38,3.68,-1.01,-37.27,-20.36,15.00,970.90,29681,29684
8.00,-2.55,0.82,-0.36,3.74,-0.67,-37.27,-20.36,15.00,970.92,29723,29726
8.00,-2.28,1.88,-0.39,3.57,-0.54,-40.00,-22.55,3.78,970.89,29764,29767
7.18,-1.29,3.26,-0.45,3.49,-0.25,-40.00,-22.55,3.78,970.85,29805,29808
5.69,-1.02,4.12,-0.26,3.52,-0.25,-39.64,-23.45,-7.55,970.96,29847,29850
6.28,1.92,3.14,0.16,3.58,-0.14,-36.91,-23.91,-18.27,970.88,29888,29891
3.69,-4.31,5.65,-1.05,3.61,0.04,-36.91,-23.91,-18.27,970.87,29929,29932
3.49,-2.24,6.35,-1.13,3.44,0.18,-30.82,-23.18,-28.47,970.90,29971,29974
1.41,-3.65,6.04,-1.17,3.10,0.00,-30.82,-23.18,-28.47,970.92,30011,30015
1.14,-3.49,4.90,-1.37,2.72,0.07,-23.82,-21.45,-36.43,970.94,30052,30056
-0.75,-3.45,6.63,-1.50,2.76,0.35,-16.64,-19.00,-41.22,970.96,30094,30097
-1.37,-4.35,6.04,-1.72,2.32,0.34,-16.64,-19.00,-41.22,971.02,30135,30138
-2.16,-5.18,6.51,-1.67,2.20,0.47,-10.00,-16.00,-43.78,970.83,30176,30179
-4.71,-7.02,5.96,-1.73,1.93,-0.06,-4.18,-13.45,-45.10,970.93,30218,30221
-3.69,-7.34,6.35,-1.63,1.66,-0.28,-4.18,-13.45,-45.10,971.01,30259,30262
-3.88,-8.36,7.49,-1.53,1.54,-0.28,0.45,-11.64,-45.71,970.93,30300,30303
-4.28,-9.61,7.69,-1.27,1.29,-0.52,0.45,-11.64,-45.71,970.92,30341,30345
-2.55,-10.36,5.92,-0.99,0.97,-0.82,4.91,-10.36,-46.53,971.02,30383,30386
-2.82,-10.16,7.57,-0.83,0.84,-0.84,7.91,-8.64,-47.24,970.97,30424,30427
-3.10,-10.63,6.47,-0.41,0.60,-0.95,7.91,-8.64,-47.24,970.96,30465,30468
-3.45,-9.89,6.35,-0.29,0.44,-1.09,10.09,-6.55,-47.65,970.93,30507,30510
-2.59,-10.28,6.04,0.01,0.26,-1.00,11.00,-4.36,-47.76,970.93,30548,30551
-2.75,-9.85,5.77,0.23,0.34,-1.00,11.00,-4.36,-47.76,970.90,30589,30592
-2.16,-9.30,5.69,0.39,0.35,-1.05,11.36,-2.64,-47.55,970.92,30631,30634
-1.45,-10.12,6.71,0.45,0.37,-1.18,11.36,-2.64,-47.55,970.96,30672,30675
-1.53,-10.16,6.67,0.64,-0.22,-1.47,11.18,-0.73,-47.55,970.91,30713,30716
-1.06,-9.45,7.45,0.58,-0.67,-1.65,8.00,0.55,-48.47,970.94,30755,30758
-0.16,-9.14,7.34,0.57,-1.02,-1.60,8.00,0.55,-48.47,971.00,30796,30799
0.39,-10.94,9.69,0.47,-2.15,-2.07,1.18,0.45,-49.49,970.95,30837,30840
-1.02,-10.51,7.18,0.00,-3.27,-3.06,1.18,0.45,-49.49,970.98,30878,30881
-0.16,-7.06,8.90,-0.36,-3.73,-3.66,-12.27,-0.73,-47.04,970.95,30920,30923
0.75,-7.34,5.96,-1.07,-4.97,-3.97,-27.09,-4.09,-37.86,970.87,30961,30964
4.12,-6.86,3.45,-0.52,-4.74,-3.46,-27.09,-4.09,-37.86,970.98,31002,31005
5.26,-5.92,1.02,0.01,-3.44,-3.08,-37.82,-10.45,-23.78,970.97,31043,31046
6.59,-4.67,1.02,-1.82,-3.25,-3.97,-41.27,-19.00,-12.76,970.94,31085,31088
6.24,-0.55,-2.47,-1.72,-3.21,-4.16,-41.27,-19.00,-12.76,970.93,31126,31129
6.16,0.55,-2.82,-1.89,-2.67,-3.43,-39.64,-29.55,-4.18,970.92,31167,31171
5.18,1.69,-2.43,-2.81,-3.07,-4.02,-39.64,-29.55,-4.18,971.01,31209,31212
4.28,4.24,-3.73,-1.48,-2.30,-3.38,-33.09,-40.27,0.41,970.98,31249,31253
3.10,2.24,-1.88,-1.93,-2.70,-3.33,-25.00,-47.36,1.84,970.92,31290,31294
1.37,4.28,-6.00,-1.93,-3.00,-3.97,-25.00,-47.36,1.84,970.89,31332,31336
0.16,4.86,-5.69,-1.27,-2.30,-3.80,-13.73,-53.55,0.51,970.96,31373,31376
-1.88,5.61,-4.39,-0.63,-1.92,-3.84,-13.73,-53.55,0.51,970.93,31414,31417
-3.57,8.08,-4.24,-0.02,-1.27,-3.59,-2.45,-55.73,-2.24,970.89,31456,31459
-4.08,5.81,-5.30,-0.73,-1.47,-3.29,6.36,-55.55,-4.69,970.88,31497,31500
-5.77,7.10,-4.71,-0.05,-0.84,-3.15,6.36,-55.55,-4.69,970.87,31538,31541
-6.24,6.16,-3.69,0.09,-0.74,-2.88,13.91,-53.82,-7.76,970.95,31579,31582
-6.35,4.75,-4.86,0.10,-0.78,-2.85,20.00,-51.45,-10.71,970.99,31621,31624
-6.98,4.59,-6.32,0.32,-0.34,-2.86,20.00,-51.45,-10.71,971.00,31662,31665
-7.61,4.00,-5.69,0.38,0.17,-2.80,25.64,-48.91,-12.14,971.00,31703,31706
-7.88,4.08,-6.43,0.18,0.46,-2.75,25.64,-48.91,-12.14,970.96,31745,31748
-8.67,2.75,-7.65,0.60,0.82,-2.26,31.27,-46.73,-12.76,970.95,31786,31789
-8.51,3.37,-8.98,1.09,1.29,-1.66,36.00,-45.09,-9.90,970.96,31827,31830
-9.57,2.16,-7.77,1.07,1.50,-1.49,36.00,-45.09,-9.90,971.03,31869,31872
-9.38,3.57,-9.38,1.02,1.55,-1.10,40.18,-43.00,-4.59,971.00,31910,31913
-9.61,3.53,-10.32,0.71,1.82,-0.56,40.18,-43.00,-4.59,970.95,31951,31954
-6.90,0.39,-13.14,0.39,3.06,-0.25,41.82,-41.91,1.33,971.05,31993,31996
-6.04,-0.90,-10.94,0.66,3.84,-0.24,40.00,-40.27,10.31,971.06,32034,32037
-5.02,-1.06,-14.36,0.25,4.07,0.54,40.00,-40.27,10.31,970.94,32075,32078
-1.49,0.75,-13.22,0.40,5.00,0.67,33.55,-38.73,21.63,971.02,32117,32120
-1.26,-0.86,-11.96,0.93,5.00,0.66,18.73,-35.18,33.88,971.00,32158,32161
-0.27,-1.73,-14.00,0.54,5.00,1.43,18.73,-35.18,33.88,970.94,32199,32203
2.55,-1.88,-12.08,1.12,4.14,0.63,-2.36,-30.82,38.37,970.98,32241,32244
4.79,-0.55,-11.14,0.45,4.77,0.19,-2.36,-30.82,38.37,970.95,32282,32285
6.35,-0.78,-5.02,0.57,4.84,0.50,-17.00,-26.82,35.51,971.05,32323,32327
5.30,-1.88,-5.10,-0.02,4.01,0.96,-28.82,-23.45,27.24,970.97,32365,32368
7.14,-2.35,-2.75,0.28,3.64,1.15,-28.82,-23.45,27.24,970.86,32406,32409
6.98,-2.82,0.16,-0.30,3.15,1.59,-36.00,-19.64,17.96,970.96,32447,32450
7.18,-3.26,0.55,0.23,3.04,1.16,-36.00,-19.64,17.96,970.94,32489,32492
6.90,-3.96,2.67,0.07,2.80,1.08,-39.45,-16.18,8.88,970.89,32529,32533
6.67,-6.16,3.69,-0.37,2.51,0.62,-40.73,-13.45,0.51,970.89,32570,32574
6.55,-5.45,4.79,-0.17,2.48,0.40,-40.73,-13.45,0.51,970.94,32612,32616
6.32,-5.14,4.08,-0.52,2.21,0.31,-39.91,-12.45,-7.65,970.89,32653,32656
5.41,-5.41,5.69,-0.20,2.35,0.28,-38.36,-11.64,-14.80,970.87,32694,32697
5.06,-4.75,4.79,-0.35,2.03,-0.05,-38.36,-11.64,-14.80,970.92,32735,32739
3.53,-4.28,5.41,-0.24,2.12,0.20,-35.82,-11.18,-20.51,970.93,32777,32780
3.80,-4.79,6.12,-0.45,2.17,0.32,-35.82,-11.18,-20.51,970.97,32818,32821
2.51,-4.59,6.67,-0.70,2.12,0.29,-32.18,-10.73,-26.33,970.86,32859,32863
2.79,-5.10,5.61,-0.69,1.77,0.63,-28.64,-9.36,-31.02,970.92,32901,32904
1.57,-6.20,7.37,-0.92,1.91,0.49,-28.64,-9.36,-31.02,970.92,32942,32945
1.45,-6.55,6.28,-0.98,1.78,0.50,-24.64,-7.82,-34.29,970.89,32983,32986
0.59,-7.22,6.51,-1.06,1.71,0.25,-24.64,-7.82,-34.29,970.93,33025,33028
0.08,-8.43,5.92,-0.88,1.72,0.60,-20.18,-6.64,-37.04,971.07,33066,33069
-0.86,-8.20,6.35,-1.04,1.52,0.21,-16.00,-5.27,-39.59,970.92,33107,33110
-0.82,-8.00,5.73,-0.95,1.18,0.06,-16.00,-5.27,-39.59,970.98,33149,33152
-0.86,-9.06,5.92,-0.89,1.14,0.05,-12.91,-4.09,-41.33,970.89,33190,33193
-0.31,-8.71,4.94,-0.92,1.21,0.16,-9.82,-3.09,-42.76,970.95,33231,33234
-1.45,-9.65,6.00,-0.79,1.26,0.24,-9.82,-3.09,-42.76,970.98,33272,33275
-1.41,-9.89,4.79,-0.73,1.22,-0.05,-6.18,-1.45,-44.39,971.04,33314,33317
-2.08,-10.08,4.90,-0.71,1.13,-0.23,-6.18,-1.45,-44.39,970.92,33355,33358
-1.77,-10.71,4.98,-0.44,0.87,-0.41,-3.00,0.45,-45.41,970.92,33396,33399
0.51,-11.92,4.35,-0.47,0.76,-0.62,-1.00,2.55,-45.71,970.97,33437,33440
-0.24,-10.28,4.43,-0.40,0.45,-1.07,-1.00,2.55,-45.71,971.05,33479,33482
-0.67,-12.63,4.04,-0.19,0.32,-0.94,0.00,4.64,-45.92,971.02,33520,33523
-0.47,-11.22,4.51,-0.44,-0.01,-1.58,0.00,4.64,-45.92,970.99,33561,33564
0.55,-10.55,4.04,-0.43,-0.08,-1.49,-1.36,7.45,-45.61,970.96,33602,33605
0.51,-11.85,4.71,-0.43,-0.01,-1.63,-3.64,10.36,-44.39,970.98,33644,33647
1.49,-9.92,2.63,-0.60,-0.64,-2.15,-3.64,10.36,-44.39,971.05,33685,33688
1.49,-11.14,5.33,-0.37,-0.47,-1.66,-9.09,13.00,-42.35,970.90,33726,33729
2.08,-12.28,5.18,-0.69,-1.25,-2.24,-16.55,13.55,-40.00,971.02,33768,33771
2.98,-11.02,3.06,-0.86,-1.27,-2.72,-16.55,13.55,-40.00,970.96,33808,33812
4.20,-11.34,6.04,-1.10,-1.78,-3.24,-26.09,11.64,-34.80,970.95,33849,33854
4.90,-10.04,2.79,-1.94,-2.93,-4.81,-26.09,11.64,-34.80,971.05,33891,33894
4.90,-6.63,1.18,-2.30,-2.68,-4.63,-37.45,4.45,-24.18,970.88,33932,33935
5.65,-5.30,1.37,-1.83,-2.75,-3.69,-43.82,-5.64,-12.55,970.87,33973,33977
5.22,-2.63,-0.82,-1.62,-2.93,-3.75,-43.82,-5.64,-12.55,970.98,34015,34018
4.59,0.12,-3.30,-1.94,-3.06,-3.75,-44.73,-16.45,-1.53,970.98,34056,34059
4.51,-0.94,-2.16,-1.62,-2.65,-3.24,-44.73,-27.09,6.73,971.02,34097,34100
3.88,1.73,-3.61,-0.75,-2.49,-2.80,-40.91,-27.09,6.73,970.93,34139,34142
3.06,1.57,-4.28,-0.04,-2.30,-2.45,-35.00,-34.82,12.14,970.87,34180,34183
2.16,0.90,-5.30,0.58,-2.44,-2.10,-35.00,-34.82,12.14,970.83,34221,34224
3.06,4.28,-10.00,0.22,-1.49,-1.97,-28.82,-38.45,17.55,970.91,34263,34266
2.20,2.12,-8.12,-0.02,-0.58,-1.78,-23.73,-41.45,18.67,970.88,34304,34307
4.20,3.80,-8.28,0.23,-0.85,-1.75,-23.73,-41.45,18.67,970.88,34345,34348
0.98,2.00,-12.00,2.53,-1.95,-1.10,-19.91,-42.27,20.20,970.87,34387,34390
-0.94,2.04,-9.38,1.05,-1.62,-1.20,-19.91,-42.27,20.20,970.94,34428,34431
-0.43,0.43,-13.22,0.79,-0.83,-0.64,-15.36,-40.73,23.88,970.90,34469,34473
-2.20,0.55,-13.10,1.26,0.42,-0.77,-14.18,-39.45,24.69,970.88,34511,34514
-0.08,-1.33,-10.79,1.18,0.79,0.02,-14.18,-39.45,24.69,970.94,34552,34555
2.51,-0.82,-9.85,0.41,1.31,-0.43,-16.36,-37.36,24.69,970.96,34594,34597
1.49,-1.10,-11.26,-0.03,0.18,-1.20,-17.55,-38.36,22.04,970.92,34635,34638
1.06,-0.31,-9.10,-0.01,0.30,-1.31,-17.55,-38.36,22.04,970.96,34676,34679
0.39,1.29,-10.12,-0.09,-0.12,-1.20,-16.55,-41.45,20.10,970.91,34718,34721
0.86,0.55,-10.51,-0.00,-0.27,-1.13,-16.55,-41.45,20.10,970.95,34759,34762
0.24,-0.12,-10.59,0.26,0.04,-0.93,-14.73,-45.18,17.96,970.98,34800,34804
-0.08,1.53,-10.98,0.47,0.07,-0.40,-14.00,-47.91,17.65,970.90,34842,34845
0.04,0.98,-10.90,-0.12,-0.23,-0.73,-14.00,-47.91,17.65,970.98,34883,34886
0.71,0.94,-11.96,0.34,0.16,-0.23,-12.73,-50.82,16.73,970.92,34924,34928
-0.08,1.61,-10.55,0.32,0.40,0.20,-12.73,-50.82,16.73,970.91,34966,34969
1.22,0.00,-10.40,0.08,0.20,0.04,-13.27,-51.64,17.04,971.04,35007,35010
1.02,0.04,-9.69,-0.27,0.12,-0.08,-13.73,-52.55,16.63,971.06,35048,35052
1.77,0.04,-10.32,-0.32,-0.05,0.01,-13.73,-52.55,16.63,970.94,35089,35093
1.22,0.55,-9.92,-0.32,-0.10,0.11,-14.00,-53.64,16.22,970.93,35130,35134
1.29,0.82,-10.00,-0.35,-0.02,0.04,-13.82,-54.64,15.20,970.99,35171,35176
0.90,0.78,-9.85,-0.12,0.03,-0.02,-13.82,-54.64,15.20,970.89,35213,35216
0.67,0.67,-9.61,-0.21,-0.02,0.03,-13.82,-54.73,14.49,970.96,35254,35257
0.59,0.12,-11.41,-0.09,-0.08,0.06,-13.82,-54.73,14.49,970.99,35295,35298
1.06,1.53,-9.81,0.00,0.00,0.11,-14.00,-55.09,13.67,971.01,35337,35340
0.75,0.00,-9.73,-0.09,-0.10,0.18,-14.18,-55.09,13.57,970.89,35378,35381
1.33,0.47,-9.57,-0.06,-0.15,-0.05,-14.18,-55.09,13.57,971.01,35419,35422
-1.29,3.49,-8.16,0.14,-0.08,0.07,-13.91,-55.45,13.67,970.96,35461,35464
0.47,0.67,-10.28,0.40,-0.36,0.27,-13.91,-55.45,13.67,970.85,35502,35505
-0.16,0.98,-11.53,0.05,-0.28,0.23,-14.55,-55.27,14.69,970.91,35543,35546
2.55,3.10,-9.53,0.21,-0.23,0.04,-14.91,-55.45,15.41,970.95,35585,35588
0.39,0.20,-9.02,0.12,-0.66,0.05,-14.91,-55.45,15.41,970.93,35626,35629
-1.49,0.82,-11.06,0.37,-0.69,0.05,-14.27,-55.82,16.12,970.90,35667,35670
0.00,0.04,-9.77,0.21,0.04,0.02,-14.27,-55.09,17.35,970.92,35709,35712
0.00,0.04,-9.81,0.14,0.04,0.00,-14.27,-55.09,17.35,970.88,35750,35753
-0.12,0.12,-10.00,0.07,0.04,-0.01,-14.27,-55.18,17.45,970.92,35791,35794
-0.08,-0.20,-9.85,0.04,0.04,0.04,-14.27,-55.18,17.45,970.98,35833,35836
-0.08,0.08,-9.81,-0.05,0.05,-0.02,-14.36,-54.73,17.96,970.94,35874,35877
0.08,0.16,-9.49,-0.05,0.05,-0.00,-14.27,-55.00,17.24,970.98,35915,35918
-0.04,0.04,-9.81,-0.05,0.05,0.00,-14.27,-55.00,17.24,971.02,35956,35959
-0.08,0.16,-9.89,-0.03,0.05,-0.00,-14.55,-55.09,17.14,970.91,35998,36001
-0.08,0.12,-9.77,0.01,0.05,0.00,-14.55,-55.09,17.14,970.98,36039,36042
0.00,0.00,-9.73,0.04,0.04,-0.00,-14.55,-54.82,17.65,971.01,36080,36083
0.00,0.00,-9.85,0.02,0.05,0.00,-14.27,-54.91,17.76,971.00,36121,36124
-0.04,0.00,-9.96,-0.00,0.05,-0.01,-14.27,-54.91,17.76,970.99,36163,36166
-0.16,-0.16,-9.92,-0.04,0.05,-0.01,-14.64,-54.91,18.16,970.95,36204,36207
-0.04,0.00,-9.69,-0.02,0.04,-0.03,-14.27,-54.82,17.65,970.99,36245,36248
0.04,0.16,-9.77,-0.01,0.04,-0.02,-14.27,-54.82,17.65,970.94,36287,36290
-0.04,0.04,-9.57,0.04,0.04,-0.01,-14.73,-54.91,18.06,970.90,36328,36331
-0.04,0.00,-9.77,0.01,0.04,-0.02,-14.73,-54.91,18.06,970.88,36368,36372
0.00,0.04,-9.81,-0.03,0.04,-0.01,-14.45,-54.55,18.06,971.04,36409,36412
-0.08,0.04,-9.77,-0.05,0.04,-0.01,-14.36,-54.64,18.06,970.98,36451,36454
0.00,-0.04,-9.81,-0.02,0.04,-0.01,-14.36,-54.64,18.06,970.94,36492,36495
0.04,0.00,-9.53,-0.00,0.04,-0.01,-14.36,-54.64,17.65,970.90,36533,36536
-0.04,-0.04,-9.81,0.01,0.04,-0.01,-14.36,-54.64,17.65,970.99,36574,36577
0.04,-0.08,-9.77,0.03,0.04,-0.01,-14.45,-54.64,17.96,971.04,36616,36619
0.00,0.04,-9.69,-0.01,0.04,-0.01,-14.36,-54.82,18.16,971.02,36657,36660
0.00,-0.04,-9.81,-0.01,0.04,-0.02,-14.36,-54.82,18.16,970.94,36698,36701
0.00,-0.12,-10.16,-0.01,0.04,-0.01,-14.18,-54.55,18.27,970.92,36740,36743
-0.08,-0.04,-9.77,-0.04,0.05,-0.01,-14.36,-54.73,18.37,970.93,36781,36784
-0.04,0.00,-9.81,-0.05,0.05,-0.01,-14.36,-54.73,18.37,970.99,36822,36825
-0.12,-0.04,-9.73,-0.03,0.04,-0.01,-14.55,-54.64,18.16,970.95,36863,36866
0.00,-0.04,-9.73,-0.01,0.04,-0.01,-14.55,-54.64,18.16,970.98,36905,36908
0.08,-0.20,-9.81,-0.00,0.04,-0.01,-14.36,-54.73,18.16,971.10,36946,36949
0.00,-0.04,-9.92,-0.03,0.04,-0.01,-14.18,-54.64,18.06,970.95,36987,36990
0.00,-0.04,-9.77,-0.04,0.04,-0.01,-14.18,-54.64,18.06,970.93,37029,37032
0.00,0.00,-9.89,-0.04,0.05,-0.01,-14.55,-54.73,18.06,971.05,37070,37073
-0.04,-0.04,-9.73,-0.02,0.04,-0.01,-14.55,-54.73,18.06,970.95,37111,37114
0.16,-0.12,-9.92,-0.21,0.04,-0.01,-14.55,-54.73,17.96,970.91,37152,37155
-0.12,3.14,-12.28,0.03,0.05,-0.01,-14.36,-54.91,17.45,970.98,37194,37197
-0.12,-0.39,-10.67,-0.03,0.05,-0.08,-14.36,-54.91,17.45,970.96,37235,37238
0.16,0.39,-9.85,-0.04,0.05,-0.15,-14.27,-54.91,17.45,970.99,37276,37279
-0.04,0.27,-9.69,-0.06,0.05,-0.07,-13.73,-55.00,17.76,971.03,37318,37321
-0.08,0.27,-10.20,-0.04,0.05,-0.01,-13.73,-55.00,17.76,971.00,37359,37362
0.00,0.20,-9.89,-0.04,0.05,-0.01,-13.73,-55.27,17.45,970.98,37400,37403
0.00,0.08,-9.73,-0.03,0.05,-0.01,-13.73,-55.27,17.45,970.99,37442,37445
0.00,0.27,-9.92,-0.02,0.05,-0.01,-13.64,-55.18,17.14,970.97,37483,37486
0.00,0.08,-9.81,-0.02,0.05,-0.01,-13.91,-55.55,17.35,970.98,37524,37527
-0.04,0.12,-9.92,-0.00,0.05,-0.01,-13.91,-55.55,17.35,970.93,37564,37568
0.00,0.16,-9.81,-0.02,0.05,-0.01,-13.82,-55.36,17.35,970.92,37606,37610
-0.04,0.16,-9.77,-0.02,0.05,-0.01,-13.55,-55.18,17.45,970.92,37647,37651
0.00,0.12,-9.85,-0.03,0.05,-0.01,-13.55,-55.18,17.45,970.95,37688,37691
-0.04,0.08,-9.77,-0.02,0.05,-0.01,-13.82,-55.00,17.55,970.95,37730,37733
0.00,0.00,-9.69,-0.01,0.05,-0.01,-13.82,-55.00,17.55,971.05,37771,37774
-0.04,-0.20,-9.77,-0.03,0.05,-0.06,-14.18,-55.09,17.45,970.99,37812,37815
-0.08,0.24,-10.51,-0.04,0.05,-0.02,-13.91,-55.45,17.14,970.97,37853,37856
-0.20,0.20,-9.85,0.01,0.05,-0.04,-13.91,-55.45,17.14,970.97,37895,37898
-0.16,0.08,-9.85,-0.03,0.05,-0.05,-13.55,-55.27,17.24,970.96,37936,37939
0.12,-0.31,-9.69,-0.00,0.05,-0.01,-13.55,-55.27,17.24,970.95,37977,37980
-0.16,-0.08,-9.73,-0.03,0.05,0.00,-13.55,-55.27,17.45,971.05,38019,38022
-0.12,-0.35,-9.45,0.01,0.05,-0.01,-13.64,-55.09,17.24,971.01,38060,38063
0.00,0.39,-9.81,-0.04,0.05,-0.01,-13.64,-55.09,17.24,971.06,38101,38104
-0.16,-0.20,-10.24,-0.02,0.05,-0.00,-13.64,-55.45,17.24,970.97,38142,38146
0.00,0.59,-9.49,-0.01,0.04,0.05,-13.64,-55.09,17.24,971.02,38184,38187
0.24,0.04,-9.73,0.01,0.04,-0.01,-13.64,-55.09,17.24,970.89,38225,38228
-1.92,2.90,-10.83,0.06,0.04,-0.15,-13.55,-55.18,17.45,971.03,38266,38269
0.27,-1.18,-10.24,-0.03,0.04,-0.03,-13.55,-55.18,17.45,971.04,38308,38311
-0.98,2.94,-9.65,-0.10,0.03,-0.01,-13.64,-55.64,17.35,970.99,38349,38352
3.22,-2.04,-8.79,-0.17,-0.02,-0.13,-13.27,-55.73,17.24,971.00,38390,38393
-0.08,-0.04,-9.41,-0.04,0.05,-0.19,-13.27,-55.73,17.24,970.91,38432,38435
0.00,0.16,-9.73,-0.01,0.05,-0.09,-12.64,-55.91,17.04,971.03,38473,38476
-0.12,0.31,-9.85,-0.01,0.05,-0.03,-12.64,-55.91,17.04,971.00,38514,38517
-0.04,0.27,-9.96,-0.01,0.05,-0.01,-12.36,-55.73,17.14,970.98,38556,38559
0.00,0.12,-9.85,-0.01,0.05,-0.01,-12.55,-55.91,17.35,970.96,38597,38600
0.00,0.43,-9.69,-0.02,0.04,0.07,-12.55,-55.91,17.35,970.96,38638,38641
-0.04,0.24,-9.81,-0.02,0.05,-0.00,-12.45,-55.73,17.04,971.09,38679,38682
0.04,0.24,-9.81,-0.02,0.05,-0.01,-12.82,-55.91,17.35,970.99,38721,38724
-0.08,0.12,-9.69,-0.01,0.05,-0.01,-12.82,-55.91,17.35,970.95,38762,38765
0.00,0.12,-9.85,-0.03,0.05,-0.02,-12.64,-55.82,17.35,970.90,38803,38806
-0.04,0.24,-9.77,-0.02,0.05,-0.01,-12.64,-55.82,17.35,970.96,38844,38848
0.00,0.27,-9.89,-0.01,0.05,-0.01,-12.64,-55.82,17.14,970.92,38885,38889
-0.04,0.16,-9.77,-0.02,0.05,-0.01,-12.82,-55.82,17.35,970.96,38926,38929
0.04,0.27,-9.65,-0.02,0.05,-0.01,-12.82,-55.82,17.35,970.95,38967,38970
-0.04,0.08,-9.92,-0.02,0.05,-0.02,-12.73,-55.73,17.35,970.98,39009,39012
-0.12,0.16,-9.85,-0.01,0.05,-0.01,-12.73,-55.73,17.35,970.99,39050,39053
-0.04,0.24,-9.85,-0.01,0.05,-0.01,-12.64,-55.73,17.24,970.88,39091,39094
0.00,0.27,-9.81,-0.02,0.05,-0.01,-12.64,-55.73,17.35,970.96,39133,39136
0.00,0.04,-9.92,-0.02,0.05,-0.01,-12.64,-55.73,17.35,970.94,39174,39177
-0.08,0.16,-9.89,-0.02,0.05,-0.01,-12.45,-55.64,17.35,970.97,39215,39218
-0.04,0.20,-9.85,-0.02,0.05,-0.01,-12.64,-55.91,17.35,970.96,39256,39259
0.04,0.16,-9.81,-0.02,0.05,-0.01,-12.64,-55.91,17.35,970.95,39298,39301
-0.12,0.20,-9.65,-0.02,0.05,-0.01,-12.55,-55.55,17.35,970.94,39339,39342
-0.12,0.20,-10.00,-0.03,0.05,-0.01,-12.55,-55.55,17.35,971.02,39380,39383
-0.08,0.12,-9.81,-0.02,0.05,-0.01,-12.64,-55.73,17.45,971.00,39422,39425
-0.04,0.12,-9.77,-0.03,0.05,-0.01,-12.55,-55.45,17.45,970.92,39463,39466
0.00,0.24,-9.77,-0.02,0.05,-0.01,-12.55,-55.45,17.45,970.93,39504,39507
-0.31,0.31,-9.85,-0.02,0.05,-0.01,-12.82,-55.55,17.14,971.03,39546,39549
-0.04,0.24,-9.81,-0.01,0.05,-0.01,-12.82,-55.55,17.14,971.05,39587,39590
0.00,0.20,-9.73,-0.01,0.05,0.00,-12.64,-55.73,17.35,970.96,39628,39631
-0.04,0.12,-9.89,-0.02,0.05,0.02,-12.45,-55.64,17.35,971.05,39669,39672
-0.08,0.20,-9.81,-0.02,0.05,0.00,-12.45,-55.64,17.35,971.06,39711,39714
-0.08,0.12,-9.85,-0.03,0.05,0.00,-12.91,-55.73,17.45,971.01,39752,39755
-0.08,0.04,-9.73,-0.02,0.05,0.01,-12.73,-55.73,17.24,971.00,39793,39796
-0.08,0.20,-9.81,-0.03,0.05,0.03,-12.73,-55.73,17.24,970.98,39835,39838
-0.04,0.20,-9.89,-0.03,0.05,0.02,-13.00,-55.55,17.45,970.95,39876,39879
-0.04,0.27,-9.92,-0.01,0.05,0.01,-13.00,-55.55,17.45,970.92,39917,39920
-0.08,0.16,-9.69,-0.02,0.05,0.01,-12.82,-55.73,17.24,970.91,39958,39961
-0.12,0.24,-9.81,-0.02,0.05,0.00,-12.82,-55.73,17.45,970.89,40000,40003
-0.04,0.12,-9.81,-0.03,0.05,-0.01,-12.82,-55.73,17.45,971.01,40041,40044
0.04,0.12,-9.77,-0.02,0.05,-0.01,-13.00,-55.45,17.35,970.98,40081,40085
-0.12,0.12,-9.65,0.01,0.05,-0.00,-13.00,-55.45,17.35,971.00,40123,40127
-0.08,0.16,-10.00,-0.01,0.05,0.01,-13.09,-55.55,17.24,970.89,40164,40168
-0.08,0.20,-9.81,-0.03,0.05,0.01,-13.00,-55.36,17.65,970.84,40205,40208
-0.04,0.35,-9.85,-0.03,0.05,-0.01,-13.00,-55.36,17.65,970.87,40247,40250
-0.04,0.12,-9.85,-0.03,0.05,-0.01,-13.09,-55.55,17.35,970.98,40288,40291
-0.04,0.27,-9.49,-0.01,0.05,-0.01,-13.09,-55.45,17.55,970.95,40329,40332
0.04,0.20,-10.08,-0.02,0.05,-0.01,-13.09,-55.45,17.55,970.91,40370,40373
-0.04,0.08,-9.69,-0.02,0.05,-0.01,-13.36,-55.36,17.14,970.87,40412,40415
0.00,0.24,-9.81,-0.01,0.05,-0.01,-13.36,-55.36,17.14,970.90,40453,40456
-0.08,0.16,-9.85,-0.01,0.05,-0.01,-13.18,-55.64,17.35,970.98,40494,40497
-0.12,0.16,-9.81,-0.01,0.05,-0.01,-13.00,-55.18,17.24,970.94,40536,40539
0.04,0.16,-9.57,-0.02,0.05,-0.01,-13.00,-55.18,17.24,970.93,40577,40580
