0.16,-9.85,-0.35,-3.98,0.96,-0.90,15.91,26.09,-3.57,950.59,37,40,0
0.12,-9.73,-0.16,-0.42,-0.16,0.14,15.27,26.09,-3.57,950.60,79,82,0
0.20,-10.04,0.12,0.02,-0.52,-0.04,14.18,26.18,-4.69,950.62,120,123,0
0.16,-9.85,0.04,-0.12,-0.44,0.01,14.18,26.18,-4.69,950.65,161,164,0
0.20,-9.92,0.31,-0.03,-0.50,-0.03,13.55,26.36,-4.59,950.66,202,205,2
0.00,-9.85,0.04,-0.01,-0.56,-0.03,13.55,26.36,-4.59,950.72,243,246,5
0.04,-9.77,-0.63,-0.24,-0.29,-0.07,12.64,26.09,-4.90,950.75,285,288,9
0.27,-10.04,0.08,0.04,-0.54,-0.02,11.91,26.45,-5.00,950.70,326,329,13
0.39,-9.85,0.12,-0.09,-0.46,-0.04,11.91,26.45,-5.00,950.61,367,370,17
0.27,-9.57,-0.16,-0.22,-0.35,-0.09,11.00,26.45,-5.20,950.75,409,412,20
0.35,-9.81,-0.35,-0.02,-0.29,-0.07,11.00,26.45,-5.20,950.69,450,453,22
0.39,-9.81,0.27,0.04,-0.24,0.00,10.27,26.91,-5.20,950.74,491,494,22
0.51,-9.49,-1.45,-0.06,0.03,-0.02,9.55,26.55,-5.41,950.77,532,535,25
0.20,-9.89,-0.04,0.25,-0.44,0.07,9.55,26.55,-5.41,950.85,574,577,30
0.39,-9.69,0.63,0.41,-0.37,-0.11,9.45,26.27,-5.92,950.69,614,618,33
0.39,-10.12,0.24,-0.12,-0.39,-0.08,8.45,26.18,-6.53,950.75,655,659,37
0.67,-9.89,0.04,-0.32,-0.56,-0.06,8.45,26.18,-6.53,950.76,696,699,41
0.08,-9.92,-0.63,-0.25,-0.47,0.02,7.45,26.45,-5.82,950.77,738,741,48
0.16,-9.61,0.31,-0.14,-0.69,0.02,7.45,26.45,-5.82,950.77,779,782,58
0.04,-9.49,0.39,-0.36,-1.37,-0.04,6.18,26.91,-5.61,950.71,820,823,69
0.47,-10.20,-0.31,0.05,-1.21,-0.06,3.91,27.00,-5.41,950.77,861,864,80
-0.31,-10.20,-0.20,-0.21,-1.60,-0.05,3.91,27.00,-5.41,950.69,903,906,97
-2.43,-7.96,6.12,-0.37,-2.08,-0.15,1.18,27.27,-5.10,950.71,944,947,112
-0.67,-10.12,-1.77,-0.03,-2.06,-0.11,1.18,27.27,-5.10,950.63,985,988,130
1.57,-17.30,-12.75,-0.09,-2.25,-0.06,-2.91,27.36,-3.47,950.59,1027,1030,147
-0.39,-10.32,2.59,-0.13,-2.44,-0.22,-6.18,27.82,-2.76,950.64,1068,1071,165
0.08,-9.38,-1.33,-0.06,-2.45,-0.26,-6.18,27.82,-2.76,950.69,1110,1113,182
0.39,-9.96,-0.98,-0.10,-2.42,-0.35,-10.64,27.45,-0.31,950.64,1151,1154,203
-11.49,-15.10,-19.97,0.27,-1.70,-0.14,-13.82,27.55,2.04,950.59,1193,1196,225
5.92,-6.35,11.49,-0.15,-1.27,-0.07,-13.82,27.55,2.04,950.63,1234,1237,245
2.51,-11.26,0.82,0.08,-2.70,-0.10,-15.64,27.64,4.29,950.75,1276,1279,264
-0.31,-10.36,-1.37,-0.17,-2.80,-0.20,-15.64,27.64,4.29,950.68,1317,1320,273
-1.53,-9.30,-2.55,-1.00,-0.96,-0.13,-18.73,27.27,8.47,950.79,1359,1362,272
1.80,-9.22,-1.10,-1.19,0.22,-0.04,-19.27,28.27,12.35,950.73,1400,1403,272
-0.08,-11.06,-1.45,0.53,0.05,-0.09,-19.27,28.27,12.35,950.73,1442,1445,273
1.45,-9.14,2.35,0.27,-0.42,0.01,-19.64,27.91,12.55,950.68,1483,1486,282
0.24,-9.81,-2.08,0.46,-1.29,0.17,-19.91,28.00,12.96,950.74,1525,1528,289
0.08,-9.81,-1.06,0.52,-1.03,0.02,-19.91,28.00,12.96,950.69,1566,1569,299
-0.08,-9.30,-0.12,-0.00,-1.58,-0.17,-20.45,27.82,13.57,950.67,1608,1611,314
-0.20,-9.92,-2.00,-0.24,-2.17,-0.40,-20.45,27.82,13.57,950.68,1649,1652,324
-0.31,-9.65,-1.06,0.03,-1.19,-0.11,-21.91,27.45,17.24,950.59,1691,1694,332
0.31,-9.65,-1.26,-0.14,-1.17,-0.18,-22.00,26.91,19.49,950.79,1732,1735,339
0.00,-9.77,-1.37,0.03,-0.80,-0.17,-22.00,26.91,19.49,950.76,1774,1777,348
-0.12,-9.69,-0.86,-0.18,-1.39,-0.27,-22.27,27.45,21.22,950.66,1815,1818,354
0.47,-10.32,-1.06,0.03,-0.59,-0.10,-22.27,27.45,21.22,950.69,1857,1860,364
-0.27,-9.69,-1.14,-0.06,-1.48,-0.14,-23.00,26.55,22.76,950.69,1898,1901,375
0.67,-9.02,-1.37,-0.11,-1.49,-0.14,-22.91,26.55,26.02,950.69,1940,1943,381
0.24,-10.71,-0.31,0.03,-0.80,-0.05,-22.91,26.55,26.02,950.65,1980,1984,388
6.20,-8.67,16.87,-0.10,-1.10,0.10,-22.55,26.45,27.35,950.65,2022,2026,392
-0.20,-6.79,2.94,-0.07,-0.52,-0.08,-21.64,26.55,29.69,950.67,2063,2068,397
-0.43,-10.40,-0.78,-0.04,-0.73,-0.00,-21.64,26.55,29.69,950.78,2105,2108,403
5.14,-14.63,-0.47,-0.20,-0.98,-0.02,-21.09,26.45,30.92,950.63,2147,2150,411
0.12,-10.63,-2.04,-0.08,-1.19,-0.08,-21.09,26.45,30.92,950.69,2188,2191,421
-0.27,-9.41,-0.35,-0.12,-1.29,-0.11,-20.18,26.36,33.37,950.84,2230,2233,432
-0.16,-9.92,-1.26,-0.05,-1.58,-0.19,-18.82,26.27,35.51,950.62,2271,2274,446
-0.27,-9.69,-0.90,-0.14,-1.90,-0.19,-18.82,26.27,35.51,950.66,2313,2316,460
-0.20,-9.69,-0.63,-0.08,-1.73,-0.19,-17.64,25.82,38.57,950.70,2354,2357,470
-0.27,-9.96,-2.00,-0.06,-1.27,-0.15,-15.55,25.82,40.61,950.67,2396,2399,477
-0.16,-9.69,-0.55,-0.33,-0.64,-0.03,-15.55,25.82,40.61,950.68,2437,2440,481
-0.27,-10.04,-1.29,-0.02,-0.62,-0.01,-14.36,25.45,41.84,950.59,2479,2482,484
0.12,-9.57,-0.39,0.07,-0.32,-0.03,-14.36,25.45,41.84,950.57,2520,2523,488
-0.39,-7.96,-0.31,0.25,-0.50,-0.05,-13.91,25.45,42.35,950.69,2562,2565,491
-0.98,-9.73,-1.45,0.18,-0.25,-0.07,-13.18,26.00,41.84,950.72,2603,2606,492
-0.55,-9.89,-0.71,-0.03,-0.10,-0.03,-13.18,26.00,41.84,950.62,2645,2648,494
-0.20,-10.43,-1.88,-0.07,-0.19,-0.03,-12.55,26.09,42.24,950.63,2686,2689,495
-0.78,-9.65,-0.12,-0.03,-0.22,-0.02,-12.55,26.09,42.24,950.61,2728,2731,499
-0.31,-10.00,-0.82,0.05,-0.36,-0.12,-12.55,26.09,42.35,950.67,2769,2773,503
-0.24,-9.85,-0.71,-0.07,-0.51,-0.05,-12.00,25.91,42.96,950.57,2811,2814,506
-0.35,-9.65,-0.98,-0.05,-0.35,-0.01,-12.00,25.91,42.96,950.61,2852,2856,507
-0.47,-9.65,-0.78,0.00,-0.12,0.01,-11.18,25.91,43.16,950.60,2894,2897,509
-0.39,-9.77,-0.67,0.06,-0.16,0.00,-10.91,26.00,43.16,950.73,2935,2938,511
-0.71,-9.65,-1.33,0.04,-0.17,-0.05,-10.91,26.00,43.16,950.60,2977,2980,512
-0.27,-10.16,-0.82,0.08,-0.02,-0.06,-10.91,25.91,43.16,950.75,3018,3022,512
-0.47,-9.10,-0.35,-0.06,0.07,-0.04,-10.91,25.91,43.16,950.67,3060,3063,512
-0.27,-9.22,-0.04,0.10,0.03,-0.05,-10.64,25.91,43.27,950.70,3101,3105,512
-0.20,-9.92,-0.51,-0.14,0.06,0.08,-10.64,26.00,43.06,950.66,3143,3146,512
-1.69,-10.00,0.98,0.08,0.02,-0.03,-10.64,26.00,43.06,950.74,3184,3188,512
0.51,-10.24,0.12,-0.13,0.01,-0.06,-10.82,26.09,43.27,950.69,3226,3229,512
-0.47,-10.00,-0.67,0.04,-0.01,-0.01,-10.64,26.00,43.47,950.68,3267,3271,515
-0.39,-9.92,-0.82,0.10,-0.18,-0.00,-10.64,26.00,43.47,950.59,3309,3312,517
-0.47,-10.00,-0.55,-0.03,-0.20,0.01,-10.27,26.27,43.47,950.69,3351,3354,520
-0.16,-9.77,-0.43,0.01,-0.44,-0.10,-10.27,26.27,43.47,950.65,3392,3395,524
-0.35,-10.00,-0.82,-0.07,-0.56,-0.11,-9.64,26.18,43.67,950.73,3434,3437,530
-0.24,-9.77,-0.82,-0.07,-0.73,-0.08,-8.73,26.09,44.49,950.67,3475,3478,534
-0.67,-9.57,-0.75,-0.07,-0.58,-0.05,-8.73,26.09,44.49,950.67,3516,3520,539
1.33,-11.06,1.37,-0.09,-0.48,0.02,-7.82,25.55,44.80,950.62,3557,3561,544
-0.51,-11.30,-0.82,-0.00,-0.60,-0.01,-7.82,25.55,44.80,950.54,3598,3603,548
-2.28,-8.00,-1.45,0.19,-0.63,-0.12,-6.73,25.82,45.51,950.63,3640,3643,553
-0.20,-10.32,0.27,0.29,-0.36,-0.05,-6.00,26.18,45.00,950.70,3681,3685,558
-0.39,-8.24,0.86,-0.09,-0.66,0.00,-6.00,26.18,45.00,950.62,3723,3726,567
0.27,-10.16,0.00,-0.40,-1.26,-0.18,-4.64,26.27,45.41,950.59,3764,3767,579
-0.67,-9.49,-0.78,-0.50,-1.58,-0.16,-2.27,25.27,46.84,950.63,3806,3809,592
-0.55,-9.96,-1.14,-0.12,-1.59,-0.13,-2.27,25.27,46.84,950.63,3847,3850,602
-0.39,-10.12,-1.06,-0.04,-1.34,-0.08,0.55,25.36,47.35,950.63,3889,3892,612
-0.12,-10.08,-0.47,-0.11,-1.19,-0.02,0.55,25.36,47.35,950.58,3930,3933,625
-0.55,-10.08,-0.63,-0.18,-1.72,-0.09,2.82,25.18,47.45,950.67,3972,3975,639
-0.51,-9.49,-0.67,-0.25,-1.69,-0.10,6.18,24.82,47.55,950.57,4013,4016,650
-0.47,-9.96,-0.90,-0.20,-1.18,-0.06,6.18,24.82,47.55,950.61,4055,4058,655
-0.55,-10.04,-0.90,-0.02,-0.67,-0.03,8.55,23.91,47.76,950.61,4096,4099,663
5.14,-11.49,-1.14,0.27,-1.08,-0.27,10.00,24.55,46.84,950.68,4138,4141,672
-0.27,-9.89,-1.10,0.04,-1.37,-0.30,10.00,24.55,46.84,950.63,4179,4182,681
0.90,-11.22,0.98,-0.14,-1.22,-0.27,11.91,24.27,46.02,950.60,4221,4224,691
-0.51,-10.20,-1.22,-0.15,-1.29,-0.07,11.91,24.27,46.02,950.53,4262,4266,701
-0.43,-9.81,-0.08,-0.08,-1.02,-0.06,14.55,24.55,44.90,950.55,4304,4307,707
-0.51,-10.16,-0.98,-0.00,-0.78,-0.05,15.91,24.36,44.29,950.58,4345,4349,711
-0.12,-9.41,-0.39,0.01,-0.44,-0.03,15.91,24.36,44.29,950.55,4387,4390,711
-0.43,-9.73,-0.47,-0.01,0.06,-0.01,16.55,24.45,43.78,950.60,4429,4432,710
-0.39,-9.77,-0.71,-0.00,0.20,0.01,16.55,24.45,43.78,950.58,4470,4473,707
-0.51,-7.69,2.55,-0.02,1.07,0.08,16.55,24.64,43.98,950.60,4511,4515,699
-0.71,-10.55,-1.57,0.04,1.33,0.04,15.00,24.64,44.69,950.65,4553,4556,689
-0.24,-9.49,-0.04,0.02,1.31,0.03,15.00,24.64,44.69,950.58,4594,4597,675
-0.43,-9.73,-1.14,0.04,1.87,0.12,13.09,24.55,45.71,950.63,4636,4639,655
-0.31,-9.92,-0.47,0.09,2.71,0.10,8.73,24.82,47.14,950.60,4677,4680,638
-0.27,-9.89,-0.75,0.17,2.30,0.10,8.73,24.82,47.14,950.68,4719,4722,612
0.16,-9.34,-1.14,-0.10,3.74,0.15,4.00,24.91,47.65,950.59,4760,4763,581
-0.47,-9.61,-0.55,-0.01,3.77,0.23,4.00,24.91,47.65,950.56,4802,4805,559
-0.51,-9.53,-0.27,0.02,2.74,0.23,-3.00,24.73,47.55,950.66,4843,4846,548
-0.51,-11.02,-0.90,0.05,0.97,0.11,-6.82,25.00,46.84,950.75,4885,4888,541
-0.31,-10.04,-1.26,-0.01,0.95,0.02,-6.82,25.00,46.84,950.71,4926,4929,538
0.51,-9.81,0.04,-0.08,0.31,-0.01,-8.09,25.09,45.71,950.71,4968,4971,536
-0.98,-9.38,-0.08,-0.07,0.30,0.04,-8.45,25.45,45.71,950.66,5008,5012,532
-0.35,-9.89,-0.90,-0.08,0.63,0.07,-8.45,25.45,45.71,950.68,5050,5054,523
-0.31,-10.36,-1.06,-0.08,1.21,0.11,-9.55,25.27,45.41,950.70,5091,5094,520
-0.31,-9.81,-0.94,0.05,0.21,0.03,-9.55,25.27,45.41,950.66,5132,5135,516
-0.24,-9.92,-1.10,0.09,0.81,0.06,-10.27,25.00,45.10,950.69,5174,5177,503
-0.12,-10.00,-1.06,0.04,1.67,0.08,-11.82,25.27,43.88,950.69,5215,5218,493
-0.16,-9.77,-0.90,-0.05,1.34,0.08,-11.82,25.27,43.88,950.70,5257,5260,486
-0.35,-9.57,-1.37,0.07,0.63,0.05,-13.91,25.27,42.65,950.67,5298,5301,480
-0.35,-9.41,-0.78,0.04,1.03,0.06,-13.91,25.27,42.65,950.67,5340,5343,472
-0.24,-9.81,-0.67,-0.03,1.11,0.04,-14.91,25.55,41.43,950.68,5381,5384,470
-0.20,-9.81,-1.26,0.03,0.20,0.01,-15.82,25.73,40.71,950.75,5423,5426,464
0.43,-9.30,-1.49,-0.05,1.02,0.04,-15.82,25.73,40.71,950.66,5464,5467,454
0.16,-9.49,-0.86,0.01,1.37,0.06,-17.00,25.73,39.59,950.65,5506,5509,446
-0.35,-9.73,-1.14,0.06,0.93,0.06,-18.09,25.64,37.76,950.70,5547,5550,438
-0.08,-9.53,-0.55,0.08,1.27,0.06,-18.09,25.64,37.76,950.71,5589,5592,423
-0.24,-9.61,-0.82,-0.01,2.32,0.11,-19.27,25.82,35.92,950.70,5630,5633,407
-0.08,-9.77,-0.75,0.01,2.02,0.13,-19.27,25.82,35.92,950.70,5672,5675,397
-0.47,-10.20,-0.94,0.15,1.51,0.23,-21.18,26.36,32.24,950.68,5713,5716,392
-0.27,-9.57,-1.18,-0.00,0.72,0.05,-21.55,26.55,30.41,950.62,5755,5758,380
-0.04,-9.77,-0.94,-0.02,1.90,0.04,-21.55,26.55,30.41,950.71,5796,5799,369
1.06,-10.24,-0.24,-0.01,1.40,0.06,-22.64,26.55,27.55,950.62,5838,5841,364
-0.04,-9.85,-0.55,0.06,0.53,0.05,-22.64,26.55,27.55,950.70,5879,5882,361
0.00,-9.92,-0.90,0.04,0.61,0.04,-22.64,26.55,27.55,950.62,5921,5924,354
0.16,-9.77,-1.33,-0.04,1.19,0.00,-22.73,26.36,24.90,950.70,5962,5965,345
0.71,-10.36,-0.31,0.06,1.33,0.02,-22.73,26.36,24.90,950.63,6004,6007,335
0.47,-10.20,-0.47,0.20,1.67,0.07,-23.27,26.82,22.24,950.58,6045,6048,320
0.12,-9.85,-1.06,0.00,2.43,0.12,-22.82,26.55,18.47,950.69,6087,6090,305
0.12,-9.81,-0.31,0.01,2.07,0.13,-22.82,26.55,18.47,950.59,6128,6131,294
0.31,-10.16,-0.86,0.03,1.57,0.12,-22.36,26.82,14.90,950.61,6170,6173,284
0.35,-10.08,-0.82,0.04,1.54,0.09,-22.36,26.82,14.90,950.65,6211,6214,275
-0.08,-8.83,-0.27,0.07,1.37,0.06,-21.36,26.91,12.45,950.75,6253,6256,269
0.27,-9.30,-0.55,-0.02,1.06,0.00,-20.55,27.00,9.90,950.72,6294,6297,264
-1.06,-9.18,-0.31,0.03,0.73,-0.01,-20.55,27.00,9.90,950.72,6336,6339,257
-0.04,-9.77,-0.71,0.04,1.17,0.05,-19.64,26.91,8.57,950.69,6377,6380,250
0.20,-9.69,-0.98,0.01,0.89,0.04,-18.91,27.00,6.63,950.76,6419,6422,245
-0.59,-9.18,-0.39,-0.00,0.84,0.03,-18.91,27.00,6.63,950.77,6459,6463,241
0.35,-9.49,-1.06,-0.02,0.79,0.01,-18.00,26.91,5.82,950.78,6500,6504,236
5.49,-15.34,1.37,-0.07,0.87,0.03,-18.00,26.91,5.82,950.75,6542,6545,231
0.24,-9.14,0.20,-0.03,0.63,-0.03,-16.91,26.91,4.59,950.73,6583,6586,228
0.51,-10.55,3.69,0.04,0.97,0.07,-16.36,27.27,3.67,950.74,6625,6628,225
3.06,-16.24,-0.39,0.24,0.64,0.06,-16.36,27.27,3.67,950.69,6666,6669,223
1.80,-11.02,3.80,0.06,0.36,0.07,-15.55,27.18,2.96,950.75,6708,6711,221
0.51,-9.22,0.39,0.01,0.52,0.02,-15.55,27.18,2.96,950.81,6749,6752,220
0.31,-9.92,-0.67,0.03,0.29,-0.04,-15.09,27.09,2.24,950.82,6791,6794,217
0.47,-9.53,-0.04,-0.03,0.48,0.01,-14.73,26.91,1.94,950.74,6832,6835,215
0.27,-9.81,-0.47,-0.03,0.38,0.05,-14.73,26.91,1.94,950.70,6873,6876,214
0.20,-9.38,-0.24,-0.02,0.19,-0.00,-13.91,27.00,1.43,950.73,6915,6918,212
-0.04,-9.34,-0.67,-0.04,0.34,0.03,-14.18,27.18,1.12,950.73,6956,6959,209
0.27,-10.59,-0.75,0.00,0.35,-0.02,-14.18,27.18,1.12,950.70,6998,7001,208
0.43,-9.18,0.04,0.01,0.45,-0.03,-13.64,27.18,0.92,950.63,7039,7042,204
-1.73,-14.28,16.71,-0.43,1.54,0.23,-13.64,27.18,0.92,950.66,7081,7084,196
0.94,-10.24,-2.98,0.05,1.26,0.12,-12.45,27.55,0.20,950.62,7122,7125,187
0.04,-10.04,-1.80,0.09,1.30,0.13,-10.55,27.36,-1.12,950.59,7164,7167,180
0.31,-10.04,-0.35,0.04,1.15,0.08,-10.55,27.36,-1.12,950.64,7205,7208,177
0.31,-9.92,-1.06,-0.09,0.46,0.04,-8.73,27.36,-1.84,950.64,7247,7250,174
0.82,-9.85,0.04,0.07,0.48,0.04,-7.82,27.64,-2.45,950.64,7288,7291,174
0.27,-9.49,-0.39,-0.17,0.02,0.10,-7.82,27.64,-2.45,950.68,7329,7332,173
0.43,-6.00,9.61,0.38,0.05,0.07,-7.82,27.64,-2.55,950.67,7371,7374,173
-5.73,-0.75,0.90,-0.34,0.10,0.05,-7.82,27.64,-2.55,950.66,7412,7415,172
0.90,-8.79,0.04,0.18,0.12,0.11,-7.55,27.55,-2.45,950.62,7454,7457,171
-1.37,-8.16,0.51,0.04,0.26,-0.01,-7.45,27.09,-3.16,950.70,7495,7498,171
0.12,-11.02,2.04,-0.27,0.17,-0.11,-7.45,27.09,-3.16,950.70,7536,7539,170
0.59,-7.73,1.65,0.01,0.27,-0.12,-7.27,27.55,-2.65,950.73,7578,7581,170
0.51,-9.26,-0.08,-0.05,0.02,0.05,-7.27,27.55,-2.65,950.75,7619,7622,170
0.24,-10.04,-0.71,0.05,-0.05,0.21,-7.27,27.55,-2.65,950.75,7661,7664,171
0.39,-9.22,-1.22,0.04,-0.05,0.03,-7.18,27.64,-2.86,950.67,7702,7705,171
0.12,-10.20,0.35,0.08,-0.04,-0.01,-7.18,27.64,-2.86,950.69,7743,7746,171
0.75,-10.12,-0.86,0.09,0.15,-0.05,-7.09,27.55,-2.96,950.73,7785,7788,171
0.51,-10.94,-1.26,-0.00,0.07,-0.17,-7.36,27.45,-3.27,950.77,7825,7829,171
0.16,-10.20,-1.37,-0.01,0.07,-0.12,-7.36,27.45,-3.27,950.76,7867,7871,170
-1.29,-14.67,1.06,0.00,0.09,0.02,-7.36,27.18,-3.16,950.67,7908,7912,171
1.29,-10.75,-0.04,-0.17,-0.08,-0.07,-7.36,27.18,-3.16,950.78,7950,7953,170
0.35,-8.67,0.39,-0.24,-0.03,-0.11,-7.91,27.45,-2.65,950.74,7991,7994,171
0.43,-9.85,-0.78,-0.12,-0.10,-0.04,-8.27,27.82,-1.94,950.76,8033,8036,172
0.71,-9.53,-0.78,-0.06,-0.34,0.03,-8.27,27.82,-1.94,950.72,8074,8077,174
0.08,-9.45,-0.16,0.15,-0.04,0.26,-8.55,27.82,-2.14,950.69,8115,8118,174
0.27,-9.89,-0.47,0.07,-0.02,0.02,-8.55,27.82,-2.14,950.69,8157,8160,175
0.24,-9.89,-0.43,-0.02,-0.13,-0.04,-8.36,27.82,-2.14,950.67,8198,8201,177
0.47,-9.02,0.24,-0.03,-0.31,0.07,-8.91,27.82,-2.24,950.65,8240,8242,178
-0.35,-10.08,-0.75,0.14,-0.10,0.11,-8.91,27.82,-2.24,950.71,8281,8284,177
0.51,-9.57,-0.20,0.05,0.28,0.02,-8.73,27.64,-1.94,950.71,8322,8325,173
0.24,-9.41,0.08,0.01,0.65,0.00,-8.09,27.82,-2.55,950.78,8364,8367,165
0.75,-9.02,-0.67,-0.17,1.31,-0.10,-8.09,27.82,-2.55,950.78,8405,8408,151
0.39,-9.81,-0.71,0.03,1.87,0.04,-6.18,27.64,-3.78,950.82,8447,8450,135
0.59,-9.77,-0.24,-0.04,2.49,0.01,-6.18,27.64,-3.78,950.74,8488,8491,117
-0.16,-11.45,-3.10,0.36,2.16,0.23,-2.36,27.18,-4.69,950.66,8529,8532,98
0.31,-10.04,-0.27,0.04,2.45,0.13,1.91,27.18,-5.92,950.67,8571,8574,83
0.27,-9.96,-0.04,0.05,1.87,0.12,1.91,27.18,-5.92,950.65,8612,8615,72
0.71,-8.59,-0.39,-0.03,1.15,0.03,4.91,26.91,-5.92,950.66,8654,8656,60
-2.28,-11.45,-3.92,0.03,1.33,0.06,7.27,27.27,-5.82,950.67,8695,8698,54
1.65,-16.12,-11.41,-0.01,0.07,0.12,7.27,27.27,-5.82,950.68,8736,8739,51
-1.10,-7.69,-0.20,-0.15,0.20,0.04,8.27,26.91,-5.10,950.71,8778,8781,50
0.31,-10.00,-0.55,0.00,0.30,0.04,8.27,26.91,-5.10,950.81,8819,8822,49
-0.24,-9.02,0.27,-0.13,0.15,0.01,8.73,27.09,-5.00,950.66,8860,8863,48
0.59,-11.73,-2.24,-0.10,-0.01,0.05,8.73,27.18,-5.00,950.71,8902,8905,50
-0.12,-10.59,-3.10,-0.06,-0.32,-0.02,8.73,27.18,-5.00,950.65,8943,8946,54
0.24,-10.32,-0.98,-0.09,-0.58,0.03,8.27,27.18,-5.10,950.67,8985,8988,59
1.33,-11.26,1.33,-0.07,-0.54,-0.02,8.27,27.18,-5.10,950.67,9026,9029,60
0.12,-9.45,0.20,0.04,-0.05,-0.04,7.18,27.09,-5.31,950.72,9067,9070,60
0.12,-9.57,0.27,-0.01,0.08,-0.03,7.00,27.09,-5.20,950.67,9109,9112,59
1.02,-10.20,1.45,-0.03,0.25,-0.02,7.00,27.09,-5.20,950.66,9150,9153,57
0.47,-11.57,-1.84,-0.04,0.32,-0.05,7.09,26.91,-5.00,950.67,9190,9194,57
-1.53,-4.12,-0.98,0.18,-0.64,-0.15,7.00,27.27,-5.20,950.71,9232,9236,56
-1.22,-11.96,5.18,0.21,-0.43,-0.06,7.00,27.27,-5.20,950.66,9273,9276,54
0.31,-11.38,-2.55,0.19,-0.13,-0.09,6.27,26.73,-5.82,950.83,9315,9318,51
0.08,-10.00,-0.43,-0.06,0.26,-0.02,6.27,26.73,-5.82,950.72,9356,9359,49
0.55,-9.61,0.12,-0.01,0.34,0.01,6.18,26.82,-5.61,950.75,9397,9400,46
-0.12,-8.98,0.00,-0.05,0.45,0.01,7.00,26.64,-5.51,950.70,9439,9442,42
1.69,-12.63,5.41,0.01,0.28,-0.02,7.00,26.64,-5.51,950.67,9480,9483,37
1.10,-15.49,-6.28,0.08,0.16,0.03,7.27,26.64,-5.71,950.68,9521,9524,32
0.78,-10.36,2.24,-0.06,0.51,0.06,7.27,26.64,-5.71,950.66,9563,9566,28
0.24,-9.26,0.47,-0.07,0.51,0.05,7.82,26.45,-5.71,950.77,9604,9607,24
0.24,-10.12,-0.12,-0.04,0.40,0.02,8.91,26.55,-5.31,950.70,9645,9648,19
-0.20,-8.98,0.16,-0.14,0.57,0.07,8.91,26.55,-5.31,950.71,9687,9690,13
0.16,-9.57,-0.08,-0.03,0.79,-0.01,9.55,26.91,-5.31,950.74,9728,9731,4
0.00,-9.45,-0.27,-0.00,1.10,0.06,11.00,26.82,-4.49,950.67,9769,9772,0
0.82,-9.89,0.59,0.03,1.28,0.06,11.00,26.82,-4.49,950.79,9811,9814,0
-0.20,-9.89,-0.67,-0.04,1.38,0.05,13.27,26.45,-4.08,950.71,9852,9855,0
0.08,-8.16,-0.08,0.06,1.57,0.04,13.27,26.45,-4.08,950.70,9893,9896,54
-0.12,-9.57,-0.08,0.02,1.79,0.14,15.73,26.64,-2.96,950.71,9935,9938,1023
-0.20,-9.14,0.04,0.01,2.02,0.06,18.73,26.36,-1.43,950.70,9976,9979,1018
0.08,-9.77,-0.43,-0.01,2.19,0.17,18.73,26.36,-1.43,950.74,10018,10021,1000
0.00,-9.61,0.04,0.08,2.30,0.10,21.73,26.27,1.63,950.69,10059,10062,983
-0.12,-9.81,0.47,0.06,2.03,0.08,21.73,26.27,1.63,950.70,10101,10104,970
-0.20,-8.90,-0.43,0.04,1.51,0.15,24.18,26.27,3.98,950.55,10142,10145,958
-0.35,-9.45,0.24,-0.02,1.66,0.06,25.73,25.73,6.22,950.71,10184,10187,949
-0.27,-9.53,-0.16,-0.02,1.04,0.05,25.73,25.73,6.22,950.74,10225,10228,943
-0.08,-10.67,-0.51,0.02,0.83,0.02,26.91,25.82,8.06,950.74,10267,10270,938
1.57,-11.10,3.53,-0.13,0.89,0.02,27.55,25.91,9.69,950.83,10308,10312,934
0.47,-10.51,-0.78,0.07,0.67,0.01,27.55,25.91,9.69,950.66,10350,10353,933
-0.04,-10.08,-1.53,-0.10,0.38,-0.04,27.82,25.73,10.82,950.75,10392,10395,928
-0.08,-8.59,0.67,0.06,0.85,-0.03,27.82,25.73,10.82,950.69,10433,10436,921
-0.31,-9.65,0.47,0.01,0.90,0.01,28.36,26.00,11.63,950.74,10475,10478,917
-0.16,-10.08,-0.16,-0.09,0.52,0.09,28.27,25.82,12.65,950.64,10516,10520,911
0.35,-9.06,-0.31,-0.11,0.96,0.06,28.27,25.82,12.65,950.66,10558,10561,904
-0.35,-9.49,0.47,0.01,0.87,0.06,29.27,25.64,14.39,950.65,10600,10603,896
-0.04,-9.41,-0.24,0.07,1.11,0.04,29.18,25.91,16.02,950.73,10640,10644,883
-0.27,-9.38,-0.08,0.07,1.85,0.04,29.18,25.91,16.02,950.69,10682,10686,868
-0.24,-9.81,0.08,0.00,1.98,0.11,29.36,25.82,19.29,950.65,10723,10726,855
-0.43,-9.38,-0.55,0.03,1.91,0.13,29.36,25.82,19.29,950.69,10765,10768,838
0.31,-10.55,0.47,0.01,2.28,0.16,29.55,25.64,22.86,950.64,10806,10810,821
-0.31,-9.49,-0.39,0.00,2.29,0.17,28.91,25.55,27.14,950.69,10848,10851,805
0.51,-9.69,0.67,0.11,2.22,0.20,28.91,25.55,27.14,950.51,10890,10893,789
-0.27,-9.85,-0.43,0.18,2.15,0.20,27.64,25.27,30.82,950.61,10931,10934,776
-0.20,-9.77,-0.16,0.24,1.74,0.16,27.64,25.36,33.16,950.59,10973,10976,763
-0.63,-9.73,0.27,0.14,1.83,0.12,26.45,25.36,33.16,950.59,11014,11018,749
-0.39,-9.77,-0.04,0.05,1.79,0.09,24.82,25.55,36.02,950.65,11056,11059,737
-0.98,-10.43,-0.12,0.12,1.75,0.00,24.82,25.55,36.02,950.58,11098,11101,726
-0.20,-9.96,-0.20,-0.02,1.30,-0.03,22.64,25.55,38.06,950.58,11139,11142,720
-0.67,-9.57,-0.55,-0.07,0.60,-0.08,21.00,25.55,39.80,950.67,11181,11184,718
-0.43,-9.92,-0.12,0.04,0.44,-0.09,21.00,25.55,39.80,950.64,11222,11225,717
-0.16,-9.77,0.08,0.03,0.19,-0.13,20.55,25.91,40.20,950.60,11264,11267,715
-0.35,-9.81,-0.27,-0.04,0.34,-0.01,20.55,25.91,40.20,950.54,11306,11309,712
-0.47,-9.85,-0.16,-0.01,0.38,0.04,19.82,25.82,40.41,950.51,11347,11350,710
-0.47,-9.89,0.04,0.02,0.19,0.01,19.36,26.00,40.92,950.50,11389,11392,710
-0.39,-9.81,-0.12,0.07,0.14,-0.05,19.36,26.00,40.92,950.61,11430,11433,710
-0.35,-9.61,0.08,0.01,0.11,-0.04,19.64,25.82,40.71,950.59,11472,11475,709
-0.35,-9.77,-0.08,0.02,0.17,-0.01,19.36,25.73,40.92,950.55,11513,11517,709
-0.47,-9.96,0.27,0.10,0.05,0.01,19.36,25.73,40.92,950.57,11555,11558,709
0.27,-10.40,8.28,-0.14,0.04,-0.23,19.36,26.00,40.51,950.58,11597,11600,709
-0.12,-10.79,0.39,0.25,0.11,0.05,19.36,26.00,40.51,950.54,11638,11641,709
-0.47,-10.20,-0.16,-0.07,0.07,-0.08,19.00,26.18,40.10,950.56,11680,11683,709
-0.16,-9.85,-0.51,-0.01,0.05,-0.16,18.64,26.18,40.51,950.61,11721,11725,709
-0.16,-9.30,-0.39,0.27,0.06,-0.03,18.64,26.18,40.51,950.61,11763,11766,709
1.41,-14.55,0.31,0.11,0.03,0.05,18.55,26.82,39.69,950.46,11805,11808,709
0.43,-11.53,2.67,-0.01,0.04,0.05,18.91,26.55,39.90,950.60,11846,11849,709
-3.45,-5.33,-6.32,-0.63,0.08,0.02,18.91,26.55,39.90,950.61,11888,11891,708
0.00,-8.79,-0.39,-0.11,0.10,-0.09,18.64,26.27,40.20,950.56,11929,11932,708
0.12,-10.08,0.90,-0.05,0.04,0.03,18.64,26.27,40.20,950.66,11971,11974,708
3.69,-11.26,-8.94,-0.19,-0.01,-0.06,18.73,26.09,40.61,950.60,12013,12016,708
-1.61,-11.77,-0.59,-0.35,0.02,-0.14,18.45,25.91,41.33,950.57,12054,12057,709
2.35,-13.53,-5.69,-0.08,-0.11,-0.04,18.45,25.91,41.33,950.66,12096,12099,710
1.26,-8.98,0.82,0.07,-0.02,-0.05,18.27,25.73,41.12,950.64,12138,12141,710
-0.51,-8.43,-2.98,0.05,-0.16,-0.08,18.27,25.73,41.12,950.65,12179,12182,712
-0.86,-8.71,-5.84,-0.01,-0.06,-0.01,18.73,26.09,40.92,950.68,12220,12224,713
3.18,-9.92,6.43,-0.08,0.34,0.07,19.00,26.09,40.71,950.62,12261,12265,713
-0.12,-9.85,-0.35,-0.03,0.07,0.01,19.00,26.09,40.71,950.69,12303,12307,713
-0.51,-9.73,-0.71,-0.29,0.09,0.07,18.91,26.09,40.51,950.66,12344,12347,712
-0.39,-10.20,0.43,-0.08,0.07,-0.03,18.82,25.82,41.12,950.72,12386,12389,712
-0.12,-9.38,0.35,-0.15,0.04,0.02,18.82,25.82,41.12,950.62,12428,12431,712
-0.12,-11.22,-2.20,-0.12,0.06,-0.01,18.91,25.36,41.53,950.57,12469,12472,711
-0.12,-9.06,0.12,0.01,0.17,-0.01,18.91,25.36,41.53,950.69,12511,12514,710
-0.27,-9.77,-0.63,0.01,0.30,0.03,18.91,25.55,41.84,950.69,12552,12555,707
-0.16,-9.89,-0.59,0.06,0.51,0.05,18.45,25.55,42.04,950.58,12594,12597,703
-0.31,-9.89,-0.55,-0.02,0.52,0.06,18.45,25.55,42.04,950.73,12636,12639,699
-0.31,-9.77,-0.63,0.02,0.47,0.08,17.82,25.55,42.65,950.62,12677,12680,694
-0.27,-9.77,-0.31,0.04,0.68,0.10,16.91,25.18,42.96,950.35,12719,12722,687
0.12,-10.98,-1.29,-0.03,0.95,0.18,16.91,25.18,42.96,950.23,12760,12763,676
-0.47,-9.69,0.20,0.02,1.40,0.15,16.18,25.36,43.98,950.26,12802,12805,668
-0.67,-9.57,-0.47,-0.01,1.19,0.16,16.18,25.36,43.98,950.31,12844,12847,658
-0.39,-10.16,-0.51,-0.05,1.22,0.13,14.27,25.18,45.10,950.18,12885,12888,648
-0.43,-9.61,-0.12,0.03,1.52,0.04,12.18,25.27,46.12,950.24,12927,12930,641
-0.43,-9.34,-0.86,-0.00,0.87,0.05,12.18,25.27,46.12,950.22,12968,12971,631
-2.47,-8.20,-2.00,0.07,1.30,0.01,10.55,25.27,46.53,950.23,13010,13013,615
-0.63,-11.53,-1.92,0.04,2.28,0.05,7.18,25.36,47.24,950.19,13052,13055,595
-2.43,-7.57,-1.06,-0.05,2.58,0.14,7.18,25.36,47.24,950.28,13093,13096,577
-0.04,-9.92,-1.96,-0.15,2.18,0.09,2.73,25.18,48.06,950.34,13135,13138,550
-0.24,-9.81,-1.61,0.16,3.92,0.20,2.73,25.18,48.06,950.29,13176,13179,520
-0.55,-10.00,-0.94,0.36,3.60,0.25,-3.55,25.55,47.35,950.40,13218,13221,494
-0.98,-9.53,-0.55,0.33,3.35,0.11,-9.27,26.18,44.39,950.38,13259,13262,472
-0.16,-9.92,-0.20,0.16,3.00,0.06,-9.27,26.18,44.39,950.41,13301,13304,450
-0.31,-9.92,-0.24,-0.08,2.91,0.08,-13.73,26.45,41.22,950.40,13342,13345,432
-0.12,-9.61,-0.51,-0.16,2.33,0.09,-13.73,26.45,41.22,950.49,13384,13387,415
-0.08,-9.69,-1.14,-0.08,2.33,0.12,-17.18,26.36,38.47,950.49,13426,13429,393
-0.16,-9.65,-0.86,-0.01,3.11,0.14,-19.82,26.36,34.80,950.49,13467,13470,374
-0.27,-9.77,-0.31,-0.29,2.48,0.14,-19.82,26.36,34.80,950.53,13509,13512,358
-0.43,-10.55,-2.63,-0.02,2.21,0.16,-21.82,26.36,31.22,950.40,13550,13554,341
-0.27,-11.61,-2.16,-0.07,2.50,0.08,-22.64,26.64,26.73,950.53,13592,13595,329
0.86,-7.88,0.08,0.04,1.26,0.07,-22.64,26.64,26.73,950.48,13634,13637,322
-0.94,-8.83,-0.86,0.03,1.24,0.09,-23.36,26.82,24.39,950.46,13675,13678,311
-0.08,-11.65,-1.41,0.01,1.59,0.07,-23.36,26.82,24.39,950.46,13717,13720,297
0.47,-8.87,0.00,0.06,2.16,0.14,-23.45,26.91,21.73,950.55,13759,13762,279
0.43,-10.04,-1.37,-0.05,2.70,0.11,-23.00,27.00,17.24,950.54,13800,13803,262
0.59,-10.67,-1.65,-0.15,2.62,0.17,-23.00,27.00,17.24,950.53,13841,13845,248
0.24,-9.41,-0.51,-0.02,2.09,0.19,-21.55,27.00,12.76,950.53,13882,13886,239
0.27,-9.77,-0.63,0.00,1.31,0.22,-19.91,27.36,10.00,950.48,13924,13928,233
0.27,-10.00,-1.10,0.00,0.91,0.07,-19.91,27.36,10.00,950.51,13965,13969,227
0.90,-9.96,-0.67,-0.00,0.96,0.07,-19.36,27.64,8.67,950.44,14007,14010,221
0.43,-9.65,-0.67,0.01,1.01,0.11,-19.36,27.64,8.67,950.56,14049,14052,214
0.20,-9.73,-1.45,0.11,1.21,0.06,-18.09,27.73,7.04,950.51,14090,14093,199
0.78,-10.28,-2.43,0.07,2.40,0.08,-16.36,27.73,4.29,950.60,14132,14135,180
0.00,-9.77,-0.31,-0.07,2.87,0.28,-16.36,27.73,4.29,950.46,14173,14176,161
0.31,-10.71,-1.65,-0.09,2.63,0.27,-12.18,27.82,1.33,950.55,14215,14218,142
0.27,-9.89,-0.78,0.08,2.85,0.26,-12.18,27.82,1.33,950.57,14256,14259,122
0.00,-9.73,-0.31,0.07,2.74,0.27,-12.18,27.82,1.33,950.59,14298,14301,108
-0.08,-9.89,-0.47,-0.05,1.85,0.19,-3.73,27.91,-3.37,950.55,14339,14342,97
0.31,-9.77,-0.51,0.05,1.33,0.11,-3.73,27.91,-3.37,950.61,14381,14384,89
0.08,-9.77,-0.47,0.00,0.99,0.05,-1.09,28.18,-3.88,950.59,14422,14425,85
0.35,-9.85,-0.55,0.03,0.56,0.05,0.27,28.09,-4.39,950.59,14464,14467,80
0.27,-9.57,-0.59,0.06,0.64,0.07,0.27,28.09,-4.39,950.58,14505,14508,74
0.04,-10.40,-1.02,0.04,1.00,0.12,1.64,27.82,-4.49,950.71,14546,14549,62
0.08,-9.96,-0.43,0.00,1.60,0.14,1.64,27.82,-4.49,950.68,14588,14591,49
0.00,-9.57,-0.47,0.05,1.77,0.18,4.09,27.82,-4.69,950.66,14629,14632,33
0.16,-10.24,-1.14,0.05,2.19,0.12,7.91,27.45,-4.69,950.64,14671,14674,19
-0.04,-9.92,0.04,-0.06,1.65,0.14,7.91,27.45,-4.69,950.58,14712,14715,13
0.31,-9.65,-0.35,0.03,0.74,0.06,10.55,27.64,-3.88,950.58,14754,14757,6
0.24,-9.69,0.00,0.02,0.88,0.06,12.18,27.45,-3.78,950.56,14795,14798,1
-0.35,-9.96,-0.08,-0.02,0.42,0.06,12.18,27.45,-3.78,950.58,14836,14839,2
-0.08,-9.69,-0.16,0.00,-0.00,-0.03,12.73,27.45,-3.67,950.57,14878,14881,4
0.20,-9.85,-0.12,-0.06,-0.35,-0.09,12.73,27.45,-3.67,950.69,14919,14922,14
-0.16,-10.00,-0.39,-0.02,-1.24,-0.16,11.91,27.82,-3.47,950.62,14961,14964,30
0.20,-9.49,0.20,0.02,-2.00,-0.23,8.82,27.45,-4.49,950.53,15002,15005,48
0.16,-10.08,-0.51,-0.07,-2.25,-0.20,8.82,27.45,-4.49,950.53,15044,15047,67
0.08,-9.77,-0.16,-0.05,-2.66,-0.18,4.82,27.45,-4.80,950.63,15085,15088,90
0.16,-9.92,-0.55,-0.15,-3.01,-0.29,4.82,27.45,-4.80,950.50,15127,15130,116
0.16,-9.81,-0.71,-0.12,-3.50,-0.32,-0.64,27.73,-4.39,950.53,15168,15171,140
0.04,-9.96,-1.22,-0.08,-3.24,-0.38,-6.73,28.00,-2.35,950.52,15210,15213,162
0.31,-9.65,-0.78,-0.00,-3.13,-0.26,-6.73,28.00,-2.35,950.57,15251,15254,180
-0.04,-9.06,-0.71,-0.08,-2.41,-0.23,-11.82,27.73,0.61,950.54,15292,15296,196
0.59,-10.40,-0.78,0.02,-2.44,-0.18,-15.55,27.64,3.47,950.52,15333,15337,214
-0.04,-9.85,-0.43,0.02,-2.46,-0.19,-15.55,27.64,3.47,950.44,15375,15379,231
0.04,-9.69,-1.10,-0.13,-2.77,-0.32,-18.36,27.55,7.24,950.53,15417,15420,247
0.59,-10.04,-0.16,-0.04,-2.11,-0.27,-18.36,27.55,7.24,950.42,15458,15461,263
0.12,-9.89,-0.59,-0.14,-2.60,-0.17,-21.00,27.09,11.22,950.48,15500,15503,281
-0.20,-9.69,-1.33,-0.11,-2.58,-0.22,-22.45,27.18,16.02,950.59,15541,15544,299
0.31,-9.69,-1.02,-0.19,-2.51,-0.34,-22.45,27.18,16.02,950.50,15583,15586,318
0.16,-9.69,-1.06,-0.04,-2.78,-0.22,-23.82,26.45,21.02,950.42,15624,15628,338
0.08,-9.85,-1.18,-0.05,-2.83,-0.21,-23.00,26.45,26.43,950.47,15666,15669,360
0.04,-9.77,-1.22,-0.05,-2.93,-0.19,-23.00,26.45,26.43,950.39,15708,15711,380
0.00,-9.81,-0.98,-0.04,-2.70,-0.18,-21.82,26.55,31.33,950.33,15749,15752,399
0.04,-9.69,-1.29,-0.02,-2.56,-0.18,-21.82,26.55,31.33,950.33,15791,15794,420
-0.47,-9.85,-0.94,0.22,-2.87,-0.17,-19.55,26.09,36.02,950.40,15832,15835,444
-0.35,-9.81,-0.51,0.04,-3.11,-0.18,-16.36,26.09,39.69,950.35,15874,15877,468
-0.27,-9.81,-0.75,-0.07,-3.08,-0.18,-16.36,26.09,39.69,950.34,15916,15919,492
-0.55,-9.73,-1.06,-0.02,-3.06,-0.18,-11.82,25.73,43.37,950.30,15957,15960,522
-1.14,-9.49,-1.49,-0.02,-3.87,-0.20,-11.82,25.73,43.37,950.32,15999,16002,554
0.47,-10.94,0.75,0.02,-3.99,-0.28,-11.82,25.73,43.37,950.51,16040,16044,587
0.67,-10.87,2.63,0.06,-4.24,-0.28,0.91,26.00,47.24,950.63,16082,16085,614
-0.94,-10.08,-1.57,-0.05,-3.11,-0.18,0.91,26.00,47.24,950.62,16124,16127,638
-2.35,-11.81,3.22,-0.09,-2.98,-0.09,6.91,25.82,46.73,950.70,16165,16168,655
-1.02,-9.77,-0.20,-0.04,-2.16,-0.11,11.45,25.45,45.51,950.60,16207,16210,675
-1.14,-10.16,-1.65,0.30,-2.47,-0.03,11.45,25.45,45.51,950.57,16248,16252,697
-0.71,-9.96,-0.55,0.17,-2.70,-0.04,15.73,26.09,42.86,950.59,16290,16293,714
-0.35,-9.69,-0.35,0.09,-1.94,-0.07,15.73,26.09,42.86,950.63,16332,16335,727
-0.67,-9.53,0.24,-0.05,-1.50,-0.03,19.09,26.27,39.80,950.53,16373,16376,736
-0.27,-9.81,-0.16,-0.10,-1.06,-0.04,21.27,26.00,37.96,950.48,16415,16418,743
-0.12,-9.77,0.31,-0.08,-1.04,-0.02,21.27,26.00,37.96,950.47,16457,16460,750
-0.24,-9.73,0.31,-0.09,-0.76,-0.02,22.55,26.18,36.84,950.38,16498,16501,753
-1.53,-8.90,-0.20,-0.09,-0.37,0.02,23.36,25.73,35.92,950.45,16540,16543,756
-2.00,-11.22,-0.51,0.03,-0.33,0.03,23.36,25.73,35.92,950.35,16581,16584,757
0.08,-8.59,-0.04,0.07,-0.08,-0.00,23.45,25.91,35.31,950.55,16623,16626,760
-0.08,-11.85,-0.82,0.01,-0.36,0.00,23.45,25.91,35.31,950.39,16664,16668,764
-9.96,6.47,2.67,-0.07,-0.84,-0.11,24.18,26.36,34.80,950.48,16706,16709,772
-0.20,-9.41,1.06,-0.29,-0.81,0.02,24.45,26.00,33.88,950.45,16748,16751,777
-0.27,-10.00,0.43,-0.03,-0.60,-0.02,24.45,26.00,33.88,950.43,16789,16792,781
-1.02,-9.53,0.82,0.11,-0.54,-0.10,25.55,26.09,32.86,950.42,16831,16834,785
0.90,-10.55,2.39,0.04,-0.32,-0.10,25.73,26.18,31.84,950.43,16872,16876,788
0.04,-9.92,0.75,0.10,-0.49,-0.02,25.73,26.18,31.84,950.44,16913,16917,796
-0.27,-9.92,0.51,-0.01,-0.99,-0.02,26.27,26.00,30.41,950.42,16955,16959,802
-0.20,-9.45,0.20,-0.26,-0.81,-0.05,26.27,26.00,30.41,950.43,16996,17000,809
0.31,-10.04,0.75,-0.30,-0.98,-0.03,26.91,26.00,29.39,950.50,17038,17041,816
-0.08,-10.08,-0.78,-0.26,-0.93,-0.05,27.45,26.00,28.37,950.49,17079,17083,821
-1.29,-9.61,0.27,-0.13,-0.53,-0.02,27.45,26.00,28.37,950.49,17121,17124,825
-0.12,-10.16,-0.20,-0.29,-0.64,-0.07,28.09,25.82,27.24,950.47,17163,17166,830
-1.10,-12.04,-5.30,-0.04,-0.47,-0.02,28.09,25.82,27.24,950.49,17204,17207,831
0.04,-1.33,6.63,-0.11,-0.22,-0.04,28.27,25.82,26.63,950.59,17246,17249,832
-0.31,-10.79,-2.04,0.25,0.06,-0.02,28.18,25.91,26.12,950.52,17288,17291,832
-0.43,-8.04,1.37,0.08,0.05,0.02,28.18,25.91,26.12,950.60,17329,17332,833
0.59,-12.55,-2.71,0.10,0.02,-0.02,28.09,25.55,26.12,950.54,17371,17374,835
-0.20,-10.28,-0.90,0.02,-0.33,0.00,28.27,25.82,25.20,950.57,17412,17415,836
-0.12,-10.08,-0.31,-0.03,-0.05,-0.04,28.27,25.82,25.20,950.64,17454,17457,838
-0.16,-9.96,-0.35,-0.10,-0.21,-0.06,28.73,25.73,25.20,950.66,17496,17499,839
0.20,-9.65,-0.59,-0.04,-0.08,-0.05,28.73,25.73,25.20,950.54,17537,17540,841
-2.47,-13.77,-4.63,0.77,-0.42,0.08,28.64,25.82,25.10,950.63,17579,17582,846
-0.20,-9.61,0.20,-0.08,-0.61,-0.03,28.91,25.91,23.78,950.67,17620,17623,851
0.04,-9.77,0.08,-0.19,-0.67,-0.06,28.91,25.91,23.78,950.61,17662,17665,856
-0.35,-9.69,0.67,-0.14,-0.81,-0.06,28.82,25.91,22.65,950.69,17704,17707,869
-0.31,-9.85,0.04,-0.18,-2.06,-0.05,29.18,25.82,20.20,950.66,17745,17748,887
-0.27,-10.04,0.20,0.14,-2.25,-0.08,29.18,25.82,20.20,950.56,17787,17790,910
0.00,-9.96,-0.27,-0.05,-3.07,-0.09,29.00,25.91,15.71,950.59,17828,17831,932
0.04,-9.85,-0.20,-0.07,-2.75,-0.08,29.00,25.91,15.71,950.68,17870,17873,952
0.00,-9.73,-0.04,-0.08,-2.41,-0.09,27.91,25.82,10.00,950.70,17912,17915,972
-0.31,-9.49,0.27,0.06,-2.54,-0.07,25.91,25.73,6.33,950.68,17953,17956,995
-0.08,-9.57,-0.16,0.08,-2.96,-0.15,25.91,25.73,6.33,950.72,17995,17998,1020
0.08,-9.77,0.59,0.05,-2.96,-0.09,23.00,25.91,1.33,950.75,18036,18039,1023
0.20,-9.65,-0.12,-0.18,-2.43,-0.04,18.82,26.00,-1.94,950.72,18078,18081,1023
-0.24,-9.73,-0.47,-0.05,-1.64,-0.03,18.82,26.00,-1.94,950.75,18119,18122,0
0.12,-9.96,-0.20,0.04,-1.41,-0.07,16.45,26.09,-3.67,950.73,18161,18164,0
0.12,-10.00,0.31,-0.03,-1.11,-0.08,16.45,26.09,-3.67,950.74,18202,18205,0
0.04,-9.77,-0.08,-0.02,-1.18,-0.02,14.27,26.09,-4.59,950.70,18244,18247,3
0.00,-9.89,-0.08,-0.05,-1.20,-0.05,12.45,26.00,-5.31,950.71,18285,18288,14
0.12,-9.85,0.12,-0.08,-1.22,-0.03,12.45,26.00,-5.31,950.79,18327,18330,25
0.12,-9.81,0.04,-0.09,-1.43,-0.06,10.09,26.27,-5.92,950.83,18368,18371,38
0.08,-9.92,-0.51,-0.17,-1.70,-0.05,10.09,26.27,-5.92,950.73,18410,18413,50
0.04,-9.61,-0.27,-0.12,-1.45,-0.14,7.00,26.73,-6.33,950.73,18451,18454,62
0.35,-9.96,-0.31,-0.09,-1.51,-0.14,4.27,26.73,-6.53,950.82,18492,18496,72
0.27,-9.89,-0.31,-0.07,-1.24,-0.10,4.27,26.73,-6.53,950.72,18533,18537,80
0.27,-10.63,-1.06,-0.02,-0.96,-0.05,2.00,26.82,-6.02,950.82,18575,18579,85
0.35,-10.16,0.12,-0.18,-0.71,-0.03,0.27,26.64,-5.71,950.76,18616,18619,90
0.24,-9.61,-0.27,0.04,-0.58,-0.04,0.27,26.64,-5.71,950.77,18658,18661,100
-0.08,-9.81,-0.31,0.07,-1.61,-0.04,-1.09,26.64,-5.71,950.81,18699,18702,109
0.35,-9.81,-0.43,0.04,-1.03,-0.13,-1.09,26.64,-5.71,950.84,18741,18744,116
0.47,-9.92,-0.31,-0.05,-0.97,-0.04,-3.73,27.09,-5.31,950.83,18782,18785,122
0.20,-10.16,-1.22,-0.19,-0.44,0.02,-5.27,27.00,-4.59,950.81,18824,18827,124
0.43,-9.73,-0.43,-0.04,-0.16,-0.03,-5.27,27.00,-4.59,950.82,18865,18868,126
0.51,-9.77,-0.35,0.08,-0.29,-0.08,-5.36,26.91,-4.29,950.83,18907,18910,130
1.18,-11.85,1.92,0.15,-0.62,-0.05,0.00,0.00,0.00,950.78,18947,18950,135
0.27,-9.89,-0.08,-0.03,-0.53,-0.02,-6.45,26.55,-4.49,950.90,18988,18991,136
1.29,-14.63,-4.67,0.03,-0.10,0.04,-7.09,26.64,-4.29,950.83,19030,19033,136
-0.86,-9.49,-1.57,-0.03,-0.03,-0.03,-7.09,26.64,-4.29,950.90,19072,19074,139
0.04,-10.00,-0.27,0.03,-0.38,-0.08,-7.27,27.18,-3.67,950.73,19113,19116,142
0.20,-9.61,0.00,-0.01,-0.27,-0.03,-8.27,27.09,-3.47,950.85,19155,19157,145
0.04,-10.00,-0.75,0.03,-0.40,-0.05,-8.27,27.09,-3.47,950.84,19196,19199,146
0.47,-9.61,-0.12,-0.09,-0.14,-0.06,-8.82,27.00,-2.86,950.86,19238,19241,148
0.59,-9.65,-0.12,-0.03,-0.17,-0.06,-8.82,27.00,-2.86,950.79,19279,19282,153
0.67,-9.61,-0.47,-0.10,-0.73,-0.02,-9.18,26.91,-3.06,950.83,19321,19324,157
0.47,-9.77,-0.04,-0.08,-0.43,-0.04,-10.00,26.91,-1.94,950.83,19362,19365,158
0.43,-9.85,-0.35,-0.20,-0.11,-0.03,-10.00,26.91,-1.94,950.84,19404,19407,159
0.24,-9.92,-0.35,-0.18,-0.10,0.00,-10.27,27.27,-1.33,950.77,19445,19448,161
0.24,-9.96,-0.98,-0.17,-0.51,0.01,-11.00,27.27,-0.41,950.88,19487,19490,165
0.47,-10.04,-0.63,-0.12,-0.28,-0.06,-11.00,27.27,-0.41,950.77,19528,19531,168
-1.06,-7.65,-2.04,-0.10,-0.40,-0.12,-11.55,27.55,0.10,950.79,19570,19573,175
-0.51,-8.67,-0.35,-0.02,-1.05,-0.06,-11.55,27.55,0.10,950.82,19611,19614,184
-0.12,-11.89,-3.33,-0.13,-1.08,-0.07,-12.82,27.18,1.22,950.73,19653,19656,191
0.35,-10.24,-0.75,-0.27,-1.00,-0.06,-14.55,27.45,3.06,950.82,19695,19698,198
0.86,-10.08,-0.20,-0.07,-1.11,-0.10,-14.55,27.45,3.06,950.76,19736,19739,208
0.16,-9.65,-0.55,-0.04,-1.23,-0.10,-15.82,27.73,4.90,950.82,19778,19781,219
0.24,-9.73,-0.94,-0.04,-1.77,-0.16,-15.82,27.36,4.90,950.67,19819,19822,230
0.00,-9.85,-0.75,0.01,-1.66,-0.15,-17.82,27.36,7.14,950.69,19861,19864,248
-0.27,-9.85,0.00,0.02,-2.97,-0.26,-19.45,27.36,10.31,950.65,19902,19905,269
0.82,-9.85,-2.20,-0.11,-2.91,-0.27,-19.45,27.36,10.31,950.60,19944,19947,284
-0.08,-9.73,-0.43,0.00,-2.09,-0.19,-21.82,27.18,15.41,950.59,19985,19989,308
-0.16,-9.77,-1.18,-0.09,-3.87,-0.23,-22.73,26.91,20.82,950.70,20026,20030,334
0.24,-9.81,-1.33,-0.10,-3.25,-0.25,-22.73,26.91,20.82,950.60,20068,20072,353
-0.08,-9.81,-1.06,-0.05,-2.53,-0.23,-22.73,26.82,26.53,950.58,20109,20112,372
-0.16,-9.89,-0.71,-0.08,-2.73,-0.23,-22.73,26.82,26.53,950.62,20151,20154,394
-0.20,-9.81,-1.10,-0.15,-2.88,-0.25,-21.36,26.55,31.53,950.51,20193,20196,414
-0.20,-9.69,-0.98,-0.14,-2.63,-0.26,-19.27,26.09,36.53,950.64,20234,20237,438
-0.35,-9.73,-0.98,-0.09,-3.22,-0.26,-19.27,26.09,36.53,950.56,20276,20279,465
-0.39,-10.00,-0.55,0.02,-3.57,-0.29,-15.73,25.91,40.71,950.64,20318,20321,492
-0.12,-9.61,-0.98,-0.08,-3.22,-0.23,-11.00,25.27,44.49,950.65,20359,20362,516
-0.31,-9.57,-0.90,-0.06,-3.02,-0.22,-11.00,25.27,44.49,950.67,20401,20404,541
-0.71,-10.00,-0.78,-0.08,-3.01,-0.19,-6.00,25.09,47.04,950.66,20442,20445,564
-0.55,-9.61,-0.24,0.07,-2.87,-0.22,-6.00,25.09,47.04,950.74,20484,20487,587
-0.39,-10.47,-1.45,0.10,-2.94,-0.25,-0.45,25.36,47.55,950.66,20526,20529,611
-1.29,-9.65,-1.96,0.24,-2.86,-0.28,4.55,25.73,47.04,950.59,20567,20570,637
0.16,-6.28,7.41,-0.39,-2.29,-0.11,4.55,25.73,47.04,950.68,20609,20612,658
2.16,-10.47,7.77,-0.36,-2.02,-0.19,9.18,25.45,46.53,950.61,20650,20653,672
-1.65,-9.57,-5.41,-0.15,-1.54,-0.09,12.55,25.09,45.71,950.58,20692,20695,679
-0.04,-12.47,-4.12,-0.07,-0.61,-0.08,12.55,25.09,45.71,950.59,20734,20737,677
-0.63,-8.79,0.55,-0.09,0.35,0.00,13.09,25.00,45.82,950.56,20775,20778,676
-0.24,-9.85,-0.94,-0.14,0.05,-0.02,13.09,25.00,45.82,950.60,20817,20820,675
-0.24,-9.89,-0.94,-0.05,0.37,0.06,12.27,24.91,45.92,950.61,20858,20861,669
-0.47,-9.92,-0.51,0.02,0.86,0.08,12.00,24.91,46.33,950.66,20900,20903,665
-0.39,-9.85,-0.55,-0.01,0.69,0.05,12.00,24.91,46.33,950.65,20942,20945,663
-0.31,-9.65,-0.47,-0.03,0.34,0.04,10.82,24.82,46.84,950.59,20983,20986,659
-0.35,-9.69,-0.75,0.00,0.34,0.04,10.82,24.82,46.84,950.55,21025,21028,653
-0.39,-9.77,-0.82,0.11,1.05,0.07,10.36,24.91,46.63,950.67,21066,21069,642
-0.39,-9.92,-0.51,0.12,1.51,0.08,8.73,25.18,47.35,950.64,21108,21111,629
-0.51,-9.81,-0.90,0.13,1.75,0.08,8.73,25.18,47.35,950.58,21149,21152,612
-0.27,-9.77,-0.67,0.22,2.33,0.11,5.73,25.27,47.45,950.65,21191,21194,592
-0.16,-10.00,-0.71,0.13,2.63,0.14,0.91,25.55,47.35,950.64,21233,21236,565
-0.71,-9.69,-0.43,0.03,3.93,0.10,0.91,25.55,47.35,950.65,21274,21277,537
-0.75,-9.22,-0.12,-0.17,3.10,0.14,-5.18,25.73,46.43,950.58,21316,21319,514
-0.27,-9.89,-1.92,-0.39,2.97,0.23,-5.18,25.73,46.43,950.70,21357,21360,480
-0.24,-9.53,-1.10,-0.11,4.39,0.25,-10.45,25.36,45.10,950.66,21399,21402,452
-0.35,-9.57,-0.75,-0.03,3.51,0.20,-16.09,25.64,40.51,950.72,21440,21444,430
0.04,-10.16,-0.55,0.14,3.07,0.17,-16.09,25.64,40.51,950.69,21482,21485,408
0.16,-10.00,-0.43,0.13,2.87,0.16,-19.91,25.64,36.33,950.76,21524,21527,390
0.16,-9.81,-1.45,0.33,2.41,0.16,-21.91,26.00,31.53,950.71,21564,21568,367
0.04,-12.94,-2.71,0.01,3.86,0.22,-21.91,26.00,31.53,950.74,21606,21610,345
0.16,-9.57,-0.39,-0.09,3.01,0.12,-23.55,26.09,25.31,950.70,21648,21652,324
-0.67,-9.26,-1.06,-0.05,3.11,0.13,-23.55,26.09,25.31,950.73,21689,21692,306
0.16,-9.81,0.27,-0.08,2.23,0.18,-23.73,26.18,20.10,950.72,21731,21734,293
-0.12,-9.73,-1.22,-0.03,1.70,0.22,-23.00,26.18,16.22,950.76,21772,21775,279
0.43,-9.85,-0.27,0.14,2.19,0.09,-23.00,26.18,16.22,950.72,21814,21817,270
-0.35,-9.92,-0.39,0.05,1.21,0.02,-22.18,26.36,12.45,950.65,21856,21859,264
1.22,-9.53,-2.20,0.02,0.90,0.05,0.00,0.00,0.00,950.81,21896,21899,256
0.82,-10.94,-0.75,-0.07,1.53,-0.03,-21.45,26.64,10.61,950.69,21937,21941,244
0.67,-9.77,-0.71,-0.03,1.85,-0.01,-20.45,26.36,8.27,950.60,21979,21982,239
0.59,-9.89,-0.39,0.12,0.65,0.12,-20.45,26.36,8.27,950.78,22021,22024,236
0.94,-10.20,0.16,0.18,0.59,0.13,-19.18,26.73,6.33,950.78,22062,22065,228
1.18,-8.94,0.98,0.13,1.20,0.03,-18.18,26.27,4.59,950.72,22104,22107,223
0.71,-10.75,0.75,0.20,0.86,0.07,-18.18,26.27,4.59,950.72,22145,22148,221
0.55,-9.81,-0.20,0.29,0.35,0.03,-17.27,26.36,2.76,950.84,22187,22190,216
0.04,-10.36,-0.31,-0.03,0.74,-0.03,-17.27,26.36,2.76,950.77,22228,22231,207
0.51,-9.81,0.16,0.06,1.60,0.02,-16.36,26.09,1.84,950.80,22270,22273,198
1.33,-11.85,-0.27,0.05,1.12,0.04,-14.73,26.09,-0.31,950.72,22311,22314,194
1.06,-9.61,-0.31,0.02,0.93,0.07,-14.73,26.09,-0.31,950.80,22353,22356,185
7.14,-16.55,2.16,-0.16,1.33,0.07,-13.45,26.09,-1.73,950.83,22395,22398,178
-0.67,-2.00,-2.39,-0.11,1.06,-0.07,-11.36,26.18,-2.45,950.77,22436,22439,171
0.82,-10.47,-0.04,-0.28,1.08,-0.06,-11.36,26.18,-2.45,950.71,22478,22481,164
0.35,-10.43,-0.12,0.10,1.01,0.00,-10.00,26.36,-3.06,950.73,22519,22522,160
0.35,-9.45,-1.02,-0.09,0.43,-0.04,-10.00,26.36,-3.06,950.83,22561,22564,155
0.39,-9.53,-0.35,-0.05,0.90,0.02,-9.09,26.45,-3.16,950.75,22602,22605,145
0.47,-12.04,-0.67,0.06,1.36,0.06,-7.45,26.45,-4.08,950.75,22644,22647,138
0.47,-9.89,-0.04,-0.04,1.01,0.03,-7.45,26.45,-4.08,950.72,22685,22688,129
0.43,-9.85,0.12,-0.03,1.45,0.05,-5.18,26.36,-5.10,950.73,22727,22730,116
1.57,-8.75,-0.35,0.01,1.92,0.02,-2.64,26.55,-5.82,950.78,22768,22771,102
0.43,-10.51,0.08,-0.10,1.92,0.07,-2.64,26.55,-5.82,950.83,22810,22813,88
0.31,-10.75,0.63,-0.10,1.84,0.05,0.55,26.64,-6.22,950.68,22851,22854,74
0.16,-9.85,0.12,-0.07,1.84,0.09,0.55,26.64,-6.22,950.74,22893,22896,60
0.55,-9.77,-0.43,0.00,1.87,0.08,4.18,26.45,-6.12,950.67,22934,22937,45
0.31,-9.85,0.75,0.04,2.04,0.15,8.09,26.82,-6.33,950.71,22976,22979,33
0.27,-9.81,-0.27,0.08,1.52,0.11,8.09,26.82,-6.33,950.75,23017,23020,18
0.39,-9.92,0.24,0.15,2.08,0.11,11.27,26.27,-5.20,950.68,23059,23062,8
0.12,-10.12,0.20,-0.03,1.18,0.09,11.27,26.27,-5.20,950.69,23099,23103,0
0.51,-10.16,-0.51,-0.03,1.02,-0.00,13.73,26.00,-4.39,950.69,23140,23145,0
0.43,-9.69,-0.86,-0.14,1.07,0.03,15.45,26.18,-3.67,950.77,23182,23185,0
0.16,-9.92,-0.20,-0.10,0.96,0.02,15.45,26.18,-3.67,950.73,23223,23226,0
0.35,-9.57,0.00,-0.17,1.48,0.06,17.09,26.45,-2.14,950.73,23265,23268,93
-0.08,-10.00,-0.43,-0.01,1.24,0.07,19.00,26.36,-1.12,950.79,23306,23309,1023
-0.39,-11.14,-2.71,-0.03,1.03,0.05,19.00,26.36,-1.12,950.68,23348,23351,1023
-0.04,-11.06,-0.67,-0.01,1.33,0.12,20.64,26.45,0.61,950.75,23390,23393,1023
-1.18,-9.18,2.82,0.01,1.31,0.13,20.64,26.45,0.61,950.73,23431,23434,1012
0.00,-10.51,-0.94,-0.01,2.12,0.11,22.45,26.09,1.94,950.73,23473,23476,993
-0.90,-13.81,-2.90,-0.15,2.38,0.13,24.91,26.09,5.51,950.77,23514,23517,975
0.67,-9.02,0.78,-0.01,2.37,0.13,24.91,26.09,5.51,950.67,23556,23559,957
-0.39,-11.34,-1.18,0.03,1.95,0.16,26.82,26.18,9.18,950.78,23597,23601,943
-0.27,-9.96,-0.98,0.14,2.19,0.17,28.09,26.00,12.35,950.80,23639,23642,926
-0.35,-9.22,-0.86,0.07,2.13,0.17,28.09,26.00,12.35,950.77,23681,23684,914
-0.63,-11.26,-0.90,0.21,1.57,0.15,29.27,25.73,16.02,950.68,23722,23725,906
0.20,-11.49,0.67,-0.13,1.20,0.09,29.27,25.73,16.02,950.64,23764,23767,892
-0.31,-8.98,-0.75,0.26,1.93,0.07,29.64,25.64,17.86,950.69,23806,23809,880
-0.47,-9.69,0.55,-0.11,1.54,0.05,29.55,25.36,20.51,950.58,23847,23850,873
-2.39,-6.83,-1.61,-0.16,1.03,0.01,29.55,25.36,20.51,950.58,23889,23892,862
0.27,-9.49,-0.71,-0.09,1.74,-0.02,29.27,25.27,23.47,950.65,23930,23933,848
0.08,-9.73,0.20,0.00,1.71,0.07,29.27,25.27,23.47,950.55,23972,23975,839
-0.39,-9.69,-0.08,-0.03,1.31,0.05,28.55,25.73,26.43,950.54,24013,24017,828
-0.39,-9.92,0.04,0.07,1.39,0.10,27.82,25.18,29.08,950.49,24055,24058,819
-0.31,-9.61,0.43,0.01,1.33,0.08,27.82,25.18,29.08,950.46,24097,24100,809
-0.24,-9.89,-0.59,0.03,1.40,0.10,26.82,25.18,31.22,950.59,24138,24141,798
-0.04,-9.81,-0.39,0.38,1.57,0.08,25.82,25.36,33.27,950.52,24180,24183,790
-0.27,-10.00,-0.12,-0.02,1.10,0.11,25.82,25.36,33.27,950.42,24221,24225,779
-0.20,-9.10,0.39,-0.04,1.71,0.08,24.73,25.18,35.20,950.46,24263,24266,769
-0.04,-11.26,-1.06,-0.12,1.20,0.09,24.73,25.18,35.20,950.51,24305,24308,759
-0.86,-10.40,0.39,0.06,1.71,0.08,23.18,24.91,37.35,950.42,24346,24349,746
-0.24,-8.94,-0.16,-0.02,1.67,-0.00,21.45,24.91,39.69,950.54,24388,24391,734
-0.35,-9.73,0.20,0.23,1.64,0.11,21.45,24.91,39.69,950.43,24430,24433,725
-0.59,-9.89,-0.24,-0.04,1.15,0.14,19.00,25.09,41.33,950.41,24471,24474,716
-0.39,-10.04,0.08,-0.02,1.12,-0.01,17.64,25.18,42.96,950.43,24513,24516,709
-0.86,-10.00,-1.22,-0.20,0.94,0.04,17.64,25.18,42.96,950.56,24554,24557,697
-0.12,-10.43,0.04,-0.04,1.66,0.08,15.45,25.00,44.29,950.47,24596,24599,693
-0.51,-9.02,-0.08,0.00,0.45,0.05,15.45,25.00,44.29,950.38,24638,24641,692
0.00,-10.24,-0.27,0.06,0.08,-0.01,14.55,24.91,44.90,950.46,24678,24682,692
-1.22,-9.65,-1.06,0.01,0.05,0.01,14.27,25.00,45.00,950.32,24720,24724,692
-0.71,-8.39,0.39,-0.02,0.10,-0.02,14.27,25.00,45.00,950.30,24761,24764,691
-0.43,-10.12,-0.59,0.10,0.13,-0.04,14.18,25.09,44.80,950.29,24803,24806,691
-0.43,-9.61,-0.31,-0.06,0.05,-0.01,14.18,25.09,44.80,950.24,24844,24847,690
-0.39,-9.69,-0.51,0.01,0.27,-0.01,14.09,25.27,44.80,950.26,24886,24889,689
-0.35,-9.61,-0.71,-0.05,0.05,0.02,13.91,25.27,44.80,950.20,24928,24931,689
-0.71,-9.89,-1.06,-0.03,0.05,0.01,13.91,25.27,44.80,950.18,24969,24972,687
-0.47,-9.69,-0.63,0.01,0.14,0.02,14.09,25.18,45.41,950.21,25011,25014,686
-0.31,-9.85,-0.35,-0.02,0.39,-0.00,13.91,25.00,45.00,950.25,25052,25055,684
1.57,-12.63,1.18,0.09,0.33,0.00,13.91,25.00,45.00,950.43,25094,25097,683
-0.35,-8.43,2.71,0.22,0.18,0.01,13.36,25.00,45.00,950.38,25135,25139,676
1.37,-10.00,-2.12,-0.09,0.99,-0.07,13.36,25.00,45.00,950.43,25177,25180,670
-0.82,-12.32,-3.69,-0.01,0.70,0.08,11.91,25.27,45.51,950.46,25219,25222,665
-3.41,6.24,11.26,0.59,0.60,0.07,10.91,25.36,45.92,950.56,25260,25263,657
-0.39,-10.16,-0.39,0.41,1.05,0.08,10.91,25.36,45.92,950.48,25302,25305,649
0.08,-10.63,0.20,0.55,1.07,0.01,9.36,26.27,45.20,950.48,25344,25347,641
-0.59,-9.96,0.08,0.22,1.04,-0.02,7.73,27.00,44.80,950.46,25385,25388,630
-0.47,-9.89,0.08,-0.16,1.56,0.00,7.73,27.00,44.80,950.44,25427,25430,616
-0.43,-9.65,-0.47,-0.35,1.77,-0.00,4.64,26.27,45.82,950.47,25468,25471,596
-0.43,-9.96,-0.43,0.21,2.66,0.02,4.64,26.27,45.82,950.41,25510,25513,577
0.31,-10.36,0.47,0.30,2.44,0.02,0.45,26.64,45.82,950.52,25551,25554,555
-0.51,-10.43,0.12,0.66,3.26,-0.01,-4.27,27.27,43.98,950.57,25593,25596,533
-0.55,-9.89,-0.16,0.42,2.70,-0.08,-4.27,27.27,43.98,950.47,25634,25637,512
-0.51,-10.04,0.24,0.05,2.60,-0.10,-8.91,27.91,40.92,950.55,25676,25679,493
-0.27,-10.04,0.20,0.07,2.55,-0.09,-12.82,28.00,38.57,950.49,25718,25721,471
-0.27,-10.24,-0.24,0.10,3.11,-0.11,-12.82,28.00,38.57,950.44,25759,25762,444
-0.39,-10.00,-0.04,0.09,3.57,-0.15,-16.55,27.91,34.80,950.62,25801,25804,420
0.04,-5.18,3.84,0.01,3.31,-0.18,-16.55,27.91,34.80,950.53,25843,25846,407
-0.43,-9.81,-0.08,0.12,1.65,0.02,-19.73,27.36,30.20,950.58,25884,25887,393
-0.24,-9.89,1.06,-0.05,2.06,-0.14,-21.09,27.45,27.14,950.56,25926,25929,385
0.00,-9.96,0.08,-0.03,0.99,-0.06,-21.09,27.45,27.14,950.63,25967,25970,378
0.12,-9.96,-0.16,-0.10,1.02,-0.13,-21.91,27.64,25.31,950.63,26009,26012,371
0.51,-10.12,-0.31,-0.09,1.11,0.01,-21.91,27.64,25.31,950.74,26050,26054,355
-0.71,-10.00,0.00,-0.11,2.47,-0.04,-22.27,27.55,23.98,950.65,26092,26095,343
-0.35,-7.69,1.73,-0.13,1.35,0.17,-22.45,27.18,20.20,950.64,26134,26137,335
-0.43,-9.85,-0.51,-0.02,1.75,0.04,-22.45,27.18,20.20,950.57,26175,26178,318
0.08,-9.77,-0.16,0.10,2.47,-0.06,-22.36,27.00,18.06,950.65,26217,26220,301
-0.12,-9.92,0.16,0.03,2.31,0.01,-21.82,27.00,13.88,950.70,26257,26261,285
0.04,-9.69,-0.24,-0.06,2.61,-0.03,-21.82,27.00,13.88,950.62,26299,26303,269
0.00,-9.73,-0.16,0.09,2.38,0.04,-20.45,26.91,9.69,950.65,26341,26345,250
-0.39,-9.65,-0.20,0.25,2.92,0.03,-20.45,26.91,9.69,950.66,26382,26385,231
0.16,-9.81,0.04,0.17,3.04,-0.05,-17.91,26.82,5.10,950.60,26424,26427,211
0.04,-9.73,0.12,0.17,3.24,0.02,-14.55,26.27,0.41,950.65,26465,26468,190
0.04,-10.04,0.55,0.24,2.97,0.05,-14.55,26.27,0.41,950.62,26507,26510,171
-0.24,-9.92,-0.16,-0.06,2.96,0.01,-9.64,26.09,-3.57,950.62,26548,26551,146
0.31,-9.92,-0.43,-0.09,3.46,-0.16,-4.82,26.00,-6.02,950.64,26590,26593,123
-0.04,-10.28,1.02,-0.12,3.39,0.03,-4.82,26.00,-6.02,950.60,26631,26634,103
-0.59,-9.53,0.16,0.06,2.59,0.01,0.91,26.36,-6.94,950.64,26673,26676,85
-0.08,-9.92,0.35,0.10,2.28,0.07,0.91,26.36,-6.94,950.68,26714,26717,67
0.04,-9.96,0.55,-0.11,2.32,-0.00,5.09,25.91,-7.24,950.69,26756,26759,54
0.08,-9.92,-0.24,-0.14,1.73,0.02,8.55,25.91,-6.84,950.60,26797,26800,40
-0.63,-8.43,2.24,0.00,1.84,0.04,8.55,25.91,-6.84,950.64,26839,26841,24
-0.16,-9.89,0.27,0.03,2.17,0.00,11.82,25.91,-5.92,950.67,26880,26883,9
-0.24,-9.69,-0.82,-0.18,1.64,0.07,11.82,25.91,-5.92,950.60,26921,26924,0
0.35,-8.59,-2.31,0.06,1.37,0.04,15.18,26.27,-4.18,950.60,26963,26966,0
2.59,-9.41,9.53,-0.20,2.04,0.05,17.91,26.18,-2.24,950.64,27004,27007,36
0.16,-9.69,-0.39,-0.45,1.85,0.04,17.91,26.18,-2.24,950.67,27046,27049,1023
1.57,-11.14,-0.20,0.08,1.98,0.08,20.09,26.09,-0.61,950.65,27087,27090,1023
-1.29,-9.02,0.16,0.20,1.89,0.03,22.45,26.00,1.33,950.63,27129,27132,1009
0.47,-10.00,0.04,0.11,1.77,0.04,22.45,26.00,1.33,950.63,27171,27174,998
0.16,-9.89,0.08,0.14,1.47,0.08,24.55,25.73,3.47,950.61,27212,27215,986
-0.31,-9.61,0.20,0.05,1.40,0.10,24.55,25.73,3.47,950.61,27254,27257,977
-0.16,-10.12,-0.75,0.01,1.07,0.05,25.82,25.64,5.20,950.65,27295,27298,969
-0.35,-9.92,1.41,0.06,0.84,-0.01,27.27,25.55,6.84,950.67,27337,27340,959
-6.20,-12.83,-20.01,0.49,0.06,-0.06,27.27,25.55,6.84,950.71,27378,27381,951
-4.39,-9.69,-13.34,-0.12,0.77,0.00,27.36,25.27,7.14,950.71,27420,27423,945
-0.39,-9.57,0.27,-0.11,0.68,0.04,27.91,25.45,8.47,950.63,27461,27464,940
-0.71,-9.73,-0.71,-0.24,0.69,0.02,27.91,25.45,8.47,950.59,27503,27506,933
-0.04,-9.45,0.27,-0.18,1.03,-0.00,28.64,25.45,10.10,950.66,27545,27548,925
-0.75,-9.96,-0.67,0.12,0.74,0.08,28.64,25.45,10.10,950.55,27586,27589,922
-0.43,-9.81,0.35,0.04,0.35,0.01,28.91,25.18,11.53,950.60,27628,27631,920
-0.31,-9.77,-0.12,-0.00,0.29,-0.05,29.27,25.18,11.94,950.68,27669,27672,918
-0.27,-9.81,-0.12,0.02,0.30,0.01,29.27,25.18,11.94,950.60,27711,27714,916
-0.63,-9.41,-1.06,0.03,0.37,0.01,29.27,25.36,12.45,950.65,27752,27755,913
-0.20,-9.49,0.00,-0.04,0.43,-0.00,29.27,25.36,12.86,950.61,27793,27797,910
-0.31,-9.73,0.16,0.05,0.31,0.01,29.27,25.36,12.86,950.62,27835,27839,908
-0.35,-9.77,-0.04,-0.01,0.39,0.02,29.64,25.09,13.37,950.65,27876,27880,906
-0.20,-9.85,0.20,0.08,0.21,0.03,29.64,25.09,13.37,950.63,27918,27921,905
-0.39,-9.73,0.16,0.03,0.17,-0.01,29.91,25.09,13.57,950.64,27959,27962,905
-0.35,-9.85,0.27,-0.01,0.06,-0.04,29.82,25.36,13.57,950.64,28001,28004,905
-0.27,-9.85,0.00,-0.01,0.04,-0.05,29.82,25.36,13.57,950.65,28042,28045,905
-0.27,-9.81,0.20,-0.07,0.01,-0.01,29.73,25.18,13.57,950.65,28084,28087,907
-0.24,-9.89,0.35,-0.01,-0.20,-0.06,29.73,25.18,13.57,950.62,28126,28129,910
-0.43,-9.89,-0.04,-0.04,-0.36,-0.05,29.64,25.18,13.37,950.72,28167,28170,917
-0.67,-10.00,-0.51,0.11,-0.79,-0.06,29.27,25.27,12.45,950.70,28209,28212,928
-0.24,-10.32,0.31,0.16,-1.31,-0.08,29.27,25.27,12.45,950.66,28250,28254,945
0.86,-11.18,0.16,0.12,-2.20,-0.04,28.55,25.18,9.39,950.71,28292,28295,962
-1.06,-9.89,-3.33,-0.19,-2.15,-0.03,26.64,25.09,5.31,950.74,28334,28337,987
0.71,-12.00,0.78,-0.06,-3.19,0.01,26.64,25.09,5.31,950.70,28375,28378,1012
3.10,-8.16,9.06,-0.53,-1.96,-0.14,23.91,25.18,0.51,950.71,28417,28420,1023
0.67,-8.00,3.96,-0.24,-3.03,-0.01,23.91,25.18,0.51,950.74,28458,28461,0
0.00,-7.53,1.18,-0.31,-3.72,0.01,19.91,25.27,-2.76,950.69,28500,28503,9
0.31,-10.00,0.08,-0.11,-3.52,-0.11,14.45,25.45,-5.20,950.71,28541,28544,39
-1.61,-8.43,-3.30,0.22,-3.54,0.05,14.45,25.45,-5.20,950.67,28583,28586,61
-0.08,-9.73,-0.43,0.16,-2.65,0.01,8.27,25.55,-7.35,950.70,28624,28627,83
-1.06,-7.85,0.78,0.08,-2.95,-0.08,3.09,25.55,-8.47,950.64,28666,28669,108
-0.39,-9.57,-0.67,-0.15,-3.32,0.03,3.09,25.55,-8.47,950.57,28707,28710,131
-0.59,-9.22,0.51,-0.20,-3.15,-0.04,-2.73,25.36,-7.55,950.59,28749,28752,158
0.90,-9.73,0.20,-0.21,-3.74,0.04,-2.73,25.36,-7.55,950.61,28790,28793,182
-2.71,-8.87,5.53,-0.23,-3.24,0.03,-9.00,25.82,-4.39,950.62,28832,28835,210
-0.78,-10.16,-0.31,-0.49,-4.27,-0.01,-14.55,26.45,1.02,950.55,28873,28876,234
0.27,-10.08,0.08,0.11,-3.52,0.03,-14.55,26.45,1.02,950.57,28915,28918,258
-0.04,-10.20,0.47,-0.23,-3.59,-0.03,-18.82,26.82,6.12,950.65,28957,28960,283
-0.16,-9.30,-0.12,-0.65,-3.81,-0.09,-18.82,26.82,6.12,950.66,28998,29001,313
-0.39,-10.00,-1.10,-0.13,-4.34,-0.09,-21.64,27.27,13.06,950.66,29040,29043,342
-0.12,-9.89,-0.20,-0.11,-4.15,-0.08,-22.55,27.55,21.33,950.65,29081,29084,372
-0.16,-9.53,-0.55,-0.23,-4.28,-0.08,-22.55,27.55,21.33,950.61,29123,29126,404
0.20,-9.92,-1.02,-0.01,-4.17,-0.10,-21.45,27.45,28.88,950.68,29165,29168,434
-0.59,-9.85,-0.78,-0.15,-4.14,-0.06,-17.82,27.18,35.82,950.70,29206,29209,464
-0.24,-9.77,-0.90,0.02,-3.65,-0.06,-17.82,27.18,35.82,950.69,29248,29251,486
0.08,-9.85,-0.47,0.03,-2.47,-0.17,-13.27,27.00,39.80,950.72,29289,29292,502
-0.04,-9.92,0.27,-0.07,-2.06,-0.03,-13.27,27.00,39.80,950.68,29331,29334,522
-0.27,-10.08,-0.12,0.05,-2.41,-0.01,-10.09,27.00,42.24,950.66,29372,29376,542
-0.04,-9.81,1.33,0.02,-2.36,-0.01,-6.00,27.45,44.29,950.61,29413,29417,558
-0.43,-9.92,-0.98,-0.02,-1.97,-0.01,-6.00,27.45,44.29,950.45,29455,29459,574
-0.20,-10.04,0.00,0.05,-2.18,-0.01,-2.73,26.91,44.80,950.47,29496,29499,595
-0.55,-9.96,-0.04,-0.02,-2.65,0.01,1.73,27.45,44.90,950.44,29538,29541,616
-0.04,-9.89,0.24,-0.15,-2.60,0.02,1.73,27.45,44.90,950.31,29579,29582,634
-0.63,-9.61,-0.24,-0.05,-2.29,-0.01,6.36,27.18,44.90,950.45,29621,29624,652
-0.24,-9.73,-0.04,-0.06,-2.28,-0.01,6.36,27.18,44.90,950.28,29662,29665,669
-0.35,-9.81,0.20,-0.04,-2.09,0.01,10.82,27.00,43.67,950.24,29704,29707,685
-0.43,-9.61,0.67,-0.05,-1.92,0.01,14.18,26.91,42.45,950.25,29746,29749,700
-0.12,-9.96,0.16,-0.07,-1.80,0.01,14.18,26.91,42.45,950.35,29787,29790,710
-0.24,-9.92,-1.45,-0.13,-1.44,0.02,17.09,26.64,40.61,950.30,29829,29832,717
-0.39,-10.24,-0.55,0.11,-0.72,-0.04,17.09,26.73,39.18,950.30,29870,29873,724
-0.59,-10.00,0.16,-0.02,-0.88,0.03,18.64,26.73,39.18,950.30,29912,29915,728
-0.31,-9.61,-0.59,-0.07,-0.34,-0.07,19.82,26.73,38.27,950.30,29954,29957,730
-0.67,-9.96,-0.75,0.11,-0.53,0.16,19.82,26.73,38.27,950.29,29995,29998,734
-7.53,-11.57,-6.90,0.33,-0.34,-0.05,20.45,26.91,37.65,950.27,30037,30040,741
-0.75,-9.81,0.63,0.16,-0.92,-0.01,21.45,26.73,36.22,950.36,30079,30082,751
0.00,-10.16,0.98,0.41,-1.38,0.02,21.45,26.73,36.22,950.36,30120,30123,763
0.04,-9.77,0.20,-0.07,-1.55,0.10,23.00,27.00,33.16,950.43,30162,30165,769
-0.27,-9.30,0.75,-0.21,-0.64,-0.01,23.00,27.00,33.16,950.30,30203,30206,777
-0.67,-9.30,1.14,-0.28,-0.95,0.03,24.09,26.91,31.63,950.39,30245,30248,787
-0.20,-9.69,0.59,-0.17,-1.55,-0.02,25.27,26.73,30.51,950.41,30287,30290,799
0.08,-9.53,0.78,0.04,-1.65,0.03,25.27,26.73,30.51,950.51,30328,30331,815
-0.71,-9.65,1.22,0.25,-2.11,0.14,26.82,26.45,27.45,950.52,30370,30373,833
-0.20,-9.30,1.80,0.03,-2.50,0.08,28.55,26.00,22.76,950.57,30411,30414,855
-0.67,-9.49,-0.47,-0.30,-2.86,0.19,28.55,26.00,22.76,950.51,30453,30456,881
-2.51,-10.24,2.12,-0.30,-3.71,0.13,29.36,25.82,17.86,950.61,30495,30498,916
-0.20,-9.38,0.08,-0.36,-4.51,0.15,29.36,25.82,17.86,950.64,30536,30539,943
0.08,-9.92,-0.24,-0.23,-3.08,0.03,28.73,25.45,10.92,950.66,30578,30581,964
-0.20,-10.94,-1.37,-0.04,-2.64,-0.01,26.64,25.27,5.51,950.60,30619,30622,985
-0.04,-10.51,0.63,-0.21,-2.43,0.05,26.64,25.27,5.51,950.65,30661,30664,1005
-0.39,-10.36,-0.55,-0.33,-2.63,-0.02,24.27,25.27,1.94,950.70,30703,30706,1020
0.39,-10.12,0.24,-0.36,-1.72,0.07,21.91,25.45,-0.20,950.72,30744,30747,1023
-1.53,-12.12,-2.24,-0.46,-1.67,-0.05,21.91,25.45,-0.20,950.74,30786,30789,1023
3.77,-6.32,2.67,-0.29,-1.51,-0.03,19.73,26.00,-1.12,950.67,30828,30831,1023
1.10,-8.94,-0.51,-0.48,-1.27,-0.08,19.73,26.00,-1.12,950.64,30869,30872,0
0.35,-8.59,0.67,-0.08,-1.37,-0.05,17.64,26.36,-1.94,950.60,30911,30914,0
0.86,-9.49,1.96,0.07,-1.16,-0.17,15.45,26.45,-2.96,950.63,30952,30955,0
0.24,-9.92,-0.39,0.03,-1.14,-0.08,15.45,26.45,-2.96,950.62,30993,30997,6
-0.47,-9.57,-0.39,0.01,-1.36,-0.06,13.45,26.55,-4.29,950.66,31034,31038,16
0.47,-9.61,0.00,-0.05,-1.12,-0.07,13.45,26.55,-4.29,950.71,31075,31078,25
0.39,-10.32,0.20,-0.13,-1.12,-0.09,11.09,26.91,-4.90,950.62,31117,31120,34
0.20,-9.85,-0.51,-0.18,-1.30,-0.14,8.91,26.73,-5.20,950.78,31159,31161,43
0.71,-9.61,-0.31,-0.05,-1.15,-0.08,8.91,26.73,-5.20,950.68,31200,31203,53
-1.61,-8.63,-4.55,-0.22,-1.22,-0.06,7.00,26.73,-5.82,950.70,31241,31244,62
0.27,-9.34,-0.12,-0.07,-1.06,-0.05,4.55,26.82,-5.20,950.68,31283,31286,71
-0.08,-8.63,-2.16,0.05,-1.23,-0.02,4.55,26.82,-5.20,950.59,31324,31327,79
0.75,-10.63,-0.31,-0.08,-1.11,-0.08,2.55,27.00,-5.51,950.62,31366,31369,86
1.41,-10.71,-0.27,-0.10,-0.75,-0.08,2.55,27.00,-5.51,950.59,31407,31410,89
0.86,-8.90,1.14,-0.07,-0.42,-0.07,1.09,26.91,-5.31,950.70,31449,31452,90
-0.08,-10.79,-1.61,-0.10,0.05,-0.06,0.36,27.27,-4.90,950.65,31490,31493,90
0.16,-9.57,-0.71,-0.00,-0.08,-0.02,0.36,27.27,-4.90,950.65,31532,31535,92
0.08,-11.18,0.00,-0.05,-0.31,-0.01,-0.27,27.09,-5.10,950.68,31573,31576,94
0.55,-9.57,-0.04,-0.13,-0.06,-0.05,-0.27,27.09,-4.80,950.54,31615,31617,96
0.43,-9.69,-0.20,-0.04,-0.34,-0.04,-0.27,27.09,-4.80,950.58,31656,31659,101
0.82,-9.85,0.00,0.05,-0.66,-0.03,-1.18,27.18,-4.69,950.69,31697,31700,104
0.39,-9.38,-0.20,-0.05,-0.30,-0.08,-1.18,27.18,-4.69,950.66,31739,31742,108
0.20,-9.85,-0.43,-0.01,-0.48,-0.07,-2.09,27.18,-4.59,950.61,31780,31783,114
0.27,-9.92,-0.59,0.03,-0.74,-0.05,-3.27,27.18,-4.29,950.64,31822,31825,117
-0.12,-7.69,-2.35,0.14,-0.50,-0.10,-3.27,27.18,-4.29,950.64,31863,31866,121
0.47,-9.85,0.00,0.01,-0.35,-0.06,-4.36,27.45,-4.08,950.62,31905,31908,125
0.71,-8.90,-0.55,-0.02,-0.48,-0.03,-4.36,27.45,-4.08,950.78,31946,31949,129
0.47,-9.61,-0.67,-0.02,-0.62,-0.06,-5.18,27.18,-3.78,950.76,31988,31991,134
0.12,-9.89,-0.67,-0.07,-0.65,-0.01,-6.09,27.09,-3.57,950.74,32029,32032,138
0.31,-9.73,-0.67,-0.03,-0.35,0.03,-6.09,27.09,-3.57,950.73,32071,32074,143
0.31,-9.77,0.08,0.14,-0.94,-0.01,-6.91,27.18,-2.86,950.78,32112,32115,148
0.39,-9.69,-0.43,-0.04,-0.49,-0.04,-8.18,27.00,-2.35,950.72,32154,32157,150
0.67,-9.77,-0.35,0.00,-0.27,-0.07,-8.18,27.00,-2.35,950.76,32195,32198,154
0.43,-10.00,-0.51,0.09,-0.55,0.00,-8.82,26.82,-2.65,950.73,32237,32240,160
0.24,-9.73,-0.31,0.11,-0.95,0.02,-8.82,26.82,-2.65,950.79,32278,32281,171
0.55,-9.69,0.16,-0.14,-1.19,-0.09,-10.27,26.73,-1.73,950.70,32320,32323,178
0.20,-9.26,0.00,-0.13,-1.08,-0.10,-11.91,26.91,-0.61,950.76,32361,32364,188
1.37,-9.89,0.67,-0.31,-1.46,-0.13,-11.91,26.91,-0.61,950.71,32403,32406,195
-0.71,-12.87,-0.04,-0.28,-0.92,-0.06,-14.18,27.00,1.53,950.73,32443,32447,202
0.94,-10.00,2.39,-0.05,-0.87,-0.04,-15.36,26.91,3.06,950.81,32485,32489,209
0.55,-9.96,-0.47,-0.13,-1.01,-0.09,-15.36,26.91,3.06,950.79,32527,32531,219
0.39,-10.16,-0.51,-0.14,-1.74,-0.14,-16.73,27.00,4.90,950.77,32568,32571,232
0.08,-10.12,-0.98,0.02,-2.04,-0.12,-16.73,27.00,4.90,950.73,32610,32613,243
0.35,-9.61,-0.51,-0.04,-1.44,-0.14,-18.82,27.09,8.06,950.76,32651,32654,254
0.59,-10.08,0.82,0.06,-1.72,-0.21,-20.18,27.18,10.31,950.68,32693,32696,272
0.08,-10.00,-1.69,-0.12,-2.58,-0.16,-20.18,27.18,10.31,950.81,32735,32738,289
-0.20,-9.96,0.00,0.05,-2.65,-0.21,-22.00,26.82,14.69,950.70,32776,32779,317
-0.35,-10.36,-1.84,-0.18,-3.91,-0.29,-22.00,26.82,14.69,950.73,32818,32821,336
-0.12,-9.65,-0.63,-0.03,-2.53,-0.23,-23.36,26.91,21.53,950.77,32859,32863,363
-0.12,-10.32,-1.92,-0.15,-4.07,-0.28,-23.27,26.55,27.14,950.63,32901,32904,387
-0.04,-9.61,-1.14,-0.05,-2.81,-0.22,-23.27,26.55,27.14,950.74,32943,32946,403
-0.08,-10.16,-0.90,0.03,-1.98,-0.17,-21.36,26.09,32.65,950.62,32984,32987,422
-0.20,-9.73,-0.24,-0.08,-2.52,-0.20,-19.45,26.09,36.43,950.64,33026,33029,451
-0.59,-9.77,-1.26,-0.19,-3.87,-0.25,-19.45,26.09,36.43,950.61,33068,33071,480
-0.16,-9.77,-1.22,-0.06,-3.75,-0.25,-15.09,25.64,41.94,950.60,33109,33112,504
-0.24,-9.77,-1.37,-0.07,-2.89,-0.19,-15.09,25.64,41.94,950.62,33151,33154,526
-0.43,-9.61,-0.86,-0.17,-2.70,-0.19,-10.18,25.55,45.20,950.68,33192,33196,548
-0.35,-9.65,-1.14,0.06,-2.64,-0.20,-5.64,25.27,47.04,950.65,33234,33237,569
-0.78,-10.32,-0.82,-0.10,-2.20,-0.23,-5.64,25.27,47.04,950.65,33276,33279,591
-0.35,-12.40,-4.71,0.01,-2.33,-0.22,-1.55,25.45,48.06,950.65,33317,33320,610
-3.92,-2.79,1.57,-0.03,-1.79,-0.23,2.27,25.36,47.96,950.59,33359,33362,627
-0.27,-9.61,-0.63,-0.00,-1.75,-0.09,2.27,25.36,47.96,950.75,33400,33403,634
-0.08,-10.20,-0.90,0.04,-0.73,-0.05,5.27,25.27,47.86,950.58,33442,33445,636
-0.63,-9.65,-0.39,-0.14,-0.12,-0.01,5.27,25.27,47.86,950.65,33484,33487,640
-0.16,-9.89,-0.43,-0.13,-0.52,-0.17,6.00,25.18,47.76,950.58,33525,33528,648
-0.24,-9.85,-0.86,-0.09,-1.12,-0.07,7.36,25.00,47.55,950.55,33567,33570,652
-0.20,-9.77,-0.82,-0.11,-0.29,-0.03,7.36,25.00,47.55,950.66,33608,33611,652
-0.20,-9.73,-0.31,-0.09,-0.00,-0.09,8.27,25.18,47.76,950.68,33650,33653,652
0.55,-10.36,-2.08,-0.01,-0.17,-0.03,8.09,25.18,47.86,950.65,33691,33694,654
-0.20,-10.04,-0.90,0.00,-0.36,-0.04,8.09,25.18,47.86,950.64,33733,33736,657
-0.43,-9.85,-0.43,0.04,-0.31,-0.02,8.91,24.82,47.45,950.55,33774,33777,661
-0.12,-9.89,-0.78,-0.02,-0.47,-0.10,8.91,24.82,47.45,950.65,33816,33819,662
-0.16,-9.65,-0.51,-0.03,0.04,-0.01,9.73,25.45,47.14,950.54,33858,33861,662
-0.08,-9.77,-0.67,-0.07,0.08,-0.02,9.55,25.00,47.35,950.62,33899,33902,659
-0.08,-9.77,-0.90,-0.03,0.28,0.02,9.55,25.00,47.35,950.64,33941,33944,652
-0.20,-9.73,-0.78,0.01,1.19,0.08,8.73,24.82,47.35,950.55,33982,33985,639
-0.16,-9.81,-0.75,0.07,1.83,0.20,8.73,24.82,47.35,950.64,34024,34027,621
-0.24,-9.92,-0.75,0.03,2.43,0.21,6.18,25.09,47.96,950.60,34064,34068,600
-0.63,-10.08,-0.98,-0.00,2.99,0.27,2.00,25.09,48.47,950.57,34106,34110,579
-0.20,-10.00,-0.71,-0.01,2.36,0.19,2.00,25.09,48.47,950.62,34147,34150,558
-0.31,-9.77,-0.63,-0.08,2.95,0.20,-2.64,25.36,48.37,950.72,34189,34192,534
-0.20,-9.85,-0.43,0.07,3.10,0.15,-7.91,25.36,46.53,950.67,34230,34233,507
-0.08,-9.81,-0.67,0.08,3.48,0.18,-7.91,25.36,46.53,950.70,34272,34275,476
-0.08,-9.92,-0.86,0.06,4.26,0.28,-13.64,25.18,43.47,950.82,34314,34317,443
-0.27,-10.28,0.04,0.14,4.12,0.28,-13.64,25.18,43.47,950.77,34355,34358,419
-0.04,-9.69,-0.43,0.00,3.23,0.20,-19.00,25.82,37.96,950.67,34397,34400,394
0.12,-9.81,-0.63,0.03,3.16,0.16,-21.73,26.27,32.35,950.73,34438,34441,378
0.16,-10.87,-0.39,0.01,2.28,0.15,-21.73,26.27,32.35,950.80,34480,34483,363
-1.06,-9.69,0.12,-0.05,2.20,0.13,-23.27,26.36,28.06,950.79,34522,34525,346
0.27,-9.73,0.31,-0.10,2.45,0.06,-23.64,26.27,24.29,950.68,34563,34566,330
0.94,-9.96,-1.29,-0.08,2.18,0.02,-23.64,26.27,24.29,950.67,34605,34608,318
0.55,-9.96,-1.06,0.02,1.40,0.09,-24.09,26.45,20.61,950.73,34646,34649,314
0.08,-9.96,-2.51,0.02,0.73,0.13,-24.09,26.45,20.61,950.73,34688,34691,308
0.16,-9.06,-0.78,-0.03,1.10,0.04,-23.91,26.45,18.78,950.79,34730,34733,300
0.51,-10.08,-0.94,0.02,1.05,0.06,-23.55,26.55,16.53,950.70,34771,34774,293
0.04,-10.83,-1.92,0.01,0.99,0.04,-23.55,26.55,16.53,950.77,34813,34816,290
0.00,-8.79,-1.10,0.10,0.40,0.02,-23.09,26.55,15.00,950.77,34854,34857,286
0.82,-10.55,-1.22,0.16,0.89,0.07,-22.82,26.73,13.16,950.78,34896,34899,279
0.27,-9.96,-0.43,0.16,0.94,0.07,-22.82,26.73,13.16,950.76,34937,34941,273
0.55,-9.96,-0.86,0.11,1.00,0.03,-22.18,26.36,11.12,950.83,34979,34982,267
2.59,-12.24,2.24,-0.15,1.09,0.00,-22.18,26.36,11.12,950.80,35021,35024,259
0.94,-10.40,0.63,-0.24,1.19,0.04,-21.64,26.36,9.18,950.77,35062,35065,251
0.24,-9.45,-0.31,-0.01,1.17,-0.00,-20.45,26.82,7.86,950.74,35104,35107,245
0.16,-9.89,-0.27,-0.03,1.00,-0.03,-20.45,26.82,7.86,950.78,35145,35148,240
-0.12,-9.96,-0.59,-0.07,0.75,-0.04,-19.73,26.64,6.73,950.72,35187,35190,233
1.10,-10.83,-0.43,-0.02,1.07,0.10,-19.73,26.64,6.73,950.76,35228,35232,226
0.78,-10.00,-0.67,0.07,1.25,0.05,-18.64,26.73,5.10,950.83,35270,35273,216
0.27,-4.82,-0.71,-0.01,1.62,-0.01,-17.64,26.45,2.86,950.83,35312,35315,206
-3.06,3.45,1.33,-0.10,1.63,-0.06,-17.64,26.45,2.86,950.82,35353,35356,195
2.00,-12.00,-0.90,-0.13,1.72,0.01,-15.45,26.73,0.92,950.78,35395,35398,183
1.18,-9.02,-0.27,-0.11,1.83,0.14,-12.82,26.45,-1.12,950.84,35436,35439,173
0.51,-10.87,-1.80,-0.09,1.31,0.04,-12.82,26.45,-1.12,950.81,35478,35481,164
0.35,-9.73,-0.47,-0.05,1.30,0.06,-10.64,26.64,-2.04,950.81,35519,35522,155
0.51,-8.71,-1.18,-0.07,1.37,0.08,-10.64,26.64,-2.04,950.78,35561,35564,143
0.71,-9.30,-0.59,-0.04,1.74,0.11,-8.36,27.00,-3.27,950.75,35601,35605,131
0.27,-8.90,-0.94,-0.03,1.69,0.12,-5.55,26.91,-4.49,950.71,35643,35647,121
0.27,-10.20,-0.12,0.00,1.59,0.13,-5.55,26.91,-4.49,950.76,35684,35688,109
0.63,-9.92,-0.08,0.03,1.45,0.05,-2.73,26.91,-5.31,950.78,35726,35729,95
0.12,-9.89,-0.63,0.03,2.19,0.18,0.73,27.00,-6.22,950.76,35767,35770,81
0.47,-9.77,-0.75,-0.06,1.69,0.09,0.73,27.00,-6.22,950.77,35809,35812,71
0.31,-9.89,-0.43,-0.08,1.53,0.07,3.55,26.82,-6.12,950.80,35850,35853,55
0.51,-9.96,-0.04,0.14,2.29,0.14,3.55,26.82,-6.12,950.72,35892,35895,38
0.35,-9.77,0.16,-0.02,2.09,0.13,7.45,26.73,-5.92,950.78,35933,35936,20
0.24,-9.30,-0.78,-0.07,2.43,0.16,11.36,26.73,-4.90,950.78,35975,35978,0
0.59,-10.24,-0.24,-0.08,2.48,0.17,11.36,26.73,-4.90,950.75,36016,36019,0
0.00,-9.69,-0.35,-0.08,2.92,0.18,15.82,26.82,-3.06,950.84,36057,36060,1023
0.39,-10.16,0.35,0.01,2.93,0.16,15.82,26.82,-3.06,950.71,36099,36102,1023
0.47,-9.89,-0.43,-0.06,2.37,0.15,20.09,26.82,0.31,950.71,36141,36144,1013
1.22,-9.92,1.14,-0.02,1.79,0.12,23.00,26.64,3.16,950.72,36182,36185,1004
-0.47,-8.43,-0.90,-0.03,0.82,0.02,23.00,26.64,3.16,950.82,36224,36227,995
0.75,-11.53,0.16,-0.08,1.14,0.04,24.55,26.36,5.00,950.71,36265,36268,987
0.51,-11.30,2.55,0.04,1.07,0.04,25.73,26.82,6.33,950.82,36307,36310,984
0.16,-9.92,0.20,-0.01,0.17,0.04,25.73,26.82,6.33,950.74,36348,36351,985
-0.59,-8.94,-0.75,-0.01,0.05,0.01,25.91,26.55,6.84,950.72,36390,36393,985
0.04,-10.28,-0.24,0.02,-0.05,-0.01,25.91,26.55,6.84,950.73,36431,36434,985
-0.82,-10.00,0.20,-0.05,0.09,0.03,25.82,26.18,6.33,950.74,36473,36476,982
-0.47,-9.89,-0.31,-0.15,0.52,0.00,25.73,26.55,7.04,950.71,36515,36518,975
0.35,-10.67,1.41,-0.01,0.84,-0.01,25.73,26.55,7.04,950.67,36556,36559,975
0.08,-9.53,-0.35,0.01,0.05,0.03,26.45,26.27,8.06,950.65,36598,36601,975
-0.31,-9.69,-0.51,-0.05,0.09,0.01,26.36,26.55,8.27,950.63,36639,36642,974
0.16,-10.16,0.20,-0.04,0.06,-0.04,26.36,26.55,8.27,950.64,36681,36684,975
0.39,-9.73,-0.20,-0.02,0.06,-0.01,26.55,26.55,8.47,950.73,36722,36725,972
-0.08,-10.04,0.16,0.07,0.30,0.07,26.55,26.55,8.47,950.76,36764,36767,968
0.86,-11.14,-0.78,-0.07,0.50,0.03,26.73,26.27,8.47,950.69,36805,36808,965
1.69,-10.63,0.27,-0.17,0.47,0.03,27.00,26.27,9.49,950.65,36847,36850,958
0.08,-8.55,0.71,-0.04,0.87,0.00,27.00,26.27,9.49,950.56,36888,36891,952
0.16,-9.96,-0.43,-0.09,0.78,0.01,27.64,26.36,10.82,950.55,36930,36933,945
0.90,-10.04,0.63,-0.05,1.09,0.02,27.64,26.36,10.82,950.49,36972,36975,938
0.08,-9.81,0.04,0.03,0.85,0.08,27.91,26.45,12.65,950.54,37013,37016,932
-0.08,-9.89,-0.47,-0.01,0.79,0.07,28.36,26.45,13.98,950.53,37055,37058,924
-0.04,-9.85,-0.20,0.05,1.09,0.05,28.36,26.45,13.98,950.49,37096,37099,915
0.04,-10.08,0.35,-0.04,1.16,0.05,28.82,26.45,15.82,950.51,37137,37141,905
-0.16,-9.92,0.78,0.04,1.44,0.09,29.00,26.27,17.96,950.53,37178,37182,894
0.08,-9.73,0.00,0.10,1.56,0.13,29.00,26.27,17.96,950.62,37220,37224,882
-0.20,-9.45,-0.98,0.03,1.70,0.10,29.27,26.18,20.61,950.45,37261,37265,871
-0.04,-9.81,-0.08,-0.03,1.59,0.13,29.27,26.18,20.61,950.51,37303,37306,859
0.43,-9.61,0.16,-0.01,1.60,0.11,29.09,26.00,23.57,950.45,37345,37348,847
-0.27,-10.20,-0.59,0.00,1.69,0.11,28.73,25.82,26.22,950.44,37386,37389,834
-0.08,-9.73,0.00,-0.02,1.87,0.11,28.73,25.82,26.22,950.40,37428,37431,821
-0.27,-9.85,-0.35,0.01,1.72,0.09,27.91,25.82,29.80,950.30,37469,37472,813
0.47,-9.89,0.27,0.02,1.22,0.13,26.73,25.91,31.84,950.39,37511,37514,806
0.27,-9.41,-0.04,-0.04,0.75,0.14,26.73,25.91,31.84,950.34,37553,37556,798
-0.63,-9.73,-0.20,0.04,1.24,0.10,26.36,25.55,33.37,950.37,37594,37597,789
0.04,-10.43,-0.12,0.00,1.26,0.07,26.36,25.55,33.37,950.38,37636,37639,781
-0.27,-9.77,-0.20,0.03,1.26,0.07,24.91,25.27,35.51,950.30,37677,37680,772
-0.12,-9.85,0.27,-0.03,1.07,0.02,23.64,25.64,37.14,950.37,37719,37722,771
-0.20,-9.61,-0.59,-0.04,0.20,-0.01,23.64,25.64,37.14,950.29,37761,37764,765
-0.27,-9.92,-0.82,-0.04,1.03,0.07,22.91,25.36,38.06,950.20,37802,37805,759
-0.59,-11.61,-1.06,0.05,0.45,0.11,22.00,25.73,39.08,950.23,37844,37847,758
-1.33,-8.87,-0.71,-0.01,0.09,0.04,22.00,25.73,39.08,950.29,37885,37888,755
-0.43,-9.73,-0.20,-0.01,0.65,0.02,21.82,25.18,39.39,950.54,37927,37930,748
-0.43,-9.81,-0.59,-0.00,0.81,0.05,21.82,25.18,39.39,950.48,37968,37971,742
-0.39,-9.61,-0.27,-0.03,0.77,0.04,21.18,25.27,40.31,950.43,38010,38013,739
-0.39,-9.96,-0.51,0.05,0.61,0.07,20.00,25.27,41.33,950.40,38052,38055,732
-0.86,-9.61,-0.71,-0.02,0.90,0.03,20.00,25.27,41.33,950.25,38093,38096,727
-0.55,-9.53,-0.24,0.01,0.63,0.04,18.91,25.45,42.04,950.25,38135,38138,721
-0.63,-9.77,-0.43,0.03,0.86,0.05,18.91,25.45,42.04,950.35,38176,38179,717
-0.67,-9.89,-0.39,0.04,0.52,0.08,17.91,25.18,43.06,950.22,38218,38221,710
-0.94,-9.85,-0.94,0.02,0.90,0.08,17.36,25.18,43.27,950.38,38259,38263,700
-0.63,-9.49,-0.86,0.03,1.43,0.02,17.36,25.18,43.27,950.33,38301,38304,686
-0.82,-9.45,0.78,-0.01,1.98,0.14,15.27,25.27,44.80,950.46,38343,38346,671
-0.63,-9.92,-0.67,0.06,1.90,0.09,12.00,25.27,46.33,950.37,38384,38387,654
-0.59,-9.85,-0.63,0.04,2.10,0.11,12.00,25.27,46.33,950.40,38426,38429,635
-1.06,-9.57,-0.98,0.07,2.67,0.24,8.18,25.27,47.04,950.36,38467,38470,609
-0.75,-9.30,-0.27,0.07,3.54,0.19,8.18,25.27,47.04,950.44,38509,38512,580
2.71,-9.26,-1.73,-0.45,3.71,0.25,2.00,25.73,47.86,950.36,38550,38553,551
-0.24,-11.89,3.84,0.29,3.70,0.26,-4.73,25.45,47.35,950.34,38592,38595,528
-0.08,-9.14,-2.51,0.13,2.68,0.18,-4.73,25.45,47.35,950.42,38634,38637,505
-0.35,-10.55,-1.69,0.20,3.14,0.27,-9.27,26.18,45.10,950.44,38675,38678,478
-0.35,-8.55,0.04,0.17,3.51,0.19,-14.27,26.27,41.43,950.50,38716,38720,455
-0.31,-10.16,-1.33,0.10,3.13,0.18,-14.27,26.27,41.43,950.57,38757,38761,435
-0.27,-9.81,-0.63,0.07,2.61,0.14,-17.82,26.73,37.45,950.52,38799,38803,418
-0.04,-9.45,-0.75,0.04,2.30,0.06,-17.82,26.73,37.45,950.53,38841,38844,399
-0.20,-9.85,-1.29,0.08,2.75,0.15,-20.09,26.82,33.67,950.52,38882,38885,378
0.12,-9.92,-0.43,0.07,2.94,0.14,-22.09,27.36,28.78,950.56,38924,38927,361
-0.16,-9.69,-1.10,0.02,2.34,0.13,-22.09,27.36,28.78,950.66,38965,38968,342
-0.04,-9.85,-1.10,0.04,2.82,0.15,-22.55,27.36,24.29,950.60,39007,39010,321
0.16,-9.38,-0.90,-0.17,2.95,0.22,-22.55,27.36,24.29,950.57,39049,39052,300
0.08,-10.20,-1.65,-0.07,3.23,0.24,-22.45,27.36,19.18,950.64,39090,39093,275
0.00,-10.20,-0.63,-0.05,3.70,0.27,-21.18,27.64,13.67,950.66,39132,39135,251
0.16,-9.85,-0.43,-0.03,3.60,0.29,-21.18,27.64,13.67,950.62,39173,39176,230
-0.04,-9.96,-0.82,0.05,3.22,0.27,-18.09,27.91,8.16,950.56,39215,39218,209
-0.20,-10.00,-0.94,0.06,3.32,0.24,-14.27,28.27,3.37,950.65,39256,39260,187
0.08,-10.51,-0.20,0.01,3.18,0.20,-14.27,28.27,3.37,950.64,39298,39301,167
0.98,-9.61,-0.55,-0.02,2.83,0.18,-10.18,28.36,0.00,950.51,39340,39343,147
-0.43,-9.85,-1.02,0.04,2.91,0.27,-10.18,28.36,0.00,950.68,39381,39384,127
0.31,-9.65,-0.55,0.13,2.74,0.22,-5.18,28.36,-2.45,950.58,39423,39426,108
0.43,-10.79,-0.16,0.00,2.32,0.21,-0.73,28.27,-3.78,950.70,39464,39467,91
0.24,-9.10,-0.67,-0.03,2.44,0.23,-0.73,28.27,-3.78,950.58,39506,39509,75
-0.08,-9.53,-0.63,-0.15,2.13,0.20,3.55,27.91,-4.29,950.60,39547,39550,64
0.00,-9.57,-0.35,-0.03,1.45,0.14,6.73,27.91,-3.78,950.64,39589,39592,53
0.24,-9.77,-0.24,0.09,1.48,0.11,6.73,27.91,-3.78,950.55,39630,39633,41
0.63,-9.53,-0.43,0.07,1.45,0.12,9.00,28.09,-3.37,950.70,39671,39674,29
0.35,-9.81,-0.59,0.06,1.69,0.14,9.00,28.09,-3.37,950.67,39713,39716,18
-0.04,-15.93,-3.37,0.51,0.54,0.04,12.00,27.82,-2.96,950.62,39754,39757,7
0.47,-10.20,-1.10,-0.13,1.24,0.10,13.55,27.45,-2.96,950.60,39796,39799,0
-0.20,-9.10,-0.04,-0.28,0.94,0.09,13.55,27.45,-2.96,950.63,39837,39840,0
0.47,-10.24,1.14,-0.05,0.86,0.07,15.18,27.91,-1.73,950.56,39879,39882,0
0.39,-8.32,-1.77,0.00,0.54,0.05,15.18,27.91,-1.73,950.58,39920,39923,0
0.16,-9.96,0.00,0.08,0.25,0.04,16.00,27.55,-1.22,950.54,39962,39965,0
2.04,-12.32,1.37,0.07,0.04,-0.01,16.27,27.55,-1.43,950.61,40003,40006,0
0.00,-9.69,-0.63,-0.01,-0.14,-0.02,16.27,27.55,-1.43,950.62,40045,40048,0
-0.75,-8.63,-1.02,0.08,-0.26,-0.03,15.82,27.36,-1.53,950.58,40086,40089,0
0.43,-10.20,0.55,0.28,-0.63,-0.07,15.27,26.91,-2.65,950.63,40127,40130,3
0.43,-9.53,-0.08,0.23,-1.05,-0.06,15.27,26.91,-2.65,950.58,40169,40172,15
0.35,-10.28,0.51,0.09,-1.51,-0.09,13.73,27.09,-4.08,950.66,40209,40213,32
-0.31,-9.77,-0.35,-0.06,-2.09,-0.15,13.73,27.09,-4.08,950.63,40251,40255,53
0.24,-10.71,0.39,-0.03,-2.57,-0.15,10.00,27.00,-5.41,950.63,40292,40296,75
-1.92,3.69,15.97,-0.65,-2.38,-0.08,5.45,27.18,-5.71,950.65,40334,40337,100
4.08,-12.32,-0.82,-0.30,-3.19,-0.07,5.45,27.18,-5.71,950.62,40376,40379,123
0.39,-7.81,-1.06,-0.48,-2.91,-0.05,0.91,28.18,-4.49,950.62,40417,40420,144
-0.08,-8.98,-1.29,-0.00,-2.81,-0.42,-4.36,28.27,-2.65,950.60,40459,40462,166
0.08,-10.43,-0.08,0.15,-2.93,-0.33,-4.36,28.27,-2.65,950.63,40500,40503,188
0.16,-9.45,-0.75,-0.20,-3.25,-0.30,-9.55,27.73,-0.31,950.60,40542,40545,209
-0.08,-9.38,-1.61,-0.27,-3.03,-0.30,-9.55,27.73,-0.31,950.59,40583,40586,230
-0.20,-8.43,0.12,-0.85,-3.16,-0.37,-14.18,28.09,3.47,950.58,40625,40628,250
0.16,-9.34,-1.84,-0.50,-2.98,-0.41,-17.91,28.45,9.90,950.64,40666,40669,271
2.63,-11.22,1.45,0.31,-3.02,-0.41,-17.91,28.45,9.90,950.60,40708,40711,296
0.43,-8.90,-0.78,0.04,-3.71,-0.41,-20.55,27.91,14.29,950.59,40749,40753,318
-0.27,-9.18,-1.49,0.14,-2.88,-0.26,-20.55,27.91,14.29,950.60,40791,40794,335
-1.06,-8.32,-1.14,0.11,-2.38,-0.26,-22.45,27.73,19.39,950.62,40833,40836,348
-1.14,-14.63,-5.14,0.38,-1.64,-0.10,-22.64,27.36,22.45,950.48,40874,40877,362
-0.08,-9.92,-0.55,-0.19,-1.82,-0.14,-22.64,27.36,22.45,950.50,40916,40919,375
-0.20,-9.45,-1.18,-0.04,-1.69,-0.09,-22.27,27.45,26.22,950.58,40958,40961,384
0.04,-9.92,-0.78,-0.03,-1.18,-0.11,-21.64,27.09,28.67,950.50,40999,41002,395
0.04,-9.69,-0.71,-0.13,-1.80,-0.12,-21.64,27.09,28.67,950.57,41041,41044,409
-0.20,-9.69,-0.71,-0.01,-1.83,-0.09,-20.82,27.00,31.73,950.59,41082,41085,422
0.20,-10.12,-0.90,-0.05,-1.62,-0.14,-20.82,27.00,31.73,950.61,41124,41127,439
-0.08,-9.96,-0.94,-0.10,-2.43,-0.16,-19.36,26.91,34.18,950.44,41166,41169,462
-0.75,-9.85,-0.82,-0.07,-2.92,-0.13,-16.82,26.73,38.16,950.35,41207,41210,482
-0.35,-10.36,-0.78,-0.09,-2.46,-0.18,-16.82,26.73,38.16,950.43,41249,41252,504
-0.71,-9.69,-0.67,-0.07,-2.91,-0.17,-13.64,26.82,41.94,950.40,41291,41294,531
-0.20,-9.73,-0.35,-0.09,-3.45,-0.16,-8.55,26.36,44.90,950.30,41332,41335,556
-0.51,-9.53,-1.06,-0.11,-2.92,-0.15,-8.55,26.36,44.90,950.38,41374,41377,575
-0.27,-10.00,-1.33,-0.16,-2.53,-0.19,-3.45,26.18,46.73,950.38,41415,41419,595
-0.71,-9.69,-0.78,-0.13,-2.53,-0.13,-3.45,26.18,46.73,950.31,41457,41460,611
-0.31,-10.47,2.08,-0.03,-2.16,-0.15,0.91,25.82,47.45,950.41,41499,41502,624
-0.35,-10.71,-2.12,-0.03,-1.61,-0.11,4.64,25.91,47.24,950.51,41540,41543,632
0.86,-10.90,0.75,0.16,-0.97,-0.18,4.64,25.91,47.24,950.64,41582,41585,642
0.00,-10.43,0.31,-0.50,-1.33,-0.05,6.64,26.09,46.94,950.59,41623,41627,650
-0.47,-9.81,-0.27,-0.04,-0.92,-0.08,8.82,25.36,46.84,950.66,41665,41668,655
-0.43,-10.00,-0.90,-0.05,-0.54,-0.08,8.82,25.36,46.84,950.71,41707,41710,660
0.04,-8.87,0.55,-0.07,-0.59,-0.07,9.82,25.55,46.73,950.71,41748,41751,666
-0.04,-11.02,-0.67,-0.06,-0.69,-0.06,9.82,25.55,46.73,950.72,41790,41793,672
-1.26,-12.87,-3.33,-0.03,-0.67,-0.07,10.91,25.55,46.22,950.86,41830,41834,675
-0.31,-8.71,-0.35,-0.16,-0.29,-0.04,12.18,25.09,46.22,950.72,41872,41876,680
-0.39,-9.49,0.00,-0.01,-0.56,-0.00,12.18,25.09,46.22,950.77,41914,41918,687
-0.55,-9.45,0.00,0.01,-1.06,-0.06,13.09,25.18,45.61,950.86,41955,41958,701
-0.75,-9.77,0.16,0.00,-1.73,-0.13,13.09,25.18,45.61,950.78,41997,42000,709
-2.43,-8.94,0.98,-0.07,-0.86,-0.06,15.64,25.55,44.18,950.72,42038,42041,713
-3.53,-10.12,-4.82,-0.12,-0.56,-0.04,16.91,25.18,43.47,950.77,42080,42083,719
-0.24,-8.36,2.63,-0.07,-0.92,-0.04,16.91,25.18,43.47,950.70,42122,42125,728
-0.94,-9.69,-0.98,-0.03,-1.05,-0.06,18.27,25.36,42.76,950.69,42163,42166,735
-0.59,-10.08,-0.71,-0.03,-0.73,-0.06,19.55,25.36,41.43,950.70,42205,42208,742
-0.55,-9.69,-0.20,-0.08,-1.15,-0.06,19.55,25.36,41.43,950.66,42246,42250,752
-0.31,-9.49,-0.82,-0.05,-1.06,-0.08,21.36,25.18,40.20,950.70,42288,42291,755
-0.35,-9.53,-0.04,-0.04,-0.11,-0.01,21.36,25.18,40.20,950.59,42330,42333,756
-0.43,-8.71,0.35,-0.05,-0.07,-0.13,22.00,25.27,39.29,950.51,42371,42374,759
-0.63,-9.14,-0.35,0.05,-0.39,0.07,22.55,25.45,39.08,950.50,42413,42416,762
0.12,-10.94,0.24,0.02,-0.47,-0.02,22.55,25.45,39.08,950.51,42454,42457,767
3.26,-12.24,1.26,-0.16,-0.54,-0.04,22.91,25.18,38.37,950.30,42496,42499,770
-0.43,-9.53,0.00,0.01,-0.31,-0.00,23.82,25.36,37.55,950.31,42538,42541,773
0.43,-10.59,0.59,-0.03,-0.71,-0.05,23.82,25.36,37.55,950.31,42579,42582,781
-0.12,-10.00,-0.24,-0.04,-0.90,-0.08,24.09,25.27,36.43,950.30,42621,42624,786
-2.00,-8.55,-0.47,-0.00,-0.44,-0.05,24.09,25.27,36.43,950.27,42663,42666,786
-0.55,-7.30,1.88,-0.03,0.03,0.02,24.91,25.27,35.82,950.37,42704,42707,786
-0.31,-9.81,-0.59,-0.03,0.03,-0.03,25.18,25.27,35.61,950.40,42746,42749,789
-0.20,-10.12,-1.22,-0.09,-0.33,-0.07,25.18,25.27,35.61,950.29,42787,42790,792
-0.55,-9.41,-0.20,0.06,-0.40,-0.02,25.09,25.18,35.31,950.35,42829,42832,798
-8.55,-4.55,-4.47,0.08,-0.82,-0.05,26.09,25.73,33.98,950.37,42871,42874,801
-0.59,-9.10,1.06,0.04,-0.38,0.02,26.09,25.73,33.98,950.50,42912,42915,804
-0.12,-9.41,-0.31,-0.08,-0.26,-0.02,26.36,25.27,33.37,950.64,42954,42957,804
-0.55,-10.08,-0.63,-0.02,0.07,-0.05,26.36,25.27,33.37,950.65,42995,42998,804
-0.47,-9.61,0.04,-0.03,0.04,-0.04,26.18,25.55,32.86,950.36,43037,43040,805
-0.24,-10.00,-0.35,-0.00,-0.05,-0.06,26.18,25.64,33.16,950.41,43079,43082,806
-0.12,-9.73,-0.20,-0.04,-0.09,-0.09,26.18,25.64,33.16,950.46,43120,43123,810
-0.27,-9.81,0.04,0.01,-0.66,-0.03,26.45,25.73,32.55,950.47,43162,43165,815
-0.08,-9.73,-0.24,0.02,-0.61,-0.04,26.45,25.73,32.55,950.47,43203,43206,818
-0.27,-9.96,-0.86,0.34,-0.37,0.08,26.82,25.64,31.22,950.55,43245,43248,821
-0.04,-7.45,-0.27,-0.08,-0.44,-0.17,27.45,25.64,30.71,950.53,43287,43290,825
-0.16,-10.00,-0.55,-0.02,-0.43,-0.04,27.45,25.64,30.71,950.54,43328,43331,827
-0.55,-8.87,-0.67,0.03,-0.15,-0.03,27.55,25.82,29.80,950.54,43370,43373,827
0.90,-9.85,5.14,0.08,0.09,0.01,27.73,25.64,29.29,950.58,43411,43414,828
-0.43,-9.18,0.59,-0.04,-0.08,-0.03,27.73,25.64,29.29,950.54,43452,43456,829
-0.27,-10.36,-0.75,-0.05,-0.15,-0.03,27.73,25.55,29.39,950.59,43494,43498,830
-0.12,-9.65,0.16,-0.05,-0.24,-0.09,27.73,25.55,29.39,950.52,43535,43539,834
-0.16,-9.61,-0.12,-0.02,-0.38,-0.06,27.91,25.91,28.88,950.54,43577,43580,837
-1.61,-9.96,-0.31,-0.02,-0.38,-0.04,28.00,25.91,28.16,950.58,43618,43621,839
-0.04,-10.04,0.04,-0.03,-0.18,-0.08,28.00,25.91,28.16,950.59,43660,43663,842
-0.90,-18.20,-1.45,0.01,-0.42,0.00,28.00,25.91,27.65,950.65,43702,43705,845
0.20,-12.12,-1.33,-0.01,-0.26,-0.04,28.27,25.91,27.04,950.64,43743,43746,849
-0.04,-9.30,0.51,-0.25,-0.41,-0.07,28.27,25.91,27.04,950.56,43785,43788,849
-0.24,-9.45,0.08,-0.03,0.03,-0.01,28.18,25.82,26.73,950.63,43826,43829,850
-0.39,-9.77,1.02,0.00,-0.27,-0.03,28.18,25.82,26.73,950.62,43868,43871,856
-0.04,-11.34,0.71,-0.01,-0.74,-0.01,28.36,26.09,26.22,950.57,43910,43913,858
-0.20,-5.30,6.43,0.01,-0.06,-0.03,28.55,25.91,25.31,950.73,43951,43954,865
0.08,-10.43,-1.06,0.12,-1.19,-0.07,28.55,25.91,25.31,950.74,43993,43996,873
-0.35,-10.00,0.27,0.03,-0.99,-0.07,28.91,25.82,23.47,950.70,44034,44038,879
-0.08,-9.14,0.31,0.01,-0.72,-0.01,29.27,26.09,21.84,950.64,44076,44079,885
-0.43,-9.81,0.16,0.05,-0.83,0.02,29.27,26.09,21.84,950.70,44118,44121,895
0.20,-9.57,0.39,-0.03,-1.24,-0.09,29.64,26.00,19.90,950.69,44159,44162,908
0.00,-10.12,-0.16,-0.04,-1.73,-0.13,29.64,26.00,19.90,950.65,44201,44204,926
0.24,-9.81,0.55,-0.23,-2.40,-0.11,29.18,26.18,16.63,950.63,44242,44245,948
-0.71,-12.24,-0.59,-0.27,-2.58,-0.05,28.18,26.00,12.76,950.69,44284,44287,964
0.00,-8.75,1.45,0.10,-2.12,-0.17,28.18,26.00,12.76,950.73,44326,44329,985
-0.43,-10.16,0.20,-0.09,-2.72,-0.15,27.00,26.09,8.57,950.81,44367,44370,1007
-0.16,-9.77,-0.16,0.17,-2.59,-0.19,27.00,26.09,8.57,950.76,44409,44412,1023
0.12,-9.96,0.04,-0.02,-2.64,-0.14,24.27,26.64,4.08,950.74,44450,44453,1023
-0.04,-10.04,-0.16,-0.11,-2.43,-0.12,21.00,26.36,0.51,950.78,44492,44495,0
-0.12,-9.38,-0.24,-0.06,-2.73,-0.14,21.00,26.36,0.51,950.69,44534,44537,0
0.16,-9.53,-0.63,-0.07,-2.59,-0.18,17.18,26.82,-2.45,950.79,44575,44578,18
-0.04,-10.08,-0.31,-0.10,-2.45,-0.13,13.18,26.73,-4.49,950.73,44617,44620,38
0.20,-9.45,-0.20,-0.08,-2.29,-0.13,13.18,26.73,-4.49,950.85,44658,44661,56
0.20,-9.81,0.27,-0.02,-2.23,-0.12,9.00,27.00,-5.41,950.83,44700,44703,71
0.08,-11.30,-0.98,-0.12,-1.82,-0.10,9.00,27.00,-5.41,950.77,44741,44744,83
0.16,-9.89,-0.04,-0.05,-1.55,-0.10,5.27,27.00,-5.92,950.75,44783,44786,95
0.47,-9.77,-0.04,-0.01,-1.60,-0.15,2.00,27.00,-6.02,950.74,44824,44827,110
0.55,-9.57,-0.24,0.03,-2.00,-0.11,2.00,27.00,-6.02,950.74,44866,44869,126
0.20,-9.85,-0.12,-0.05,-2.09,-0.17,-1.64,27.00,-5.51,950.71,44907,44910,139
0.20,-9.96,-0.43,-0.07,-1.66,-0.17,-4.82,26.73,-4.69,950.86,44949,44952,148
0.67,-9.81,-0.20,-0.01,-1.25,-0.18,-4.82,26.73,-4.69,950.68,44990,44993,159
-0.08,-10.20,-0.90,0.00,-1.52,-0.02,-7.64,26.82,-3.47,950.68,45032,45035,166
-0.63,-10.83,-0.63,-0.03,-0.88,0.02,-7.64,26.82,-3.47,950.64,45072,45076,172
1.14,-9.53,-1.02,-0.05,-0.66,0.04,-9.27,27.09,-2.24,950.71,45114,45118,178
0.55,-9.92,-0.12,-0.01,-0.83,-0.10,-10.64,27.18,-1.63,950.76,45155,45158,183
0.43,-9.77,-0.27,-0.00,-0.65,-0.15,-10.64,27.18,-1.63,950.77,45197,45200,187
0.51,-9.89,-0.47,-0.02,-0.56,-0.19,-12.00,27.00,-0.71,950.75,45239,45242,190
0.90,-9.69,-0.63,0.01,-0.53,-0.07,-18.09,26.45,4.29,950.70,45696,45699,232
0.47,-9.89,-0.31,0.12,-0.56,0.01,-18.09,26.45,4.29,950.75,45737,45740,236
0.47,-9.89,-0.63,-0.07,-0.43,-0.07,-19.27,26.27,4.90,950.78,45779,45782,238
0.63,-9.77,-0.51,-0.14,-0.28,-0.11,-19.45,26.45,6.02,950.73,45820,45823,241
0.67,-9.77,-0.86,-0.03,-0.61,-0.18,-19.45,26.45,6.02,950.69,45862,45865,246
0.82,-9.81,-0.47,0.02,-0.58,-0.14,-20.45,26.18,6.63,950.63,45903,45906,247
3.06,-9.38,-0.08,-0.12,0.21,-0.12,-20.45,26.18,6.63,950.66,45945,45948,246
1.02,-9.57,-1.06,-0.13,0.34,0.04,-21.09,25.91,7.24,950.66,45987,45990,240
0.86,-10.43,-0.47,-0.04,2.57,0.14,-10.73,27.09,-1.22,950.74,46236,46239,144
0.43,-9.77,-0.51,-0.00,3.31,0.22,-10.73,27.09,-1.22,950.70,46278,46281,129
0.55,-6.47,3.77,-0.61,3.11,0.20,-5.45,27.36,-3.67,950.75,46319,46322,111
0.39,-9.61,-1.49,0.03,2.52,0.31,-0.36,28.36,-3.88,950.79,46361,46364,97
-1.65,-8.08,-2.04,0.25,2.15,0.17,-0.36,28.36,-3.88,950.74,46402,46405,85
1.33,-9.77,2.24,0.10,1.96,0.15,3.73,28.00,-4.59,950.74,46444,46447,72
0.63,-9.30,0.20,0.23,1.54,0.16,3.73,28.00,-4.59,950.69,46485,46488,63
0.08,-10.28,-0.16,0.17,2.16,0.27,9.73,27.36,-4.80,950.73,46608,46612,18
0.00,-9.85,-0.51,0.01,1.76,0.13,14.09,26.91,-3.57,950.81,46650,46654,1
0.47,-9.69,-0.08,0.23,2.18,0.12,16.73,27.09,-2.24,950.71,46691,46694,0
-0.04,-10.08,0.55,-0.10,2.23,0.13,16.73,27.09,-2.24,950.78,46733,46736,40
0.31,-9.61,-0.63,-0.10,2.47,0.12,20.18,26.91,0.00,950.74,46774,46777,1023
0.47,-9.92,0.47,0.08,2.41,0.16,20.18,26.91,0.00,950.72,46816,46819,1023
0.12,-9.96,0.12,-0.23,1.49,0.06,23.36,26.82,3.37,950.76,46857,46860,1016
-0.35,-9.45,-1.45,0.05,1.04,0.25,25.18,26.91,5.51,950.76,46899,46902,1008
-0.71,-10.67,0.24,0.14,0.97,0.19,25.18,26.91,5.51,950.75,46941,46944,1000
0.12,-9.96,0.31,0.02,1.20,0.10,26.18,26.27,6.84,950.71,46982,46985,997
0.86,-10.12,1.06,-0.28,0.40,0.17,27.09,26.36,8.67,950.84,47024,47027,995
-1.29,-10.08,-0.31,-0.06,0.14,-0.02,27.09,26.36,8.67,950.85,47065,47068,995
-0.08,-10.00,-0.86,-0.05,0.16,-0.05,27.27,26.36,8.88,950.78,47107,47110,991
0.08,-9.61,-0.16,-0.04,0.67,-0.13,27.27,26.36,8.88,950.79,47148,47151,982
-0.94,-9.85,3.22,0.06,1.22,-0.02,27.09,26.55,9.59,950.77,47190,47193,977
1.80,-8.43,-2.75,0.27,0.59,0.01,27.73,26.45,11.02,950.72,47231,47234,977
-1.57,-10.04,-2.12,0.17,-0.01,0.07,27.73,26.45,11.02,950.79,47273,47276,977
0.94,-12.71,0.39,0.19,0.04,-0.05,27.82,26.64,10.41,950.76,47315,47318,979
-0.24,-3.30,8.51,0.02,-0.40,-0.09,27.55,26.82,9.69,950.77,47356,47359,981
1.57,-6.86,-2.55,-0.14,-0.15,-0.06,27.55,26.82,9.69,950.82,47398,47401,981
-0.71,-9.96,-0.24,-0.13,0.06,-0.02,27.27,26.45,9.69,950.77,47439,47442,978
2.08,-6.63,2.75,0.03,0.66,0.02,27.27,26.45,9.69,950.80,47481,47484,971
-0.04,-11.49,-0.78,0.09,0.79,0.05,27.45,26.45,10.20,950.76,47522,47526,964
-1.02,-10.24,1.02,0.05,0.90,0.02,28.18,26.27,11.43,950.73,47564,47567,960
-3.57,-9.45,1.45,0.06,0.52,-0.05,28.18,26.27,11.43,950.65,47606,47609,958
7.81,-17.85,3.33,-0.10,0.18,-0.05,28.55,26.36,12.65,950.72,47647,47650,956
-1.73,-13.57,-6.47,-0.03,0.39,-0.01,28.55,26.36,12.65,950.55,47689,47692,952
0.39,-10.75,0.94,0.04,0.73,0.01,28.55,26.45,12.76,950.51,47731,47734,944
-0.20,-9.65,0.08,-0.08,1.04,0.05,28.73,26.36,14.29,950.53,47772,47775,930
0.20,-10.08,-0.16,-0.03,1.89,0.06,28.73,26.36,14.29,950.46,47814,47817,916
0.16,-9.30,-0.16,-0.08,1.89,0.09,29.18,26.18,17.45,950.50,47855,47858,903
0.00,-10.32,0.35,-0.08,1.66,0.11,29.18,26.18,20.92,950.41,47897,47900,892
-0.63,-9.77,-0.78,-0.08,1.60,0.09,29.18,26.18,20.92,950.50,47938,47942,878
-0.04,-9.65,-0.47,-0.02,1.88,0.09,28.82,26.18,23.88,950.47,47980,47983,864
-0.04,-9.30,0.75,0.19,1.84,0.07,28.82,26.18,23.88,950.40,48022,48025,852
-0.24,-10.08,0.20,0.12,1.71,0.21,28.00,26.27,27.14,950.39,48063,48066,838
-0.55,-10.59,2.55,0.30,1.88,0.11,27.36,26.09,29.90,950.37,48105,48108,830
-0.71,-10.00,0.31,0.30,1.18,0.18,27.36,26.09,29.90,950.34,48147,48150,822
-0.51,-9.69,-0.71,0.02,1.13,0.04,26.64,26.09,31.33,950.34,48187,48191,815
-0.59,-9.61,0.55,-0.05,0.89,0.01,25.73,26.00,32.86,950.31,48229,48233,810
-0.98,-9.53,-0.86,-0.28,0.98,-0.06,25.73,26.00,32.86,950.31,48270,48273,802
-1.22,-6.75,-3.80,-0.34,1.14,0.01,24.64,25.91,35.20,950.28,48312,48315,791
-0.43,-10.28,-1.10,-0.01,1.51,0.14,24.64,25.91,35.20,950.33,48353,48357,786
-0.04,-9.65,-0.24,0.00,0.75,0.03,23.36,26.18,37.04,950.31,48395,48398,781
-0.43,-10.08,0.20,0.02,0.69,0.03,22.45,25.73,37.96,950.22,48437,48440,774
-0.27,-9.45,0.31,0.11,1.14,0.04,22.45,25.73,37.96,950.29,48478,48481,764
-0.24,-9.89,-0.39,-0.10,1.35,0.06,20.91,25.82,39.18,950.31,48520,48523,754
0.08,-9.45,0.00,0.05,1.65,0.09,20.91,25.82,39.18,950.31,48561,48564,742
-0.51,-10.04,-0.39,0.24,1.70,0.14,19.09,26.09,41.22,950.22,48603,48606,726
-0.63,-9.77,-0.31,-0.07,2.08,0.10,16.82,26.00,43.06,950.25,48645,48648,711
-0.24,-9.85,-0.12,0.01,2.04,0.10,16.82,26.00,43.06,950.25,48686,48689,699
-0.39,-9.85,-0.47,0.01,1.62,0.09,13.64,25.82,44.90,950.31,48728,48731,686
-0.39,-9.85,-0.63,-0.18,1.66,0.10,10.91,25.82,46.22,950.36,48769,48772,670
-0.59,-9.92,-0.75,0.09,2.31,0.12,10.91,25.82,46.22,950.30,48811,48814,651
-0.35,-9.96,-0.67,-0.07,2.33,0.15,6.64,25.82,47.24,950.42,48853,48856,633
-0.31,-9.96,-0.86,0.16,2.43,0.19,6.64,25.82,47.24,950.43,48894,48897,612
-0.31,-9.61,-0.16,-0.04,2.80,0.17,2.73,25.82,47.76,950.35,48936,48939,588
-0.78,-9.41,-0.86,0.07,3.09,0.15,-2.27,26.00,47.35,950.51,48977,48980,565
-0.55,-10.00,-0.67,0.03,3.11,0.16,-2.27,26.00,47.35,950.51,49019,49022,543
-0.04,-9.77,-0.43,0.08,2.80,0.12,-7.73,25.91,45.71,950.51,49060,49063,525
0.00,-9.69,-1.41,0.07,2.25,0.13,-11.73,26.45,43.67,950.64,49102,49105,503
-0.04,-10.16,-1.06,0.35,3.10,0.19,-11.73,26.45,43.67,950.64,49143,49147,477
-0.16,-10.08,0.12,0.09,3.43,0.12,-16.09,26.82,39.39,950.54,49185,49188,450
-0.55,-12.67,0.27,0.08,3.49,0.22,-16.09,26.82,39.39,950.59,49227,49230,424
-0.08,-9.96,-0.20,-0.05,3.35,0.23,-19.55,26.91,34.49,950.65,49268,49271,403
-0.27,-9.53,0.43,-0.05,2.81,0.22,-21.73,27.09,29.49,950.72,49310,49313,380
-0.35,-9.49,-0.59,0.05,3.27,0.17,-21.73,27.09,29.49,950.70,49352,49355,358
-0.20,-9.53,-0.55,0.02,2.87,0.22,-22.82,27.45,24.18,950.66,49393,49396,341
-0.04,-10.00,-0.90,-0.02,2.40,0.24,-22.45,27.55,19.59,950.76,49435,49438,330
0.04,-9.65,-0.55,0.02,1.37,0.09,-22.45,27.55,19.59,950.73,49476,49479,325
-0.08,-9.81,-0.51,-0.01,0.97,0.06,-22.09,27.73,17.45,950.73,49518,49521,318
-0.08,-9.85,-0.86,0.02,0.91,0.06,-22.09,27.73,17.45,950.75,49559,49562,312
0.08,-9.92,-0.55,0.02,0.90,0.02,-21.64,28.00,15.71,950.65,49601,49604,308
0.39,-11.34,-1.92,0.04,0.47,-0.03,-21.73,27.64,14.39,950.70,49643,49646,308
-0.16,-10.87,-0.98,-0.09,0.04,-0.06,-21.73,27.64,14.39,950.72,49684,49687,306
-0.24,-10.90,-0.63,-0.14,0.40,-0.09,-22.00,27.73,14.49,950.66,49726,49729,305
0.08,-9.53,0.00,-0.14,0.21,0.00,-22.00,27.73,14.49,950.67,49766,49770,305
0.20,-10.00,-1.10,-0.08,0.04,-0.12,-21.55,27.91,14.49,950.69,49808,49812,306
0.51,-9.69,-0.94,0.11,-0.25,-0.02,-21.82,27.64,14.80,950.75,49850,49854,308
0.08,-9.89,-1.41,0.45,-0.18,0.08,-21.82,27.64,14.80,950.76,49891,49894,310
0.24,-10.43,-1.18,0.04,-0.32,-0.04,-21.91,27.55,14.49,950.68,49933,49936,313
0.43,-9.61,-0.35,-0.04,-0.36,-0.06,-22.09,27.55,14.90,950.73,49974,49977,316
0.20,-9.57,-1.10,-0.03,-0.24,-0.08,-22.09,27.55,14.90,950.71,50016,50019,317
0.31,-9.45,-0.16,0.05,-0.20,-0.07,-22.27,27.55,15.61,950.70,50058,50061,321
0.12,-10.87,-1.18,-0.04,-0.56,-0.03,-22.27,27.55,15.61,950.73,50099,50102,325
-1.33,-10.00,4.12,-0.08,-0.40,-0.02,-22.36,27.36,16.63,950.71,50141,50144,327
0.31,-11.41,0.31,-0.07,-0.15,-0.03,-22.27,27.36,17.35,950.74,50182,50186,328
0.08,-8.55,0.31,-0.05,-0.14,-0.08,-22.27,27.36,17.35,950.79,50224,50227,328
0.43,-10.55,-1.61,0.02,-0.02,-0.09,-22.64,27.27,17.55,950.69,50266,50269,328
0.35,-9.34,-0.55,-0.03,0.02,-0.05,-23.27,27.45,17.65,950.79,50307,50310,328
0.27,-10.08,-1.06,0.02,0.09,0.03,-23.27,27.45,17.65,950.71,50349,50352,326
0.27,-9.61,-0.63,0.01,0.36,0.09,-22.91,27.09,17.35,950.77,50390,50393,322
0.08,-9.92,-0.82,0.04,0.66,0.10,-22.91,27.09,17.35,950.73,50432,50435,318
0.16,-9.77,-0.35,-0.01,0.71,0.01,-22.36,27.45,16.43,950.71,50474,50477,316
0.35,-9.69,-0.55,0.01,0.22,0.00,-22.18,27.55,15.51,950.72,50515,50518,316
0.08,-9.73,-0.59,0.00,0.06,-0.02,-22.18,27.55,15.51,950.70,50557,50560,316
0.43,-9.89,-0.47,-0.10,0.01,-0.10,-22.27,27.36,15.10,950.78,50598,50601,318
0.39,-9.73,-0.78,-0.09,-0.35,-0.08,-22.27,27.45,15.92,950.76,50640,50643,321
0.31,-10.59,-2.04,-0.01,-0.43,-0.04,-22.64,27.45,15.92,950.81,50681,50685,322
0.16,-9.69,-0.67,0.04,-0.09,0.05,-22.55,27.00,16.63,950.75,50723,50726,322
0.20,-10.00,-0.94,-0.03,0.08,0.04,-22.55,27.00,16.63,950.69,50765,50768,321
0.12,-9.85,-0.82,-0.02,0.20,0.03,-22.45,27.09,16.63,950.78,50806,50809,319
0.20,-9.89,-0.59,-0.01,0.32,0.03,-22.45,27.36,16.12,950.70,50848,50851,318
0.31,-9.69,0.08,-0.01,0.29,-0.04,-22.45,27.36,16.12,950.69,50889,50892,317
0.35,-9.89,-1.45,-0.04,0.09,-0.01,-22.09,27.36,15.61,950.72,50931,50934,316
0.24,-9.73,-0.59,-0.01,0.21,-0.02,-22.09,27.36,15.61,950.78,50973,50976,315
0.24,-10.32,-0.63,0.02,0.15,0.02,-22.27,27.55,15.51,950.76,51014,51017,314
0.20,-9.77,-0.63,-0.02,0.40,0.03,-21.91,27.36,15.20,950.74,51056,51059,306
-1.18,-8.43,-1.06,-0.05,1.16,-0.01,-21.91,27.36,15.20,950.72,51097,51100,289
0.78,-8.47,-1.65,0.01,2.72,0.10,-21.55,27.27,13.16,950.89,51139,51142,274
0.00,-10.43,-0.82,0.02,2.00,0.12,-19.82,27.36,9.18,950.79,51180,51184,265
-0.78,-6.71,0.59,0.03,1.43,0.06,-19.82,27.36,9.18,950.74,51222,51225,250
0.16,-7.41,-3.65,0.05,2.47,0.14,-18.45,27.45,6.53,950.73,51264,51267,231
1.14,-11.30,-0.75,0.02,3.24,0.24,-18.45,27.45,6.53,950.84,51305,51308,209
-0.04,-9.96,-1.18,-0.04,3.41,0.17,-14.45,27.73,2.35,950.77,51347,51350,185
-0.51,-8.51,-0.71,-0.21,3.53,0.10,-9.55,27.91,-1.53,950.72,51387,51391,162
0.55,-10.08,-1.10,-0.08,3.16,0.12,-9.55,27.91,-1.53,950.81,51429,51433,144
0.39,-9.85,-0.35,0.20,2.29,0.11,-4.55,27.91,-3.57,950.74,51470,51473,131
0.67,-9.69,-0.71,0.20,1.68,0.12,-1.36,27.64,-5.20,950.79,51512,51515,120
0.55,-10.32,0.43,0.03,1.65,0.09,-1.36,27.64,-5.20,950.68,51553,51556,104
0.20,-9.92,-0.27,0.01,2.34,0.19,2.09,27.55,-5.71,950.69,51595,51598,85
0.55,-9.77,-0.67,0.06,2.64,0.16,2.09,27.55,-5.71,950.75,51636,51639,63
3.18,-12.40,-1.88,0.02,2.83,0.16,6.91,27.36,-5.71,950.80,51678,51681,42
0.39,-9.77,-0.51,-0.04,2.70,0.15,11.55,27.36,-4.39,950.70,51719,51722,21
0.35,-10.12,-0.63,0.04,2.73,0.16,11.55,27.36,-4.39,950.72,51761,51764,0
1.29,-13.53,-4.24,0.09,2.74,0.18,16.09,27.18,-2.45,950.71,51802,51805,0
0.43,-9.41,0.39,-0.05,2.36,0.10,16.09,27.18,-2.45,950.69,51844,51847,36
0.43,-10.47,-2.43,-0.11,2.50,0.07,19.73,26.91,-0.20,950.74,51885,51888,1023
0.98,-10.20,0.31,0.04,2.28,0.16,22.91,26.91,2.96,950.62,51927,51930,1022
0.04,-9.96,-0.35,-0.02,1.65,0.10,22.91,26.91,2.96,950.62,51968,51971,1006
-0.39,-9.38,-0.27,-0.02,2.16,0.11,24.82,26.73,5.41,950.66,52010,52013,991
0.00,-10.75,-0.43,-0.01,1.67,0.07,26.91,26.73,8.67,950.67,52051,52054,982
0.24,-10.32,-0.86,-0.13,1.21,-0.06,26.91,26.73,8.67,950.65,52093,52096,972
0.04,-9.73,0.12,0.03,1.20,0.08,27.36,26.45,11.02,950.62,52135,52138,964
0.12,-9.85,0.04,-0.04,1.11,0.03,27.36,26.45,11.02,950.66,52176,52179,954
0.16,-9.85,0.04,0.04,1.34,0.12,28.18,26.45,12.76,950.53,52218,52221,944
-0.12,-10.00,-0.12,0.04,1.35,0.08,28.73,26.55,14.90,950.67,52259,52262,931
-0.59,-9.22,-0.27,-0.06,1.78,0.05,28.73,26.55,14.90,950.63,52301,52304,916
0.12,-9.81,0.20,0.04,2.09,0.11,29.09,26.36,18.06,950.63,52342,52345,908
-0.20,-9.77,0.16,-0.03,0.92,0.06,29.09,26.45,20.61,950.54,52384,52387,898
-0.12,-9.81,-0.55,-0.07,1.44,0.04,29.09,26.45,20.61,950.57,52426,52429,886
-0.04,-9.92,-0.67,0.04,1.49,0.13,28.82,26.45,23.16,950.52,52467,52470,878
-0.63,-9.38,0.24,-0.04,1.19,0.03,28.82,26.45,23.16,950.62,52509,52512,867
-0.08,-9.73,-0.55,-0.01,1.47,0.08,28.36,25.91,25.41,950.66,52550,52553,858
0.04,-10.04,0.24,-0.01,1.07,0.05,28.00,26.18,28.06,950.52,52592,52595,856
-0.08,-9.96,-0.55,-0.04,0.14,-0.02,28.00,26.18,28.06,950.55,52633,52636,856
-0.51,-9.34,0.04,-0.09,0.18,-0.03,27.91,25.91,28.47,950.53,52675,52678,852
-0.04,-9.73,-0.51,-0.09,0.53,-0.00,27.91,25.91,28.47,950.55,52717,52720,849
0.00,-9.77,-0.04,-0.10,0.47,-0.01,27.45,26.18,29.49,950.58,52758,52761,849
0.00,-9.85,-0.24,-0.04,0.05,-0.02,27.45,25.91,30.10,950.58,52800,52803,849
-0.24,-9.96,-0.31,0.00,0.04,0.01,27.45,25.91,30.10,950.50,52841,52844,849
-0.08,-9.77,-0.35,0.01,0.05,-0.04,27.18,26.00,29.69,950.59,52883,52886,849
-0.12,-9.81,-0.27,0.00,0.04,-0.04,27.36,26.09,30.00,950.66,52923,52927,849
-0.04,-9.89,-0.20,-0.02,0.04,-0.04,27.36,26.09,30.00,950.50,52965,52969,849
-0.12,-9.81,-0.31,0.00,0.04,-0.02,27.00,26.18,29.69,950.55,53007,53011,849
-0.04,-9.77,-0.27,0.00,0.04,0.01,27.00,26.18,29.69,950.48,53048,53051,849
0.00,-9.89,-0.31,-0.02,0.05,-0.01,27.27,25.82,29.69,950.50,53090,53093,848
-0.04,-9.81,-0.27,-0.04,0.05,-0.03,27.18,26.00,29.80,950.56,53131,53134,848
-0.16,-9.81,-0.31,-0.03,0.05,-0.01,27.18,26.00,29.80,950.44,53173,53176,848
-0.04,-9.85,-0.47,-0.01,0.05,-0.00,27.27,26.00,29.80,950.61,53214,53217,849
0.00,-9.81,-0.16,0.01,0.05,-0.00,27.36,26.18,29.69,950.56,53256,53259,849
