-0.51,-0.71,-9.85,-2.76,1.80,0.25,34.64,-6.73,85.00,950.40,37,40,514
-0.43,-0.31,-9.96,-0.46,0.27,0.28,34.64,-7.00,84.90,950.41,79,82,514
-0.31,-0.59,-9.69,0.01,0.02,-0.03,34.64,-7.00,84.90,950.41,120,123,514
-0.47,-0.51,-9.65,-0.07,0.02,-0.01,34.36,-6.82,85.20,950.38,161,164,514
-0.35,-0.39,-9.73,-0.08,0.03,-0.00,34.73,-7.18,85.00,950.44,203,206,514
-0.43,-0.24,-9.73,-0.08,0.02,-0.00,34.73,-7.18,85.00,950.40,244,247,514
-0.51,-0.35,-9.81,-0.06,0.03,-0.01,34.91,-7.36,85.41,950.51,285,288,514
-0.47,-0.31,-9.77,-0.02,0.06,-0.03,34.73,-7.36,85.20,950.43,327,330,514
-0.39,-0.31,-9.96,-0.02,0.05,-0.01,34.73,-7.36,85.20,950.48,368,371,514
-0.43,0.31,-9.85,-0.06,0.06,-0.02,34.73,-7.55,85.20,950.44,409,412,515
-0.27,-1.49,-10.83,-0.06,0.06,-0.15,34.73,-7.55,85.20,950.46,451,454,516
-0.63,0.24,-9.10,-0.11,0.01,-0.07,34.64,-7.09,85.00,950.45,492,495,517
-0.43,-0.86,-9.85,-0.10,0.04,-0.11,34.64,-7.09,85.10,950.45,533,536,517
-0.27,-0.27,-9.69,-0.06,0.05,-0.12,34.64,-7.09,85.10,950.44,575,578,519
-0.39,-0.04,-9.96,-0.05,0.04,-0.21,34.82,-6.91,85.31,950.38,616,619,521
-0.47,-0.20,-9.89,-0.04,0.03,-0.27,34.82,-6.91,85.31,950.39,656,660,523
-0.35,-0.20,-9.92,-0.03,0.04,-0.37,34.64,-6.55,84.90,950.39,698,702,527
-0.31,-0.47,-9.53,-0.04,0.03,-0.51,34.55,-5.82,85.00,950.42,739,742,531
-0.51,-0.27,-9.81,-0.01,0.04,-0.52,34.55,-5.82,85.00,950.42,780,783,535
-0.39,-0.43,-9.85,-0.04,0.01,-0.66,34.91,-4.82,85.10,950.44,822,825,539
-0.31,-0.63,-9.69,-0.03,0.06,-0.60,34.45,-3.45,85.31,950.47,863,866,543
-0.78,-0.39,-9.96,-0.06,0.03,-0.52,34.45,-3.45,85.31,950.36,904,907,545
-0.59,-0.39,-10.16,-0.05,0.03,-0.41,34.36,-2.55,85.31,950.40,946,949,548
-0.35,-0.08,-10.00,-0.04,0.03,-0.38,34.36,-2.55,85.31,950.46,987,990,551
-0.35,-0.39,-9.96,-0.04,0.05,-0.39,33.91,-1.64,85.20,950.42,1029,1032,555
-0.47,-0.20,-9.81,-0.06,0.02,-0.55,33.91,-0.82,85.00,950.49,1070,1073,559
-0.39,-0.16,-10.00,-0.04,0.05,-0.55,33.91,-0.82,85.00,950.45,1111,1115,563
-0.47,-0.51,-9.85,-0.05,0.03,-0.66,33.64,0.00,85.00,950.39,1153,1156,568
-0.55,-0.35,-9.81,-0.05,0.05,-0.66,33.64,0.00,85.00,950.40,1194,1197,573
-0.31,-0.39,-9.85,-0.04,0.04,-0.70,33.27,1.73,85.20,950.42,1236,1239,578
-0.35,-0.51,-9.77,-0.03,0.07,-0.82,32.64,2.91,85.10,950.41,1277,1280,584
-0.27,-0.35,-9.73,-0.05,0.04,-0.75,32.64,2.91,85.10,950.44,1319,1322,589
-0.35,-0.24,-9.96,-0.04,0.03,-0.82,31.73,4.27,84.90,950.39,1360,1363,595
-0.24,-0.35,-9.85,-0.03,0.06,-0.75,31.00,5.73,85.20,950.36,1401,1404,600
-0.39,-0.16,-9.73,-0.06,0.02,-0.79,31.00,5.73,85.20,950.34,1443,1446,605
-0.27,-0.31,-9.89,-0.03,0.07,-0.68,30.18,7.36,85.10,950.37,1484,1487,611
-0.35,-0.35,-9.89,-0.04,0.02,-0.84,30.18,7.36,85.10,950.38,1526,1529,619
-0.47,-0.31,-9.89,-0.05,0.03,-0.98,29.18,8.73,85.31,950.37,1567,1570,624
-0.35,-0.35,-9.69,-0.04,0.06,-0.75,28.18,10.09,85.10,950.45,1609,1612,630
-0.35,-0.47,-9.85,-0.04,0.02,-0.89,28.18,10.09,85.10,950.36,1650,1653,637
-0.12,-0.67,-9.69,-0.02,0.06,-0.90,27.00,11.18,85.20,950.44,1692,1695,643
-0.24,-0.31,-9.96,-0.06,0.03,-0.87,0.00,0.00,0.00,950.44,1732,1735,649
-0.27,-0.20,-10.08,-0.01,0.07,-0.70,25.82,12.82,85.41,950.40,1773,1776,653
-0.16,-0.31,-9.81,-0.01,0.04,-0.67,24.64,13.91,85.41,950.36,1815,1818,657
-0.20,-0.39,-9.92,-0.02,0.04,-0.68,24.64,13.91,85.41,950.33,1856,1859,663
-0.20,-0.39,-9.92,-0.03,0.04,-0.72,23.64,15.09,85.61,950.38,1898,1901,667
-0.16,-0.31,-9.77,-0.05,0.02,-0.81,22.55,15.91,85.61,950.40,1939,1942,675
-0.20,-0.51,-9.77,-0.06,0.02,-0.93,22.55,15.91,85.61,950.41,1980,1984,681
0.04,-0.31,-10.24,-0.04,0.05,-0.88,21.09,17.09,85.61,950.45,2021,2025,686
-0.31,-0.08,-9.77,-0.02,0.04,-0.76,21.09,17.09,85.61,950.51,2063,2067,690
-0.04,-0.47,-9.81,-0.03,0.06,-0.39,19.45,17.64,85.71,950.32,2104,2107,693
-0.20,-0.27,-9.85,-0.04,0.03,-0.47,18.73,18.45,85.82,950.47,2146,2149,695
-0.16,-0.39,-10.00,-0.03,0.04,-0.35,18.73,18.45,85.82,950.46,2187,2190,696
0.00,-0.59,-9.81,-0.03,0.04,-0.12,18.36,18.91,85.61,950.39,2229,2232,699
-0.24,-0.24,-9.96,-0.03,0.01,-0.41,17.91,19.00,85.61,950.43,2270,2273,702
-0.20,-0.31,-9.92,-0.02,0.06,-0.33,17.91,19.00,85.61,950.46,2312,2315,704
-0.31,-0.20,-9.92,-0.03,0.03,-0.43,17.00,19.18,85.92,950.49,2353,2356,707
-0.12,-0.63,-10.40,-0.02,0.05,-0.46,17.00,19.18,85.92,950.40,2395,2398,711
-0.16,-0.12,-9.92,-0.04,0.04,-0.48,16.36,19.73,85.61,950.33,2436,2439,713
-0.08,-0.31,-9.65,-0.02,0.04,-0.27,15.64,20.00,86.22,950.39,2478,2481,715
-0.16,-0.39,-9.57,-0.03,0.04,-0.39,15.64,20.00,86.22,950.44,2519,2522,718
0.04,-0.43,-10.00,-0.03,0.04,-0.35,15.00,20.18,86.12,950.39,2561,2564,720
-0.35,-0.51,-9.85,-0.04,0.02,-0.34,15.00,20.18,86.12,950.40,2602,2605,723
-0.24,-0.43,-9.81,-0.04,0.01,-0.39,14.27,20.36,86.02,950.40,2644,2647,727
0.04,0.35,-9.96,-0.08,-0.01,-0.64,13.64,20.64,86.12,950.43,2685,2688,730
0.08,-0.04,-9.57,-0.02,0.06,-0.38,13.64,20.64,86.12,950.47,2727,2730,733
0.00,-0.20,-9.53,-0.03,0.04,-0.39,12.82,20.73,86.43,950.42,2768,2771,737
-0.24,-0.31,-9.92,-0.01,0.06,-0.52,11.73,20.91,86.33,950.35,2810,2813,739
-0.08,-0.39,-9.85,-0.03,0.06,-0.46,11.73,20.91,86.33,950.32,2851,2854,742
0.27,-0.16,-9.85,-0.03,0.05,-0.30,10.91,21.27,86.53,950.45,2893,2896,744
0.12,-0.39,-9.73,-0.04,0.04,-0.33,10.91,21.27,86.53,950.40,2934,2937,746
-0.39,0.08,-10.04,-0.04,0.05,-0.26,10.18,21.64,86.53,950.37,2976,2979,749
-0.27,-0.20,-9.96,-0.01,0.04,-0.43,9.55,21.64,86.43,950.42,3017,3020,752
-0.24,-0.35,-9.92,-0.01,0.05,-0.43,9.55,21.64,86.43,950.41,3058,3061,756
-0.08,-0.51,-10.04,-0.03,0.04,-0.50,8.82,22.00,86.33,950.35,3100,3103,759
-0.20,-0.55,-9.73,-0.05,0.03,-0.57,7.91,22.18,86.33,950.40,3141,3144,763
-0.67,-0.16,-9.96,-0.06,-0.01,-0.48,7.91,22.18,86.33,950.41,3183,3186,765
0.31,-0.71,-9.85,-0.05,0.00,-0.40,6.82,22.09,86.53,950.42,3224,3227,768
-0.31,-0.12,-9.45,-0.05,0.05,-0.45,6.82,22.09,86.53,950.34,3266,3269,770
-0.24,-0.12,-9.92,-0.01,0.10,-0.09,6.09,22.18,86.73,950.48,3307,3310,771
-0.27,0.24,-10.16,0.03,0.02,-0.40,5.91,22.09,86.73,950.39,3349,3352,774
-0.51,-0.08,-10.32,-0.05,0.08,-0.40,5.91,22.09,86.73,950.33,3390,3393,776
0.08,-0.78,-9.96,-0.01,0.10,-0.28,4.55,22.64,86.53,950.37,3430,3434,779
-0.04,0.12,-10.04,-0.06,0.02,-0.49,4.55,22.64,86.53,950.38,3472,3476,781
-0.04,0.78,-9.81,-0.04,0.06,-0.26,3.64,22.55,86.73,950.41,3513,3516,782
-0.20,-0.39,-10.36,-0.03,0.04,-0.13,3.36,22.36,86.43,950.39,3555,3558,783
0.08,-0.04,-9.81,-0.05,0.04,-0.11,3.36,22.36,86.43,950.36,3596,3599,784
0.00,-0.27,-9.85,-0.03,0.04,-0.21,2.82,22.55,86.73,950.34,3638,3641,785
-0.08,-0.35,-9.77,-0.03,0.04,-0.10,2.73,22.73,86.63,950.36,3679,3682,786
-0.24,-0.51,-10.12,-0.04,0.01,-0.36,2.73,22.73,86.63,950.36,3720,3724,788
-0.04,-0.71,-9.73,-0.04,0.06,-0.09,2.27,22.55,86.73,950.40,3762,3765,788
-0.08,-0.04,-9.89,-0.03,0.05,-0.01,2.27,22.55,86.73,950.37,3803,3806,788
-0.08,-0.04,-9.81,-0.02,0.03,-0.01,1.91,22.45,86.63,950.35,3845,3848,787
-0.08,-0.24,-10.00,-0.02,0.02,-0.01,2.27,22.36,86.73,950.39,3886,3889,788
0.00,-0.16,-9.81,-0.03,-0.01,-0.01,2.27,22.36,86.73,950.45,3928,3931,788
-0.27,-0.27,-9.69,-0.02,-0.01,-0.01,2.64,22.55,86.33,950.50,3969,3972,788
-0.35,-0.35,-9.96,-0.02,0.01,-0.01,2.64,22.55,86.33,950.48,4010,4013,788
-0.12,-0.08,-9.92,-0.02,-0.01,-0.02,2.82,22.36,86.53,950.49,4052,4055,788
-0.20,-0.04,-9.85,-0.00,-0.04,-0.01,2.91,22.55,86.94,950.47,4093,4096,788
-0.20,-0.16,-9.77,-0.03,0.00,-0.02,2.91,22.55,86.94,950.41,4135,4138,788
-0.39,-0.39,-9.77,-0.07,-0.02,-0.00,3.18,22.45,86.63,950.39,4176,4179,788
-0.59,0.20,-9.22,-0.04,-0.02,-0.02,3.36,22.45,86.73,950.45,4218,4221,788
-0.51,-0.04,-9.77,0.00,-0.00,-0.02,3.36,22.45,86.73,950.42,4259,4262,788
-0.39,-0.12,-9.89,-0.02,0.04,-0.02,3.64,22.55,86.94,950.37,4300,4303,788
-0.39,-0.16,-10.04,-0.04,0.01,-0.04,3.64,22.55,86.94,950.47,4342,4345,789
-0.59,-0.04,-9.92,-0.03,0.02,-0.10,3.64,22.36,87.04,950.34,4383,4386,789
-0.27,-0.47,-9.77,-0.06,0.05,-0.01,3.73,22.45,86.84,950.37,4425,4428,789
-0.47,-0.35,-9.73,-0.02,0.05,-0.05,3.73,22.45,86.84,950.44,4466,4469,789
-0.43,-0.24,-9.96,-0.03,0.07,-0.01,3.55,22.45,86.84,950.44,4508,4511,789
-0.35,-0.20,-9.85,-0.03,0.06,-0.04,3.27,22.27,86.63,950.42,4549,4552,789
-0.27,-0.12,-9.85,0.00,0.05,-0.02,3.27,22.27,86.63,950.50,4591,4593,790
-0.24,-0.24,-10.04,0.01,0.08,-0.12,3.55,22.27,86.84,950.54,4632,4635,791
-0.47,-0.12,-9.92,-0.04,0.07,-0.09,3.55,22.27,86.84,950.44,4673,4676,791
-0.31,-0.12,-9.96,-0.03,0.02,-0.06,2.82,22.45,86.63,950.50,4715,4718,791
-0.67,-0.39,-10.16,-0.02,0.01,-0.02,3.18,22.55,86.84,950.38,4756,4759,791
-0.55,-0.16,-10.12,-0.02,0.10,-0.01,3.18,22.55,86.84,950.46,4798,4801,791
-0.31,-0.08,-9.96,-0.03,0.14,-0.02,3.00,22.45,86.94,950.42,4838,4842,791
-0.16,-0.20,-9.61,-0.01,0.15,-0.02,3.00,22.45,86.94,950.48,4880,4884,791
-0.39,-0.43,-9.73,-0.01,0.06,-0.04,2.73,22.45,86.84,950.37,4921,4924,791
-0.27,-0.24,-9.57,-0.05,0.09,-0.05,2.36,22.55,86.73,950.44,4963,4965,792
-0.16,-0.08,-9.92,-0.04,0.07,-0.02,2.36,22.55,86.73,950.43,5004,5007,791
-0.16,-0.08,-9.92,-0.03,0.05,-0.03,2.55,22.36,87.14,950.49,5045,5048,791
-0.12,-0.16,-9.89,-0.02,0.07,-0.01,2.18,22.55,86.63,950.36,5087,5090,791
-0.16,-0.12,-9.92,-0.03,0.05,-0.02,2.18,22.55,86.63,950.39,5128,5131,791
-0.20,-0.27,-9.73,-0.02,0.03,-0.01,1.91,22.55,87.14,950.41,5170,5173,791
-0.12,-0.31,-9.85,-0.02,0.03,-0.02,1.91,22.55,87.14,950.46,5211,5214,791
-0.31,-0.16,-9.77,-0.02,0.02,-0.00,2.09,22.55,87.04,950.49,5252,5255,791
-0.20,-0.24,-9.73,-0.02,0.03,-0.01,2.55,22.36,86.94,950.39,5294,5297,791
-0.27,-0.20,-9.73,-0.05,0.07,-0.02,2.55,22.36,86.94,950.42,5335,5338,791
-0.20,-0.12,-9.85,-0.02,0.04,-0.01,2.36,22.36,87.14,950.46,5377,5380,791
-0.31,-0.20,-9.92,-0.03,0.06,-0.01,2.36,22.36,87.14,950.44,5418,5421,791
-0.27,-0.12,-9.85,-0.02,0.03,-0.02,2.27,22.36,86.73,950.42,5460,5463,791
-0.20,-0.04,-9.89,-0.01,0.09,-0.00,2.27,22.27,87.04,950.41,5501,5504,791
-0.24,-0.16,-9.85,-0.01,0.10,-0.01,2.27,22.27,87.04,950.33,5542,5545,791
-0.12,-0.31,-9.73,-0.01,0.09,-0.02,2.18,22.45,86.84,950.39,5584,5587,792
-0.12,-0.27,-9.85,-0.03,0.03,-0.02,2.00,22.36,86.84,950.42,5625,5628,791
-0.12,-0.12,-9.89,0.00,0.05,-0.01,2.00,22.36,86.84,950.41,5667,5670,791
-0.24,-0.27,-9.77,-0.03,0.04,-0.02,2.00,22.18,86.94,950.46,5708,5711,792
-0.16,-0.16,-9.92,-0.02,0.05,-0.01,2.00,22.18,86.94,950.31,5750,5753,791
-0.27,-0.24,-9.85,-0.01,0.07,-0.01,2.09,22.27,86.63,950.41,5791,5794,791
-0.04,-0.12,-9.77,-0.01,0.09,-0.02,1.91,22.64,87.04,950.42,5832,5835,792
0.00,-0.12,-9.89,-0.01,0.04,-0.03,1.91,22.64,87.04,950.41,5874,5877,792
-0.20,-0.12,-9.89,0.00,0.01,-0.05,1.73,22.27,87.24,950.45,5915,5918,792
-0.16,-0.20,-9.65,-0.02,0.03,-0.03,2.09,22.55,87.04,950.41,5957,5960,792
-0.20,-0.35,-9.85,-0.02,0.04,-0.01,2.09,22.55,87.04,950.44,5998,6001,792
-0.20,-0.16,-9.85,-0.04,0.06,-0.03,1.91,22.18,87.04,950.37,6039,6042,792
-0.04,-0.24,-9.92,-0.03,0.08,-0.02,1.91,22.18,87.04,950.34,6081,6084,792
-0.08,-0.20,-9.77,-0.02,0.06,-0.03,1.91,22.36,87.14,950.39,6122,6125,792
-0.27,-0.08,-9.69,-0.01,0.04,-0.03,1.73,22.73,87.14,950.40,6164,6167,792
-0.16,-0.12,-9.85,-0.04,0.03,-0.02,1.73,22.73,87.14,950.44,6204,6208,792
-0.20,-0.16,-9.57,-0.04,-0.00,-0.01,1.91,22.09,86.94,950.44,6246,6250,793
-0.27,-0.20,-9.73,-0.03,0.02,-0.02,1.91,22.09,86.94,950.47,6287,6291,793
-0.24,-0.08,-9.73,-0.03,0.07,-0.03,1.91,22.36,87.24,950.45,6328,6331,793
-0.08,-0.16,-9.89,-0.01,0.07,-0.05,1.82,22.36,87.24,950.46,6370,6373,793
-0.20,-0.24,-9.92,0.00,0.00,-0.04,1.82,22.36,87.24,950.42,6411,6414,793
-0.12,-0.24,-9.85,-0.02,0.01,-0.00,1.91,22.18,87.14,950.40,6453,6456,793
-0.24,-0.20,-10.00,-0.01,-0.03,-0.00,2.36,22.45,87.14,950.43,6494,6497,793
-0.24,-0.24,-9.92,-0.00,-0.00,0.01,2.36,22.45,87.14,950.44,6536,6539,793
-0.12,-0.31,-9.77,-0.01,-0.03,0.00,2.36,22.45,87.24,950.49,6577,6580,792
-0.51,-0.04,-9.81,-0.00,-0.08,0.06,2.36,22.45,87.24,950.51,6618,6621,790
-0.43,0.16,-10.00,0.02,0.03,0.31,3.00,22.55,86.73,950.36,6660,6663,785
-0.43,0.08,-9.96,0.01,0.11,0.77,4.18,22.45,87.14,950.43,6701,6704,780
0.20,-0.78,-9.85,0.00,-0.06,0.62,4.18,22.45,87.14,950.37,6743,6746,778
-0.94,-0.67,-9.38,0.00,-0.09,0.26,5.73,22.55,86.53,950.44,6784,6787,775
-1.14,-1.02,-9.69,-0.02,0.03,0.48,5.73,22.55,86.53,950.40,6826,6829,773
-0.55,0.00,-9.81,-0.00,-0.02,0.15,7.00,22.09,86.33,950.47,6867,6870,771
-0.59,-0.24,-9.73,-0.01,0.07,0.40,7.36,22.09,86.84,950.44,6908,6911,768
-0.35,0.08,-10.04,0.01,0.04,0.28,7.36,22.09,86.84,950.42,6950,6953,765
-0.63,0.00,-9.69,-0.00,0.04,0.38,8.55,22.09,86.73,950.41,6991,6994,758
-0.98,-0.39,-9.73,0.05,0.08,1.12,9.64,21.64,86.73,950.40,7033,7036,745
0.55,-1.49,-10.20,0.01,0.24,1.80,9.64,21.64,86.73,950.46,7074,7077,741
1.61,0.12,-10.94,-0.36,-0.19,0.28,12.82,20.82,86.63,950.36,7116,7119,740
-0.63,1.88,-10.28,-0.10,0.02,0.23,12.82,20.82,86.63,950.40,7157,7160,736
-1.69,-0.43,-10.28,0.08,0.07,0.65,13.73,20.55,86.63,950.46,7199,7202,733
-0.71,-0.24,-9.73,0.05,0.05,0.42,14.73,20.00,86.33,950.39,7240,7243,729
-0.75,-0.20,-9.57,0.02,0.06,0.53,14.73,20.00,86.33,950.46,7282,7285,725
-1.10,0.71,-9.14,0.00,0.07,0.52,15.82,19.82,86.33,950.46,7323,7326,721
-0.59,0.12,-9.65,-0.00,0.05,0.48,16.73,19.36,86.33,950.42,7365,7368,718
-0.78,0.16,-9.85,0.00,0.05,0.46,16.73,19.36,86.33,950.41,7406,7409,712
-0.08,-1.37,-9.26,0.01,0.05,0.77,17.82,18.45,86.22,950.49,7448,7451,707
-0.67,-0.16,-11.10,0.01,0.07,0.62,17.82,18.45,86.22,950.46,7489,7492,701
-0.55,0.24,-9.06,0.04,0.04,1.03,19.27,18.09,86.12,950.40,7531,7534,691
-0.75,0.63,-10.36,-0.03,0.08,1.21,21.09,16.64,85.92,950.48,7572,7575,687
-0.59,0.00,-9.49,-0.09,0.00,0.36,21.09,16.64,85.92,950.42,7612,7616,685
-0.51,0.90,-9.85,-0.05,0.03,0.52,22.36,15.91,85.82,950.48,7654,7658,678
-0.63,-0.20,-10.20,0.06,0.08,0.94,22.36,15.91,85.82,950.53,7695,7699,673
-0.59,-0.63,-9.61,0.02,0.06,0.74,23.64,14.91,85.82,950.44,7737,7740,667
-0.59,-0.12,-9.73,0.01,0.08,0.77,24.45,14.18,85.71,950.46,7778,7781,661
-0.35,-0.47,-9.53,0.01,0.07,0.91,24.45,14.18,85.71,950.42,7820,7823,655
-0.67,0.04,-9.85,-0.04,0.02,0.65,26.18,13.09,85.92,950.45,7861,7864,650
-0.47,0.16,-9.85,0.03,0.10,0.85,26.82,11.55,85.61,950.45,7903,7906,642
-0.71,0.00,-9.85,0.03,0.07,0.97,26.82,11.55,85.61,950.46,7944,7947,636
-0.63,0.24,-9.81,0.04,0.06,0.87,28.09,10.09,85.51,950.45,7986,7989,628
-0.55,-0.12,-9.81,0.09,0.10,1.08,28.09,10.09,85.51,950.46,8027,8030,620
-0.75,0.08,-9.69,0.06,0.08,1.04,29.45,8.64,85.41,950.52,8069,8072,611
-0.35,-0.16,-9.89,0.14,0.15,1.16,30.27,7.18,85.61,950.44,8110,8113,604
-0.39,-0.04,-9.73,0.09,0.10,0.94,30.27,7.18,85.61,950.44,8151,8154,596
-0.35,-0.43,-9.96,0.11,0.12,1.11,31.18,5.55,85.41,950.46,8193,8196,589
-0.47,-0.31,-9.89,0.09,0.06,0.80,31.18,4.09,85.31,950.39,8234,8237,585
-0.59,0.31,-9.41,0.00,0.07,0.58,31.82,4.09,85.31,950.48,8276,8279,580
-0.71,0.20,-9.85,0.06,0.09,0.76,32.45,3.09,85.41,950.45,8317,8320,573
-0.78,0.16,-10.16,0.05,0.06,0.85,32.45,3.09,85.41,950.43,8359,8362,567
1.41,-11.69,-14.75,0.04,0.05,0.67,33.09,1.45,85.00,950.42,8400,8403,564
-0.63,2.98,-8.16,0.08,0.06,0.55,33.64,0.18,85.31,950.47,8442,8445,559
-0.35,-1.37,-10.51,0.05,0.05,0.60,33.64,0.18,85.31,950.48,8483,8486,554
-0.55,-0.75,-9.30,0.02,0.04,0.67,34.00,-1.09,85.41,950.42,8524,8527,551
-0.43,-0.43,-9.89,-0.01,0.04,0.34,34.00,-1.09,85.41,950.44,8566,8569,548
-0.43,-0.55,-9.77,-0.02,0.05,0.42,34.09,-1.73,85.10,950.40,8607,8610,546
-0.55,-0.31,-9.92,-0.04,0.02,0.17,34.64,-2.55,85.10,950.37,8649,8652,544
-0.59,0.16,-9.92,-0.02,0.04,0.27,34.64,-2.55,85.10,950.36,8690,8693,542
-0.43,-0.31,-9.81,-0.01,0.06,0.35,34.73,-3.00,85.10,950.35,8732,8735,541
-0.51,-0.08,-9.89,-0.04,0.02,0.17,35.00,-3.64,85.20,950.49,8773,8776,539
-0.59,-0.16,-9.77,-0.01,0.05,0.27,35.00,-3.64,85.20,950.44,8814,8817,536
-0.47,-0.39,-9.73,0.01,0.05,0.32,34.91,-4.09,85.20,950.40,8856,8859,534
-0.43,-0.24,-9.81,-0.04,0.05,0.12,34.91,-4.09,85.20,950.32,8897,8900,532
-0.43,-0.31,-9.73,-0.01,0.06,0.31,35.18,-4.73,85.20,950.42,8939,8942,530
-0.35,-0.35,-9.81,-0.01,0.05,0.34,35.00,-5.64,84.80,950.34,8980,8983,529
-0.51,-0.16,-9.77,-0.02,0.03,0.17,35.00,-5.64,84.80,950.36,9022,9025,527
-0.51,-0.20,-9.81,-0.01,0.04,0.24,35.18,-6.09,85.00,950.40,9062,9066,525
-0.51,-0.12,-10.00,-0.02,0.05,0.10,35.18,-6.09,85.00,950.39,9103,9107,524
-0.59,-0.39,-9.77,0.01,0.05,0.16,35.27,-6.27,85.00,950.37,9145,9148,524
-0.43,-0.20,-9.85,-0.03,0.04,0.01,35.55,-6.45,85.51,950.43,9186,9189,524
-0.51,0.00,-9.81,-0.02,0.05,0.02,35.55,-6.45,85.51,950.39,9228,9231,523
-0.47,-0.43,-9.77,-0.01,0.05,0.07,35.36,-6.64,85.10,950.35,9269,9272,523
-0.51,-0.24,-9.77,-0.01,0.04,0.04,35.36,-7.00,84.90,950.37,9311,9314,522
-0.43,-0.24,-9.92,0.02,0.06,0.21,35.36,-7.00,84.90,950.42,9352,9355,520
-0.47,-0.35,-9.81,-0.01,0.04,0.18,35.64,-7.09,84.90,950.44,9394,9397,519
-0.43,-0.24,-9.73,-0.00,0.05,0.06,35.64,-7.09,84.90,950.43,9435,9438,518
-0.55,-0.27,-9.92,-0.02,0.04,0.06,35.64,-7.45,84.90,950.28,9476,9479,517
-0.27,-0.43,-9.89,-0.01,0.05,0.23,35.36,-7.91,85.10,950.43,9518,9521,517
-0.51,-0.16,-9.81,-0.04,0.03,-0.02,35.36,-7.91,85.10,950.36,9559,9562,517
-0.59,-0.31,-10.00,-0.02,0.04,-0.01,35.55,-7.73,85.31,950.33,9601,9604,517
-0.47,-0.31,-9.73,-0.01,0.03,-0.02,35.55,-7.64,84.90,950.39,9642,9645,517
-0.55,-0.24,-9.81,-0.03,0.04,-0.01,35.45,-7.64,84.90,950.40,9684,9687,517
-0.55,-0.12,-9.85,-0.03,0.05,-0.01,35.45,-7.91,85.20,950.37,9725,9728,517
-0.63,-0.16,-9.85,-0.04,0.05,-0.01,35.45,-7.91,85.20,950.41,9766,9769,517
-0.55,-0.16,-9.69,-0.04,0.04,-0.01,35.73,-7.91,84.90,950.34,9808,9811,517
-0.63,-0.16,-9.81,-0.03,0.05,-0.02,35.64,-8.09,85.00,950.37,9849,9852,517
-0.47,-0.27,-9.77,-0.00,0.07,-0.03,35.64,-8.09,85.00,950.38,9891,9894,517
-0.51,-0.27,-9.92,-0.02,0.03,-0.02,35.64,-7.82,85.00,950.35,9932,9935,517
-0.55,-0.20,-9.77,-0.01,0.04,-0.02,35.64,-7.82,85.00,950.32,9974,9977,517
-0.47,-0.39,-9.77,-0.04,0.04,-0.04,35.73,-7.73,85.20,950.28,10015,10018,517
-0.59,-0.20,-9.73,-0.05,0.04,-0.07,35.64,-8.00,85.20,950.32,10057,10060,517
-0.55,-0.20,-9.92,0.05,0.05,-0.02,35.64,-8.00,85.20,950.41,10098,10101,517
-0.51,-0.31,-9.81,-0.03,0.04,-0.01,35.64,-7.91,85.00,950.35,10140,10143,517
-0.31,0.20,-9.49,-0.06,0.06,-0.01,35.55,-8.00,85.00,950.29,10181,10184,517
-0.51,-0.08,-9.89,-0.03,0.05,-0.01,35.55,-8.00,85.00,950.32,10223,10226,517
-0.63,-0.20,-9.89,-0.02,0.04,-0.01,35.82,-8.09,85.10,950.38,10264,10267,517
-0.55,-0.12,-9.92,0.01,0.05,-0.02,35.82,-8.09,85.10,950.47,10306,10309,517
-0.51,-0.20,-9.77,-0.01,0.05,-0.02,35.82,-7.82,84.59,950.40,10347,10350,517
-0.51,-0.39,-9.69,-0.02,0.04,-0.01,35.64,-8.09,85.20,950.42,10389,10392,517
-0.55,-0.31,-9.85,-0.02,0.05,-0.01,35.64,-8.09,85.20,950.35,10430,10433,517
-0.63,-0.27,-9.89,-0.02,0.04,-0.01,35.55,-7.91,85.10,950.36,10472,10475,517
-0.51,-0.20,-9.81,-0.01,0.05,-0.01,35.55,-7.91,85.10,950.42,10512,10516,517
-0.59,-0.16,-9.65,-0.02,0.05,-0.02,35.73,-7.91,84.69,950.40,10554,10558,517
-0.51,-0.12,-9.77,-0.03,0.05,-0.02,35.73,-7.82,85.00,950.45,10595,10598,517
-0.63,-0.04,-9.65,-0.02,0.05,-0.02,35.73,-7.82,85.00,950.45,10637,10640,517
-0.51,-0.08,-9.85,-0.01,0.05,-0.02,35.73,-8.00,85.10,950.47,10678,10681,517
-0.59,0.00,-9.89,-0.02,0.03,-0.01,35.64,-7.91,84.90,950.55,10720,10723,517
-0.59,-0.24,-9.85,-0.00,0.05,-0.01,35.64,-7.91,84.90,950.50,10761,10764,517
-0.51,-0.24,-9.81,-0.03,0.05,-0.01,35.55,-7.82,84.80,950.39,10803,10806,517
-0.55,-0.16,-9.85,-0.03,0.04,-0.01,35.55,-7.82,84.80,950.38,10845,10848,517
-0.63,-0.20,-9.85,-0.01,0.05,-0.01,35.73,-8.00,85.00,950.44,10886,10889,517
-0.47,-0.24,-9.92,-0.01,0.05,-0.01,35.64,-7.91,85.20,950.50,10928,10931,517
-0.59,-0.20,-9.85,-0.03,0.04,-0.02,35.64,-7.91,85.20,950.40,10969,10972,517
-0.55,-0.16,-9.92,-0.00,0.05,-0.02,35.73,-8.00,85.00,950.41,11011,11014,517
-0.43,-0.31,-9.96,-0.02,0.05,-0.01,35.55,-8.00,84.90,950.42,11052,11055,517
-0.47,-0.24,-9.73,-0.05,0.04,-0.02,35.55,-8.00,84.90,950.40,11094,11097,517
-0.51,0.08,-9.73,-0.02,0.05,-0.03,35.82,-7.91,85.20,950.48,11135,11138,517
-0.51,-0.16,-9.69,-0.01,0.04,-0.01,35.82,-7.91,85.20,950.44,11177,11180,517
-0.59,-0.12,-9.85,-0.01,0.05,-0.01,35.82,-8.00,85.10,950.44,11218,11221,517
-0.59,-0.16,-9.89,-0.03,0.04,-0.00,35.64,-7.91,85.00,950.43,11260,11263,517
-0.47,-0.16,-9.89,-0.02,0.05,-0.01,35.64,-7.91,85.00,950.40,11301,11304,517
-0.55,-0.12,-9.85,-0.02,0.04,-0.02,35.64,-8.00,84.90,950.43,11343,11346,517
-0.55,-0.16,-9.65,-0.02,0.04,-0.00,35.64,-8.00,84.90,950.43,11384,11387,517
-0.51,-0.12,-9.77,-0.03,0.05,-0.01,35.55,-7.64,84.90,950.50,11426,11429,517
-0.63,-0.24,-10.08,-0.02,0.06,-0.02,35.64,-8.18,85.00,950.47,11467,11470,517
-0.63,-0.31,-9.89,-0.03,0.04,-0.01,35.64,-8.18,85.00,950.44,11509,11512,517
-0.63,-0.08,-9.73,-0.05,0.04,-0.01,35.73,-8.27,84.90,950.45,11551,11554,517
-0.39,-0.24,-9.81,0.00,0.06,-0.02,35.64,-8.09,84.80,950.48,11592,11595,517
-0.63,-0.24,-9.89,-0.03,0.04,-0.01,35.64,-8.09,84.80,950.39,11634,11637,517
-0.47,-0.12,-9.81,-0.04,0.05,-0.01,35.91,-8.36,84.80,950.39,11675,11678,517
-0.59,-0.16,-9.81,-0.02,0.05,-0.01,35.91,-8.36,84.80,950.44,11717,11720,517
-0.59,-0.04,-9.73,-0.04,0.05,-0.01,35.64,-8.18,84.90,950.49,11758,11761,517
-0.59,-0.16,-9.85,-0.03,0.05,-0.01,35.64,-8.36,85.00,950.50,11800,11803,517
-0.71,-0.08,-9.81,-0.04,0.05,-0.01,35.64,-8.36,85.00,950.49,11841,11844,517
-0.51,-0.16,-9.77,-0.02,0.04,-0.00,35.64,-8.27,84.80,950.48,11883,11886,517
-0.59,-0.24,-9.85,-0.03,0.04,-0.00,35.73,-8.36,84.80,950.48,11924,11927,517
-0.59,-0.08,-9.77,-0.03,0.05,0.02,35.73,-8.36,84.80,950.46,11966,11969,517
-0.59,-0.12,-9.69,-0.03,0.05,0.00,35.73,-8.45,84.90,950.46,12006,12010,517
-0.63,-0.12,-9.89,-0.04,0.05,0.11,35.73,-8.45,84.90,950.42,12048,12052,516
-0.67,-0.04,-9.77,-0.07,0.05,0.11,35.82,-8.91,85.10,950.46,12089,12092,515
-0.71,0.04,-9.81,-0.03,0.06,0.08,35.73,-9.18,85.31,950.57,12131,12134,514
-0.51,0.04,-9.92,-0.00,0.07,0.13,35.73,-9.18,85.31,950.49,12172,12175,512
-0.63,0.39,-10.08,0.04,0.06,0.27,35.64,-9.27,85.10,950.57,12214,12217,508
-0.67,0.35,-9.77,0.26,0.06,0.55,35.64,-9.27,85.10,950.46,12255,12258,502
-0.20,1.06,-9.06,0.18,0.09,0.77,35.55,-9.27,84.80,950.43,12297,12300,501
-0.82,-0.67,-10.79,-0.04,-0.00,0.02,35.36,-10.64,85.00,950.40,12338,12342,501
-0.43,-0.27,-9.41,-0.07,0.07,-0.00,35.36,-10.64,85.00,950.49,12380,12383,500
-0.59,0.08,-9.34,0.01,0.07,0.24,35.73,-10.91,85.20,950.44,12422,12425,494
-0.55,-0.08,-9.81,-0.00,0.03,0.84,35.55,-12.00,85.00,950.45,12463,12466,488
-0.55,-0.39,-9.73,0.03,0.08,0.73,35.55,-12.00,85.00,950.41,12505,12508,483
-0.51,-0.27,-9.92,0.03,0.08,0.76,35.09,-13.55,85.20,950.49,12546,12549,477
-0.71,-0.12,-9.77,-0.05,0.02,0.75,35.09,-13.55,85.20,950.47,12588,12591,470
-0.67,-0.31,-9.81,0.07,0.12,1.04,35.18,-15.09,84.90,950.51,12630,12633,464
-0.59,-0.27,-9.73,0.03,0.05,0.78,34.36,-17.00,85.20,950.44,12671,12674,459
-0.47,-0.27,-9.69,0.06,0.09,0.69,34.36,-17.00,85.20,950.49,12713,12716,455
-0.63,-0.08,-10.04,0.04,0.05,0.57,34.00,-18.18,85.20,950.50,12754,12757,451
-0.43,-0.04,-9.85,0.06,0.07,0.50,33.64,-18.91,85.51,950.38,12796,12799,447
-0.59,0.20,-10.12,0.07,0.05,0.55,33.64,-18.91,85.51,950.46,12837,12841,441
-0.47,-0.27,-9.85,0.14,0.05,0.87,33.18,-20.00,85.41,950.47,12879,12882,436
-0.75,-0.98,-9.57,0.01,0.01,0.64,33.18,-20.00,85.41,950.45,12921,12924,431
-0.59,-0.08,-9.81,0.02,0.08,0.74,32.82,-21.18,85.20,950.43,12962,12965,425
-0.47,0.12,-9.96,0.00,0.04,0.87,31.82,-23.00,85.61,950.48,13004,13007,418
-0.63,-0.08,-9.92,0.04,0.05,1.06,31.82,-23.00,85.61,950.47,13045,13048,409
-0.82,0.04,-10.32,0.13,0.07,1.21,31.00,-24.73,85.82,950.43,13087,13090,401
-0.35,-0.08,-9.69,0.06,0.06,1.20,29.64,-26.64,85.71,950.38,13129,13132,392
-0.71,-0.71,-9.57,0.04,0.08,1.32,29.64,-26.64,85.71,950.42,13170,13173,384
-0.63,-0.08,-9.69,-0.01,0.03,1.12,28.18,-28.73,85.92,950.52,13212,13215,376
-0.75,-0.31,-9.73,0.03,0.05,1.26,28.18,-28.73,85.92,950.49,13253,13256,366
-0.63,-0.20,-10.00,0.04,0.09,1.28,26.64,-30.55,86.02,950.48,13295,13298,357
-0.35,-0.47,-9.81,0.10,0.08,1.45,24.36,-32.18,86.33,950.50,13337,13340,350
-0.67,-0.35,-9.81,0.01,0.05,0.89,24.36,-32.18,86.33,950.36,13378,13381,344
-0.67,-0.16,-9.81,0.01,0.06,0.93,23.00,-33.73,86.33,950.40,13420,13423,336
-0.78,-0.04,-10.20,0.03,0.08,1.23,23.00,-33.73,86.33,950.38,13461,13464,327
-0.90,-0.08,-10.00,0.06,0.09,1.46,20.91,-35.09,86.43,950.42,13503,13506,317
-0.55,-0.08,-9.92,0.00,0.06,1.59,18.09,-36.73,86.63,950.49,13545,13548,307
-0.67,-0.20,-9.65,-0.01,0.04,1.47,18.09,-36.73,86.63,950.41,13585,13589,298
-0.71,-0.12,-10.04,0.00,0.06,1.16,15.45,-37.91,86.94,950.37,13627,13631,290
-1.10,-0.08,-10.00,0.02,0.08,1.33,13.36,-38.91,87.14,950.34,13668,13672,283
-0.55,0.04,-9.85,0.01,0.06,1.13,13.36,-38.91,87.14,950.29,13710,13713,277
-0.35,-0.27,-9.69,0.02,0.06,0.88,10.91,-39.18,87.55,950.44,13752,13755,272
-0.55,-0.20,-9.96,-0.03,0.01,0.54,10.91,-39.18,87.55,950.39,13793,13796,270
-0.75,0.35,-9.73,-0.02,0.04,0.53,9.45,-39.64,87.45,950.43,13835,13838,266
-0.63,-0.47,-9.96,0.02,0.06,0.59,8.36,-39.64,87.45,950.39,13876,13879,263
-0.90,-0.51,-9.96,-0.00,0.04,0.50,8.36,-39.64,87.45,950.45,13918,13921,260
-0.67,0.00,-9.92,-0.02,0.03,0.32,7.45,-40.09,87.65,950.38,13959,13962,258
-0.63,-0.63,-9.89,-0.02,0.05,0.42,6.73,-39.91,87.76,950.36,14001,14004,258
-0.67,0.00,-9.65,-0.04,0.04,-0.02,6.73,-39.91,87.76,950.38,14042,14045,258
-0.55,0.16,-9.89,-0.02,0.04,-0.01,6.73,-40.18,87.35,950.43,14084,14087,257
-0.59,-0.08,-9.92,-0.01,0.06,0.18,6.73,-40.18,87.35,950.40,14125,14128,256
-0.51,0.04,-9.92,-0.02,0.06,0.06,6.36,-40.18,87.65,950.32,14167,14170,255
-0.71,0.31,-9.81,-0.01,0.05,0.30,6.36,-40.09,87.96,950.32,14208,14211,252
-0.63,-0.24,-9.77,-0.02,0.06,0.47,6.36,-40.09,87.96,950.31,14250,14253,251
-0.63,0.27,-9.49,-0.02,0.04,-0.00,5.55,-39.91,87.65,950.31,14291,14294,251
-0.63,0.00,-9.65,-0.02,0.02,-0.03,5.55,-39.91,87.65,950.40,14333,14336,251
-0.67,-0.12,-9.69,-0.01,0.04,-0.02,5.45,-40.09,87.76,950.34,14374,14377,251
-0.71,-0.08,-9.77,-0.02,0.04,-0.02,5.45,-40.18,87.86,950.30,14416,14419,251
-0.59,-0.08,-9.92,-0.04,0.03,0.00,5.45,-40.18,87.86,950.24,14457,14460,251
-0.75,-0.08,-9.85,-0.02,0.04,0.02,5.45,-40.18,87.45,950.28,14499,14502,250
-0.59,0.08,-9.81,-0.04,0.04,0.02,5.55,-40.09,87.96,950.25,14541,14543,251
-0.59,0.00,-9.81,-0.03,0.02,0.03,5.55,-40.09,87.96,950.29,14582,14585,250
-0.75,-0.08,-9.81,-0.01,0.04,0.14,5.36,-40.18,87.96,950.38,14624,14626,249
-0.59,-0.12,-9.77,-0.03,0.05,0.04,5.36,-40.18,87.96,950.35,14665,14668,249
-0.43,-0.27,-9.65,-0.04,0.04,-0.02,5.27,-40.36,87.96,950.26,14707,14710,249
-0.78,0.04,-9.92,-0.05,0.01,-0.01,5.27,-40.45,87.96,950.38,14748,14751,249
-0.71,0.35,-9.96,-0.02,0.05,0.03,5.27,-40.45,87.96,950.36,14790,14793,249
-0.71,0.27,-9.38,-0.02,0.06,0.04,5.36,-40.36,87.76,950.33,14831,14834,248
-0.63,-0.04,-10.00,-0.03,0.04,0.05,5.18,-40.36,87.76,950.36,14873,14876,248
-0.63,0.16,-9.65,-0.03,0.05,0.06,5.18,-40.36,87.76,950.35,14914,14917,248
-0.63,-0.16,-9.85,-0.02,0.05,-0.01,5.09,-40.27,87.86,950.29,14956,14959,248
-0.75,0.00,-9.61,-0.02,0.05,-0.03,5.09,-40.27,87.86,950.35,14997,15000,248
-0.67,0.00,-9.89,-0.01,0.04,-0.01,4.91,-40.18,87.96,950.33,15039,15042,248
-0.67,0.00,-9.85,-0.02,0.04,-0.03,5.00,-40.27,87.76,950.32,15080,15083,248
-0.78,-0.12,-9.92,-0.00,0.06,-0.01,5.00,-40.27,87.76,950.33,15121,15125,248
-0.63,0.08,-9.77,-0.01,0.06,-0.01,4.91,-40.27,87.96,950.45,15162,15166,248
-0.82,-0.04,-9.49,-0.02,0.06,-0.01,4.91,-40.27,87.96,950.44,15204,15208,248
-0.55,-0.16,-9.81,-0.01,0.07,-0.03,5.18,-40.09,87.96,950.39,15245,15248,248
-0.67,-0.08,-9.73,-0.03,0.04,-0.02,5.09,-40.36,87.86,950.36,15287,15290,248
-0.75,0.04,-9.89,-0.04,0.03,-0.02,5.09,-40.36,87.86,950.34,15328,15331,248
-0.67,-0.04,-9.81,-0.03,0.05,-0.07,5.00,-40.18,88.06,950.34,15370,15373,249
-0.75,0.12,-9.89,-0.03,0.03,-0.03,4.91,-40.18,87.76,950.32,15411,15414,249
-0.63,0.08,-9.85,-0.02,0.04,-0.03,4.91,-40.18,87.76,950.41,15453,15456,248
-0.75,-0.04,-9.61,-0.02,0.05,-0.02,4.91,-40.18,88.16,950.37,15494,15497,248
-0.59,-0.16,-9.85,-0.02,0.05,-0.01,4.91,-40.18,88.16,950.29,15536,15539,249
-0.67,0.04,-9.73,-0.02,0.04,-0.01,4.82,-40.27,87.96,950.31,15577,15580,248
-0.78,0.00,-9.85,-0.02,0.05,-0.01,4.91,-39.91,87.86,950.32,15619,15622,249
-0.51,0.00,-9.73,-0.01,0.06,-0.01,4.91,-39.91,87.86,950.37,15660,15663,249
-0.63,0.16,-9.81,-0.04,0.04,-0.01,5.09,-40.09,87.86,950.35,15702,15705,249
-0.71,0.08,-9.77,-0.01,0.05,-0.01,5.00,-40.27,88.06,950.36,15743,15746,248
-0.63,-0.04,-9.85,-0.01,0.05,-0.01,5.00,-40.27,88.06,950.32,15785,15788,248
-0.75,0.12,-9.85,-0.02,0.04,-0.02,5.36,-40.18,87.96,950.29,15826,15829,249
-0.63,0.04,-9.85,-0.02,0.05,-0.01,5.36,-40.18,87.96,950.30,15868,15871,249
-0.63,0.04,-9.81,-0.02,0.05,-0.02,5.09,-40.18,87.96,950.31,15909,15912,248
-0.78,0.04,-9.89,-0.01,0.05,-0.01,5.27,-40.27,88.06,950.34,15951,15954,249
-0.67,0.08,-9.81,-0.00,0.06,-0.02,5.27,-40.27,88.06,950.34,15992,15995,249
-0.63,0.00,-9.73,-0.02,0.04,-0.01,4.91,-40.00,87.96,950.31,16034,16037,249
-0.63,-0.04,-9.85,-0.01,0.05,-0.01,4.91,-40.00,87.96,950.28,16076,16078,249
-0.71,-0.12,-9.89,-0.01,0.05,-0.01,5.09,-40.09,87.96,950.41,16117,16120,248
-0.63,-0.04,-9.77,-0.01,0.05,-0.01,5.00,-40.09,87.96,950.37,16159,16162,249
-0.71,-0.12,-9.73,-0.03,0.04,-0.01,5.00,-40.09,87.96,950.33,16200,16203,249
-0.71,-0.08,-9.85,-0.02,0.06,-0.02,5.18,-40.09,87.76,950.34,16242,16245,249
-0.63,0.00,-9.81,-0.02,0.05,-0.02,4.91,-40.00,87.86,950.35,16283,16286,249
-0.67,-0.08,-9.85,-0.02,0.04,-0.01,4.91,-40.00,87.86,950.35,16325,16328,249
-0.63,0.00,-9.81,-0.03,0.04,-0.01,5.18,-40.09,88.06,950.36,16366,16369,249
-0.67,-0.08,-9.77,-0.03,0.05,-0.01,5.18,-40.09,88.06,950.37,16408,16411,249
-0.55,0.08,-9.81,-0.03,0.05,-0.01,5.09,-40.09,87.86,950.37,16449,16452,248
-0.63,0.12,-9.77,-0.03,0.04,-0.01,4.91,-40.18,88.16,950.33,16491,16494,248
-0.67,0.00,-9.92,-0.02,0.04,-0.01,4.91,-40.18,88.16,950.33,16532,16535,248
-0.71,0.04,-9.81,-0.01,0.05,-0.01,5.09,-40.27,87.86,950.31,16574,16577,249
-0.63,0.00,-9.85,-0.03,0.04,-0.02,5.18,-40.27,87.96,950.35,16614,16618,248
-0.75,0.00,-9.85,-0.02,0.05,-0.01,5.18,-40.27,87.96,950.33,16656,16660,249
-0.71,0.00,-9.85,-0.01,0.05,-0.01,5.18,-40.27,88.06,950.32,16697,16700,249
-0.67,0.00,-9.85,-0.02,0.05,-0.01,5.18,-40.27,88.06,950.36,16739,16742,249
-0.78,-0.08,-10.04,-0.02,0.04,-0.01,5.00,-40.09,87.86,950.29,16780,16783,249
-0.71,0.04,-9.81,-0.03,0.05,-0.01,5.09,-40.18,87.96,950.35,16822,16825,248
-0.59,0.04,-9.45,-0.02,0.05,-0.01,5.09,-40.18,87.96,950.37,16863,16866,248
-0.63,0.08,-9.89,-0.02,0.05,-0.01,5.18,-40.18,88.06,950.32,16905,16908,249
-0.51,0.00,-9.73,-0.03,0.05,-0.01,5.18,-40.18,88.06,950.38,16946,16949,248
-0.67,0.00,-9.81,-0.02,0.04,-0.01,5.18,-40.09,87.65,950.37,16988,16991,249
-0.67,0.04,-9.81,-0.01,0.04,-0.01,4.91,-40.00,87.86,950.38,17029,17032,249
-0.75,-0.04,-9.77,-0.01,0.05,-0.01,4.91,-40.00,87.86,950.38,17071,17074,249
-0.67,0.04,-9.92,-0.03,0.05,-0.01,4.91,-40.09,87.86,950.28,17112,17115,248
-0.71,0.00,-10.04,-0.02,0.04,-0.02,5.27,-40.45,87.96,950.32,17154,17157,249
-0.63,-0.04,-9.85,-0.01,0.06,-0.02,5.27,-40.45,87.96,950.38,17195,17198,248
-0.63,0.08,-10.12,-0.03,0.04,-0.01,5.09,-40.00,87.86,950.40,17237,17240,249
-0.59,0.04,-9.69,-0.02,0.05,-0.01,5.09,-40.00,87.86,950.27,17278,17281,249
-0.63,-0.12,-9.73,-0.01,0.05,-0.01,5.09,-39.91,88.06,950.31,17320,17323,248
-0.71,-0.04,-9.69,-0.02,0.08,-0.01,5.09,-40.00,87.65,950.30,17361,17364,248
-0.67,0.00,-9.77,-0.02,0.06,-0.01,5.09,-40.00,87.65,950.36,17403,17406,248
-0.75,0.00,-9.81,-0.02,0.06,-0.01,5.18,-40.18,87.96,950.37,17444,17447,249
-0.67,0.00,-9.69,-0.03,0.04,-0.01,5.00,-40.45,87.96,950.44,17486,17489,248
-0.63,0.00,-9.92,-0.02,0.04,-0.01,5.00,-40.45,87.96,950.33,17527,17530,249
-0.63,0.12,-9.81,-0.03,0.05,-0.01,5.45,-40.27,87.76,950.33,17569,17572,249
-0.78,0.00,-9.92,-0.03,0.05,-0.01,5.45,-40.27,87.76,950.33,17611,17614,248
-0.71,0.08,-9.89,-0.02,0.05,-0.02,4.91,-40.27,87.76,950.37,17652,17655,248
-0.71,0.08,-9.85,-0.02,0.04,-0.01,5.18,-40.45,87.96,950.40,17694,17697,248
-0.63,0.08,-9.77,-0.02,0.05,-0.02,5.18,-40.45,87.96,950.40,17735,17738,249
-0.78,0.00,-9.81,-0.02,0.03,-0.01,5.09,-40.27,87.96,950.48,17777,17780,249
-0.67,0.04,-9.69,-0.01,0.05,-0.01,5.09,-40.27,87.96,950.46,17818,17821,248
-0.63,-0.08,-9.81,-0.02,0.05,-0.01,5.00,-40.09,87.86,950.34,17860,17863,249
-0.63,0.00,-9.73,-0.02,0.05,-0.01,5.09,-40.18,87.96,950.32,17901,17904,249
-0.71,-0.04,-9.77,-0.02,0.04,-0.01,5.09,-40.18,87.96,950.41,17943,17946,249
-0.59,-0.04,-9.85,-0.01,0.05,-0.01,5.09,-40.27,87.96,950.34,17984,17987,249
-0.71,-0.12,-9.81,-0.02,0.04,-0.01,5.09,-40.55,87.96,950.36,18026,18029,249
-0.67,0.00,-9.73,-0.02,0.05,-0.01,5.09,-40.55,87.96,950.35,18067,18070,248
-0.71,0.00,-9.85,-0.02,0.04,-0.01,4.91,-40.18,87.96,950.34,18108,18112,249
-0.67,0.00,-9.89,-0.02,0.05,-0.02,4.91,-40.18,87.96,950.37,18149,18153,249
-0.71,0.04,-9.85,-0.02,0.05,-0.02,5.09,-40.27,88.06,950.42,18191,18195,248
-0.67,0.00,-9.81,-0.02,0.05,-0.01,5.00,-40.27,87.76,950.44,18232,18235,248
-0.71,0.00,-9.73,-0.02,0.05,-0.01,5.00,-40.27,87.76,950.40,18274,18277,248
-0.75,0.00,-9.81,-0.02,0.04,-0.01,5.27,-40.27,87.86,950.41,18315,18318,249
-0.59,0.00,-9.85,-0.02,0.05,-0.01,5.18,-40.27,87.86,950.34,18357,18360,248
-0.59,0.00,-9.69,-0.02,0.05,-0.01,5.18,-40.27,87.86,950.41,18398,18401,249
-0.63,0.04,-9.73,-0.03,0.03,-0.01,5.36,-40.27,87.86,950.35,18440,18443,248
-0.55,-0.55,-10.04,-0.02,0.05,-0.02,5.36,-40.27,87.86,950.43,18481,18484,248
-0.75,-0.12,-9.92,-0.03,0.03,-0.01,5.09,-40.09,87.96,950.34,18523,18526,248
-0.67,0.08,-9.81,-0.03,0.04,-0.00,5.27,-40.45,87.86,950.37,18564,18567,248
-0.75,0.00,-9.92,-0.01,0.05,-0.01,5.27,-40.45,87.86,950.37,18606,18609,249
-0.71,-0.04,-9.65,-0.01,0.05,-0.01,5.09,-40.55,87.96,950.42,18647,18650,248
-0.67,-0.04,-9.77,-0.03,0.04,-0.01,5.09,-40.55,87.96,950.31,18689,18692,248
-0.71,-0.16,-9.77,-0.02,0.04,-0.01,4.91,-40.27,87.96,950.44,18730,18733,248
-0.67,0.04,-9.73,-0.02,0.05,-0.01,5.00,-40.55,88.16,950.30,18772,18775,249
-0.67,0.00,-9.73,-0.02,0.05,-0.01,5.00,-40.55,88.16,950.43,18813,18816,248
-0.71,0.12,-9.89,-0.03,0.05,-0.02,5.18,-40.27,88.06,950.37,18855,18858,248
-0.67,0.04,-9.85,-0.04,0.04,-0.01,4.82,-40.36,87.65,950.36,18896,18899,249
-0.71,0.20,-9.89,-0.02,0.04,-0.01,4.82,-40.36,87.65,950.34,18938,18941,248
-0.59,-0.04,-9.85,-0.01,0.05,-0.01,5.09,-40.27,87.96,950.37,18980,18983,248
-0.63,-0.04,-9.81,-0.01,0.05,-0.01,5.09,-40.27,87.96,950.30,19021,19024,248
-0.71,0.00,-9.73,-0.02,0.05,-0.01,5.00,-40.36,88.06,950.39,19063,19066,248
-0.71,0.00,-9.85,-0.01,0.04,-0.01,5.00,-40.18,88.06,950.33,19104,19107,249
-0.63,-0.12,-9.77,-0.01,0.05,-0.01,5.00,-40.18,88.06,950.37,19146,19149,248
-0.71,0.04,-9.53,-0.02,0.05,-0.01,5.09,-40.36,87.96,950.28,19187,19190,248
-0.59,0.04,-9.85,-0.01,0.05,-0.01,5.18,-40.45,88.37,950.40,19229,19232,249
-0.71,0.04,-9.69,-0.02,0.04,-0.01,5.18,-40.45,88.37,950.33,19270,19273,248
-0.67,0.08,-9.85,-0.02,0.05,-0.01,5.18,-40.36,88.16,950.33,19312,19315,248
-0.59,0.04,-9.81,-0.02,0.05,-0.01,5.18,-40.36,88.16,950.34,19353,19356,248
-0.71,0.04,-9.85,-0.02,0.05,-0.01,5.18,-40.27,88.16,950.35,19395,19398,248
-0.63,-0.16,-9.85,-0.02,0.04,-0.01,5.09,-40.27,87.86,950.42,19436,19439,248
-0.71,0.08,-9.89,-0.01,0.05,-0.00,5.09,-40.27,87.86,950.40,19478,19481,248
-0.67,0.04,-9.77,-0.01,0.05,-0.01,5.18,-40.36,87.65,950.35,19519,19522,248
-0.75,0.04,-9.92,-0.03,0.04,-0.01,5.18,-40.36,87.65,950.35,19561,19564,248
-0.78,0.04,-9.81,-0.01,0.05,-0.01,5.18,-40.18,88.06,950.37,19601,19605,248
-0.71,-0.04,-10.04,-0.01,0.05,-0.01,4.91,-40.27,87.86,950.44,19643,19647,248
-0.78,0.04,-9.81,-0.03,0.04,-0.01,4.91,-40.27,87.86,950.36,19684,19688,248
-0.67,0.00,-9.96,-0.02,0.04,-0.01,5.09,-39.91,87.96,950.36,19726,19729,248
-0.67,0.04,-9.89,-0.02,0.06,-0.01,5.18,-40.36,87.96,950.39,19767,19770,248
-0.71,0.08,-9.89,-0.03,0.04,-0.01,5.18,-40.36,87.96,950.36,19809,19812,248
-0.67,0.04,-9.69,-0.03,0.05,-0.01,5.27,-40.18,87.76,950.37,19850,19853,248
-0.71,0.12,-9.77,-0.02,0.05,-0.01,5.27,-40.18,87.76,950.41,19892,19895,248
-0.59,0.00,-9.77,-0.02,0.06,0.01,5.18,-40.55,88.16,950.32,19933,19936,248
-0.67,0.04,-9.92,-0.02,0.04,-0.01,5.00,-40.36,88.16,950.39,19975,19978,248
-0.75,0.08,-9.81,-0.02,0.04,-0.01,5.00,-40.36,88.16,950.36,20016,20019,248
-0.67,0.04,-9.89,-0.02,0.05,-0.01,4.91,-40.55,87.76,950.36,20058,20061,248
-0.59,-0.04,-9.77,-0.02,0.05,-0.01,4.91,-40.18,88.06,950.48,20099,20102,248
-0.67,0.00,-9.89,-0.03,0.04,-0.01,4.91,-40.18,88.06,950.33,20141,20144,248
-0.71,0.04,-9.77,-0.02,0.04,-0.01,5.00,-40.55,87.65,950.34,20182,20185,248
-0.63,0.00,-9.77,-0.01,0.05,-0.01,5.00,-40.55,87.65,950.36,20224,20227,248
-0.63,0.00,-9.85,-0.02,0.04,-0.01,5.00,-40.27,87.76,950.36,20265,20268,248
-0.67,0.00,-9.77,-0.02,0.05,-0.01,5.09,-40.55,87.65,950.45,20307,20310,248
-0.75,0.08,-9.89,-0.02,0.05,-0.00,5.09,-40.55,87.65,950.40,20348,20351,248
-0.63,0.00,-9.77,-0.01,0.05,-0.01,4.82,-40.27,87.65,950.37,20390,20393,248
-0.71,-0.04,-9.92,-0.02,0.05,-0.01,4.82,-40.27,87.65,950.29,20431,20434,248
-0.63,0.08,-9.77,-0.02,0.05,-0.01,5.09,-40.45,87.86,950.33,20473,20476,248
-0.71,0.08,-9.69,-0.02,0.05,-0.01,4.91,-40.27,87.76,950.50,20514,20517,248
-0.71,0.04,-9.85,-0.02,0.05,-0.01,4.91,-40.27,87.76,950.32,20556,20559,248
-0.67,0.04,-9.85,-0.01,0.05,-0.01,4.73,-40.27,87.76,950.37,20597,20600,248
-0.75,0.00,-9.89,-0.02,0.04,-0.01,5.00,-40.36,87.96,950.38,20639,20642,248
-0.63,0.04,-9.69,-0.01,0.04,-0.01,5.00,-40.36,87.96,950.39,20680,20683,248
-0.59,-0.12,-9.73,-0.01,0.05,-0.01,5.18,-40.45,87.96,950.36,20722,20725,248
-0.63,-0.04,-9.89,-0.02,0.06,-0.01,5.18,-40.45,87.96,950.30,20763,20766,248
-0.67,0.04,-9.85,-0.02,0.04,-0.01,5.00,-40.55,87.96,950.41,20805,20808,248
-0.78,0.00,-9.77,-0.02,0.05,-0.01,5.09,-40.55,87.96,950.30,20846,20849,248
-0.71,0.04,-9.81,-0.02,0.05,-0.01,5.09,-40.55,87.96,950.38,20888,20891,248
-0.71,0.12,-9.81,-0.03,0.04,-0.01,4.91,-40.27,87.96,950.33,20929,20932,248
-0.55,0.00,-9.85,-0.02,0.05,-0.02,4.91,-40.36,87.76,950.29,20971,20974,248
-0.71,0.16,-9.81,-0.02,0.04,-0.01,4.91,-40.36,87.76,950.31,21012,21015,248
-0.63,0.08,-9.81,-0.03,0.05,-0.01,4.91,-40.36,87.76,950.40,21054,21057,247
-0.67,0.00,-9.81,-0.02,0.04,-0.01,4.91,-40.36,87.76,950.40,21094,21098,248
-0.67,0.04,-9.81,-0.02,0.05,-0.01,5.00,-40.36,87.86,950.41,21136,21140,248
-0.63,0.00,-9.89,-0.02,0.05,-0.01,4.82,-40.36,87.55,950.41,21178,21182,248
-0.67,0.08,-9.85,-0.02,0.05,-0.02,4.82,-40.36,87.55,950.36,21219,21222,248
-0.67,0.04,-9.77,-0.01,0.05,-0.01,4.91,-40.36,87.45,950.36,21261,21264,248
-0.75,0.04,-10.08,-0.02,0.05,-0.01,4.91,-40.36,87.45,950.38,21302,21305,248
-0.67,-0.04,-9.81,-0.02,0.05,-0.01,5.00,-40.36,87.76,950.35,21344,21347,248
-0.59,-0.04,-9.49,-0.02,0.05,-0.01,4.73,-40.27,87.76,950.38,21385,21388,248
-0.67,0.00,-9.85,-0.02,0.04,-0.01,4.73,-40.27,87.76,950.40,21427,21430,248
-0.67,0.08,-9.89,-0.02,0.05,-0.01,4.82,-40.36,87.65,950.38,21468,21471,248
-0.71,0.00,-9.77,-0.02,0.04,-0.01,4.91,-40.45,87.96,950.41,21510,21513,248
-0.71,0.04,-9.89,-0.02,0.05,-0.01,4.91,-40.45,87.96,950.39,21551,21554,248
-0.71,0.04,-9.81,-0.02,0.05,-0.01,4.55,-40.18,87.96,950.38,21593,21596,248
-0.63,0.00,-9.89,-0.02,0.05,-0.01,4.55,-40.18,87.96,950.34,21634,21637,248
-0.75,0.12,-9.77,-0.02,0.04,-0.01,4.82,-40.55,87.96,950.38,21676,21679,248
-0.67,0.08,-9.92,-0.01,0.05,-0.02,4.91,-40.45,87.96,950.35,21717,21720,248
-0.47,0.04,-9.61,-0.01,0.04,-0.01,4.91,-40.45,87.96,950.40,21759,21762,248
-0.71,0.00,-9.69,-0.02,0.05,-0.01,4.73,-40.27,87.55,950.42,21800,21803,247
-0.67,-0.08,-9.77,-0.02,0.04,-0.01,5.00,-40.27,87.65,950.42,21842,21845,248
-0.59,-0.04,-9.77,-0.01,0.05,-0.01,5.00,-40.27,87.65,950.49,21883,21886,248
-0.71,-0.08,-9.73,-0.01,0.05,-0.01,4.91,-40.55,87.86,950.41,21925,21928,248
-0.71,0.00,-9.69,-0.02,0.05,-0.01,4.91,-40.55,87.86,950.33,21966,21969,248
-0.67,0.00,-9.69,-0.03,0.04,-0.02,5.09,-40.36,87.96,950.36,22008,22011,248
-0.78,-0.08,-9.81,-0.03,0.04,-0.01,5.09,-40.36,87.65,950.40,22049,22052,248
-0.71,0.04,-9.77,-0.02,0.05,-0.02,5.09,-40.36,87.65,950.38,22091,22094,248
-0.75,0.12,-9.96,-0.02,0.05,-0.02,4.73,-40.36,87.86,950.38,22132,22135,248
-0.75,0.04,-9.81,-0.02,0.05,-0.01,4.73,-40.36,87.86,950.44,22174,22177,247
-0.71,0.16,-9.81,-0.02,0.05,-0.02,4.64,-40.45,87.55,950.44,22215,22218,248
-0.75,0.04,-9.85,-0.02,0.05,-0.02,4.82,-40.45,88.06,950.32,22257,22260,248
-0.59,0.04,-10.04,-0.02,0.05,-0.02,4.82,-40.45,88.06,950.43,22298,22301,248
-0.63,0.12,-9.81,-0.02,0.05,-0.02,5.09,-40.45,87.65,950.33,22340,22343,248
-0.67,-0.04,-9.92,-0.01,0.05,-0.02,4.91,-40.45,87.76,950.38,22381,22384,248
-0.59,0.08,-9.89,-0.00,0.05,-0.01,4.91,-40.45,87.76,950.41,22423,22426,248
-0.63,0.12,-9.69,-0.02,0.05,-0.04,4.91,-40.27,88.06,950.48,22465,22467,248
-0.63,-0.12,-9.92,-0.00,0.06,-0.09,4.91,-40.27,88.06,950.33,22506,22509,250
-0.63,-0.04,-9.85,-0.02,0.04,-0.25,4.91,-40.45,87.65,950.38,22548,22551,251
-0.82,-0.12,-9.92,-0.03,0.03,-0.26,5.45,-40.45,87.86,950.45,22588,22592,253
-0.75,-0.08,-9.57,-0.04,0.04,-0.32,5.45,-40.45,87.86,950.44,22630,22634,256
-0.71,0.08,-9.53,-0.04,0.05,-0.43,6.09,-40.27,87.96,950.39,22671,22675,257
-0.71,0.04,-9.89,-0.03,0.04,-0.27,6.82,-40.09,87.76,950.31,22713,22716,258
-0.59,0.12,-9.77,-0.02,0.04,-0.19,6.82,-40.09,87.76,950.36,22754,22757,260
-0.71,0.04,-9.85,-0.01,0.05,-0.31,7.18,-40.36,87.96,950.34,22796,22799,261
-0.59,0.08,-9.61,-0.01,0.05,-0.23,7.18,-40.36,87.96,950.37,22837,22840,263
-0.71,-0.04,-9.77,-0.01,0.05,-0.30,8.00,-40.18,87.76,950.31,22879,22882,265
-0.51,-0.04,-9.65,-0.01,0.06,-0.36,8.64,-40.00,87.65,950.32,22920,22923,268
-0.67,-0.04,-9.85,-0.02,0.05,-0.40,8.64,-40.00,87.65,950.36,22962,22965,270
-0.75,0.00,-9.73,-0.02,0.04,-0.34,9.00,-39.82,87.45,950.40,23003,23006,272
-0.55,-0.24,-9.89,-0.01,0.05,-0.32,9.00,-39.82,87.45,950.47,23045,23048,275
-0.63,-0.12,-9.81,-0.02,0.05,-0.50,9.91,-39.45,87.65,950.37,23086,23089,278
-0.67,-0.12,-9.89,-0.03,0.04,-0.56,10.73,-39.36,87.76,950.48,23128,23131,281
-0.63,-0.24,-9.77,-0.03,0.05,-0.50,10.73,-39.36,87.76,950.41,23170,23173,284
-0.67,-0.04,-9.85,-0.04,0.04,-0.50,11.73,-39.27,87.45,950.47,23211,23214,287
-0.67,-0.20,-9.77,-0.01,0.05,-0.40,12.27,-38.73,87.35,950.35,23253,23256,289
-0.67,-0.08,-9.73,-0.01,0.05,-0.39,12.27,-38.73,87.35,950.34,23294,23297,292
-0.59,-0.12,-9.92,-0.02,0.04,-0.44,13.45,-38.55,87.55,950.37,23336,23339,295
-0.55,-0.08,-9.77,0.00,0.06,-0.48,13.45,-38.55,87.55,950.47,23378,23381,299
-0.78,-0.20,-9.96,-0.02,0.04,-0.62,14.18,-38.09,87.45,950.47,23419,23422,302
-0.78,0.20,-9.30,-0.01,0.06,-0.44,15.18,-37.73,87.65,950.45,23461,23464,305
-0.59,-0.27,-9.96,0.01,0.06,-0.44,15.18,-37.73,87.65,950.37,23502,23505,308
-0.67,0.08,-9.81,-0.01,0.05,-0.44,15.82,-37.27,87.24,950.39,23544,23547,309
-0.82,0.00,-9.41,0.03,0.07,-0.32,16.45,-36.91,87.55,950.44,23586,23589,310
-0.35,-0.86,-9.89,0.07,0.14,-0.08,16.45,-36.91,87.55,950.36,23627,23630,311
-0.39,-0.43,-9.89,-0.01,0.07,-0.14,16.45,-36.36,87.76,950.43,23669,23672,313
-0.67,-0.78,-10.04,-0.06,0.03,-0.35,16.45,-36.36,87.76,950.41,23710,23713,316
-0.59,-0.31,-9.96,-0.04,0.03,-0.36,17.09,-36.18,87.24,950.39,23752,23755,318
-0.43,-0.16,-9.81,-0.05,0.05,-0.34,17.36,-35.82,87.65,950.38,23793,23797,320
-0.51,-0.27,-10.00,-0.04,0.04,-0.38,17.36,-35.82,87.65,950.41,23835,23838,324
-0.67,-0.20,-9.89,-0.05,0.02,-0.61,18.27,-35.45,87.55,950.35,23877,23880,328
-0.55,-0.20,-10.04,-0.05,0.05,-0.66,19.55,-34.91,87.14,950.39,23918,23921,330
-0.51,-0.20,-9.92,-0.06,0.04,-0.36,19.55,-34.91,87.14,950.46,23960,23963,333
-0.59,-0.35,-9.89,-0.08,0.01,-0.52,19.82,-34.91,87.55,950.44,24002,24005,336
-0.67,-0.12,-9.89,-0.05,0.03,-0.48,19.82,-34.91,87.55,950.41,24043,24046,339
-0.47,-0.27,-10.00,0.01,0.06,-0.38,21.00,-34.18,87.14,950.35,24085,24088,342
-0.78,0.16,-9.81,-0.02,0.01,-0.45,21.55,-34.00,87.24,950.34,24126,24129,344
-0.63,-0.55,-9.69,-0.01,0.02,-0.33,21.55,-34.00,87.24,950.44,24168,24171,346
-0.59,-0.20,-10.20,-0.01,0.05,-0.34,22.18,-33.36,87.24,950.33,24209,24213,349
-0.43,-0.20,-9.77,-0.03,0.05,-0.55,22.18,-33.36,87.24,950.39,24250,24254,353
-0.63,-0.47,-9.92,-0.02,0.04,-0.41,22.91,-32.91,86.84,950.35,24292,24296,355
-0.47,-0.47,-9.69,-0.02,0.03,-0.61,23.45,-32.18,86.84,950.30,24333,24336,361
-0.75,0.04,-9.57,-0.02,0.02,-0.57,23.45,-32.18,86.84,950.41,24375,24378,364
-0.47,-0.75,-9.92,-0.03,0.05,-0.49,24.64,-31.55,86.94,950.39,24417,24420,367
-0.39,-0.20,-9.85,-0.06,0.03,-0.60,25.27,-30.82,86.84,950.31,24458,24461,372
-0.55,-0.27,-9.81,-0.07,0.01,-0.67,25.27,-30.82,86.84,950.37,24500,24503,376
-0.67,-0.24,-9.57,-0.06,0.01,-0.62,26.18,-30.09,86.63,950.40,24541,24544,379
-0.43,0.00,-9.65,-0.04,0.05,-0.52,26.18,-30.09,86.63,950.37,24583,24586,383
-0.75,-0.12,-10.00,-0.04,0.03,-0.51,27.27,-29.36,86.63,950.31,24625,24628,386
-0.63,-0.20,-9.73,-0.03,0.04,-0.58,27.64,-28.73,86.33,950.42,24666,24669,390
-0.75,-0.04,-9.96,-0.03,0.04,-0.46,27.64,-28.73,86.33,950.47,24708,24711,392
-0.71,-0.20,-9.30,-0.07,0.02,-0.37,28.27,-27.73,86.43,950.40,24749,24752,393
-0.59,-0.39,-10.12,-0.05,0.04,-0.14,28.64,-27.64,86.53,950.41,24791,24794,394
-0.67,-0.12,-9.69,-0.05,0.03,-0.21,28.64,-27.64,86.53,950.42,24833,24836,395
-0.59,-0.63,-9.96,-0.05,0.02,-0.24,29.09,-27.27,86.12,950.39,24874,24877,397
-0.59,-0.27,-9.53,-0.08,0.00,-0.17,29.09,-27.27,86.12,950.46,24916,24919,399
-0.63,-0.27,-9.73,-0.13,0.01,-0.33,29.55,-27.09,85.92,950.42,24957,24961,400
-0.59,-0.51,-9.73,-0.08,0.05,-0.18,29.55,-26.91,85.61,950.44,24999,25002,402
-0.59,-0.24,-10.20,-0.07,0.05,-0.20,29.55,-26.91,85.61,950.36,25041,25044,404
-0.51,0.00,-9.73,-0.05,0.06,-0.39,30.00,-27.00,85.61,950.32,25082,25085,407
-0.63,-0.08,-10.16,-0.03,0.05,-0.43,30.00,-27.00,85.61,950.35,25124,25127,409
-0.47,0.16,-9.69,-0.03,0.04,-0.39,30.00,-27.00,85.61,950.41,25165,25169,412
-0.47,-0.47,-9.61,-0.02,0.03,-0.38,30.82,-25.36,85.71,950.42,25207,25210,414
-0.55,-0.39,-9.81,-0.01,0.04,-0.33,30.82,-25.36,85.71,950.40,25249,25252,416
-0.47,-0.27,-9.73,-0.05,0.04,-0.29,31.09,-24.82,85.71,950.36,25290,25293,418
-0.43,-0.59,-9.92,-0.03,0.05,-0.37,31.73,-24.27,85.51,950.36,25332,25335,422
-0.51,-0.12,-9.96,-0.05,0.05,-0.44,31.73,-24.27,85.51,950.39,25373,25377,425
-0.55,0.04,-9.77,-0.10,0.02,-0.54,32.18,-23.73,85.41,950.42,25415,25418,429
-0.59,-0.04,-9.85,-0.10,0.00,-0.60,32.18,-23.73,85.41,950.42,25457,25460,433
-0.63,0.20,-9.81,-0.05,0.04,-0.60,32.73,-22.45,85.41,950.47,25498,25501,438
-0.71,-0.12,-9.85,-0.03,0.04,-0.66,33.36,-21.64,85.61,950.30,25540,25543,442
-0.51,-0.43,-9.69,-0.03,0.05,-0.66,33.36,-21.64,85.61,950.43,25581,25585,447
-0.55,-0.20,-9.45,-0.04,0.03,-0.78,33.73,-20.27,85.31,950.30,25623,25626,452
-0.43,-0.55,-9.81,-0.03,0.05,-0.71,34.27,-18.91,85.51,950.51,25665,25668,458
-0.63,-0.16,-9.77,-0.05,0.04,-0.66,34.27,-18.91,85.51,950.34,25706,25709,463
-0.47,-0.12,-9.77,-0.04,0.03,-0.83,34.73,-17.27,85.31,950.41,25748,25751,469
-0.59,-0.16,-9.85,-0.04,0.05,-0.77,34.73,-17.27,85.31,950.40,25788,25793,474
-0.59,-0.12,-10.00,-0.04,0.05,-0.78,35.00,-15.73,85.20,950.39,25830,25834,480
-0.43,-0.16,-9.73,-0.03,0.05,-0.80,34.91,-14.18,85.00,950.33,25872,25876,485
-0.39,-0.35,-9.73,-0.03,0.05,-0.62,34.91,-14.18,85.00,950.44,25913,25916,489
-0.51,-0.35,-9.92,-0.04,0.03,-0.68,35.27,-12.73,85.41,950.37,25955,25958,494
-0.43,-0.24,-9.81,-0.05,0.03,-0.62,35.55,-11.18,85.00,950.42,25996,26000,498
-0.63,-0.78,-10.28,-0.03,0.06,-0.38,35.55,-11.18,85.00,950.36,26038,26041,501
-0.71,0.00,-9.73,-0.05,0.03,-0.53,35.55,-10.36,85.20,950.41,26080,26083,504
-0.55,-0.31,-9.89,-0.03,0.05,-0.37,35.55,-10.36,85.20,950.46,26121,26124,505
-0.47,-0.35,-9.69,-0.03,0.06,-0.19,35.45,-9.64,85.10,950.40,26163,26166,507
-0.67,-0.55,-9.61,-0.05,0.02,-0.39,35.55,-8.91,85.31,950.37,26204,26207,510
-0.59,-0.31,-9.81,-0.05,0.05,-0.23,35.55,-8.91,85.31,950.48,26246,26249,511
-0.51,-0.24,-9.89,-0.04,0.05,-0.07,35.55,-8.55,85.20,950.38,26287,26290,512
-0.63,-0.24,-9.77,-0.04,0.02,-0.23,35.55,-8.55,85.20,950.43,26329,26332,512
-0.43,-0.39,-9.92,-0.00,0.05,-0.05,35.55,-8.27,85.20,950.38,26371,26374,512
-0.67,-0.35,-9.81,-0.04,0.04,-0.00,35.64,-8.27,85.00,950.42,26412,26415,512
-0.47,-0.08,-9.89,-0.05,0.03,-0.02,35.64,-8.27,85.00,950.33,26454,26457,513
-0.59,-0.59,-9.89,-0.05,0.05,-0.02,35.36,-8.36,85.20,950.39,26495,26498,512
-0.51,-0.16,-9.92,-0.03,0.04,-0.01,35.82,-8.45,85.10,950.44,26537,26540,513
-0.47,-0.04,-9.96,-0.01,0.05,-0.11,35.82,-8.45,85.10,950.41,26578,26581,514
-0.35,-0.31,-9.10,0.01,0.03,-0.11,35.82,-8.36,85.00,950.32,26620,26623,515
-0.51,-0.90,-9.69,-0.02,0.05,-0.11,35.82,-8.36,85.00,950.31,26661,26664,515
-0.55,-0.75,-9.53,-0.10,0.04,-0.05,35.64,-8.00,85.10,950.37,26703,26706,515
-0.55,-0.16,-9.89,-0.10,0.02,-0.03,35.64,-7.82,84.80,950.34,26744,26747,515
-0.67,0.31,-10.24,-0.08,0.03,-0.02,35.64,-7.82,84.80,950.33,26786,26789,515
-0.43,-0.39,-9.53,-0.00,0.05,-0.01,35.82,-8.00,85.31,950.45,26827,26830,515
-0.59,-0.47,-9.57,0.00,0.04,-0.02,36.00,-8.00,85.00,950.44,26869,26872,515
-0.55,-0.63,-9.69,0.02,0.05,-0.02,36.00,-8.00,85.00,950.41,26910,26913,516
-0.75,-0.39,-9.73,-0.05,0.05,-0.06,36.00,-8.00,84.90,950.38,26952,26955,516
-0.51,-0.24,-9.92,-0.04,0.05,-0.01,36.00,-8.00,84.90,950.32,26994,26997,517
-0.63,-0.16,-9.85,-0.05,0.04,-0.11,35.55,-8.00,85.00,950.42,27035,27038,517
-0.59,-0.39,-9.89,-0.04,0.06,-0.07,35.91,-7.91,85.31,950.42,27077,27080,517
-0.51,0.12,-9.85,-0.02,0.05,-0.01,35.91,-7.91,85.31,950.39,27118,27121,517
-0.71,-0.20,-9.89,-0.01,0.04,-0.01,35.91,-8.00,84.90,950.44,27160,27163,517
-0.55,-0.35,-9.69,-0.00,0.06,-0.02,35.91,-8.00,84.90,950.51,27201,27204,517
-0.55,-0.27,-9.81,-0.02,0.05,-0.06,36.00,-8.18,85.00,950.40,27243,27246,517
-0.59,-0.24,-9.77,-0.02,0.04,-0.06,35.64,-7.82,85.31,950.42,27284,27287,517
-0.51,-0.04,-9.81,0.00,0.06,-0.01,35.64,-7.82,85.31,950.39,27326,27329,518
-0.59,-0.31,-9.73,-0.02,0.05,-0.05,35.73,-7.73,84.80,950.40,27366,27370,518
-0.51,-0.35,-9.77,-0.01,0.04,-0.04,35.82,-7.73,85.10,950.46,27408,27412,518
-0.47,-0.35,-10.20,-0.00,0.05,-0.00,35.82,-7.73,85.10,950.48,27449,27452,518
-0.51,0.16,-9.26,-0.04,0.04,-0.02,35.64,-7.91,85.20,950.47,27491,27494,519
-0.59,-0.24,-9.14,-0.08,0.03,-0.05,35.64,-7.91,85.20,950.40,27532,27535,518
-0.51,-0.16,-9.49,-0.07,0.04,-0.00,36.00,-8.00,85.20,950.45,27574,27577,519
-0.63,-0.24,-9.57,-0.09,0.03,-0.01,35.91,-8.45,85.00,950.35,27616,27619,519
-0.47,-0.08,-9.81,-0.04,0.06,-0.04,35.91,-8.45,85.00,950.38,27657,27660,519
-0.63,0.35,-9.89,-0.03,0.04,-0.05,35.82,-8.36,85.10,950.38,27699,27702,519
-0.71,-0.08,-9.85,0.06,0.05,-0.02,35.91,-8.09,84.90,950.39,27740,27743,519
-0.59,-0.55,-9.61,0.06,0.05,-0.01,35.91,-8.09,84.90,950.40,27782,27785,519
-0.55,-0.12,-9.89,-0.03,0.04,-0.01,35.73,-8.09,84.90,950.42,27823,27826,519
-0.63,-0.20,-9.85,-0.13,0.05,-0.01,35.73,-8.09,84.90,950.42,27865,27868,520
-0.51,-0.24,-9.73,-0.21,0.02,-0.10,36.09,-8.09,85.00,950.43,27906,27909,522
-0.71,0.59,-9.85,-0.13,0.05,-0.19,36.18,-8.73,84.90,950.43,27948,27951,522
-0.55,-0.47,-9.65,-0.01,0.07,-0.03,36.18,-8.73,84.90,950.40,27989,27992,522
-0.71,0.24,-9.92,-0.04,0.04,-0.01,35.91,-8.45,84.69,950.39,28031,28034,522
-0.55,0.59,-9.85,0.01,0.06,0.01,35.91,-8.55,84.90,950.40,28072,28075,522
-0.59,-0.39,-9.81,-0.01,0.04,-0.01,35.64,-8.55,84.90,950.36,28114,28117,522
-0.51,-0.04,-9.69,-0.04,0.04,-0.01,36.27,-8.64,84.59,950.46,28155,28158,522
-0.63,0.08,-9.69,-0.04,0.04,0.00,36.27,-8.64,84.59,950.36,28197,28200,522
-0.63,0.12,-9.61,-0.03,0.04,-0.01,36.00,-8.64,85.00,950.42,28238,28241,522
-0.71,-0.43,-9.61,0.06,0.05,0.02,35.64,-8.64,85.10,950.42,28280,28283,522
-0.63,0.00,-9.89,-0.03,0.05,0.01,35.64,-8.64,85.10,950.42,28321,28324,522
-0.51,-0.43,-9.69,-0.07,0.06,-0.02,35.73,-8.45,85.10,950.41,28363,28366,522
-0.59,-0.08,-9.92,-0.12,0.01,0.02,35.73,-8.45,85.10,950.40,28404,28407,522
-0.67,0.08,-9.85,-0.01,0.05,-0.01,35.91,-8.91,84.90,950.46,28446,28449,522
-0.59,0.04,-9.92,-0.02,0.04,0.02,35.64,-8.91,84.90,950.35,28487,28490,522
-0.67,0.27,-10.00,0.01,0.05,-0.05,35.64,-8.91,84.90,950.36,28529,28532,522
-0.59,0.31,-9.57,0.09,0.07,-0.01,36.00,-9.00,84.90,950.37,28571,28574,522
-0.43,0.16,-9.77,0.19,0.07,-0.04,35.64,-8.09,85.31,950.46,28612,28615,521
-0.47,0.12,-10.04,0.22,0.09,-0.03,35.64,-8.09,85.31,950.49,28654,28657,522
-1.33,0.51,-5.69,0.17,0.11,-0.02,35.73,-7.09,85.10,950.44,28695,28698,521
-0.55,-0.82,-10.75,0.02,0.02,-0.00,35.73,-7.09,85.10,950.46,28737,28740,522
-0.55,-0.51,-9.61,-0.01,0.03,-0.03,35.73,-6.91,85.10,950.44,28778,28781,522
-0.51,-0.31,-9.49,-0.01,0.04,-0.01,35.55,-7.27,85.10,950.43,28820,28823,522
-0.59,-0.04,-10.00,-0.02,0.06,-0.01,35.55,-7.27,85.10,950.41,28860,28864,522
-0.63,-0.55,-9.65,-0.04,0.05,-0.01,35.82,-7.27,85.00,950.35,28902,28906,522
-0.59,-0.35,-10.08,-0.07,0.05,-0.01,36.00,-7.09,85.10,950.37,28943,28947,522
-0.55,-0.20,-9.96,-0.16,0.03,-0.00,36.00,-7.09,85.10,950.39,28985,28988,522
-0.59,0.04,-9.73,-0.21,0.02,0.00,35.82,-8.00,85.31,950.38,29027,29029,522
